[2024-03-07T18:27:11.881+0000] {processor.py:157} INFO - Started process (PID=5102) to work on /usr/local/python/3.10.13/lib/python3.10/site-packages/airflow/example_dags/example_short_circuit_operator.py
[2024-03-07T18:27:11.881+0000] {processor.py:826} INFO - Processing file /usr/local/python/3.10.13/lib/python3.10/site-packages/airflow/example_dags/example_short_circuit_operator.py for tasks to queue
[2024-03-07T18:27:11.882+0000] {logging_mixin.py:150} INFO - [2024-03-07T18:27:11.882+0000] {dagbag.py:541} INFO - Filling up the DagBag from /usr/local/python/3.10.13/lib/python3.10/site-packages/airflow/example_dags/example_short_circuit_operator.py
[2024-03-07T18:27:11.889+0000] {processor.py:836} INFO - DAG(s) dict_keys(['example_short_circuit_operator']) retrieved from /usr/local/python/3.10.13/lib/python3.10/site-packages/airflow/example_dags/example_short_circuit_operator.py
[2024-03-07T18:27:12.036+0000] {logging_mixin.py:150} INFO - [2024-03-07T18:27:12.035+0000] {manager.py:504} INFO - Created Permission View: can edit on DAG:example_short_circuit_operator
[2024-03-07T18:27:12.072+0000] {logging_mixin.py:150} INFO - [2024-03-07T18:27:12.072+0000] {manager.py:504} INFO - Created Permission View: can delete on DAG:example_short_circuit_operator
[2024-03-07T18:27:12.109+0000] {logging_mixin.py:150} INFO - [2024-03-07T18:27:12.108+0000] {manager.py:504} INFO - Created Permission View: can read on DAG:example_short_circuit_operator
[2024-03-07T18:27:12.125+0000] {logging_mixin.py:150} INFO - [2024-03-07T18:27:12.125+0000] {dag.py:2742} INFO - Sync 1 DAGs
[2024-03-07T18:27:12.134+0000] {logging_mixin.py:150} INFO - [2024-03-07T18:27:12.134+0000] {dag.py:2763} INFO - Creating ORM DAG for example_short_circuit_operator
[2024-03-07T18:27:12.146+0000] {logging_mixin.py:150} INFO - [2024-03-07T18:27:12.146+0000] {dag.py:3504} INFO - Setting next_dagrun for example_short_circuit_operator to 2024-03-06T18:27:12.146293+00:00, run_after=2024-03-07T18:27:12.146293+00:00
[2024-03-07T18:27:12.189+0000] {processor.py:179} INFO - Processing /usr/local/python/3.10.13/lib/python3.10/site-packages/airflow/example_dags/example_short_circuit_operator.py took 0.310 seconds
[2024-03-07T18:28:03.220+0000] {processor.py:157} INFO - Started process (PID=5481) to work on /usr/local/python/3.10.13/lib/python3.10/site-packages/airflow/example_dags/example_short_circuit_operator.py
[2024-03-07T18:28:03.221+0000] {processor.py:826} INFO - Processing file /usr/local/python/3.10.13/lib/python3.10/site-packages/airflow/example_dags/example_short_circuit_operator.py for tasks to queue
[2024-03-07T18:28:03.222+0000] {logging_mixin.py:150} INFO - [2024-03-07T18:28:03.222+0000] {dagbag.py:541} INFO - Filling up the DagBag from /usr/local/python/3.10.13/lib/python3.10/site-packages/airflow/example_dags/example_short_circuit_operator.py
[2024-03-07T18:28:03.229+0000] {processor.py:836} INFO - DAG(s) dict_keys(['example_short_circuit_operator']) retrieved from /usr/local/python/3.10.13/lib/python3.10/site-packages/airflow/example_dags/example_short_circuit_operator.py
[2024-03-07T18:28:03.245+0000] {logging_mixin.py:150} INFO - [2024-03-07T18:28:03.245+0000] {dag.py:2742} INFO - Sync 1 DAGs
[2024-03-07T18:28:03.262+0000] {logging_mixin.py:150} INFO - [2024-03-07T18:28:03.262+0000] {dag.py:3504} INFO - Setting next_dagrun for example_short_circuit_operator to 2024-03-06T18:28:03.262183+00:00, run_after=2024-03-07T18:28:03.262183+00:00
[2024-03-07T18:28:03.307+0000] {processor.py:179} INFO - Processing /usr/local/python/3.10.13/lib/python3.10/site-packages/airflow/example_dags/example_short_circuit_operator.py took 0.090 seconds
[2024-03-07T18:28:51.118+0000] {processor.py:157} INFO - Started process (PID=5819) to work on /usr/local/python/3.10.13/lib/python3.10/site-packages/airflow/example_dags/example_short_circuit_operator.py
[2024-03-07T18:28:51.119+0000] {processor.py:826} INFO - Processing file /usr/local/python/3.10.13/lib/python3.10/site-packages/airflow/example_dags/example_short_circuit_operator.py for tasks to queue
[2024-03-07T18:28:51.120+0000] {logging_mixin.py:150} INFO - [2024-03-07T18:28:51.119+0000] {dagbag.py:541} INFO - Filling up the DagBag from /usr/local/python/3.10.13/lib/python3.10/site-packages/airflow/example_dags/example_short_circuit_operator.py
[2024-03-07T18:28:51.126+0000] {processor.py:836} INFO - DAG(s) dict_keys(['example_short_circuit_operator']) retrieved from /usr/local/python/3.10.13/lib/python3.10/site-packages/airflow/example_dags/example_short_circuit_operator.py
[2024-03-07T18:28:51.142+0000] {logging_mixin.py:150} INFO - [2024-03-07T18:28:51.142+0000] {dag.py:2742} INFO - Sync 1 DAGs
[2024-03-07T18:28:51.158+0000] {logging_mixin.py:150} INFO - [2024-03-07T18:28:51.158+0000] {dag.py:3504} INFO - Setting next_dagrun for example_short_circuit_operator to 2024-03-06T18:28:51.158001+00:00, run_after=2024-03-07T18:28:51.158001+00:00
[2024-03-07T18:28:51.201+0000] {processor.py:179} INFO - Processing /usr/local/python/3.10.13/lib/python3.10/site-packages/airflow/example_dags/example_short_circuit_operator.py took 0.085 seconds
[2024-03-07T18:29:43.489+0000] {processor.py:157} INFO - Started process (PID=6224) to work on /usr/local/python/3.10.13/lib/python3.10/site-packages/airflow/example_dags/example_short_circuit_operator.py
[2024-03-07T18:29:43.490+0000] {processor.py:826} INFO - Processing file /usr/local/python/3.10.13/lib/python3.10/site-packages/airflow/example_dags/example_short_circuit_operator.py for tasks to queue
[2024-03-07T18:29:43.491+0000] {logging_mixin.py:150} INFO - [2024-03-07T18:29:43.490+0000] {dagbag.py:541} INFO - Filling up the DagBag from /usr/local/python/3.10.13/lib/python3.10/site-packages/airflow/example_dags/example_short_circuit_operator.py
[2024-03-07T18:29:43.500+0000] {processor.py:836} INFO - DAG(s) dict_keys(['example_short_circuit_operator']) retrieved from /usr/local/python/3.10.13/lib/python3.10/site-packages/airflow/example_dags/example_short_circuit_operator.py
[2024-03-07T18:29:43.521+0000] {logging_mixin.py:150} INFO - [2024-03-07T18:29:43.521+0000] {dag.py:2742} INFO - Sync 1 DAGs
[2024-03-07T18:29:43.539+0000] {logging_mixin.py:150} INFO - [2024-03-07T18:29:43.539+0000] {dag.py:3504} INFO - Setting next_dagrun for example_short_circuit_operator to 2024-03-06T18:29:43.538951+00:00, run_after=2024-03-07T18:29:43.538951+00:00
[2024-03-07T18:29:43.581+0000] {processor.py:179} INFO - Processing /usr/local/python/3.10.13/lib/python3.10/site-packages/airflow/example_dags/example_short_circuit_operator.py took 0.095 seconds
[2024-03-07T18:30:30.434+0000] {processor.py:157} INFO - Started process (PID=6545) to work on /usr/local/python/3.10.13/lib/python3.10/site-packages/airflow/example_dags/example_short_circuit_operator.py
[2024-03-07T18:30:30.435+0000] {processor.py:826} INFO - Processing file /usr/local/python/3.10.13/lib/python3.10/site-packages/airflow/example_dags/example_short_circuit_operator.py for tasks to queue
[2024-03-07T18:30:30.436+0000] {logging_mixin.py:150} INFO - [2024-03-07T18:30:30.435+0000] {dagbag.py:541} INFO - Filling up the DagBag from /usr/local/python/3.10.13/lib/python3.10/site-packages/airflow/example_dags/example_short_circuit_operator.py
[2024-03-07T18:30:30.443+0000] {processor.py:836} INFO - DAG(s) dict_keys(['example_short_circuit_operator']) retrieved from /usr/local/python/3.10.13/lib/python3.10/site-packages/airflow/example_dags/example_short_circuit_operator.py
[2024-03-07T18:30:30.458+0000] {logging_mixin.py:150} INFO - [2024-03-07T18:30:30.458+0000] {dag.py:2742} INFO - Sync 1 DAGs
[2024-03-07T18:30:30.475+0000] {logging_mixin.py:150} INFO - [2024-03-07T18:30:30.475+0000] {dag.py:3504} INFO - Setting next_dagrun for example_short_circuit_operator to 2024-03-06T18:30:30.474812+00:00, run_after=2024-03-07T18:30:30.474812+00:00
[2024-03-07T18:30:30.518+0000] {processor.py:179} INFO - Processing /usr/local/python/3.10.13/lib/python3.10/site-packages/airflow/example_dags/example_short_circuit_operator.py took 0.086 seconds
[2024-03-07T18:31:16.757+0000] {processor.py:157} INFO - Started process (PID=6877) to work on /usr/local/python/3.10.13/lib/python3.10/site-packages/airflow/example_dags/example_short_circuit_operator.py
[2024-03-07T18:31:16.758+0000] {processor.py:826} INFO - Processing file /usr/local/python/3.10.13/lib/python3.10/site-packages/airflow/example_dags/example_short_circuit_operator.py for tasks to queue
[2024-03-07T18:31:16.759+0000] {logging_mixin.py:150} INFO - [2024-03-07T18:31:16.759+0000] {dagbag.py:541} INFO - Filling up the DagBag from /usr/local/python/3.10.13/lib/python3.10/site-packages/airflow/example_dags/example_short_circuit_operator.py
[2024-03-07T18:31:16.765+0000] {processor.py:836} INFO - DAG(s) dict_keys(['example_short_circuit_operator']) retrieved from /usr/local/python/3.10.13/lib/python3.10/site-packages/airflow/example_dags/example_short_circuit_operator.py
[2024-03-07T18:31:16.780+0000] {logging_mixin.py:150} INFO - [2024-03-07T18:31:16.780+0000] {dag.py:2742} INFO - Sync 1 DAGs
[2024-03-07T18:31:16.797+0000] {logging_mixin.py:150} INFO - [2024-03-07T18:31:16.797+0000] {dag.py:3504} INFO - Setting next_dagrun for example_short_circuit_operator to 2024-03-06T18:31:16.797022+00:00, run_after=2024-03-07T18:31:16.797022+00:00
[2024-03-07T18:31:16.841+0000] {processor.py:179} INFO - Processing /usr/local/python/3.10.13/lib/python3.10/site-packages/airflow/example_dags/example_short_circuit_operator.py took 0.086 seconds
[2024-03-07T18:32:05.973+0000] {processor.py:157} INFO - Started process (PID=7273) to work on /usr/local/python/3.10.13/lib/python3.10/site-packages/airflow/example_dags/example_short_circuit_operator.py
[2024-03-07T18:32:05.974+0000] {processor.py:826} INFO - Processing file /usr/local/python/3.10.13/lib/python3.10/site-packages/airflow/example_dags/example_short_circuit_operator.py for tasks to queue
[2024-03-07T18:32:05.975+0000] {logging_mixin.py:150} INFO - [2024-03-07T18:32:05.975+0000] {dagbag.py:541} INFO - Filling up the DagBag from /usr/local/python/3.10.13/lib/python3.10/site-packages/airflow/example_dags/example_short_circuit_operator.py
[2024-03-07T18:32:05.982+0000] {processor.py:836} INFO - DAG(s) dict_keys(['example_short_circuit_operator']) retrieved from /usr/local/python/3.10.13/lib/python3.10/site-packages/airflow/example_dags/example_short_circuit_operator.py
[2024-03-07T18:32:05.996+0000] {logging_mixin.py:150} INFO - [2024-03-07T18:32:05.996+0000] {dag.py:2742} INFO - Sync 1 DAGs
[2024-03-07T18:32:06.013+0000] {logging_mixin.py:150} INFO - [2024-03-07T18:32:06.013+0000] {dag.py:3504} INFO - Setting next_dagrun for example_short_circuit_operator to 2024-03-06T18:32:06.013085+00:00, run_after=2024-03-07T18:32:06.013085+00:00
[2024-03-07T18:32:06.064+0000] {processor.py:179} INFO - Processing /usr/local/python/3.10.13/lib/python3.10/site-packages/airflow/example_dags/example_short_circuit_operator.py took 0.093 seconds
[2024-03-07T18:32:55.038+0000] {processor.py:157} INFO - Started process (PID=7847) to work on /usr/local/python/3.10.13/lib/python3.10/site-packages/airflow/example_dags/example_short_circuit_operator.py
[2024-03-07T18:32:55.039+0000] {processor.py:826} INFO - Processing file /usr/local/python/3.10.13/lib/python3.10/site-packages/airflow/example_dags/example_short_circuit_operator.py for tasks to queue
[2024-03-07T18:32:55.039+0000] {logging_mixin.py:150} INFO - [2024-03-07T18:32:55.039+0000] {dagbag.py:541} INFO - Filling up the DagBag from /usr/local/python/3.10.13/lib/python3.10/site-packages/airflow/example_dags/example_short_circuit_operator.py
[2024-03-07T18:32:55.046+0000] {processor.py:836} INFO - DAG(s) dict_keys(['example_short_circuit_operator']) retrieved from /usr/local/python/3.10.13/lib/python3.10/site-packages/airflow/example_dags/example_short_circuit_operator.py
[2024-03-07T18:32:55.061+0000] {logging_mixin.py:150} INFO - [2024-03-07T18:32:55.061+0000] {dag.py:2742} INFO - Sync 1 DAGs
[2024-03-07T18:32:55.077+0000] {logging_mixin.py:150} INFO - [2024-03-07T18:32:55.077+0000] {dag.py:3504} INFO - Setting next_dagrun for example_short_circuit_operator to 2024-03-06T18:32:55.076822+00:00, run_after=2024-03-07T18:32:55.076822+00:00
[2024-03-07T18:32:55.118+0000] {processor.py:179} INFO - Processing /usr/local/python/3.10.13/lib/python3.10/site-packages/airflow/example_dags/example_short_circuit_operator.py took 0.082 seconds
[2024-03-07T18:33:38.995+0000] {processor.py:157} INFO - Started process (PID=8273) to work on /usr/local/python/3.10.13/lib/python3.10/site-packages/airflow/example_dags/example_short_circuit_operator.py
[2024-03-07T18:33:38.996+0000] {processor.py:826} INFO - Processing file /usr/local/python/3.10.13/lib/python3.10/site-packages/airflow/example_dags/example_short_circuit_operator.py for tasks to queue
[2024-03-07T18:33:38.997+0000] {logging_mixin.py:150} INFO - [2024-03-07T18:33:38.996+0000] {dagbag.py:541} INFO - Filling up the DagBag from /usr/local/python/3.10.13/lib/python3.10/site-packages/airflow/example_dags/example_short_circuit_operator.py
[2024-03-07T18:33:39.003+0000] {processor.py:836} INFO - DAG(s) dict_keys(['example_short_circuit_operator']) retrieved from /usr/local/python/3.10.13/lib/python3.10/site-packages/airflow/example_dags/example_short_circuit_operator.py
[2024-03-07T18:33:39.017+0000] {logging_mixin.py:150} INFO - [2024-03-07T18:33:39.017+0000] {dag.py:2742} INFO - Sync 1 DAGs
[2024-03-07T18:33:39.033+0000] {logging_mixin.py:150} INFO - [2024-03-07T18:33:39.033+0000] {dag.py:3504} INFO - Setting next_dagrun for example_short_circuit_operator to 2024-03-06T18:33:39.033393+00:00, run_after=2024-03-07T18:33:39.033393+00:00
[2024-03-07T18:33:39.074+0000] {processor.py:179} INFO - Processing /usr/local/python/3.10.13/lib/python3.10/site-packages/airflow/example_dags/example_short_circuit_operator.py took 0.082 seconds
[2024-03-07T18:34:26.665+0000] {processor.py:157} INFO - Started process (PID=8759) to work on /usr/local/python/3.10.13/lib/python3.10/site-packages/airflow/example_dags/example_short_circuit_operator.py
[2024-03-07T18:34:26.666+0000] {processor.py:826} INFO - Processing file /usr/local/python/3.10.13/lib/python3.10/site-packages/airflow/example_dags/example_short_circuit_operator.py for tasks to queue
[2024-03-07T18:34:26.667+0000] {logging_mixin.py:150} INFO - [2024-03-07T18:34:26.666+0000] {dagbag.py:541} INFO - Filling up the DagBag from /usr/local/python/3.10.13/lib/python3.10/site-packages/airflow/example_dags/example_short_circuit_operator.py
[2024-03-07T18:34:26.673+0000] {processor.py:836} INFO - DAG(s) dict_keys(['example_short_circuit_operator']) retrieved from /usr/local/python/3.10.13/lib/python3.10/site-packages/airflow/example_dags/example_short_circuit_operator.py
[2024-03-07T18:34:26.689+0000] {logging_mixin.py:150} INFO - [2024-03-07T18:34:26.689+0000] {dag.py:2742} INFO - Sync 1 DAGs
[2024-03-07T18:34:26.706+0000] {logging_mixin.py:150} INFO - [2024-03-07T18:34:26.706+0000] {dag.py:3504} INFO - Setting next_dagrun for example_short_circuit_operator to 2024-03-06T18:34:26.705889+00:00, run_after=2024-03-07T18:34:26.705889+00:00
[2024-03-07T18:34:26.749+0000] {processor.py:179} INFO - Processing /usr/local/python/3.10.13/lib/python3.10/site-packages/airflow/example_dags/example_short_circuit_operator.py took 0.086 seconds
[2024-03-07T18:35:15.078+0000] {processor.py:157} INFO - Started process (PID=9309) to work on /usr/local/python/3.10.13/lib/python3.10/site-packages/airflow/example_dags/example_short_circuit_operator.py
[2024-03-07T18:35:15.079+0000] {processor.py:826} INFO - Processing file /usr/local/python/3.10.13/lib/python3.10/site-packages/airflow/example_dags/example_short_circuit_operator.py for tasks to queue
[2024-03-07T18:35:15.080+0000] {logging_mixin.py:150} INFO - [2024-03-07T18:35:15.080+0000] {dagbag.py:541} INFO - Filling up the DagBag from /usr/local/python/3.10.13/lib/python3.10/site-packages/airflow/example_dags/example_short_circuit_operator.py
[2024-03-07T18:35:15.090+0000] {processor.py:836} INFO - DAG(s) dict_keys(['example_short_circuit_operator']) retrieved from /usr/local/python/3.10.13/lib/python3.10/site-packages/airflow/example_dags/example_short_circuit_operator.py
[2024-03-07T18:35:15.114+0000] {logging_mixin.py:150} INFO - [2024-03-07T18:35:15.114+0000] {dag.py:2742} INFO - Sync 1 DAGs
[2024-03-07T18:35:15.137+0000] {logging_mixin.py:150} INFO - [2024-03-07T18:35:15.137+0000] {dag.py:3504} INFO - Setting next_dagrun for example_short_circuit_operator to 2024-03-06T18:35:15.137239+00:00, run_after=2024-03-07T18:35:15.137239+00:00
[2024-03-07T18:35:15.180+0000] {processor.py:179} INFO - Processing /usr/local/python/3.10.13/lib/python3.10/site-packages/airflow/example_dags/example_short_circuit_operator.py took 0.106 seconds
