[2024-03-07T18:27:22.738+0000] {processor.py:157} INFO - Started process (PID=5172) to work on /usr/local/python/3.10.13/lib/python3.10/site-packages/airflow/example_dags/example_branch_operator_decorator.py
[2024-03-07T18:27:22.738+0000] {processor.py:826} INFO - Processing file /usr/local/python/3.10.13/lib/python3.10/site-packages/airflow/example_dags/example_branch_operator_decorator.py for tasks to queue
[2024-03-07T18:27:22.739+0000] {logging_mixin.py:150} INFO - [2024-03-07T18:27:22.739+0000] {dagbag.py:541} INFO - Filling up the DagBag from /usr/local/python/3.10.13/lib/python3.10/site-packages/airflow/example_dags/example_branch_operator_decorator.py
[2024-03-07T18:27:22.751+0000] {processor.py:836} INFO - DAG(s) dict_keys(['example_branch_python_operator_decorator']) retrieved from /usr/local/python/3.10.13/lib/python3.10/site-packages/airflow/example_dags/example_branch_operator_decorator.py
[2024-03-07T18:27:22.959+0000] {logging_mixin.py:150} INFO - [2024-03-07T18:27:22.959+0000] {manager.py:504} INFO - Created Permission View: can edit on DAG:example_branch_python_operator_decorator
[2024-03-07T18:27:22.992+0000] {logging_mixin.py:150} INFO - [2024-03-07T18:27:22.992+0000] {manager.py:504} INFO - Created Permission View: can delete on DAG:example_branch_python_operator_decorator
[2024-03-07T18:27:23.022+0000] {logging_mixin.py:150} INFO - [2024-03-07T18:27:23.022+0000] {manager.py:504} INFO - Created Permission View: can read on DAG:example_branch_python_operator_decorator
[2024-03-07T18:27:23.031+0000] {logging_mixin.py:150} INFO - [2024-03-07T18:27:23.031+0000] {dag.py:2742} INFO - Sync 1 DAGs
[2024-03-07T18:27:23.039+0000] {logging_mixin.py:150} INFO - [2024-03-07T18:27:23.039+0000] {dag.py:2763} INFO - Creating ORM DAG for example_branch_python_operator_decorator
[2024-03-07T18:27:23.048+0000] {logging_mixin.py:150} INFO - [2024-03-07T18:27:23.048+0000] {dag.py:3504} INFO - Setting next_dagrun for example_branch_python_operator_decorator to 2024-03-06T00:00:00+00:00, run_after=2024-03-07T00:00:00+00:00
[2024-03-07T18:27:23.092+0000] {processor.py:179} INFO - Processing /usr/local/python/3.10.13/lib/python3.10/site-packages/airflow/example_dags/example_branch_operator_decorator.py took 0.357 seconds
[2024-03-07T18:28:13.059+0000] {processor.py:157} INFO - Started process (PID=5552) to work on /usr/local/python/3.10.13/lib/python3.10/site-packages/airflow/example_dags/example_branch_operator_decorator.py
[2024-03-07T18:28:13.060+0000] {processor.py:826} INFO - Processing file /usr/local/python/3.10.13/lib/python3.10/site-packages/airflow/example_dags/example_branch_operator_decorator.py for tasks to queue
[2024-03-07T18:28:13.061+0000] {logging_mixin.py:150} INFO - [2024-03-07T18:28:13.061+0000] {dagbag.py:541} INFO - Filling up the DagBag from /usr/local/python/3.10.13/lib/python3.10/site-packages/airflow/example_dags/example_branch_operator_decorator.py
[2024-03-07T18:28:13.070+0000] {processor.py:836} INFO - DAG(s) dict_keys(['example_branch_python_operator_decorator']) retrieved from /usr/local/python/3.10.13/lib/python3.10/site-packages/airflow/example_dags/example_branch_operator_decorator.py
[2024-03-07T18:28:13.085+0000] {logging_mixin.py:150} INFO - [2024-03-07T18:28:13.085+0000] {dag.py:2742} INFO - Sync 1 DAGs
[2024-03-07T18:28:13.103+0000] {logging_mixin.py:150} INFO - [2024-03-07T18:28:13.103+0000] {dag.py:3504} INFO - Setting next_dagrun for example_branch_python_operator_decorator to 2024-03-06T00:00:00+00:00, run_after=2024-03-07T00:00:00+00:00
[2024-03-07T18:28:13.145+0000] {processor.py:179} INFO - Processing /usr/local/python/3.10.13/lib/python3.10/site-packages/airflow/example_dags/example_branch_operator_decorator.py took 0.088 seconds
[2024-03-07T18:29:06.166+0000] {processor.py:157} INFO - Started process (PID=5938) to work on /usr/local/python/3.10.13/lib/python3.10/site-packages/airflow/example_dags/example_branch_operator_decorator.py
[2024-03-07T18:29:06.167+0000] {processor.py:826} INFO - Processing file /usr/local/python/3.10.13/lib/python3.10/site-packages/airflow/example_dags/example_branch_operator_decorator.py for tasks to queue
[2024-03-07T18:29:06.168+0000] {logging_mixin.py:150} INFO - [2024-03-07T18:29:06.167+0000] {dagbag.py:541} INFO - Filling up the DagBag from /usr/local/python/3.10.13/lib/python3.10/site-packages/airflow/example_dags/example_branch_operator_decorator.py
[2024-03-07T18:29:06.180+0000] {processor.py:836} INFO - DAG(s) dict_keys(['example_branch_python_operator_decorator']) retrieved from /usr/local/python/3.10.13/lib/python3.10/site-packages/airflow/example_dags/example_branch_operator_decorator.py
[2024-03-07T18:29:06.205+0000] {logging_mixin.py:150} INFO - [2024-03-07T18:29:06.205+0000] {dag.py:2742} INFO - Sync 1 DAGs
[2024-03-07T18:29:06.253+0000] {logging_mixin.py:150} INFO - [2024-03-07T18:29:06.253+0000] {dag.py:3504} INFO - Setting next_dagrun for example_branch_python_operator_decorator to 2024-03-06T00:00:00+00:00, run_after=2024-03-07T00:00:00+00:00
[2024-03-07T18:29:06.302+0000] {processor.py:179} INFO - Processing /usr/local/python/3.10.13/lib/python3.10/site-packages/airflow/example_dags/example_branch_operator_decorator.py took 0.139 seconds
[2024-03-07T18:29:58.800+0000] {processor.py:157} INFO - Started process (PID=6328) to work on /usr/local/python/3.10.13/lib/python3.10/site-packages/airflow/example_dags/example_branch_operator_decorator.py
[2024-03-07T18:29:58.801+0000] {processor.py:826} INFO - Processing file /usr/local/python/3.10.13/lib/python3.10/site-packages/airflow/example_dags/example_branch_operator_decorator.py for tasks to queue
[2024-03-07T18:29:58.802+0000] {logging_mixin.py:150} INFO - [2024-03-07T18:29:58.801+0000] {dagbag.py:541} INFO - Filling up the DagBag from /usr/local/python/3.10.13/lib/python3.10/site-packages/airflow/example_dags/example_branch_operator_decorator.py
[2024-03-07T18:29:58.815+0000] {processor.py:836} INFO - DAG(s) dict_keys(['example_branch_python_operator_decorator']) retrieved from /usr/local/python/3.10.13/lib/python3.10/site-packages/airflow/example_dags/example_branch_operator_decorator.py
[2024-03-07T18:29:58.831+0000] {logging_mixin.py:150} INFO - [2024-03-07T18:29:58.831+0000] {dag.py:2742} INFO - Sync 1 DAGs
[2024-03-07T18:29:58.850+0000] {logging_mixin.py:150} INFO - [2024-03-07T18:29:58.850+0000] {dag.py:3504} INFO - Setting next_dagrun for example_branch_python_operator_decorator to 2024-03-06T00:00:00+00:00, run_after=2024-03-07T00:00:00+00:00
[2024-03-07T18:29:58.890+0000] {processor.py:179} INFO - Processing /usr/local/python/3.10.13/lib/python3.10/site-packages/airflow/example_dags/example_branch_operator_decorator.py took 0.093 seconds
[2024-03-07T18:30:45.152+0000] {processor.py:157} INFO - Started process (PID=6657) to work on /usr/local/python/3.10.13/lib/python3.10/site-packages/airflow/example_dags/example_branch_operator_decorator.py
[2024-03-07T18:30:45.153+0000] {processor.py:826} INFO - Processing file /usr/local/python/3.10.13/lib/python3.10/site-packages/airflow/example_dags/example_branch_operator_decorator.py for tasks to queue
[2024-03-07T18:30:45.154+0000] {logging_mixin.py:150} INFO - [2024-03-07T18:30:45.153+0000] {dagbag.py:541} INFO - Filling up the DagBag from /usr/local/python/3.10.13/lib/python3.10/site-packages/airflow/example_dags/example_branch_operator_decorator.py
[2024-03-07T18:30:45.162+0000] {processor.py:836} INFO - DAG(s) dict_keys(['example_branch_python_operator_decorator']) retrieved from /usr/local/python/3.10.13/lib/python3.10/site-packages/airflow/example_dags/example_branch_operator_decorator.py
[2024-03-07T18:30:45.175+0000] {logging_mixin.py:150} INFO - [2024-03-07T18:30:45.175+0000] {dag.py:2742} INFO - Sync 1 DAGs
[2024-03-07T18:30:45.192+0000] {logging_mixin.py:150} INFO - [2024-03-07T18:30:45.192+0000] {dag.py:3504} INFO - Setting next_dagrun for example_branch_python_operator_decorator to 2024-03-06T00:00:00+00:00, run_after=2024-03-07T00:00:00+00:00
[2024-03-07T18:30:45.231+0000] {processor.py:179} INFO - Processing /usr/local/python/3.10.13/lib/python3.10/site-packages/airflow/example_dags/example_branch_operator_decorator.py took 0.081 seconds
[2024-03-07T18:31:31.651+0000] {processor.py:157} INFO - Started process (PID=6974) to work on /usr/local/python/3.10.13/lib/python3.10/site-packages/airflow/example_dags/example_branch_operator_decorator.py
[2024-03-07T18:31:31.652+0000] {processor.py:826} INFO - Processing file /usr/local/python/3.10.13/lib/python3.10/site-packages/airflow/example_dags/example_branch_operator_decorator.py for tasks to queue
[2024-03-07T18:31:31.653+0000] {logging_mixin.py:150} INFO - [2024-03-07T18:31:31.653+0000] {dagbag.py:541} INFO - Filling up the DagBag from /usr/local/python/3.10.13/lib/python3.10/site-packages/airflow/example_dags/example_branch_operator_decorator.py
[2024-03-07T18:31:31.661+0000] {processor.py:836} INFO - DAG(s) dict_keys(['example_branch_python_operator_decorator']) retrieved from /usr/local/python/3.10.13/lib/python3.10/site-packages/airflow/example_dags/example_branch_operator_decorator.py
[2024-03-07T18:31:31.677+0000] {logging_mixin.py:150} INFO - [2024-03-07T18:31:31.677+0000] {dag.py:2742} INFO - Sync 1 DAGs
[2024-03-07T18:31:31.694+0000] {logging_mixin.py:150} INFO - [2024-03-07T18:31:31.694+0000] {dag.py:3504} INFO - Setting next_dagrun for example_branch_python_operator_decorator to 2024-03-06T00:00:00+00:00, run_after=2024-03-07T00:00:00+00:00
[2024-03-07T18:31:31.745+0000] {processor.py:179} INFO - Processing /usr/local/python/3.10.13/lib/python3.10/site-packages/airflow/example_dags/example_branch_operator_decorator.py took 0.096 seconds
[2024-03-07T18:32:21.134+0000] {processor.py:157} INFO - Started process (PID=7440) to work on /usr/local/python/3.10.13/lib/python3.10/site-packages/airflow/example_dags/example_branch_operator_decorator.py
[2024-03-07T18:32:21.135+0000] {processor.py:826} INFO - Processing file /usr/local/python/3.10.13/lib/python3.10/site-packages/airflow/example_dags/example_branch_operator_decorator.py for tasks to queue
[2024-03-07T18:32:21.136+0000] {logging_mixin.py:150} INFO - [2024-03-07T18:32:21.136+0000] {dagbag.py:541} INFO - Filling up the DagBag from /usr/local/python/3.10.13/lib/python3.10/site-packages/airflow/example_dags/example_branch_operator_decorator.py
[2024-03-07T18:32:21.144+0000] {processor.py:836} INFO - DAG(s) dict_keys(['example_branch_python_operator_decorator']) retrieved from /usr/local/python/3.10.13/lib/python3.10/site-packages/airflow/example_dags/example_branch_operator_decorator.py
[2024-03-07T18:32:21.158+0000] {logging_mixin.py:150} INFO - [2024-03-07T18:32:21.158+0000] {dag.py:2742} INFO - Sync 1 DAGs
[2024-03-07T18:32:21.176+0000] {logging_mixin.py:150} INFO - [2024-03-07T18:32:21.175+0000] {dag.py:3504} INFO - Setting next_dagrun for example_branch_python_operator_decorator to 2024-03-06T00:00:00+00:00, run_after=2024-03-07T00:00:00+00:00
[2024-03-07T18:32:21.217+0000] {processor.py:179} INFO - Processing /usr/local/python/3.10.13/lib/python3.10/site-packages/airflow/example_dags/example_branch_operator_decorator.py took 0.085 seconds
[2024-03-07T18:33:06.645+0000] {processor.py:157} INFO - Started process (PID=7967) to work on /usr/local/python/3.10.13/lib/python3.10/site-packages/airflow/example_dags/example_branch_operator_decorator.py
[2024-03-07T18:33:06.646+0000] {processor.py:826} INFO - Processing file /usr/local/python/3.10.13/lib/python3.10/site-packages/airflow/example_dags/example_branch_operator_decorator.py for tasks to queue
[2024-03-07T18:33:06.646+0000] {logging_mixin.py:150} INFO - [2024-03-07T18:33:06.646+0000] {dagbag.py:541} INFO - Filling up the DagBag from /usr/local/python/3.10.13/lib/python3.10/site-packages/airflow/example_dags/example_branch_operator_decorator.py
[2024-03-07T18:33:06.654+0000] {processor.py:836} INFO - DAG(s) dict_keys(['example_branch_python_operator_decorator']) retrieved from /usr/local/python/3.10.13/lib/python3.10/site-packages/airflow/example_dags/example_branch_operator_decorator.py
[2024-03-07T18:33:06.669+0000] {logging_mixin.py:150} INFO - [2024-03-07T18:33:06.669+0000] {dag.py:2742} INFO - Sync 1 DAGs
[2024-03-07T18:33:06.687+0000] {logging_mixin.py:150} INFO - [2024-03-07T18:33:06.686+0000] {dag.py:3504} INFO - Setting next_dagrun for example_branch_python_operator_decorator to 2024-03-06T00:00:00+00:00, run_after=2024-03-07T00:00:00+00:00
[2024-03-07T18:33:06.725+0000] {processor.py:179} INFO - Processing /usr/local/python/3.10.13/lib/python3.10/site-packages/airflow/example_dags/example_branch_operator_decorator.py took 0.083 seconds
[2024-03-07T18:33:52.028+0000] {processor.py:157} INFO - Started process (PID=8392) to work on /usr/local/python/3.10.13/lib/python3.10/site-packages/airflow/example_dags/example_branch_operator_decorator.py
[2024-03-07T18:33:52.029+0000] {processor.py:826} INFO - Processing file /usr/local/python/3.10.13/lib/python3.10/site-packages/airflow/example_dags/example_branch_operator_decorator.py for tasks to queue
[2024-03-07T18:33:52.029+0000] {logging_mixin.py:150} INFO - [2024-03-07T18:33:52.029+0000] {dagbag.py:541} INFO - Filling up the DagBag from /usr/local/python/3.10.13/lib/python3.10/site-packages/airflow/example_dags/example_branch_operator_decorator.py
[2024-03-07T18:33:52.038+0000] {processor.py:836} INFO - DAG(s) dict_keys(['example_branch_python_operator_decorator']) retrieved from /usr/local/python/3.10.13/lib/python3.10/site-packages/airflow/example_dags/example_branch_operator_decorator.py
[2024-03-07T18:33:52.053+0000] {logging_mixin.py:150} INFO - [2024-03-07T18:33:52.053+0000] {dag.py:2742} INFO - Sync 1 DAGs
[2024-03-07T18:33:52.070+0000] {logging_mixin.py:150} INFO - [2024-03-07T18:33:52.070+0000] {dag.py:3504} INFO - Setting next_dagrun for example_branch_python_operator_decorator to 2024-03-06T00:00:00+00:00, run_after=2024-03-07T00:00:00+00:00
[2024-03-07T18:33:52.109+0000] {processor.py:179} INFO - Processing /usr/local/python/3.10.13/lib/python3.10/site-packages/airflow/example_dags/example_branch_operator_decorator.py took 0.083 seconds
[2024-03-07T18:34:42.280+0000] {processor.py:157} INFO - Started process (PID=8946) to work on /usr/local/python/3.10.13/lib/python3.10/site-packages/airflow/example_dags/example_branch_operator_decorator.py
[2024-03-07T18:34:42.281+0000] {processor.py:826} INFO - Processing file /usr/local/python/3.10.13/lib/python3.10/site-packages/airflow/example_dags/example_branch_operator_decorator.py for tasks to queue
[2024-03-07T18:34:42.282+0000] {logging_mixin.py:150} INFO - [2024-03-07T18:34:42.281+0000] {dagbag.py:541} INFO - Filling up the DagBag from /usr/local/python/3.10.13/lib/python3.10/site-packages/airflow/example_dags/example_branch_operator_decorator.py
[2024-03-07T18:34:42.290+0000] {processor.py:836} INFO - DAG(s) dict_keys(['example_branch_python_operator_decorator']) retrieved from /usr/local/python/3.10.13/lib/python3.10/site-packages/airflow/example_dags/example_branch_operator_decorator.py
[2024-03-07T18:34:42.304+0000] {logging_mixin.py:150} INFO - [2024-03-07T18:34:42.304+0000] {dag.py:2742} INFO - Sync 1 DAGs
[2024-03-07T18:34:42.323+0000] {logging_mixin.py:150} INFO - [2024-03-07T18:34:42.322+0000] {dag.py:3504} INFO - Setting next_dagrun for example_branch_python_operator_decorator to 2024-03-06T00:00:00+00:00, run_after=2024-03-07T00:00:00+00:00
[2024-03-07T18:34:42.381+0000] {processor.py:179} INFO - Processing /usr/local/python/3.10.13/lib/python3.10/site-packages/airflow/example_dags/example_branch_operator_decorator.py took 0.104 seconds
[2024-03-07T18:35:30.776+0000] {processor.py:157} INFO - Started process (PID=9480) to work on /usr/local/python/3.10.13/lib/python3.10/site-packages/airflow/example_dags/example_branch_operator_decorator.py
[2024-03-07T18:35:30.777+0000] {processor.py:826} INFO - Processing file /usr/local/python/3.10.13/lib/python3.10/site-packages/airflow/example_dags/example_branch_operator_decorator.py for tasks to queue
[2024-03-07T18:35:30.778+0000] {logging_mixin.py:150} INFO - [2024-03-07T18:35:30.777+0000] {dagbag.py:541} INFO - Filling up the DagBag from /usr/local/python/3.10.13/lib/python3.10/site-packages/airflow/example_dags/example_branch_operator_decorator.py
[2024-03-07T18:35:30.786+0000] {processor.py:836} INFO - DAG(s) dict_keys(['example_branch_python_operator_decorator']) retrieved from /usr/local/python/3.10.13/lib/python3.10/site-packages/airflow/example_dags/example_branch_operator_decorator.py
[2024-03-07T18:35:30.801+0000] {logging_mixin.py:150} INFO - [2024-03-07T18:35:30.801+0000] {dag.py:2742} INFO - Sync 1 DAGs
[2024-03-07T18:35:30.818+0000] {logging_mixin.py:150} INFO - [2024-03-07T18:35:30.818+0000] {dag.py:3504} INFO - Setting next_dagrun for example_branch_python_operator_decorator to 2024-03-06T00:00:00+00:00, run_after=2024-03-07T00:00:00+00:00
[2024-03-07T18:35:30.856+0000] {processor.py:179} INFO - Processing /usr/local/python/3.10.13/lib/python3.10/site-packages/airflow/example_dags/example_branch_operator_decorator.py took 0.082 seconds
