[2024-03-07T18:27:36.243+0000] {processor.py:157} INFO - Started process (PID=5269) to work on /usr/local/python/3.10.13/lib/python3.10/site-packages/airflow/example_dags/example_dag_decorator.py
[2024-03-07T18:27:36.244+0000] {processor.py:826} INFO - Processing file /usr/local/python/3.10.13/lib/python3.10/site-packages/airflow/example_dags/example_dag_decorator.py for tasks to queue
[2024-03-07T18:27:36.247+0000] {logging_mixin.py:150} INFO - [2024-03-07T18:27:36.247+0000] {dagbag.py:541} INFO - Filling up the DagBag from /usr/local/python/3.10.13/lib/python3.10/site-packages/airflow/example_dags/example_dag_decorator.py
[2024-03-07T18:27:36.273+0000] {processor.py:836} INFO - DAG(s) dict_keys(['example_dag_decorator']) retrieved from /usr/local/python/3.10.13/lib/python3.10/site-packages/airflow/example_dags/example_dag_decorator.py
[2024-03-07T18:27:36.461+0000] {logging_mixin.py:150} INFO - [2024-03-07T18:27:36.460+0000] {manager.py:504} INFO - Created Permission View: can edit on DAG:example_dag_decorator
[2024-03-07T18:27:36.496+0000] {logging_mixin.py:150} INFO - [2024-03-07T18:27:36.496+0000] {manager.py:504} INFO - Created Permission View: can delete on DAG:example_dag_decorator
[2024-03-07T18:27:36.525+0000] {logging_mixin.py:150} INFO - [2024-03-07T18:27:36.525+0000] {manager.py:504} INFO - Created Permission View: can read on DAG:example_dag_decorator
[2024-03-07T18:27:36.534+0000] {logging_mixin.py:150} INFO - [2024-03-07T18:27:36.534+0000] {dag.py:2742} INFO - Sync 1 DAGs
[2024-03-07T18:27:36.543+0000] {logging_mixin.py:150} INFO - [2024-03-07T18:27:36.543+0000] {dag.py:2763} INFO - Creating ORM DAG for example_dag_decorator
[2024-03-07T18:27:36.550+0000] {logging_mixin.py:150} INFO - [2024-03-07T18:27:36.550+0000] {dag.py:3504} INFO - Setting next_dagrun for example_dag_decorator to None, run_after=None
[2024-03-07T18:27:36.594+0000] {processor.py:179} INFO - Processing /usr/local/python/3.10.13/lib/python3.10/site-packages/airflow/example_dags/example_dag_decorator.py took 0.368 seconds
[2024-03-07T18:28:34.691+0000] {processor.py:157} INFO - Started process (PID=5703) to work on /usr/local/python/3.10.13/lib/python3.10/site-packages/airflow/example_dags/example_dag_decorator.py
[2024-03-07T18:28:34.692+0000] {processor.py:826} INFO - Processing file /usr/local/python/3.10.13/lib/python3.10/site-packages/airflow/example_dags/example_dag_decorator.py for tasks to queue
[2024-03-07T18:28:34.693+0000] {logging_mixin.py:150} INFO - [2024-03-07T18:28:34.693+0000] {dagbag.py:541} INFO - Filling up the DagBag from /usr/local/python/3.10.13/lib/python3.10/site-packages/airflow/example_dags/example_dag_decorator.py
[2024-03-07T18:28:34.703+0000] {processor.py:836} INFO - DAG(s) dict_keys(['example_dag_decorator']) retrieved from /usr/local/python/3.10.13/lib/python3.10/site-packages/airflow/example_dags/example_dag_decorator.py
[2024-03-07T18:28:34.802+0000] {logging_mixin.py:150} INFO - [2024-03-07T18:28:34.802+0000] {dag.py:2742} INFO - Sync 1 DAGs
[2024-03-07T18:28:34.818+0000] {logging_mixin.py:150} INFO - [2024-03-07T18:28:34.818+0000] {dag.py:3504} INFO - Setting next_dagrun for example_dag_decorator to None, run_after=None
[2024-03-07T18:28:34.861+0000] {processor.py:179} INFO - Processing /usr/local/python/3.10.13/lib/python3.10/site-packages/airflow/example_dags/example_dag_decorator.py took 0.172 seconds
[2024-03-07T18:29:28.188+0000] {processor.py:157} INFO - Started process (PID=6101) to work on /usr/local/python/3.10.13/lib/python3.10/site-packages/airflow/example_dags/example_dag_decorator.py
[2024-03-07T18:29:28.189+0000] {processor.py:826} INFO - Processing file /usr/local/python/3.10.13/lib/python3.10/site-packages/airflow/example_dags/example_dag_decorator.py for tasks to queue
[2024-03-07T18:29:28.189+0000] {logging_mixin.py:150} INFO - [2024-03-07T18:29:28.189+0000] {dagbag.py:541} INFO - Filling up the DagBag from /usr/local/python/3.10.13/lib/python3.10/site-packages/airflow/example_dags/example_dag_decorator.py
[2024-03-07T18:29:28.198+0000] {processor.py:836} INFO - DAG(s) dict_keys(['example_dag_decorator']) retrieved from /usr/local/python/3.10.13/lib/python3.10/site-packages/airflow/example_dags/example_dag_decorator.py
[2024-03-07T18:29:28.302+0000] {logging_mixin.py:150} INFO - [2024-03-07T18:29:28.302+0000] {dag.py:2742} INFO - Sync 1 DAGs
[2024-03-07T18:29:28.318+0000] {logging_mixin.py:150} INFO - [2024-03-07T18:29:28.317+0000] {dag.py:3504} INFO - Setting next_dagrun for example_dag_decorator to None, run_after=None
[2024-03-07T18:29:28.357+0000] {processor.py:179} INFO - Processing /usr/local/python/3.10.13/lib/python3.10/site-packages/airflow/example_dags/example_dag_decorator.py took 0.171 seconds
[2024-03-07T18:30:18.421+0000] {processor.py:157} INFO - Started process (PID=6465) to work on /usr/local/python/3.10.13/lib/python3.10/site-packages/airflow/example_dags/example_dag_decorator.py
[2024-03-07T18:30:18.422+0000] {processor.py:826} INFO - Processing file /usr/local/python/3.10.13/lib/python3.10/site-packages/airflow/example_dags/example_dag_decorator.py for tasks to queue
[2024-03-07T18:30:18.423+0000] {logging_mixin.py:150} INFO - [2024-03-07T18:30:18.422+0000] {dagbag.py:541} INFO - Filling up the DagBag from /usr/local/python/3.10.13/lib/python3.10/site-packages/airflow/example_dags/example_dag_decorator.py
[2024-03-07T18:30:18.432+0000] {processor.py:836} INFO - DAG(s) dict_keys(['example_dag_decorator']) retrieved from /usr/local/python/3.10.13/lib/python3.10/site-packages/airflow/example_dags/example_dag_decorator.py
[2024-03-07T18:30:18.523+0000] {logging_mixin.py:150} INFO - [2024-03-07T18:30:18.523+0000] {dag.py:2742} INFO - Sync 1 DAGs
[2024-03-07T18:30:18.537+0000] {logging_mixin.py:150} INFO - [2024-03-07T18:30:18.537+0000] {dag.py:3504} INFO - Setting next_dagrun for example_dag_decorator to None, run_after=None
[2024-03-07T18:30:18.581+0000] {processor.py:179} INFO - Processing /usr/local/python/3.10.13/lib/python3.10/site-packages/airflow/example_dags/example_dag_decorator.py took 0.162 seconds
[2024-03-07T18:31:02.902+0000] {processor.py:157} INFO - Started process (PID=6768) to work on /usr/local/python/3.10.13/lib/python3.10/site-packages/airflow/example_dags/example_dag_decorator.py
[2024-03-07T18:31:02.903+0000] {processor.py:826} INFO - Processing file /usr/local/python/3.10.13/lib/python3.10/site-packages/airflow/example_dags/example_dag_decorator.py for tasks to queue
[2024-03-07T18:31:02.903+0000] {logging_mixin.py:150} INFO - [2024-03-07T18:31:02.903+0000] {dagbag.py:541} INFO - Filling up the DagBag from /usr/local/python/3.10.13/lib/python3.10/site-packages/airflow/example_dags/example_dag_decorator.py
[2024-03-07T18:31:02.912+0000] {processor.py:836} INFO - DAG(s) dict_keys(['example_dag_decorator']) retrieved from /usr/local/python/3.10.13/lib/python3.10/site-packages/airflow/example_dags/example_dag_decorator.py
[2024-03-07T18:31:02.997+0000] {logging_mixin.py:150} INFO - [2024-03-07T18:31:02.997+0000] {dag.py:2742} INFO - Sync 1 DAGs
[2024-03-07T18:31:03.011+0000] {logging_mixin.py:150} INFO - [2024-03-07T18:31:03.011+0000] {dag.py:3504} INFO - Setting next_dagrun for example_dag_decorator to None, run_after=None
[2024-03-07T18:31:03.050+0000] {processor.py:179} INFO - Processing /usr/local/python/3.10.13/lib/python3.10/site-packages/airflow/example_dags/example_dag_decorator.py took 0.150 seconds
[2024-03-07T18:31:51.864+0000] {processor.py:157} INFO - Started process (PID=7136) to work on /usr/local/python/3.10.13/lib/python3.10/site-packages/airflow/example_dags/example_dag_decorator.py
[2024-03-07T18:31:51.865+0000] {processor.py:826} INFO - Processing file /usr/local/python/3.10.13/lib/python3.10/site-packages/airflow/example_dags/example_dag_decorator.py for tasks to queue
[2024-03-07T18:31:51.865+0000] {logging_mixin.py:150} INFO - [2024-03-07T18:31:51.865+0000] {dagbag.py:541} INFO - Filling up the DagBag from /usr/local/python/3.10.13/lib/python3.10/site-packages/airflow/example_dags/example_dag_decorator.py
[2024-03-07T18:31:51.875+0000] {processor.py:836} INFO - DAG(s) dict_keys(['example_dag_decorator']) retrieved from /usr/local/python/3.10.13/lib/python3.10/site-packages/airflow/example_dags/example_dag_decorator.py
[2024-03-07T18:31:51.965+0000] {logging_mixin.py:150} INFO - [2024-03-07T18:31:51.965+0000] {dag.py:2742} INFO - Sync 1 DAGs
[2024-03-07T18:31:51.979+0000] {logging_mixin.py:150} INFO - [2024-03-07T18:31:51.979+0000] {dag.py:3504} INFO - Setting next_dagrun for example_dag_decorator to None, run_after=None
[2024-03-07T18:31:52.023+0000] {processor.py:179} INFO - Processing /usr/local/python/3.10.13/lib/python3.10/site-packages/airflow/example_dags/example_dag_decorator.py took 0.161 seconds
[2024-03-07T18:32:42.602+0000] {processor.py:157} INFO - Started process (PID=7684) to work on /usr/local/python/3.10.13/lib/python3.10/site-packages/airflow/example_dags/example_dag_decorator.py
[2024-03-07T18:32:42.603+0000] {processor.py:826} INFO - Processing file /usr/local/python/3.10.13/lib/python3.10/site-packages/airflow/example_dags/example_dag_decorator.py for tasks to queue
[2024-03-07T18:32:42.604+0000] {logging_mixin.py:150} INFO - [2024-03-07T18:32:42.604+0000] {dagbag.py:541} INFO - Filling up the DagBag from /usr/local/python/3.10.13/lib/python3.10/site-packages/airflow/example_dags/example_dag_decorator.py
[2024-03-07T18:32:42.613+0000] {processor.py:836} INFO - DAG(s) dict_keys(['example_dag_decorator']) retrieved from /usr/local/python/3.10.13/lib/python3.10/site-packages/airflow/example_dags/example_dag_decorator.py
[2024-03-07T18:32:42.700+0000] {logging_mixin.py:150} INFO - [2024-03-07T18:32:42.700+0000] {dag.py:2742} INFO - Sync 1 DAGs
[2024-03-07T18:32:42.722+0000] {logging_mixin.py:150} INFO - [2024-03-07T18:32:42.722+0000] {dag.py:3504} INFO - Setting next_dagrun for example_dag_decorator to None, run_after=None
[2024-03-07T18:32:42.761+0000] {processor.py:179} INFO - Processing /usr/local/python/3.10.13/lib/python3.10/site-packages/airflow/example_dags/example_dag_decorator.py took 0.161 seconds
[2024-03-07T18:33:26.121+0000] {processor.py:157} INFO - Started process (PID=8141) to work on /usr/local/python/3.10.13/lib/python3.10/site-packages/airflow/example_dags/example_dag_decorator.py
[2024-03-07T18:33:26.122+0000] {processor.py:826} INFO - Processing file /usr/local/python/3.10.13/lib/python3.10/site-packages/airflow/example_dags/example_dag_decorator.py for tasks to queue
[2024-03-07T18:33:26.122+0000] {logging_mixin.py:150} INFO - [2024-03-07T18:33:26.122+0000] {dagbag.py:541} INFO - Filling up the DagBag from /usr/local/python/3.10.13/lib/python3.10/site-packages/airflow/example_dags/example_dag_decorator.py
[2024-03-07T18:33:26.131+0000] {processor.py:836} INFO - DAG(s) dict_keys(['example_dag_decorator']) retrieved from /usr/local/python/3.10.13/lib/python3.10/site-packages/airflow/example_dags/example_dag_decorator.py
[2024-03-07T18:33:26.280+0000] {logging_mixin.py:150} INFO - [2024-03-07T18:33:26.280+0000] {dag.py:2742} INFO - Sync 1 DAGs
[2024-03-07T18:33:26.305+0000] {logging_mixin.py:150} INFO - [2024-03-07T18:33:26.304+0000] {dag.py:3504} INFO - Setting next_dagrun for example_dag_decorator to None, run_after=None
[2024-03-07T18:33:26.353+0000] {processor.py:179} INFO - Processing /usr/local/python/3.10.13/lib/python3.10/site-packages/airflow/example_dags/example_dag_decorator.py took 0.234 seconds
[2024-03-07T18:34:12.632+0000] {processor.py:157} INFO - Started process (PID=8587) to work on /usr/local/python/3.10.13/lib/python3.10/site-packages/airflow/example_dags/example_dag_decorator.py
[2024-03-07T18:34:12.632+0000] {processor.py:826} INFO - Processing file /usr/local/python/3.10.13/lib/python3.10/site-packages/airflow/example_dags/example_dag_decorator.py for tasks to queue
[2024-03-07T18:34:12.633+0000] {logging_mixin.py:150} INFO - [2024-03-07T18:34:12.633+0000] {dagbag.py:541} INFO - Filling up the DagBag from /usr/local/python/3.10.13/lib/python3.10/site-packages/airflow/example_dags/example_dag_decorator.py
[2024-03-07T18:34:12.643+0000] {processor.py:836} INFO - DAG(s) dict_keys(['example_dag_decorator']) retrieved from /usr/local/python/3.10.13/lib/python3.10/site-packages/airflow/example_dags/example_dag_decorator.py
[2024-03-07T18:34:12.729+0000] {logging_mixin.py:150} INFO - [2024-03-07T18:34:12.729+0000] {dag.py:2742} INFO - Sync 1 DAGs
[2024-03-07T18:34:12.743+0000] {logging_mixin.py:150} INFO - [2024-03-07T18:34:12.743+0000] {dag.py:3504} INFO - Setting next_dagrun for example_dag_decorator to None, run_after=None
[2024-03-07T18:34:12.785+0000] {processor.py:179} INFO - Processing /usr/local/python/3.10.13/lib/python3.10/site-packages/airflow/example_dags/example_dag_decorator.py took 0.155 seconds
[2024-03-07T18:35:03.152+0000] {processor.py:157} INFO - Started process (PID=9201) to work on /usr/local/python/3.10.13/lib/python3.10/site-packages/airflow/example_dags/example_dag_decorator.py
[2024-03-07T18:35:03.153+0000] {processor.py:826} INFO - Processing file /usr/local/python/3.10.13/lib/python3.10/site-packages/airflow/example_dags/example_dag_decorator.py for tasks to queue
[2024-03-07T18:35:03.154+0000] {logging_mixin.py:150} INFO - [2024-03-07T18:35:03.153+0000] {dagbag.py:541} INFO - Filling up the DagBag from /usr/local/python/3.10.13/lib/python3.10/site-packages/airflow/example_dags/example_dag_decorator.py
[2024-03-07T18:35:03.163+0000] {processor.py:836} INFO - DAG(s) dict_keys(['example_dag_decorator']) retrieved from /usr/local/python/3.10.13/lib/python3.10/site-packages/airflow/example_dags/example_dag_decorator.py
[2024-03-07T18:35:03.252+0000] {logging_mixin.py:150} INFO - [2024-03-07T18:35:03.251+0000] {dag.py:2742} INFO - Sync 1 DAGs
[2024-03-07T18:35:03.266+0000] {logging_mixin.py:150} INFO - [2024-03-07T18:35:03.266+0000] {dag.py:3504} INFO - Setting next_dagrun for example_dag_decorator to None, run_after=None
[2024-03-07T18:35:03.307+0000] {processor.py:179} INFO - Processing /usr/local/python/3.10.13/lib/python3.10/site-packages/airflow/example_dags/example_dag_decorator.py took 0.157 seconds
