[2024-03-07T18:27:05.143+0000] {processor.py:157} INFO - Started process (PID=5055) to work on /usr/local/python/3.10.13/lib/python3.10/site-packages/airflow/example_dags/example_python_operator.py
[2024-03-07T18:27:05.144+0000] {processor.py:826} INFO - Processing file /usr/local/python/3.10.13/lib/python3.10/site-packages/airflow/example_dags/example_python_operator.py for tasks to queue
[2024-03-07T18:27:05.144+0000] {logging_mixin.py:150} INFO - [2024-03-07T18:27:05.144+0000] {dagbag.py:541} INFO - Filling up the DagBag from /usr/local/python/3.10.13/lib/python3.10/site-packages/airflow/example_dags/example_python_operator.py
[2024-03-07T18:27:05.154+0000] {processor.py:836} INFO - DAG(s) dict_keys(['example_python_operator']) retrieved from /usr/local/python/3.10.13/lib/python3.10/site-packages/airflow/example_dags/example_python_operator.py
[2024-03-07T18:27:05.407+0000] {logging_mixin.py:150} INFO - [2024-03-07T18:27:05.406+0000] {manager.py:504} INFO - Created Permission View: can edit on DAG:example_python_operator
[2024-03-07T18:27:05.481+0000] {logging_mixin.py:150} INFO - [2024-03-07T18:27:05.481+0000] {manager.py:504} INFO - Created Permission View: can delete on DAG:example_python_operator
[2024-03-07T18:27:05.510+0000] {logging_mixin.py:150} INFO - [2024-03-07T18:27:05.510+0000] {manager.py:504} INFO - Created Permission View: can read on DAG:example_python_operator
[2024-03-07T18:27:05.663+0000] {logging_mixin.py:150} INFO - [2024-03-07T18:27:05.663+0000] {dag.py:2742} INFO - Sync 1 DAGs
[2024-03-07T18:27:05.698+0000] {logging_mixin.py:150} INFO - [2024-03-07T18:27:05.698+0000] {dag.py:2763} INFO - Creating ORM DAG for example_python_operator
[2024-03-07T18:27:05.778+0000] {logging_mixin.py:150} INFO - [2024-03-07T18:27:05.778+0000] {dag.py:3504} INFO - Setting next_dagrun for example_python_operator to None, run_after=None
[2024-03-07T18:27:05.827+0000] {processor.py:179} INFO - Processing /usr/local/python/3.10.13/lib/python3.10/site-packages/airflow/example_dags/example_python_operator.py took 0.687 seconds
[2024-03-07T18:27:57.966+0000] {processor.py:157} INFO - Started process (PID=5434) to work on /usr/local/python/3.10.13/lib/python3.10/site-packages/airflow/example_dags/example_python_operator.py
[2024-03-07T18:27:57.967+0000] {processor.py:826} INFO - Processing file /usr/local/python/3.10.13/lib/python3.10/site-packages/airflow/example_dags/example_python_operator.py for tasks to queue
[2024-03-07T18:27:57.968+0000] {logging_mixin.py:150} INFO - [2024-03-07T18:27:57.968+0000] {dagbag.py:541} INFO - Filling up the DagBag from /usr/local/python/3.10.13/lib/python3.10/site-packages/airflow/example_dags/example_python_operator.py
[2024-03-07T18:27:57.980+0000] {processor.py:836} INFO - DAG(s) dict_keys(['example_python_operator']) retrieved from /usr/local/python/3.10.13/lib/python3.10/site-packages/airflow/example_dags/example_python_operator.py
[2024-03-07T18:27:58.006+0000] {logging_mixin.py:150} INFO - [2024-03-07T18:27:58.006+0000] {dag.py:2742} INFO - Sync 1 DAGs
[2024-03-07T18:27:58.028+0000] {logging_mixin.py:150} INFO - [2024-03-07T18:27:58.028+0000] {dag.py:3504} INFO - Setting next_dagrun for example_python_operator to None, run_after=None
[2024-03-07T18:27:58.072+0000] {processor.py:179} INFO - Processing /usr/local/python/3.10.13/lib/python3.10/site-packages/airflow/example_dags/example_python_operator.py took 0.108 seconds
[2024-03-07T18:28:46.160+0000] {processor.py:157} INFO - Started process (PID=5792) to work on /usr/local/python/3.10.13/lib/python3.10/site-packages/airflow/example_dags/example_python_operator.py
[2024-03-07T18:28:46.161+0000] {processor.py:826} INFO - Processing file /usr/local/python/3.10.13/lib/python3.10/site-packages/airflow/example_dags/example_python_operator.py for tasks to queue
[2024-03-07T18:28:46.162+0000] {logging_mixin.py:150} INFO - [2024-03-07T18:28:46.161+0000] {dagbag.py:541} INFO - Filling up the DagBag from /usr/local/python/3.10.13/lib/python3.10/site-packages/airflow/example_dags/example_python_operator.py
[2024-03-07T18:28:46.171+0000] {processor.py:836} INFO - DAG(s) dict_keys(['example_python_operator']) retrieved from /usr/local/python/3.10.13/lib/python3.10/site-packages/airflow/example_dags/example_python_operator.py
[2024-03-07T18:28:46.188+0000] {logging_mixin.py:150} INFO - [2024-03-07T18:28:46.187+0000] {dag.py:2742} INFO - Sync 1 DAGs
[2024-03-07T18:28:46.206+0000] {logging_mixin.py:150} INFO - [2024-03-07T18:28:46.205+0000] {dag.py:3504} INFO - Setting next_dagrun for example_python_operator to None, run_after=None
[2024-03-07T18:28:46.246+0000] {processor.py:179} INFO - Processing /usr/local/python/3.10.13/lib/python3.10/site-packages/airflow/example_dags/example_python_operator.py took 0.088 seconds
[2024-03-07T18:29:38.090+0000] {processor.py:157} INFO - Started process (PID=6176) to work on /usr/local/python/3.10.13/lib/python3.10/site-packages/airflow/example_dags/example_python_operator.py
[2024-03-07T18:29:38.090+0000] {processor.py:826} INFO - Processing file /usr/local/python/3.10.13/lib/python3.10/site-packages/airflow/example_dags/example_python_operator.py for tasks to queue
[2024-03-07T18:29:38.091+0000] {logging_mixin.py:150} INFO - [2024-03-07T18:29:38.091+0000] {dagbag.py:541} INFO - Filling up the DagBag from /usr/local/python/3.10.13/lib/python3.10/site-packages/airflow/example_dags/example_python_operator.py
[2024-03-07T18:29:38.099+0000] {processor.py:836} INFO - DAG(s) dict_keys(['example_python_operator']) retrieved from /usr/local/python/3.10.13/lib/python3.10/site-packages/airflow/example_dags/example_python_operator.py
[2024-03-07T18:29:38.115+0000] {logging_mixin.py:150} INFO - [2024-03-07T18:29:38.115+0000] {dag.py:2742} INFO - Sync 1 DAGs
[2024-03-07T18:29:38.131+0000] {logging_mixin.py:150} INFO - [2024-03-07T18:29:38.131+0000] {dag.py:3504} INFO - Setting next_dagrun for example_python_operator to None, run_after=None
[2024-03-07T18:29:38.170+0000] {processor.py:179} INFO - Processing /usr/local/python/3.10.13/lib/python3.10/site-packages/airflow/example_dags/example_python_operator.py took 0.083 seconds
[2024-03-07T18:30:25.268+0000] {processor.py:157} INFO - Started process (PID=6521) to work on /usr/local/python/3.10.13/lib/python3.10/site-packages/airflow/example_dags/example_python_operator.py
[2024-03-07T18:30:25.269+0000] {processor.py:826} INFO - Processing file /usr/local/python/3.10.13/lib/python3.10/site-packages/airflow/example_dags/example_python_operator.py for tasks to queue
[2024-03-07T18:30:25.269+0000] {logging_mixin.py:150} INFO - [2024-03-07T18:30:25.269+0000] {dagbag.py:541} INFO - Filling up the DagBag from /usr/local/python/3.10.13/lib/python3.10/site-packages/airflow/example_dags/example_python_operator.py
[2024-03-07T18:30:25.278+0000] {processor.py:836} INFO - DAG(s) dict_keys(['example_python_operator']) retrieved from /usr/local/python/3.10.13/lib/python3.10/site-packages/airflow/example_dags/example_python_operator.py
[2024-03-07T18:30:25.293+0000] {logging_mixin.py:150} INFO - [2024-03-07T18:30:25.293+0000] {dag.py:2742} INFO - Sync 1 DAGs
[2024-03-07T18:30:25.310+0000] {logging_mixin.py:150} INFO - [2024-03-07T18:30:25.310+0000] {dag.py:3504} INFO - Setting next_dagrun for example_python_operator to None, run_after=None
[2024-03-07T18:30:25.351+0000] {processor.py:179} INFO - Processing /usr/local/python/3.10.13/lib/python3.10/site-packages/airflow/example_dags/example_python_operator.py took 0.086 seconds
[2024-03-07T18:31:11.340+0000] {processor.py:157} INFO - Started process (PID=6830) to work on /usr/local/python/3.10.13/lib/python3.10/site-packages/airflow/example_dags/example_python_operator.py
[2024-03-07T18:31:11.341+0000] {processor.py:826} INFO - Processing file /usr/local/python/3.10.13/lib/python3.10/site-packages/airflow/example_dags/example_python_operator.py for tasks to queue
[2024-03-07T18:31:11.342+0000] {logging_mixin.py:150} INFO - [2024-03-07T18:31:11.342+0000] {dagbag.py:541} INFO - Filling up the DagBag from /usr/local/python/3.10.13/lib/python3.10/site-packages/airflow/example_dags/example_python_operator.py
[2024-03-07T18:31:11.350+0000] {processor.py:836} INFO - DAG(s) dict_keys(['example_python_operator']) retrieved from /usr/local/python/3.10.13/lib/python3.10/site-packages/airflow/example_dags/example_python_operator.py
[2024-03-07T18:31:11.373+0000] {logging_mixin.py:150} INFO - [2024-03-07T18:31:11.372+0000] {dag.py:2742} INFO - Sync 1 DAGs
[2024-03-07T18:31:11.408+0000] {logging_mixin.py:150} INFO - [2024-03-07T18:31:11.407+0000] {dag.py:3504} INFO - Setting next_dagrun for example_python_operator to None, run_after=None
[2024-03-07T18:31:11.460+0000] {processor.py:179} INFO - Processing /usr/local/python/3.10.13/lib/python3.10/site-packages/airflow/example_dags/example_python_operator.py took 0.122 seconds
[2024-03-07T18:32:00.827+0000] {processor.py:157} INFO - Started process (PID=7203) to work on /usr/local/python/3.10.13/lib/python3.10/site-packages/airflow/example_dags/example_python_operator.py
[2024-03-07T18:32:00.828+0000] {processor.py:826} INFO - Processing file /usr/local/python/3.10.13/lib/python3.10/site-packages/airflow/example_dags/example_python_operator.py for tasks to queue
[2024-03-07T18:32:00.829+0000] {logging_mixin.py:150} INFO - [2024-03-07T18:32:00.829+0000] {dagbag.py:541} INFO - Filling up the DagBag from /usr/local/python/3.10.13/lib/python3.10/site-packages/airflow/example_dags/example_python_operator.py
[2024-03-07T18:32:00.838+0000] {processor.py:836} INFO - DAG(s) dict_keys(['example_python_operator']) retrieved from /usr/local/python/3.10.13/lib/python3.10/site-packages/airflow/example_dags/example_python_operator.py
[2024-03-07T18:32:00.858+0000] {logging_mixin.py:150} INFO - [2024-03-07T18:32:00.857+0000] {dag.py:2742} INFO - Sync 1 DAGs
[2024-03-07T18:32:00.874+0000] {logging_mixin.py:150} INFO - [2024-03-07T18:32:00.874+0000] {dag.py:3504} INFO - Setting next_dagrun for example_python_operator to None, run_after=None
[2024-03-07T18:32:00.916+0000] {processor.py:179} INFO - Processing /usr/local/python/3.10.13/lib/python3.10/site-packages/airflow/example_dags/example_python_operator.py took 0.091 seconds
[2024-03-07T18:32:50.299+0000] {processor.py:157} INFO - Started process (PID=7799) to work on /usr/local/python/3.10.13/lib/python3.10/site-packages/airflow/example_dags/example_python_operator.py
[2024-03-07T18:32:50.300+0000] {processor.py:826} INFO - Processing file /usr/local/python/3.10.13/lib/python3.10/site-packages/airflow/example_dags/example_python_operator.py for tasks to queue
[2024-03-07T18:32:50.300+0000] {logging_mixin.py:150} INFO - [2024-03-07T18:32:50.300+0000] {dagbag.py:541} INFO - Filling up the DagBag from /usr/local/python/3.10.13/lib/python3.10/site-packages/airflow/example_dags/example_python_operator.py
[2024-03-07T18:32:50.309+0000] {processor.py:836} INFO - DAG(s) dict_keys(['example_python_operator']) retrieved from /usr/local/python/3.10.13/lib/python3.10/site-packages/airflow/example_dags/example_python_operator.py
[2024-03-07T18:32:50.324+0000] {logging_mixin.py:150} INFO - [2024-03-07T18:32:50.324+0000] {dag.py:2742} INFO - Sync 1 DAGs
[2024-03-07T18:32:50.340+0000] {logging_mixin.py:150} INFO - [2024-03-07T18:32:50.340+0000] {dag.py:3504} INFO - Setting next_dagrun for example_python_operator to None, run_after=None
[2024-03-07T18:32:50.380+0000] {processor.py:179} INFO - Processing /usr/local/python/3.10.13/lib/python3.10/site-packages/airflow/example_dags/example_python_operator.py took 0.083 seconds
[2024-03-07T18:33:34.424+0000] {processor.py:157} INFO - Started process (PID=8227) to work on /usr/local/python/3.10.13/lib/python3.10/site-packages/airflow/example_dags/example_python_operator.py
[2024-03-07T18:33:34.425+0000] {processor.py:826} INFO - Processing file /usr/local/python/3.10.13/lib/python3.10/site-packages/airflow/example_dags/example_python_operator.py for tasks to queue
[2024-03-07T18:33:34.426+0000] {logging_mixin.py:150} INFO - [2024-03-07T18:33:34.426+0000] {dagbag.py:541} INFO - Filling up the DagBag from /usr/local/python/3.10.13/lib/python3.10/site-packages/airflow/example_dags/example_python_operator.py
[2024-03-07T18:33:34.435+0000] {processor.py:836} INFO - DAG(s) dict_keys(['example_python_operator']) retrieved from /usr/local/python/3.10.13/lib/python3.10/site-packages/airflow/example_dags/example_python_operator.py
[2024-03-07T18:33:34.452+0000] {logging_mixin.py:150} INFO - [2024-03-07T18:33:34.452+0000] {dag.py:2742} INFO - Sync 1 DAGs
[2024-03-07T18:33:34.472+0000] {logging_mixin.py:150} INFO - [2024-03-07T18:33:34.472+0000] {dag.py:3504} INFO - Setting next_dagrun for example_python_operator to None, run_after=None
[2024-03-07T18:33:34.514+0000] {processor.py:179} INFO - Processing /usr/local/python/3.10.13/lib/python3.10/site-packages/airflow/example_dags/example_python_operator.py took 0.092 seconds
[2024-03-07T18:34:22.311+0000] {processor.py:157} INFO - Started process (PID=8717) to work on /usr/local/python/3.10.13/lib/python3.10/site-packages/airflow/example_dags/example_python_operator.py
[2024-03-07T18:34:22.312+0000] {processor.py:826} INFO - Processing file /usr/local/python/3.10.13/lib/python3.10/site-packages/airflow/example_dags/example_python_operator.py for tasks to queue
[2024-03-07T18:34:22.312+0000] {logging_mixin.py:150} INFO - [2024-03-07T18:34:22.312+0000] {dagbag.py:541} INFO - Filling up the DagBag from /usr/local/python/3.10.13/lib/python3.10/site-packages/airflow/example_dags/example_python_operator.py
[2024-03-07T18:34:22.326+0000] {processor.py:836} INFO - DAG(s) dict_keys(['example_python_operator']) retrieved from /usr/local/python/3.10.13/lib/python3.10/site-packages/airflow/example_dags/example_python_operator.py
[2024-03-07T18:34:22.354+0000] {logging_mixin.py:150} INFO - [2024-03-07T18:34:22.353+0000] {dag.py:2742} INFO - Sync 1 DAGs
[2024-03-07T18:34:22.371+0000] {logging_mixin.py:150} INFO - [2024-03-07T18:34:22.371+0000] {dag.py:3504} INFO - Setting next_dagrun for example_python_operator to None, run_after=None
[2024-03-07T18:34:22.413+0000] {processor.py:179} INFO - Processing /usr/local/python/3.10.13/lib/python3.10/site-packages/airflow/example_dags/example_python_operator.py took 0.105 seconds
[2024-03-07T18:35:11.097+0000] {processor.py:157} INFO - Started process (PID=9288) to work on /usr/local/python/3.10.13/lib/python3.10/site-packages/airflow/example_dags/example_python_operator.py
[2024-03-07T18:35:11.097+0000] {processor.py:826} INFO - Processing file /usr/local/python/3.10.13/lib/python3.10/site-packages/airflow/example_dags/example_python_operator.py for tasks to queue
[2024-03-07T18:35:11.098+0000] {logging_mixin.py:150} INFO - [2024-03-07T18:35:11.098+0000] {dagbag.py:541} INFO - Filling up the DagBag from /usr/local/python/3.10.13/lib/python3.10/site-packages/airflow/example_dags/example_python_operator.py
[2024-03-07T18:35:11.107+0000] {processor.py:836} INFO - DAG(s) dict_keys(['example_python_operator']) retrieved from /usr/local/python/3.10.13/lib/python3.10/site-packages/airflow/example_dags/example_python_operator.py
[2024-03-07T18:35:11.123+0000] {logging_mixin.py:150} INFO - [2024-03-07T18:35:11.122+0000] {dag.py:2742} INFO - Sync 1 DAGs
[2024-03-07T18:35:11.139+0000] {logging_mixin.py:150} INFO - [2024-03-07T18:35:11.139+0000] {dag.py:3504} INFO - Setting next_dagrun for example_python_operator to None, run_after=None
[2024-03-07T18:35:11.179+0000] {processor.py:179} INFO - Processing /usr/local/python/3.10.13/lib/python3.10/site-packages/airflow/example_dags/example_python_operator.py took 0.085 seconds
