[2024-03-07T18:27:29.704+0000] {processor.py:157} INFO - Started process (PID=5220) to work on /usr/local/python/3.10.13/lib/python3.10/site-packages/airflow/example_dags/example_dynamic_task_mapping.py
[2024-03-07T18:27:29.704+0000] {processor.py:826} INFO - Processing file /usr/local/python/3.10.13/lib/python3.10/site-packages/airflow/example_dags/example_dynamic_task_mapping.py for tasks to queue
[2024-03-07T18:27:29.705+0000] {logging_mixin.py:150} INFO - [2024-03-07T18:27:29.705+0000] {dagbag.py:541} INFO - Filling up the DagBag from /usr/local/python/3.10.13/lib/python3.10/site-packages/airflow/example_dags/example_dynamic_task_mapping.py
[2024-03-07T18:27:29.711+0000] {processor.py:836} INFO - DAG(s) dict_keys(['example_dynamic_task_mapping']) retrieved from /usr/local/python/3.10.13/lib/python3.10/site-packages/airflow/example_dags/example_dynamic_task_mapping.py
[2024-03-07T18:27:29.881+0000] {logging_mixin.py:150} INFO - [2024-03-07T18:27:29.881+0000] {manager.py:504} INFO - Created Permission View: can edit on DAG:example_dynamic_task_mapping
[2024-03-07T18:27:29.914+0000] {logging_mixin.py:150} INFO - [2024-03-07T18:27:29.913+0000] {manager.py:504} INFO - Created Permission View: can delete on DAG:example_dynamic_task_mapping
[2024-03-07T18:27:29.946+0000] {logging_mixin.py:150} INFO - [2024-03-07T18:27:29.945+0000] {manager.py:504} INFO - Created Permission View: can read on DAG:example_dynamic_task_mapping
[2024-03-07T18:27:29.955+0000] {logging_mixin.py:150} INFO - [2024-03-07T18:27:29.955+0000] {dag.py:2742} INFO - Sync 1 DAGs
[2024-03-07T18:27:29.964+0000] {logging_mixin.py:150} INFO - [2024-03-07T18:27:29.963+0000] {dag.py:2763} INFO - Creating ORM DAG for example_dynamic_task_mapping
[2024-03-07T18:27:29.972+0000] {logging_mixin.py:150} INFO - [2024-03-07T18:27:29.971+0000] {dag.py:3504} INFO - Setting next_dagrun for example_dynamic_task_mapping to 2022-03-04T00:00:00+00:00, run_after=2022-03-05T00:00:00+00:00
[2024-03-07T18:27:30.011+0000] {processor.py:179} INFO - Processing /usr/local/python/3.10.13/lib/python3.10/site-packages/airflow/example_dags/example_dynamic_task_mapping.py took 0.310 seconds
[2024-03-07T18:28:18.455+0000] {processor.py:157} INFO - Started process (PID=5577) to work on /usr/local/python/3.10.13/lib/python3.10/site-packages/airflow/example_dags/example_dynamic_task_mapping.py
[2024-03-07T18:28:18.455+0000] {processor.py:826} INFO - Processing file /usr/local/python/3.10.13/lib/python3.10/site-packages/airflow/example_dags/example_dynamic_task_mapping.py for tasks to queue
[2024-03-07T18:28:18.456+0000] {logging_mixin.py:150} INFO - [2024-03-07T18:28:18.456+0000] {dagbag.py:541} INFO - Filling up the DagBag from /usr/local/python/3.10.13/lib/python3.10/site-packages/airflow/example_dags/example_dynamic_task_mapping.py
[2024-03-07T18:28:18.462+0000] {processor.py:836} INFO - DAG(s) dict_keys(['example_dynamic_task_mapping']) retrieved from /usr/local/python/3.10.13/lib/python3.10/site-packages/airflow/example_dags/example_dynamic_task_mapping.py
[2024-03-07T18:28:18.474+0000] {logging_mixin.py:150} INFO - [2024-03-07T18:28:18.474+0000] {dag.py:2742} INFO - Sync 1 DAGs
[2024-03-07T18:28:18.492+0000] {logging_mixin.py:150} INFO - [2024-03-07T18:28:18.492+0000] {dag.py:3504} INFO - Setting next_dagrun for example_dynamic_task_mapping to 2022-03-04T00:00:00+00:00, run_after=2022-03-05T00:00:00+00:00
[2024-03-07T18:28:18.531+0000] {processor.py:179} INFO - Processing /usr/local/python/3.10.13/lib/python3.10/site-packages/airflow/example_dags/example_dynamic_task_mapping.py took 0.079 seconds
[2024-03-07T18:29:12.553+0000] {processor.py:157} INFO - Started process (PID=5999) to work on /usr/local/python/3.10.13/lib/python3.10/site-packages/airflow/example_dags/example_dynamic_task_mapping.py
[2024-03-07T18:29:12.553+0000] {processor.py:826} INFO - Processing file /usr/local/python/3.10.13/lib/python3.10/site-packages/airflow/example_dags/example_dynamic_task_mapping.py for tasks to queue
[2024-03-07T18:29:12.554+0000] {logging_mixin.py:150} INFO - [2024-03-07T18:29:12.554+0000] {dagbag.py:541} INFO - Filling up the DagBag from /usr/local/python/3.10.13/lib/python3.10/site-packages/airflow/example_dags/example_dynamic_task_mapping.py
[2024-03-07T18:29:12.560+0000] {processor.py:836} INFO - DAG(s) dict_keys(['example_dynamic_task_mapping']) retrieved from /usr/local/python/3.10.13/lib/python3.10/site-packages/airflow/example_dags/example_dynamic_task_mapping.py
[2024-03-07T18:29:12.572+0000] {logging_mixin.py:150} INFO - [2024-03-07T18:29:12.572+0000] {dag.py:2742} INFO - Sync 1 DAGs
[2024-03-07T18:29:12.588+0000] {logging_mixin.py:150} INFO - [2024-03-07T18:29:12.588+0000] {dag.py:3504} INFO - Setting next_dagrun for example_dynamic_task_mapping to 2022-03-04T00:00:00+00:00, run_after=2022-03-05T00:00:00+00:00
[2024-03-07T18:29:12.632+0000] {processor.py:179} INFO - Processing /usr/local/python/3.10.13/lib/python3.10/site-packages/airflow/example_dags/example_dynamic_task_mapping.py took 0.081 seconds
[2024-03-07T18:30:03.568+0000] {processor.py:157} INFO - Started process (PID=6370) to work on /usr/local/python/3.10.13/lib/python3.10/site-packages/airflow/example_dags/example_dynamic_task_mapping.py
[2024-03-07T18:30:03.569+0000] {processor.py:826} INFO - Processing file /usr/local/python/3.10.13/lib/python3.10/site-packages/airflow/example_dags/example_dynamic_task_mapping.py for tasks to queue
[2024-03-07T18:30:03.569+0000] {logging_mixin.py:150} INFO - [2024-03-07T18:30:03.569+0000] {dagbag.py:541} INFO - Filling up the DagBag from /usr/local/python/3.10.13/lib/python3.10/site-packages/airflow/example_dags/example_dynamic_task_mapping.py
[2024-03-07T18:30:03.576+0000] {processor.py:836} INFO - DAG(s) dict_keys(['example_dynamic_task_mapping']) retrieved from /usr/local/python/3.10.13/lib/python3.10/site-packages/airflow/example_dags/example_dynamic_task_mapping.py
[2024-03-07T18:30:03.589+0000] {logging_mixin.py:150} INFO - [2024-03-07T18:30:03.589+0000] {dag.py:2742} INFO - Sync 1 DAGs
[2024-03-07T18:30:03.605+0000] {logging_mixin.py:150} INFO - [2024-03-07T18:30:03.605+0000] {dag.py:3504} INFO - Setting next_dagrun for example_dynamic_task_mapping to 2022-03-04T00:00:00+00:00, run_after=2022-03-05T00:00:00+00:00
[2024-03-07T18:30:03.646+0000] {processor.py:179} INFO - Processing /usr/local/python/3.10.13/lib/python3.10/site-packages/airflow/example_dags/example_dynamic_task_mapping.py took 0.080 seconds
[2024-03-07T18:30:49.767+0000] {processor.py:157} INFO - Started process (PID=6687) to work on /usr/local/python/3.10.13/lib/python3.10/site-packages/airflow/example_dags/example_dynamic_task_mapping.py
[2024-03-07T18:30:49.767+0000] {processor.py:826} INFO - Processing file /usr/local/python/3.10.13/lib/python3.10/site-packages/airflow/example_dags/example_dynamic_task_mapping.py for tasks to queue
[2024-03-07T18:30:49.768+0000] {logging_mixin.py:150} INFO - [2024-03-07T18:30:49.768+0000] {dagbag.py:541} INFO - Filling up the DagBag from /usr/local/python/3.10.13/lib/python3.10/site-packages/airflow/example_dags/example_dynamic_task_mapping.py
[2024-03-07T18:30:49.774+0000] {processor.py:836} INFO - DAG(s) dict_keys(['example_dynamic_task_mapping']) retrieved from /usr/local/python/3.10.13/lib/python3.10/site-packages/airflow/example_dags/example_dynamic_task_mapping.py
[2024-03-07T18:30:49.786+0000] {logging_mixin.py:150} INFO - [2024-03-07T18:30:49.786+0000] {dag.py:2742} INFO - Sync 1 DAGs
[2024-03-07T18:30:49.804+0000] {logging_mixin.py:150} INFO - [2024-03-07T18:30:49.804+0000] {dag.py:3504} INFO - Setting next_dagrun for example_dynamic_task_mapping to 2022-03-04T00:00:00+00:00, run_after=2022-03-05T00:00:00+00:00
[2024-03-07T18:30:49.852+0000] {processor.py:179} INFO - Processing /usr/local/python/3.10.13/lib/python3.10/site-packages/airflow/example_dags/example_dynamic_task_mapping.py took 0.087 seconds
[2024-03-07T18:31:37.854+0000] {processor.py:157} INFO - Started process (PID=7028) to work on /usr/local/python/3.10.13/lib/python3.10/site-packages/airflow/example_dags/example_dynamic_task_mapping.py
[2024-03-07T18:31:37.855+0000] {processor.py:826} INFO - Processing file /usr/local/python/3.10.13/lib/python3.10/site-packages/airflow/example_dags/example_dynamic_task_mapping.py for tasks to queue
[2024-03-07T18:31:37.855+0000] {logging_mixin.py:150} INFO - [2024-03-07T18:31:37.855+0000] {dagbag.py:541} INFO - Filling up the DagBag from /usr/local/python/3.10.13/lib/python3.10/site-packages/airflow/example_dags/example_dynamic_task_mapping.py
[2024-03-07T18:31:37.861+0000] {processor.py:836} INFO - DAG(s) dict_keys(['example_dynamic_task_mapping']) retrieved from /usr/local/python/3.10.13/lib/python3.10/site-packages/airflow/example_dags/example_dynamic_task_mapping.py
[2024-03-07T18:31:37.873+0000] {logging_mixin.py:150} INFO - [2024-03-07T18:31:37.872+0000] {dag.py:2742} INFO - Sync 1 DAGs
[2024-03-07T18:31:37.889+0000] {logging_mixin.py:150} INFO - [2024-03-07T18:31:37.889+0000] {dag.py:3504} INFO - Setting next_dagrun for example_dynamic_task_mapping to 2022-03-04T00:00:00+00:00, run_after=2022-03-05T00:00:00+00:00
[2024-03-07T18:31:37.929+0000] {processor.py:179} INFO - Processing /usr/local/python/3.10.13/lib/python3.10/site-packages/airflow/example_dags/example_dynamic_task_mapping.py took 0.077 seconds
[2024-03-07T18:32:27.817+0000] {processor.py:157} INFO - Started process (PID=7515) to work on /usr/local/python/3.10.13/lib/python3.10/site-packages/airflow/example_dags/example_dynamic_task_mapping.py
[2024-03-07T18:32:27.818+0000] {processor.py:826} INFO - Processing file /usr/local/python/3.10.13/lib/python3.10/site-packages/airflow/example_dags/example_dynamic_task_mapping.py for tasks to queue
[2024-03-07T18:32:27.819+0000] {logging_mixin.py:150} INFO - [2024-03-07T18:32:27.819+0000] {dagbag.py:541} INFO - Filling up the DagBag from /usr/local/python/3.10.13/lib/python3.10/site-packages/airflow/example_dags/example_dynamic_task_mapping.py
[2024-03-07T18:32:27.825+0000] {processor.py:836} INFO - DAG(s) dict_keys(['example_dynamic_task_mapping']) retrieved from /usr/local/python/3.10.13/lib/python3.10/site-packages/airflow/example_dags/example_dynamic_task_mapping.py
[2024-03-07T18:32:27.838+0000] {logging_mixin.py:150} INFO - [2024-03-07T18:32:27.838+0000] {dag.py:2742} INFO - Sync 1 DAGs
[2024-03-07T18:32:27.855+0000] {logging_mixin.py:150} INFO - [2024-03-07T18:32:27.854+0000] {dag.py:3504} INFO - Setting next_dagrun for example_dynamic_task_mapping to 2022-03-04T00:00:00+00:00, run_after=2022-03-05T00:00:00+00:00
[2024-03-07T18:32:27.893+0000] {processor.py:179} INFO - Processing /usr/local/python/3.10.13/lib/python3.10/site-packages/airflow/example_dags/example_dynamic_task_mapping.py took 0.079 seconds
[2024-03-07T18:33:12.935+0000] {processor.py:157} INFO - Started process (PID=8018) to work on /usr/local/python/3.10.13/lib/python3.10/site-packages/airflow/example_dags/example_dynamic_task_mapping.py
[2024-03-07T18:33:12.936+0000] {processor.py:826} INFO - Processing file /usr/local/python/3.10.13/lib/python3.10/site-packages/airflow/example_dags/example_dynamic_task_mapping.py for tasks to queue
[2024-03-07T18:33:12.936+0000] {logging_mixin.py:150} INFO - [2024-03-07T18:33:12.936+0000] {dagbag.py:541} INFO - Filling up the DagBag from /usr/local/python/3.10.13/lib/python3.10/site-packages/airflow/example_dags/example_dynamic_task_mapping.py
[2024-03-07T18:33:12.942+0000] {processor.py:836} INFO - DAG(s) dict_keys(['example_dynamic_task_mapping']) retrieved from /usr/local/python/3.10.13/lib/python3.10/site-packages/airflow/example_dags/example_dynamic_task_mapping.py
[2024-03-07T18:33:12.953+0000] {logging_mixin.py:150} INFO - [2024-03-07T18:33:12.953+0000] {dag.py:2742} INFO - Sync 1 DAGs
[2024-03-07T18:33:12.969+0000] {logging_mixin.py:150} INFO - [2024-03-07T18:33:12.969+0000] {dag.py:3504} INFO - Setting next_dagrun for example_dynamic_task_mapping to 2022-03-04T00:00:00+00:00, run_after=2022-03-05T00:00:00+00:00
[2024-03-07T18:33:13.008+0000] {processor.py:179} INFO - Processing /usr/local/python/3.10.13/lib/python3.10/site-packages/airflow/example_dags/example_dynamic_task_mapping.py took 0.076 seconds
[2024-03-07T18:33:58.318+0000] {processor.py:157} INFO - Started process (PID=8449) to work on /usr/local/python/3.10.13/lib/python3.10/site-packages/airflow/example_dags/example_dynamic_task_mapping.py
[2024-03-07T18:33:58.318+0000] {processor.py:826} INFO - Processing file /usr/local/python/3.10.13/lib/python3.10/site-packages/airflow/example_dags/example_dynamic_task_mapping.py for tasks to queue
[2024-03-07T18:33:58.319+0000] {logging_mixin.py:150} INFO - [2024-03-07T18:33:58.319+0000] {dagbag.py:541} INFO - Filling up the DagBag from /usr/local/python/3.10.13/lib/python3.10/site-packages/airflow/example_dags/example_dynamic_task_mapping.py
[2024-03-07T18:33:58.325+0000] {processor.py:836} INFO - DAG(s) dict_keys(['example_dynamic_task_mapping']) retrieved from /usr/local/python/3.10.13/lib/python3.10/site-packages/airflow/example_dags/example_dynamic_task_mapping.py
[2024-03-07T18:33:58.337+0000] {logging_mixin.py:150} INFO - [2024-03-07T18:33:58.337+0000] {dag.py:2742} INFO - Sync 1 DAGs
[2024-03-07T18:33:58.356+0000] {logging_mixin.py:150} INFO - [2024-03-07T18:33:58.356+0000] {dag.py:3504} INFO - Setting next_dagrun for example_dynamic_task_mapping to 2022-03-04T00:00:00+00:00, run_after=2022-03-05T00:00:00+00:00
[2024-03-07T18:33:58.398+0000] {processor.py:179} INFO - Processing /usr/local/python/3.10.13/lib/python3.10/site-packages/airflow/example_dags/example_dynamic_task_mapping.py took 0.082 seconds
[2024-03-07T18:34:47.160+0000] {processor.py:157} INFO - Started process (PID=8989) to work on /usr/local/python/3.10.13/lib/python3.10/site-packages/airflow/example_dags/example_dynamic_task_mapping.py
[2024-03-07T18:34:47.161+0000] {processor.py:826} INFO - Processing file /usr/local/python/3.10.13/lib/python3.10/site-packages/airflow/example_dags/example_dynamic_task_mapping.py for tasks to queue
[2024-03-07T18:34:47.161+0000] {logging_mixin.py:150} INFO - [2024-03-07T18:34:47.161+0000] {dagbag.py:541} INFO - Filling up the DagBag from /usr/local/python/3.10.13/lib/python3.10/site-packages/airflow/example_dags/example_dynamic_task_mapping.py
[2024-03-07T18:34:47.167+0000] {processor.py:836} INFO - DAG(s) dict_keys(['example_dynamic_task_mapping']) retrieved from /usr/local/python/3.10.13/lib/python3.10/site-packages/airflow/example_dags/example_dynamic_task_mapping.py
[2024-03-07T18:34:47.179+0000] {logging_mixin.py:150} INFO - [2024-03-07T18:34:47.179+0000] {dag.py:2742} INFO - Sync 1 DAGs
[2024-03-07T18:34:47.197+0000] {logging_mixin.py:150} INFO - [2024-03-07T18:34:47.197+0000] {dag.py:3504} INFO - Setting next_dagrun for example_dynamic_task_mapping to 2022-03-04T00:00:00+00:00, run_after=2022-03-05T00:00:00+00:00
[2024-03-07T18:34:47.240+0000] {processor.py:179} INFO - Processing /usr/local/python/3.10.13/lib/python3.10/site-packages/airflow/example_dags/example_dynamic_task_mapping.py took 0.082 seconds
