[2024-03-07T18:27:32.962+0000] {processor.py:157} INFO - Started process (PID=5244) to work on /usr/local/python/3.10.13/lib/python3.10/site-packages/airflow/example_dags/example_complex.py
[2024-03-07T18:27:32.963+0000] {processor.py:826} INFO - Processing file /usr/local/python/3.10.13/lib/python3.10/site-packages/airflow/example_dags/example_complex.py for tasks to queue
[2024-03-07T18:27:32.963+0000] {logging_mixin.py:150} INFO - [2024-03-07T18:27:32.963+0000] {dagbag.py:541} INFO - Filling up the DagBag from /usr/local/python/3.10.13/lib/python3.10/site-packages/airflow/example_dags/example_complex.py
[2024-03-07T18:27:32.976+0000] {processor.py:836} INFO - DAG(s) dict_keys(['example_complex']) retrieved from /usr/local/python/3.10.13/lib/python3.10/site-packages/airflow/example_dags/example_complex.py
[2024-03-07T18:27:33.167+0000] {logging_mixin.py:150} INFO - [2024-03-07T18:27:33.167+0000] {manager.py:504} INFO - Created Permission View: can edit on DAG:example_complex
[2024-03-07T18:27:33.201+0000] {logging_mixin.py:150} INFO - [2024-03-07T18:27:33.200+0000] {manager.py:504} INFO - Created Permission View: can delete on DAG:example_complex
[2024-03-07T18:27:33.233+0000] {logging_mixin.py:150} INFO - [2024-03-07T18:27:33.233+0000] {manager.py:504} INFO - Created Permission View: can read on DAG:example_complex
[2024-03-07T18:27:33.243+0000] {logging_mixin.py:150} INFO - [2024-03-07T18:27:33.243+0000] {dag.py:2742} INFO - Sync 1 DAGs
[2024-03-07T18:27:33.251+0000] {logging_mixin.py:150} INFO - [2024-03-07T18:27:33.251+0000] {dag.py:2763} INFO - Creating ORM DAG for example_complex
[2024-03-07T18:27:33.260+0000] {logging_mixin.py:150} INFO - [2024-03-07T18:27:33.260+0000] {dag.py:3504} INFO - Setting next_dagrun for example_complex to None, run_after=None
[2024-03-07T18:27:33.304+0000] {processor.py:179} INFO - Processing /usr/local/python/3.10.13/lib/python3.10/site-packages/airflow/example_dags/example_complex.py took 0.344 seconds
[2024-03-07T18:28:31.202+0000] {processor.py:157} INFO - Started process (PID=5684) to work on /usr/local/python/3.10.13/lib/python3.10/site-packages/airflow/example_dags/example_complex.py
[2024-03-07T18:28:31.203+0000] {processor.py:826} INFO - Processing file /usr/local/python/3.10.13/lib/python3.10/site-packages/airflow/example_dags/example_complex.py for tasks to queue
[2024-03-07T18:28:31.204+0000] {logging_mixin.py:150} INFO - [2024-03-07T18:28:31.203+0000] {dagbag.py:541} INFO - Filling up the DagBag from /usr/local/python/3.10.13/lib/python3.10/site-packages/airflow/example_dags/example_complex.py
[2024-03-07T18:28:31.213+0000] {processor.py:836} INFO - DAG(s) dict_keys(['example_complex']) retrieved from /usr/local/python/3.10.13/lib/python3.10/site-packages/airflow/example_dags/example_complex.py
[2024-03-07T18:28:31.236+0000] {logging_mixin.py:150} INFO - [2024-03-07T18:28:31.236+0000] {dag.py:2742} INFO - Sync 1 DAGs
[2024-03-07T18:28:31.253+0000] {logging_mixin.py:150} INFO - [2024-03-07T18:28:31.253+0000] {dag.py:3504} INFO - Setting next_dagrun for example_complex to None, run_after=None
[2024-03-07T18:28:31.293+0000] {processor.py:179} INFO - Processing /usr/local/python/3.10.13/lib/python3.10/site-packages/airflow/example_dags/example_complex.py took 0.094 seconds
[2024-03-07T18:29:25.349+0000] {processor.py:157} INFO - Started process (PID=6082) to work on /usr/local/python/3.10.13/lib/python3.10/site-packages/airflow/example_dags/example_complex.py
[2024-03-07T18:29:25.350+0000] {processor.py:826} INFO - Processing file /usr/local/python/3.10.13/lib/python3.10/site-packages/airflow/example_dags/example_complex.py for tasks to queue
[2024-03-07T18:29:25.351+0000] {logging_mixin.py:150} INFO - [2024-03-07T18:29:25.350+0000] {dagbag.py:541} INFO - Filling up the DagBag from /usr/local/python/3.10.13/lib/python3.10/site-packages/airflow/example_dags/example_complex.py
[2024-03-07T18:29:25.366+0000] {processor.py:836} INFO - DAG(s) dict_keys(['example_complex']) retrieved from /usr/local/python/3.10.13/lib/python3.10/site-packages/airflow/example_dags/example_complex.py
[2024-03-07T18:29:25.389+0000] {logging_mixin.py:150} INFO - [2024-03-07T18:29:25.388+0000] {dag.py:2742} INFO - Sync 1 DAGs
[2024-03-07T18:29:25.405+0000] {logging_mixin.py:150} INFO - [2024-03-07T18:29:25.404+0000] {dag.py:3504} INFO - Setting next_dagrun for example_complex to None, run_after=None
[2024-03-07T18:29:25.445+0000] {processor.py:179} INFO - Processing /usr/local/python/3.10.13/lib/python3.10/site-packages/airflow/example_dags/example_complex.py took 0.099 seconds
[2024-03-07T18:30:14.927+0000] {processor.py:157} INFO - Started process (PID=6450) to work on /usr/local/python/3.10.13/lib/python3.10/site-packages/airflow/example_dags/example_complex.py
[2024-03-07T18:30:14.927+0000] {processor.py:826} INFO - Processing file /usr/local/python/3.10.13/lib/python3.10/site-packages/airflow/example_dags/example_complex.py for tasks to queue
[2024-03-07T18:30:14.928+0000] {logging_mixin.py:150} INFO - [2024-03-07T18:30:14.928+0000] {dagbag.py:541} INFO - Filling up the DagBag from /usr/local/python/3.10.13/lib/python3.10/site-packages/airflow/example_dags/example_complex.py
[2024-03-07T18:30:14.937+0000] {processor.py:836} INFO - DAG(s) dict_keys(['example_complex']) retrieved from /usr/local/python/3.10.13/lib/python3.10/site-packages/airflow/example_dags/example_complex.py
[2024-03-07T18:30:14.958+0000] {logging_mixin.py:150} INFO - [2024-03-07T18:30:14.958+0000] {dag.py:2742} INFO - Sync 1 DAGs
[2024-03-07T18:30:14.975+0000] {logging_mixin.py:150} INFO - [2024-03-07T18:30:14.974+0000] {dag.py:3504} INFO - Setting next_dagrun for example_complex to None, run_after=None
[2024-03-07T18:30:15.015+0000] {processor.py:179} INFO - Processing /usr/local/python/3.10.13/lib/python3.10/site-packages/airflow/example_dags/example_complex.py took 0.091 seconds
[2024-03-07T18:30:59.942+0000] {processor.py:157} INFO - Started process (PID=6750) to work on /usr/local/python/3.10.13/lib/python3.10/site-packages/airflow/example_dags/example_complex.py
[2024-03-07T18:30:59.943+0000] {processor.py:826} INFO - Processing file /usr/local/python/3.10.13/lib/python3.10/site-packages/airflow/example_dags/example_complex.py for tasks to queue
[2024-03-07T18:30:59.944+0000] {logging_mixin.py:150} INFO - [2024-03-07T18:30:59.943+0000] {dagbag.py:541} INFO - Filling up the DagBag from /usr/local/python/3.10.13/lib/python3.10/site-packages/airflow/example_dags/example_complex.py
[2024-03-07T18:30:59.960+0000] {processor.py:836} INFO - DAG(s) dict_keys(['example_complex']) retrieved from /usr/local/python/3.10.13/lib/python3.10/site-packages/airflow/example_dags/example_complex.py
[2024-03-07T18:30:59.994+0000] {logging_mixin.py:150} INFO - [2024-03-07T18:30:59.994+0000] {dag.py:2742} INFO - Sync 1 DAGs
[2024-03-07T18:31:00.012+0000] {logging_mixin.py:150} INFO - [2024-03-07T18:31:00.012+0000] {dag.py:3504} INFO - Setting next_dagrun for example_complex to None, run_after=None
[2024-03-07T18:31:00.052+0000] {processor.py:179} INFO - Processing /usr/local/python/3.10.13/lib/python3.10/site-packages/airflow/example_dags/example_complex.py took 0.114 seconds
[2024-03-07T18:31:49.377+0000] {processor.py:157} INFO - Started process (PID=7117) to work on /usr/local/python/3.10.13/lib/python3.10/site-packages/airflow/example_dags/example_complex.py
[2024-03-07T18:31:49.377+0000] {processor.py:826} INFO - Processing file /usr/local/python/3.10.13/lib/python3.10/site-packages/airflow/example_dags/example_complex.py for tasks to queue
[2024-03-07T18:31:49.378+0000] {logging_mixin.py:150} INFO - [2024-03-07T18:31:49.378+0000] {dagbag.py:541} INFO - Filling up the DagBag from /usr/local/python/3.10.13/lib/python3.10/site-packages/airflow/example_dags/example_complex.py
[2024-03-07T18:31:49.387+0000] {processor.py:836} INFO - DAG(s) dict_keys(['example_complex']) retrieved from /usr/local/python/3.10.13/lib/python3.10/site-packages/airflow/example_dags/example_complex.py
[2024-03-07T18:31:49.409+0000] {logging_mixin.py:150} INFO - [2024-03-07T18:31:49.409+0000] {dag.py:2742} INFO - Sync 1 DAGs
[2024-03-07T18:31:49.426+0000] {logging_mixin.py:150} INFO - [2024-03-07T18:31:49.426+0000] {dag.py:3504} INFO - Setting next_dagrun for example_complex to None, run_after=None
[2024-03-07T18:31:49.466+0000] {processor.py:179} INFO - Processing /usr/local/python/3.10.13/lib/python3.10/site-packages/airflow/example_dags/example_complex.py took 0.092 seconds
[2024-03-07T18:32:39.755+0000] {processor.py:157} INFO - Started process (PID=7659) to work on /usr/local/python/3.10.13/lib/python3.10/site-packages/airflow/example_dags/example_complex.py
[2024-03-07T18:32:39.756+0000] {processor.py:826} INFO - Processing file /usr/local/python/3.10.13/lib/python3.10/site-packages/airflow/example_dags/example_complex.py for tasks to queue
[2024-03-07T18:32:39.757+0000] {logging_mixin.py:150} INFO - [2024-03-07T18:32:39.757+0000] {dagbag.py:541} INFO - Filling up the DagBag from /usr/local/python/3.10.13/lib/python3.10/site-packages/airflow/example_dags/example_complex.py
[2024-03-07T18:32:39.766+0000] {processor.py:836} INFO - DAG(s) dict_keys(['example_complex']) retrieved from /usr/local/python/3.10.13/lib/python3.10/site-packages/airflow/example_dags/example_complex.py
[2024-03-07T18:32:39.787+0000] {logging_mixin.py:150} INFO - [2024-03-07T18:32:39.787+0000] {dag.py:2742} INFO - Sync 1 DAGs
[2024-03-07T18:32:39.802+0000] {logging_mixin.py:150} INFO - [2024-03-07T18:32:39.802+0000] {dag.py:3504} INFO - Setting next_dagrun for example_complex to None, run_after=None
[2024-03-07T18:32:39.842+0000] {processor.py:179} INFO - Processing /usr/local/python/3.10.13/lib/python3.10/site-packages/airflow/example_dags/example_complex.py took 0.089 seconds
[2024-03-07T18:33:23.106+0000] {processor.py:157} INFO - Started process (PID=8110) to work on /usr/local/python/3.10.13/lib/python3.10/site-packages/airflow/example_dags/example_complex.py
[2024-03-07T18:33:23.106+0000] {processor.py:826} INFO - Processing file /usr/local/python/3.10.13/lib/python3.10/site-packages/airflow/example_dags/example_complex.py for tasks to queue
[2024-03-07T18:33:23.107+0000] {logging_mixin.py:150} INFO - [2024-03-07T18:33:23.107+0000] {dagbag.py:541} INFO - Filling up the DagBag from /usr/local/python/3.10.13/lib/python3.10/site-packages/airflow/example_dags/example_complex.py
[2024-03-07T18:33:23.116+0000] {processor.py:836} INFO - DAG(s) dict_keys(['example_complex']) retrieved from /usr/local/python/3.10.13/lib/python3.10/site-packages/airflow/example_dags/example_complex.py
[2024-03-07T18:33:23.137+0000] {logging_mixin.py:150} INFO - [2024-03-07T18:33:23.137+0000] {dag.py:2742} INFO - Sync 1 DAGs
[2024-03-07T18:33:23.153+0000] {logging_mixin.py:150} INFO - [2024-03-07T18:33:23.153+0000] {dag.py:3504} INFO - Setting next_dagrun for example_complex to None, run_after=None
[2024-03-07T18:33:23.193+0000] {processor.py:179} INFO - Processing /usr/local/python/3.10.13/lib/python3.10/site-packages/airflow/example_dags/example_complex.py took 0.090 seconds
[2024-03-07T18:34:09.793+0000] {processor.py:157} INFO - Started process (PID=8545) to work on /usr/local/python/3.10.13/lib/python3.10/site-packages/airflow/example_dags/example_complex.py
[2024-03-07T18:34:09.793+0000] {processor.py:826} INFO - Processing file /usr/local/python/3.10.13/lib/python3.10/site-packages/airflow/example_dags/example_complex.py for tasks to queue
[2024-03-07T18:34:09.794+0000] {logging_mixin.py:150} INFO - [2024-03-07T18:34:09.794+0000] {dagbag.py:541} INFO - Filling up the DagBag from /usr/local/python/3.10.13/lib/python3.10/site-packages/airflow/example_dags/example_complex.py
[2024-03-07T18:34:09.803+0000] {processor.py:836} INFO - DAG(s) dict_keys(['example_complex']) retrieved from /usr/local/python/3.10.13/lib/python3.10/site-packages/airflow/example_dags/example_complex.py
[2024-03-07T18:34:09.825+0000] {logging_mixin.py:150} INFO - [2024-03-07T18:34:09.824+0000] {dag.py:2742} INFO - Sync 1 DAGs
[2024-03-07T18:34:09.841+0000] {logging_mixin.py:150} INFO - [2024-03-07T18:34:09.840+0000] {dag.py:3504} INFO - Setting next_dagrun for example_complex to None, run_after=None
[2024-03-07T18:34:09.881+0000] {processor.py:179} INFO - Processing /usr/local/python/3.10.13/lib/python3.10/site-packages/airflow/example_dags/example_complex.py took 0.091 seconds
[2024-03-07T18:34:59.562+0000] {processor.py:157} INFO - Started process (PID=9153) to work on /usr/local/python/3.10.13/lib/python3.10/site-packages/airflow/example_dags/example_complex.py
[2024-03-07T18:34:59.563+0000] {processor.py:826} INFO - Processing file /usr/local/python/3.10.13/lib/python3.10/site-packages/airflow/example_dags/example_complex.py for tasks to queue
[2024-03-07T18:34:59.564+0000] {logging_mixin.py:150} INFO - [2024-03-07T18:34:59.563+0000] {dagbag.py:541} INFO - Filling up the DagBag from /usr/local/python/3.10.13/lib/python3.10/site-packages/airflow/example_dags/example_complex.py
[2024-03-07T18:34:59.573+0000] {processor.py:836} INFO - DAG(s) dict_keys(['example_complex']) retrieved from /usr/local/python/3.10.13/lib/python3.10/site-packages/airflow/example_dags/example_complex.py
[2024-03-07T18:34:59.599+0000] {logging_mixin.py:150} INFO - [2024-03-07T18:34:59.599+0000] {dag.py:2742} INFO - Sync 1 DAGs
[2024-03-07T18:34:59.629+0000] {logging_mixin.py:150} INFO - [2024-03-07T18:34:59.629+0000] {dag.py:3504} INFO - Setting next_dagrun for example_complex to None, run_after=None
[2024-03-07T18:34:59.671+0000] {processor.py:179} INFO - Processing /usr/local/python/3.10.13/lib/python3.10/site-packages/airflow/example_dags/example_complex.py took 0.111 seconds
