[2024-03-07T18:27:40.717+0000] {processor.py:157} INFO - Started process (PID=5311) to work on /usr/local/python/3.10.13/lib/python3.10/site-packages/airflow/example_dags/example_bash_operator.py
[2024-03-07T18:27:40.717+0000] {processor.py:826} INFO - Processing file /usr/local/python/3.10.13/lib/python3.10/site-packages/airflow/example_dags/example_bash_operator.py for tasks to queue
[2024-03-07T18:27:40.718+0000] {logging_mixin.py:150} INFO - [2024-03-07T18:27:40.718+0000] {dagbag.py:541} INFO - Filling up the DagBag from /usr/local/python/3.10.13/lib/python3.10/site-packages/airflow/example_dags/example_bash_operator.py
[2024-03-07T18:27:40.727+0000] {processor.py:836} INFO - DAG(s) dict_keys(['example_bash_operator']) retrieved from /usr/local/python/3.10.13/lib/python3.10/site-packages/airflow/example_dags/example_bash_operator.py
[2024-03-07T18:27:40.870+0000] {logging_mixin.py:150} INFO - [2024-03-07T18:27:40.870+0000] {manager.py:504} INFO - Created Permission View: can edit on DAG:example_bash_operator
[2024-03-07T18:27:40.902+0000] {logging_mixin.py:150} INFO - [2024-03-07T18:27:40.902+0000] {manager.py:504} INFO - Created Permission View: can delete on DAG:example_bash_operator
[2024-03-07T18:27:40.931+0000] {logging_mixin.py:150} INFO - [2024-03-07T18:27:40.931+0000] {manager.py:504} INFO - Created Permission View: can read on DAG:example_bash_operator
[2024-03-07T18:27:40.941+0000] {logging_mixin.py:150} INFO - [2024-03-07T18:27:40.941+0000] {dag.py:2742} INFO - Sync 1 DAGs
[2024-03-07T18:27:40.952+0000] {logging_mixin.py:150} INFO - [2024-03-07T18:27:40.951+0000] {dag.py:2763} INFO - Creating ORM DAG for example_bash_operator
[2024-03-07T18:27:40.961+0000] {logging_mixin.py:150} INFO - [2024-03-07T18:27:40.960+0000] {dag.py:3504} INFO - Setting next_dagrun for example_bash_operator to 2024-03-06T00:00:00+00:00, run_after=2024-03-07T00:00:00+00:00
[2024-03-07T18:27:41.005+0000] {processor.py:179} INFO - Processing /usr/local/python/3.10.13/lib/python3.10/site-packages/airflow/example_dags/example_bash_operator.py took 0.291 seconds
[2024-03-07T18:28:37.311+0000] {processor.py:157} INFO - Started process (PID=5718) to work on /usr/local/python/3.10.13/lib/python3.10/site-packages/airflow/example_dags/example_bash_operator.py
[2024-03-07T18:28:37.312+0000] {processor.py:826} INFO - Processing file /usr/local/python/3.10.13/lib/python3.10/site-packages/airflow/example_dags/example_bash_operator.py for tasks to queue
[2024-03-07T18:28:37.313+0000] {logging_mixin.py:150} INFO - [2024-03-07T18:28:37.313+0000] {dagbag.py:541} INFO - Filling up the DagBag from /usr/local/python/3.10.13/lib/python3.10/site-packages/airflow/example_dags/example_bash_operator.py
[2024-03-07T18:28:37.326+0000] {processor.py:836} INFO - DAG(s) dict_keys(['example_bash_operator']) retrieved from /usr/local/python/3.10.13/lib/python3.10/site-packages/airflow/example_dags/example_bash_operator.py
[2024-03-07T18:28:37.352+0000] {logging_mixin.py:150} INFO - [2024-03-07T18:28:37.352+0000] {dag.py:2742} INFO - Sync 1 DAGs
[2024-03-07T18:28:37.370+0000] {logging_mixin.py:150} INFO - [2024-03-07T18:28:37.370+0000] {dag.py:3504} INFO - Setting next_dagrun for example_bash_operator to 2024-03-06T00:00:00+00:00, run_after=2024-03-07T00:00:00+00:00
[2024-03-07T18:28:37.417+0000] {processor.py:179} INFO - Processing /usr/local/python/3.10.13/lib/python3.10/site-packages/airflow/example_dags/example_bash_operator.py took 0.108 seconds
[2024-03-07T18:29:31.010+0000] {processor.py:157} INFO - Started process (PID=6110) to work on /usr/local/python/3.10.13/lib/python3.10/site-packages/airflow/example_dags/example_bash_operator.py
[2024-03-07T18:29:31.011+0000] {processor.py:826} INFO - Processing file /usr/local/python/3.10.13/lib/python3.10/site-packages/airflow/example_dags/example_bash_operator.py for tasks to queue
[2024-03-07T18:29:31.012+0000] {logging_mixin.py:150} INFO - [2024-03-07T18:29:31.011+0000] {dagbag.py:541} INFO - Filling up the DagBag from /usr/local/python/3.10.13/lib/python3.10/site-packages/airflow/example_dags/example_bash_operator.py
[2024-03-07T18:29:31.020+0000] {processor.py:836} INFO - DAG(s) dict_keys(['example_bash_operator']) retrieved from /usr/local/python/3.10.13/lib/python3.10/site-packages/airflow/example_dags/example_bash_operator.py
[2024-03-07T18:29:31.043+0000] {logging_mixin.py:150} INFO - [2024-03-07T18:29:31.042+0000] {dag.py:2742} INFO - Sync 1 DAGs
[2024-03-07T18:29:31.068+0000] {logging_mixin.py:150} INFO - [2024-03-07T18:29:31.068+0000] {dag.py:3504} INFO - Setting next_dagrun for example_bash_operator to 2024-03-06T00:00:00+00:00, run_after=2024-03-07T00:00:00+00:00
[2024-03-07T18:29:31.121+0000] {processor.py:179} INFO - Processing /usr/local/python/3.10.13/lib/python3.10/site-packages/airflow/example_dags/example_bash_operator.py took 0.113 seconds
[2024-03-07T18:30:20.102+0000] {processor.py:157} INFO - Started process (PID=6474) to work on /usr/local/python/3.10.13/lib/python3.10/site-packages/airflow/example_dags/example_bash_operator.py
[2024-03-07T18:30:20.103+0000] {processor.py:826} INFO - Processing file /usr/local/python/3.10.13/lib/python3.10/site-packages/airflow/example_dags/example_bash_operator.py for tasks to queue
[2024-03-07T18:30:20.104+0000] {logging_mixin.py:150} INFO - [2024-03-07T18:30:20.103+0000] {dagbag.py:541} INFO - Filling up the DagBag from /usr/local/python/3.10.13/lib/python3.10/site-packages/airflow/example_dags/example_bash_operator.py
[2024-03-07T18:30:20.113+0000] {processor.py:836} INFO - DAG(s) dict_keys(['example_bash_operator']) retrieved from /usr/local/python/3.10.13/lib/python3.10/site-packages/airflow/example_dags/example_bash_operator.py
[2024-03-07T18:30:20.133+0000] {logging_mixin.py:150} INFO - [2024-03-07T18:30:20.132+0000] {dag.py:2742} INFO - Sync 1 DAGs
[2024-03-07T18:30:20.150+0000] {logging_mixin.py:150} INFO - [2024-03-07T18:30:20.150+0000] {dag.py:3504} INFO - Setting next_dagrun for example_bash_operator to 2024-03-06T00:00:00+00:00, run_after=2024-03-07T00:00:00+00:00
[2024-03-07T18:30:20.193+0000] {processor.py:179} INFO - Processing /usr/local/python/3.10.13/lib/python3.10/site-packages/airflow/example_dags/example_bash_operator.py took 0.094 seconds
[2024-03-07T18:31:06.433+0000] {processor.py:157} INFO - Started process (PID=6807) to work on /usr/local/python/3.10.13/lib/python3.10/site-packages/airflow/example_dags/example_bash_operator.py
[2024-03-07T18:31:06.434+0000] {processor.py:826} INFO - Processing file /usr/local/python/3.10.13/lib/python3.10/site-packages/airflow/example_dags/example_bash_operator.py for tasks to queue
[2024-03-07T18:31:06.435+0000] {logging_mixin.py:150} INFO - [2024-03-07T18:31:06.435+0000] {dagbag.py:541} INFO - Filling up the DagBag from /usr/local/python/3.10.13/lib/python3.10/site-packages/airflow/example_dags/example_bash_operator.py
[2024-03-07T18:31:06.445+0000] {processor.py:836} INFO - DAG(s) dict_keys(['example_bash_operator']) retrieved from /usr/local/python/3.10.13/lib/python3.10/site-packages/airflow/example_dags/example_bash_operator.py
[2024-03-07T18:31:06.464+0000] {logging_mixin.py:150} INFO - [2024-03-07T18:31:06.464+0000] {dag.py:2742} INFO - Sync 1 DAGs
[2024-03-07T18:31:06.481+0000] {logging_mixin.py:150} INFO - [2024-03-07T18:31:06.481+0000] {dag.py:3504} INFO - Setting next_dagrun for example_bash_operator to 2024-03-06T00:00:00+00:00, run_after=2024-03-07T00:00:00+00:00
[2024-03-07T18:31:06.533+0000] {processor.py:179} INFO - Processing /usr/local/python/3.10.13/lib/python3.10/site-packages/airflow/example_dags/example_bash_operator.py took 0.102 seconds
[2024-03-07T18:31:54.571+0000] {processor.py:157} INFO - Started process (PID=7151) to work on /usr/local/python/3.10.13/lib/python3.10/site-packages/airflow/example_dags/example_bash_operator.py
[2024-03-07T18:31:54.572+0000] {processor.py:826} INFO - Processing file /usr/local/python/3.10.13/lib/python3.10/site-packages/airflow/example_dags/example_bash_operator.py for tasks to queue
[2024-03-07T18:31:54.573+0000] {logging_mixin.py:150} INFO - [2024-03-07T18:31:54.573+0000] {dagbag.py:541} INFO - Filling up the DagBag from /usr/local/python/3.10.13/lib/python3.10/site-packages/airflow/example_dags/example_bash_operator.py
[2024-03-07T18:31:54.588+0000] {processor.py:836} INFO - DAG(s) dict_keys(['example_bash_operator']) retrieved from /usr/local/python/3.10.13/lib/python3.10/site-packages/airflow/example_dags/example_bash_operator.py
[2024-03-07T18:31:54.615+0000] {logging_mixin.py:150} INFO - [2024-03-07T18:31:54.615+0000] {dag.py:2742} INFO - Sync 1 DAGs
[2024-03-07T18:31:54.643+0000] {logging_mixin.py:150} INFO - [2024-03-07T18:31:54.643+0000] {dag.py:3504} INFO - Setting next_dagrun for example_bash_operator to 2024-03-06T00:00:00+00:00, run_after=2024-03-07T00:00:00+00:00
[2024-03-07T18:31:54.697+0000] {processor.py:179} INFO - Processing /usr/local/python/3.10.13/lib/python3.10/site-packages/airflow/example_dags/example_bash_operator.py took 0.128 seconds
[2024-03-07T18:32:45.290+0000] {processor.py:157} INFO - Started process (PID=7712) to work on /usr/local/python/3.10.13/lib/python3.10/site-packages/airflow/example_dags/example_bash_operator.py
[2024-03-07T18:32:45.290+0000] {processor.py:826} INFO - Processing file /usr/local/python/3.10.13/lib/python3.10/site-packages/airflow/example_dags/example_bash_operator.py for tasks to queue
[2024-03-07T18:32:45.291+0000] {logging_mixin.py:150} INFO - [2024-03-07T18:32:45.291+0000] {dagbag.py:541} INFO - Filling up the DagBag from /usr/local/python/3.10.13/lib/python3.10/site-packages/airflow/example_dags/example_bash_operator.py
[2024-03-07T18:32:45.300+0000] {processor.py:836} INFO - DAG(s) dict_keys(['example_bash_operator']) retrieved from /usr/local/python/3.10.13/lib/python3.10/site-packages/airflow/example_dags/example_bash_operator.py
[2024-03-07T18:32:45.322+0000] {logging_mixin.py:150} INFO - [2024-03-07T18:32:45.322+0000] {dag.py:2742} INFO - Sync 1 DAGs
[2024-03-07T18:32:45.341+0000] {logging_mixin.py:150} INFO - [2024-03-07T18:32:45.340+0000] {dag.py:3504} INFO - Setting next_dagrun for example_bash_operator to 2024-03-06T00:00:00+00:00, run_after=2024-03-07T00:00:00+00:00
[2024-03-07T18:32:45.380+0000] {processor.py:179} INFO - Processing /usr/local/python/3.10.13/lib/python3.10/site-packages/airflow/example_dags/example_bash_operator.py took 0.093 seconds
[2024-03-07T18:33:43.421+0000] {processor.py:157} INFO - Started process (PID=8321) to work on /usr/local/python/3.10.13/lib/python3.10/site-packages/airflow/example_dags/example_bash_operator.py
[2024-03-07T18:33:43.422+0000] {processor.py:826} INFO - Processing file /usr/local/python/3.10.13/lib/python3.10/site-packages/airflow/example_dags/example_bash_operator.py for tasks to queue
[2024-03-07T18:33:43.423+0000] {logging_mixin.py:150} INFO - [2024-03-07T18:33:43.422+0000] {dagbag.py:541} INFO - Filling up the DagBag from /usr/local/python/3.10.13/lib/python3.10/site-packages/airflow/example_dags/example_bash_operator.py
[2024-03-07T18:33:43.432+0000] {processor.py:836} INFO - DAG(s) dict_keys(['example_bash_operator']) retrieved from /usr/local/python/3.10.13/lib/python3.10/site-packages/airflow/example_dags/example_bash_operator.py
[2024-03-07T18:33:43.453+0000] {logging_mixin.py:150} INFO - [2024-03-07T18:33:43.453+0000] {dag.py:2742} INFO - Sync 1 DAGs
[2024-03-07T18:33:43.472+0000] {logging_mixin.py:150} INFO - [2024-03-07T18:33:43.472+0000] {dag.py:3504} INFO - Setting next_dagrun for example_bash_operator to 2024-03-06T00:00:00+00:00, run_after=2024-03-07T00:00:00+00:00
[2024-03-07T18:33:43.534+0000] {processor.py:179} INFO - Processing /usr/local/python/3.10.13/lib/python3.10/site-packages/airflow/example_dags/example_bash_operator.py took 0.115 seconds
[2024-03-07T18:34:31.814+0000] {processor.py:157} INFO - Started process (PID=8831) to work on /usr/local/python/3.10.13/lib/python3.10/site-packages/airflow/example_dags/example_bash_operator.py
[2024-03-07T18:34:31.814+0000] {processor.py:826} INFO - Processing file /usr/local/python/3.10.13/lib/python3.10/site-packages/airflow/example_dags/example_bash_operator.py for tasks to queue
[2024-03-07T18:34:31.815+0000] {logging_mixin.py:150} INFO - [2024-03-07T18:34:31.815+0000] {dagbag.py:541} INFO - Filling up the DagBag from /usr/local/python/3.10.13/lib/python3.10/site-packages/airflow/example_dags/example_bash_operator.py
[2024-03-07T18:34:31.824+0000] {processor.py:836} INFO - DAG(s) dict_keys(['example_bash_operator']) retrieved from /usr/local/python/3.10.13/lib/python3.10/site-packages/airflow/example_dags/example_bash_operator.py
[2024-03-07T18:34:31.845+0000] {logging_mixin.py:150} INFO - [2024-03-07T18:34:31.845+0000] {dag.py:2742} INFO - Sync 1 DAGs
[2024-03-07T18:34:31.864+0000] {logging_mixin.py:150} INFO - [2024-03-07T18:34:31.863+0000] {dag.py:3504} INFO - Setting next_dagrun for example_bash_operator to 2024-03-06T00:00:00+00:00, run_after=2024-03-07T00:00:00+00:00
[2024-03-07T18:34:31.907+0000] {processor.py:179} INFO - Processing /usr/local/python/3.10.13/lib/python3.10/site-packages/airflow/example_dags/example_bash_operator.py took 0.096 seconds
[2024-03-07T18:35:20.343+0000] {processor.py:157} INFO - Started process (PID=9364) to work on /usr/local/python/3.10.13/lib/python3.10/site-packages/airflow/example_dags/example_bash_operator.py
[2024-03-07T18:35:20.344+0000] {processor.py:826} INFO - Processing file /usr/local/python/3.10.13/lib/python3.10/site-packages/airflow/example_dags/example_bash_operator.py for tasks to queue
[2024-03-07T18:35:20.345+0000] {logging_mixin.py:150} INFO - [2024-03-07T18:35:20.344+0000] {dagbag.py:541} INFO - Filling up the DagBag from /usr/local/python/3.10.13/lib/python3.10/site-packages/airflow/example_dags/example_bash_operator.py
[2024-03-07T18:35:20.354+0000] {processor.py:836} INFO - DAG(s) dict_keys(['example_bash_operator']) retrieved from /usr/local/python/3.10.13/lib/python3.10/site-packages/airflow/example_dags/example_bash_operator.py
[2024-03-07T18:35:20.376+0000] {logging_mixin.py:150} INFO - [2024-03-07T18:35:20.376+0000] {dag.py:2742} INFO - Sync 1 DAGs
[2024-03-07T18:35:20.397+0000] {logging_mixin.py:150} INFO - [2024-03-07T18:35:20.396+0000] {dag.py:3504} INFO - Setting next_dagrun for example_bash_operator to 2024-03-06T00:00:00+00:00, run_after=2024-03-07T00:00:00+00:00
[2024-03-07T18:35:20.442+0000] {processor.py:179} INFO - Processing /usr/local/python/3.10.13/lib/python3.10/site-packages/airflow/example_dags/example_bash_operator.py took 0.101 seconds
