[2024-03-07T18:27:28.230+0000] {processor.py:157} INFO - Started process (PID=5200) to work on /usr/local/python/3.10.13/lib/python3.10/site-packages/airflow/example_dags/example_latest_only_with_trigger.py
[2024-03-07T18:27:28.230+0000] {processor.py:826} INFO - Processing file /usr/local/python/3.10.13/lib/python3.10/site-packages/airflow/example_dags/example_latest_only_with_trigger.py for tasks to queue
[2024-03-07T18:27:28.231+0000] {logging_mixin.py:150} INFO - [2024-03-07T18:27:28.231+0000] {dagbag.py:541} INFO - Filling up the DagBag from /usr/local/python/3.10.13/lib/python3.10/site-packages/airflow/example_dags/example_latest_only_with_trigger.py
[2024-03-07T18:27:28.236+0000] {processor.py:836} INFO - DAG(s) dict_keys(['latest_only_with_trigger']) retrieved from /usr/local/python/3.10.13/lib/python3.10/site-packages/airflow/example_dags/example_latest_only_with_trigger.py
[2024-03-07T18:27:28.366+0000] {logging_mixin.py:150} INFO - [2024-03-07T18:27:28.366+0000] {manager.py:504} INFO - Created Permission View: can edit on DAG:latest_only_with_trigger
[2024-03-07T18:27:28.406+0000] {logging_mixin.py:150} INFO - [2024-03-07T18:27:28.405+0000] {manager.py:504} INFO - Created Permission View: can delete on DAG:latest_only_with_trigger
[2024-03-07T18:27:28.451+0000] {logging_mixin.py:150} INFO - [2024-03-07T18:27:28.450+0000] {manager.py:504} INFO - Created Permission View: can read on DAG:latest_only_with_trigger
[2024-03-07T18:27:28.460+0000] {logging_mixin.py:150} INFO - [2024-03-07T18:27:28.460+0000] {dag.py:2742} INFO - Sync 1 DAGs
[2024-03-07T18:27:28.468+0000] {logging_mixin.py:150} INFO - [2024-03-07T18:27:28.468+0000] {dag.py:2763} INFO - Creating ORM DAG for latest_only_with_trigger
[2024-03-07T18:27:28.476+0000] {logging_mixin.py:150} INFO - [2024-03-07T18:27:28.476+0000] {dag.py:3504} INFO - Setting next_dagrun for latest_only_with_trigger to 2024-03-07T14:27:28.476200+00:00, run_after=2024-03-07T18:27:28.476200+00:00
[2024-03-07T18:27:28.526+0000] {processor.py:179} INFO - Processing /usr/local/python/3.10.13/lib/python3.10/site-packages/airflow/example_dags/example_latest_only_with_trigger.py took 0.299 seconds
[2024-03-07T18:28:17.211+0000] {processor.py:157} INFO - Started process (PID=5569) to work on /usr/local/python/3.10.13/lib/python3.10/site-packages/airflow/example_dags/example_latest_only_with_trigger.py
[2024-03-07T18:28:17.212+0000] {processor.py:826} INFO - Processing file /usr/local/python/3.10.13/lib/python3.10/site-packages/airflow/example_dags/example_latest_only_with_trigger.py for tasks to queue
[2024-03-07T18:28:17.213+0000] {logging_mixin.py:150} INFO - [2024-03-07T18:28:17.213+0000] {dagbag.py:541} INFO - Filling up the DagBag from /usr/local/python/3.10.13/lib/python3.10/site-packages/airflow/example_dags/example_latest_only_with_trigger.py
[2024-03-07T18:28:17.218+0000] {processor.py:836} INFO - DAG(s) dict_keys(['latest_only_with_trigger']) retrieved from /usr/local/python/3.10.13/lib/python3.10/site-packages/airflow/example_dags/example_latest_only_with_trigger.py
[2024-03-07T18:28:17.233+0000] {logging_mixin.py:150} INFO - [2024-03-07T18:28:17.233+0000] {dag.py:2742} INFO - Sync 1 DAGs
[2024-03-07T18:28:17.261+0000] {logging_mixin.py:150} INFO - [2024-03-07T18:28:17.261+0000] {dag.py:3504} INFO - Setting next_dagrun for latest_only_with_trigger to 2024-03-07T14:28:17.260979+00:00, run_after=2024-03-07T18:28:17.260979+00:00
[2024-03-07T18:28:17.311+0000] {processor.py:179} INFO - Processing /usr/local/python/3.10.13/lib/python3.10/site-packages/airflow/example_dags/example_latest_only_with_trigger.py took 0.102 seconds
[2024-03-07T18:29:11.734+0000] {processor.py:157} INFO - Started process (PID=5979) to work on /usr/local/python/3.10.13/lib/python3.10/site-packages/airflow/example_dags/example_latest_only_with_trigger.py
[2024-03-07T18:29:11.735+0000] {processor.py:826} INFO - Processing file /usr/local/python/3.10.13/lib/python3.10/site-packages/airflow/example_dags/example_latest_only_with_trigger.py for tasks to queue
[2024-03-07T18:29:11.737+0000] {logging_mixin.py:150} INFO - [2024-03-07T18:29:11.737+0000] {dagbag.py:541} INFO - Filling up the DagBag from /usr/local/python/3.10.13/lib/python3.10/site-packages/airflow/example_dags/example_latest_only_with_trigger.py
[2024-03-07T18:29:11.750+0000] {processor.py:836} INFO - DAG(s) dict_keys(['latest_only_with_trigger']) retrieved from /usr/local/python/3.10.13/lib/python3.10/site-packages/airflow/example_dags/example_latest_only_with_trigger.py
[2024-03-07T18:29:11.771+0000] {logging_mixin.py:150} INFO - [2024-03-07T18:29:11.771+0000] {dag.py:2742} INFO - Sync 1 DAGs
[2024-03-07T18:29:11.795+0000] {logging_mixin.py:150} INFO - [2024-03-07T18:29:11.794+0000] {dag.py:3504} INFO - Setting next_dagrun for latest_only_with_trigger to 2024-03-07T14:29:11.794615+00:00, run_after=2024-03-07T18:29:11.794615+00:00
[2024-03-07T18:29:11.846+0000] {processor.py:179} INFO - Processing /usr/local/python/3.10.13/lib/python3.10/site-packages/airflow/example_dags/example_latest_only_with_trigger.py took 0.121 seconds
[2024-03-07T18:30:02.821+0000] {processor.py:157} INFO - Started process (PID=6369) to work on /usr/local/python/3.10.13/lib/python3.10/site-packages/airflow/example_dags/example_latest_only_with_trigger.py
[2024-03-07T18:30:02.822+0000] {processor.py:826} INFO - Processing file /usr/local/python/3.10.13/lib/python3.10/site-packages/airflow/example_dags/example_latest_only_with_trigger.py for tasks to queue
[2024-03-07T18:30:02.823+0000] {logging_mixin.py:150} INFO - [2024-03-07T18:30:02.822+0000] {dagbag.py:541} INFO - Filling up the DagBag from /usr/local/python/3.10.13/lib/python3.10/site-packages/airflow/example_dags/example_latest_only_with_trigger.py
[2024-03-07T18:30:02.828+0000] {processor.py:836} INFO - DAG(s) dict_keys(['latest_only_with_trigger']) retrieved from /usr/local/python/3.10.13/lib/python3.10/site-packages/airflow/example_dags/example_latest_only_with_trigger.py
[2024-03-07T18:30:02.842+0000] {logging_mixin.py:150} INFO - [2024-03-07T18:30:02.842+0000] {dag.py:2742} INFO - Sync 1 DAGs
[2024-03-07T18:30:02.860+0000] {logging_mixin.py:150} INFO - [2024-03-07T18:30:02.860+0000] {dag.py:3504} INFO - Setting next_dagrun for latest_only_with_trigger to 2024-03-07T14:30:02.860010+00:00, run_after=2024-03-07T18:30:02.860010+00:00
[2024-03-07T18:30:02.901+0000] {processor.py:179} INFO - Processing /usr/local/python/3.10.13/lib/python3.10/site-packages/airflow/example_dags/example_latest_only_with_trigger.py took 0.082 seconds
[2024-03-07T18:30:49.002+0000] {processor.py:157} INFO - Started process (PID=6674) to work on /usr/local/python/3.10.13/lib/python3.10/site-packages/airflow/example_dags/example_latest_only_with_trigger.py
[2024-03-07T18:30:49.002+0000] {processor.py:826} INFO - Processing file /usr/local/python/3.10.13/lib/python3.10/site-packages/airflow/example_dags/example_latest_only_with_trigger.py for tasks to queue
[2024-03-07T18:30:49.003+0000] {logging_mixin.py:150} INFO - [2024-03-07T18:30:49.003+0000] {dagbag.py:541} INFO - Filling up the DagBag from /usr/local/python/3.10.13/lib/python3.10/site-packages/airflow/example_dags/example_latest_only_with_trigger.py
[2024-03-07T18:30:49.008+0000] {processor.py:836} INFO - DAG(s) dict_keys(['latest_only_with_trigger']) retrieved from /usr/local/python/3.10.13/lib/python3.10/site-packages/airflow/example_dags/example_latest_only_with_trigger.py
[2024-03-07T18:30:49.020+0000] {logging_mixin.py:150} INFO - [2024-03-07T18:30:49.020+0000] {dag.py:2742} INFO - Sync 1 DAGs
[2024-03-07T18:30:49.036+0000] {logging_mixin.py:150} INFO - [2024-03-07T18:30:49.036+0000] {dag.py:3504} INFO - Setting next_dagrun for latest_only_with_trigger to 2024-03-07T14:30:49.036038+00:00, run_after=2024-03-07T18:30:49.036038+00:00
[2024-03-07T18:30:49.079+0000] {processor.py:179} INFO - Processing /usr/local/python/3.10.13/lib/python3.10/site-packages/airflow/example_dags/example_latest_only_with_trigger.py took 0.080 seconds
[2024-03-07T18:31:36.713+0000] {processor.py:157} INFO - Started process (PID=7021) to work on /usr/local/python/3.10.13/lib/python3.10/site-packages/airflow/example_dags/example_latest_only_with_trigger.py
[2024-03-07T18:31:36.714+0000] {processor.py:826} INFO - Processing file /usr/local/python/3.10.13/lib/python3.10/site-packages/airflow/example_dags/example_latest_only_with_trigger.py for tasks to queue
[2024-03-07T18:31:36.715+0000] {logging_mixin.py:150} INFO - [2024-03-07T18:31:36.714+0000] {dagbag.py:541} INFO - Filling up the DagBag from /usr/local/python/3.10.13/lib/python3.10/site-packages/airflow/example_dags/example_latest_only_with_trigger.py
[2024-03-07T18:31:36.719+0000] {processor.py:836} INFO - DAG(s) dict_keys(['latest_only_with_trigger']) retrieved from /usr/local/python/3.10.13/lib/python3.10/site-packages/airflow/example_dags/example_latest_only_with_trigger.py
[2024-03-07T18:31:36.731+0000] {logging_mixin.py:150} INFO - [2024-03-07T18:31:36.731+0000] {dag.py:2742} INFO - Sync 1 DAGs
[2024-03-07T18:31:36.747+0000] {logging_mixin.py:150} INFO - [2024-03-07T18:31:36.747+0000] {dag.py:3504} INFO - Setting next_dagrun for latest_only_with_trigger to 2024-03-07T14:31:36.747164+00:00, run_after=2024-03-07T18:31:36.747164+00:00
[2024-03-07T18:31:36.789+0000] {processor.py:179} INFO - Processing /usr/local/python/3.10.13/lib/python3.10/site-packages/airflow/example_dags/example_latest_only_with_trigger.py took 0.078 seconds
[2024-03-07T18:32:26.678+0000] {processor.py:157} INFO - Started process (PID=7502) to work on /usr/local/python/3.10.13/lib/python3.10/site-packages/airflow/example_dags/example_latest_only_with_trigger.py
[2024-03-07T18:32:26.679+0000] {processor.py:826} INFO - Processing file /usr/local/python/3.10.13/lib/python3.10/site-packages/airflow/example_dags/example_latest_only_with_trigger.py for tasks to queue
[2024-03-07T18:32:26.679+0000] {logging_mixin.py:150} INFO - [2024-03-07T18:32:26.679+0000] {dagbag.py:541} INFO - Filling up the DagBag from /usr/local/python/3.10.13/lib/python3.10/site-packages/airflow/example_dags/example_latest_only_with_trigger.py
[2024-03-07T18:32:26.685+0000] {processor.py:836} INFO - DAG(s) dict_keys(['latest_only_with_trigger']) retrieved from /usr/local/python/3.10.13/lib/python3.10/site-packages/airflow/example_dags/example_latest_only_with_trigger.py
[2024-03-07T18:32:26.698+0000] {logging_mixin.py:150} INFO - [2024-03-07T18:32:26.698+0000] {dag.py:2742} INFO - Sync 1 DAGs
[2024-03-07T18:32:26.714+0000] {logging_mixin.py:150} INFO - [2024-03-07T18:32:26.714+0000] {dag.py:3504} INFO - Setting next_dagrun for latest_only_with_trigger to 2024-03-07T14:32:26.714180+00:00, run_after=2024-03-07T18:32:26.714180+00:00
[2024-03-07T18:32:26.755+0000] {processor.py:179} INFO - Processing /usr/local/python/3.10.13/lib/python3.10/site-packages/airflow/example_dags/example_latest_only_with_trigger.py took 0.080 seconds
[2024-03-07T18:33:11.798+0000] {processor.py:157} INFO - Started process (PID=8007) to work on /usr/local/python/3.10.13/lib/python3.10/site-packages/airflow/example_dags/example_latest_only_with_trigger.py
[2024-03-07T18:33:11.799+0000] {processor.py:826} INFO - Processing file /usr/local/python/3.10.13/lib/python3.10/site-packages/airflow/example_dags/example_latest_only_with_trigger.py for tasks to queue
[2024-03-07T18:33:11.800+0000] {logging_mixin.py:150} INFO - [2024-03-07T18:33:11.799+0000] {dagbag.py:541} INFO - Filling up the DagBag from /usr/local/python/3.10.13/lib/python3.10/site-packages/airflow/example_dags/example_latest_only_with_trigger.py
[2024-03-07T18:33:11.805+0000] {processor.py:836} INFO - DAG(s) dict_keys(['latest_only_with_trigger']) retrieved from /usr/local/python/3.10.13/lib/python3.10/site-packages/airflow/example_dags/example_latest_only_with_trigger.py
[2024-03-07T18:33:11.817+0000] {logging_mixin.py:150} INFO - [2024-03-07T18:33:11.817+0000] {dag.py:2742} INFO - Sync 1 DAGs
[2024-03-07T18:33:11.834+0000] {logging_mixin.py:150} INFO - [2024-03-07T18:33:11.834+0000] {dag.py:3504} INFO - Setting next_dagrun for latest_only_with_trigger to 2024-03-07T14:33:11.833951+00:00, run_after=2024-03-07T18:33:11.833951+00:00
[2024-03-07T18:33:11.876+0000] {processor.py:179} INFO - Processing /usr/local/python/3.10.13/lib/python3.10/site-packages/airflow/example_dags/example_latest_only_with_trigger.py took 0.080 seconds
[2024-03-07T18:33:57.127+0000] {processor.py:157} INFO - Started process (PID=8438) to work on /usr/local/python/3.10.13/lib/python3.10/site-packages/airflow/example_dags/example_latest_only_with_trigger.py
[2024-03-07T18:33:57.128+0000] {processor.py:826} INFO - Processing file /usr/local/python/3.10.13/lib/python3.10/site-packages/airflow/example_dags/example_latest_only_with_trigger.py for tasks to queue
[2024-03-07T18:33:57.129+0000] {logging_mixin.py:150} INFO - [2024-03-07T18:33:57.128+0000] {dagbag.py:541} INFO - Filling up the DagBag from /usr/local/python/3.10.13/lib/python3.10/site-packages/airflow/example_dags/example_latest_only_with_trigger.py
[2024-03-07T18:33:57.134+0000] {processor.py:836} INFO - DAG(s) dict_keys(['latest_only_with_trigger']) retrieved from /usr/local/python/3.10.13/lib/python3.10/site-packages/airflow/example_dags/example_latest_only_with_trigger.py
[2024-03-07T18:33:57.147+0000] {logging_mixin.py:150} INFO - [2024-03-07T18:33:57.147+0000] {dag.py:2742} INFO - Sync 1 DAGs
[2024-03-07T18:33:57.163+0000] {logging_mixin.py:150} INFO - [2024-03-07T18:33:57.163+0000] {dag.py:3504} INFO - Setting next_dagrun for latest_only_with_trigger to 2024-03-07T14:33:57.162591+00:00, run_after=2024-03-07T18:33:57.162591+00:00
[2024-03-07T18:33:57.203+0000] {processor.py:179} INFO - Processing /usr/local/python/3.10.13/lib/python3.10/site-packages/airflow/example_dags/example_latest_only_with_trigger.py took 0.079 seconds
[2024-03-07T18:34:45.924+0000] {processor.py:157} INFO - Started process (PID=8973) to work on /usr/local/python/3.10.13/lib/python3.10/site-packages/airflow/example_dags/example_latest_only_with_trigger.py
[2024-03-07T18:34:45.925+0000] {processor.py:826} INFO - Processing file /usr/local/python/3.10.13/lib/python3.10/site-packages/airflow/example_dags/example_latest_only_with_trigger.py for tasks to queue
[2024-03-07T18:34:45.926+0000] {logging_mixin.py:150} INFO - [2024-03-07T18:34:45.926+0000] {dagbag.py:541} INFO - Filling up the DagBag from /usr/local/python/3.10.13/lib/python3.10/site-packages/airflow/example_dags/example_latest_only_with_trigger.py
[2024-03-07T18:34:45.940+0000] {processor.py:836} INFO - DAG(s) dict_keys(['latest_only_with_trigger']) retrieved from /usr/local/python/3.10.13/lib/python3.10/site-packages/airflow/example_dags/example_latest_only_with_trigger.py
[2024-03-07T18:34:45.970+0000] {logging_mixin.py:150} INFO - [2024-03-07T18:34:45.970+0000] {dag.py:2742} INFO - Sync 1 DAGs
[2024-03-07T18:34:45.998+0000] {logging_mixin.py:150} INFO - [2024-03-07T18:34:45.998+0000] {dag.py:3504} INFO - Setting next_dagrun for latest_only_with_trigger to 2024-03-07T14:34:45.998083+00:00, run_after=2024-03-07T18:34:45.998083+00:00
[2024-03-07T18:34:46.038+0000] {processor.py:179} INFO - Processing /usr/local/python/3.10.13/lib/python3.10/site-packages/airflow/example_dags/example_latest_only_with_trigger.py took 0.118 seconds
