[2024-03-07T18:27:15.882+0000] {processor.py:157} INFO - Started process (PID=5124) to work on /usr/local/python/3.10.13/lib/python3.10/site-packages/airflow/example_dags/example_branch_python_dop_operator_3.py
[2024-03-07T18:27:15.883+0000] {processor.py:826} INFO - Processing file /usr/local/python/3.10.13/lib/python3.10/site-packages/airflow/example_dags/example_branch_python_dop_operator_3.py for tasks to queue
[2024-03-07T18:27:15.883+0000] {logging_mixin.py:150} INFO - [2024-03-07T18:27:15.883+0000] {dagbag.py:541} INFO - Filling up the DagBag from /usr/local/python/3.10.13/lib/python3.10/site-packages/airflow/example_dags/example_branch_python_dop_operator_3.py
[2024-03-07T18:27:15.891+0000] {processor.py:836} INFO - DAG(s) dict_keys(['example_branch_dop_operator_v3']) retrieved from /usr/local/python/3.10.13/lib/python3.10/site-packages/airflow/example_dags/example_branch_python_dop_operator_3.py
[2024-03-07T18:27:16.027+0000] {logging_mixin.py:150} INFO - [2024-03-07T18:27:16.026+0000] {manager.py:504} INFO - Created Permission View: can edit on DAG:example_branch_dop_operator_v3
[2024-03-07T18:27:16.059+0000] {logging_mixin.py:150} INFO - [2024-03-07T18:27:16.059+0000] {manager.py:504} INFO - Created Permission View: can delete on DAG:example_branch_dop_operator_v3
[2024-03-07T18:27:16.089+0000] {logging_mixin.py:150} INFO - [2024-03-07T18:27:16.088+0000] {manager.py:504} INFO - Created Permission View: can read on DAG:example_branch_dop_operator_v3
[2024-03-07T18:27:16.098+0000] {logging_mixin.py:150} INFO - [2024-03-07T18:27:16.098+0000] {dag.py:2742} INFO - Sync 1 DAGs
[2024-03-07T18:27:16.105+0000] {logging_mixin.py:150} INFO - [2024-03-07T18:27:16.105+0000] {dag.py:2763} INFO - Creating ORM DAG for example_branch_dop_operator_v3
[2024-03-07T18:27:16.116+0000] {logging_mixin.py:150} INFO - [2024-03-07T18:27:16.116+0000] {dag.py:3504} INFO - Setting next_dagrun for example_branch_dop_operator_v3 to 2024-03-07T18:26:00+00:00, run_after=2024-03-07T18:27:00+00:00
[2024-03-07T18:27:16.160+0000] {processor.py:179} INFO - Processing /usr/local/python/3.10.13/lib/python3.10/site-packages/airflow/example_dags/example_branch_python_dop_operator_3.py took 0.281 seconds
[2024-03-07T18:28:06.962+0000] {processor.py:157} INFO - Started process (PID=5503) to work on /usr/local/python/3.10.13/lib/python3.10/site-packages/airflow/example_dags/example_branch_python_dop_operator_3.py
[2024-03-07T18:28:06.963+0000] {processor.py:826} INFO - Processing file /usr/local/python/3.10.13/lib/python3.10/site-packages/airflow/example_dags/example_branch_python_dop_operator_3.py for tasks to queue
[2024-03-07T18:28:06.964+0000] {logging_mixin.py:150} INFO - [2024-03-07T18:28:06.963+0000] {dagbag.py:541} INFO - Filling up the DagBag from /usr/local/python/3.10.13/lib/python3.10/site-packages/airflow/example_dags/example_branch_python_dop_operator_3.py
[2024-03-07T18:28:06.971+0000] {processor.py:836} INFO - DAG(s) dict_keys(['example_branch_dop_operator_v3']) retrieved from /usr/local/python/3.10.13/lib/python3.10/site-packages/airflow/example_dags/example_branch_python_dop_operator_3.py
[2024-03-07T18:28:06.985+0000] {logging_mixin.py:150} INFO - [2024-03-07T18:28:06.985+0000] {dag.py:2742} INFO - Sync 1 DAGs
[2024-03-07T18:28:07.006+0000] {logging_mixin.py:150} INFO - [2024-03-07T18:28:07.005+0000] {dag.py:3504} INFO - Setting next_dagrun for example_branch_dop_operator_v3 to 2024-03-07T18:27:00+00:00, run_after=2024-03-07T18:28:00+00:00
[2024-03-07T18:28:07.051+0000] {processor.py:179} INFO - Processing /usr/local/python/3.10.13/lib/python3.10/site-packages/airflow/example_dags/example_branch_python_dop_operator_3.py took 0.091 seconds
[2024-03-07T18:28:55.450+0000] {processor.py:157} INFO - Started process (PID=5864) to work on /usr/local/python/3.10.13/lib/python3.10/site-packages/airflow/example_dags/example_branch_python_dop_operator_3.py
[2024-03-07T18:28:55.451+0000] {processor.py:826} INFO - Processing file /usr/local/python/3.10.13/lib/python3.10/site-packages/airflow/example_dags/example_branch_python_dop_operator_3.py for tasks to queue
[2024-03-07T18:28:55.453+0000] {logging_mixin.py:150} INFO - [2024-03-07T18:28:55.452+0000] {dagbag.py:541} INFO - Filling up the DagBag from /usr/local/python/3.10.13/lib/python3.10/site-packages/airflow/example_dags/example_branch_python_dop_operator_3.py
[2024-03-07T18:28:55.461+0000] {processor.py:836} INFO - DAG(s) dict_keys(['example_branch_dop_operator_v3']) retrieved from /usr/local/python/3.10.13/lib/python3.10/site-packages/airflow/example_dags/example_branch_python_dop_operator_3.py
[2024-03-07T18:28:55.475+0000] {logging_mixin.py:150} INFO - [2024-03-07T18:28:55.475+0000] {dag.py:2742} INFO - Sync 1 DAGs
[2024-03-07T18:28:55.495+0000] {logging_mixin.py:150} INFO - [2024-03-07T18:28:55.495+0000] {dag.py:3504} INFO - Setting next_dagrun for example_branch_dop_operator_v3 to 2024-03-07T18:27:00+00:00, run_after=2024-03-07T18:28:00+00:00
[2024-03-07T18:28:55.535+0000] {processor.py:179} INFO - Processing /usr/local/python/3.10.13/lib/python3.10/site-packages/airflow/example_dags/example_branch_python_dop_operator_3.py took 0.087 seconds
[2024-03-07T18:29:47.509+0000] {processor.py:157} INFO - Started process (PID=6248) to work on /usr/local/python/3.10.13/lib/python3.10/site-packages/airflow/example_dags/example_branch_python_dop_operator_3.py
[2024-03-07T18:29:47.509+0000] {processor.py:826} INFO - Processing file /usr/local/python/3.10.13/lib/python3.10/site-packages/airflow/example_dags/example_branch_python_dop_operator_3.py for tasks to queue
[2024-03-07T18:29:47.510+0000] {logging_mixin.py:150} INFO - [2024-03-07T18:29:47.510+0000] {dagbag.py:541} INFO - Filling up the DagBag from /usr/local/python/3.10.13/lib/python3.10/site-packages/airflow/example_dags/example_branch_python_dop_operator_3.py
[2024-03-07T18:29:47.517+0000] {processor.py:836} INFO - DAG(s) dict_keys(['example_branch_dop_operator_v3']) retrieved from /usr/local/python/3.10.13/lib/python3.10/site-packages/airflow/example_dags/example_branch_python_dop_operator_3.py
[2024-03-07T18:29:47.530+0000] {logging_mixin.py:150} INFO - [2024-03-07T18:29:47.529+0000] {dag.py:2742} INFO - Sync 1 DAGs
[2024-03-07T18:29:47.550+0000] {logging_mixin.py:150} INFO - [2024-03-07T18:29:47.550+0000] {dag.py:3504} INFO - Setting next_dagrun for example_branch_dop_operator_v3 to 2024-03-07T18:28:00+00:00, run_after=2024-03-07T18:29:00+00:00
[2024-03-07T18:29:47.591+0000] {processor.py:179} INFO - Processing /usr/local/python/3.10.13/lib/python3.10/site-packages/airflow/example_dags/example_branch_python_dop_operator_3.py took 0.084 seconds
[2024-03-07T18:30:35.002+0000] {processor.py:157} INFO - Started process (PID=6586) to work on /usr/local/python/3.10.13/lib/python3.10/site-packages/airflow/example_dags/example_branch_python_dop_operator_3.py
[2024-03-07T18:30:35.003+0000] {processor.py:826} INFO - Processing file /usr/local/python/3.10.13/lib/python3.10/site-packages/airflow/example_dags/example_branch_python_dop_operator_3.py for tasks to queue
[2024-03-07T18:30:35.003+0000] {logging_mixin.py:150} INFO - [2024-03-07T18:30:35.003+0000] {dagbag.py:541} INFO - Filling up the DagBag from /usr/local/python/3.10.13/lib/python3.10/site-packages/airflow/example_dags/example_branch_python_dop_operator_3.py
[2024-03-07T18:30:35.010+0000] {processor.py:836} INFO - DAG(s) dict_keys(['example_branch_dop_operator_v3']) retrieved from /usr/local/python/3.10.13/lib/python3.10/site-packages/airflow/example_dags/example_branch_python_dop_operator_3.py
[2024-03-07T18:30:35.023+0000] {logging_mixin.py:150} INFO - [2024-03-07T18:30:35.023+0000] {dag.py:2742} INFO - Sync 1 DAGs
[2024-03-07T18:30:35.045+0000] {logging_mixin.py:150} INFO - [2024-03-07T18:30:35.045+0000] {dag.py:3504} INFO - Setting next_dagrun for example_branch_dop_operator_v3 to 2024-03-07T18:29:00+00:00, run_after=2024-03-07T18:30:00+00:00
[2024-03-07T18:30:35.087+0000] {processor.py:179} INFO - Processing /usr/local/python/3.10.13/lib/python3.10/site-packages/airflow/example_dags/example_branch_python_dop_operator_3.py took 0.088 seconds
[2024-03-07T18:31:20.340+0000] {processor.py:157} INFO - Started process (PID=6887) to work on /usr/local/python/3.10.13/lib/python3.10/site-packages/airflow/example_dags/example_branch_python_dop_operator_3.py
[2024-03-07T18:31:20.341+0000] {processor.py:826} INFO - Processing file /usr/local/python/3.10.13/lib/python3.10/site-packages/airflow/example_dags/example_branch_python_dop_operator_3.py for tasks to queue
[2024-03-07T18:31:20.341+0000] {logging_mixin.py:150} INFO - [2024-03-07T18:31:20.341+0000] {dagbag.py:541} INFO - Filling up the DagBag from /usr/local/python/3.10.13/lib/python3.10/site-packages/airflow/example_dags/example_branch_python_dop_operator_3.py
[2024-03-07T18:31:20.348+0000] {processor.py:836} INFO - DAG(s) dict_keys(['example_branch_dop_operator_v3']) retrieved from /usr/local/python/3.10.13/lib/python3.10/site-packages/airflow/example_dags/example_branch_python_dop_operator_3.py
[2024-03-07T18:31:20.362+0000] {logging_mixin.py:150} INFO - [2024-03-07T18:31:20.362+0000] {dag.py:2742} INFO - Sync 1 DAGs
[2024-03-07T18:31:20.385+0000] {logging_mixin.py:150} INFO - [2024-03-07T18:31:20.385+0000] {dag.py:3504} INFO - Setting next_dagrun for example_branch_dop_operator_v3 to 2024-03-07T18:30:00+00:00, run_after=2024-03-07T18:31:00+00:00
[2024-03-07T18:31:20.428+0000] {processor.py:179} INFO - Processing /usr/local/python/3.10.13/lib/python3.10/site-packages/airflow/example_dags/example_branch_python_dop_operator_3.py took 0.090 seconds
[2024-03-07T18:32:10.025+0000] {processor.py:157} INFO - Started process (PID=7305) to work on /usr/local/python/3.10.13/lib/python3.10/site-packages/airflow/example_dags/example_branch_python_dop_operator_3.py
[2024-03-07T18:32:10.026+0000] {processor.py:826} INFO - Processing file /usr/local/python/3.10.13/lib/python3.10/site-packages/airflow/example_dags/example_branch_python_dop_operator_3.py for tasks to queue
[2024-03-07T18:32:10.027+0000] {logging_mixin.py:150} INFO - [2024-03-07T18:32:10.027+0000] {dagbag.py:541} INFO - Filling up the DagBag from /usr/local/python/3.10.13/lib/python3.10/site-packages/airflow/example_dags/example_branch_python_dop_operator_3.py
[2024-03-07T18:32:10.034+0000] {processor.py:836} INFO - DAG(s) dict_keys(['example_branch_dop_operator_v3']) retrieved from /usr/local/python/3.10.13/lib/python3.10/site-packages/airflow/example_dags/example_branch_python_dop_operator_3.py
[2024-03-07T18:32:10.047+0000] {logging_mixin.py:150} INFO - [2024-03-07T18:32:10.047+0000] {dag.py:2742} INFO - Sync 1 DAGs
[2024-03-07T18:32:10.066+0000] {logging_mixin.py:150} INFO - [2024-03-07T18:32:10.066+0000] {dag.py:3504} INFO - Setting next_dagrun for example_branch_dop_operator_v3 to 2024-03-07T18:31:00+00:00, run_after=2024-03-07T18:32:00+00:00
[2024-03-07T18:32:10.106+0000] {processor.py:179} INFO - Processing /usr/local/python/3.10.13/lib/python3.10/site-packages/airflow/example_dags/example_branch_python_dop_operator_3.py took 0.083 seconds
[2024-03-07T18:32:58.757+0000] {processor.py:157} INFO - Started process (PID=7901) to work on /usr/local/python/3.10.13/lib/python3.10/site-packages/airflow/example_dags/example_branch_python_dop_operator_3.py
[2024-03-07T18:32:58.758+0000] {processor.py:826} INFO - Processing file /usr/local/python/3.10.13/lib/python3.10/site-packages/airflow/example_dags/example_branch_python_dop_operator_3.py for tasks to queue
[2024-03-07T18:32:58.758+0000] {logging_mixin.py:150} INFO - [2024-03-07T18:32:58.758+0000] {dagbag.py:541} INFO - Filling up the DagBag from /usr/local/python/3.10.13/lib/python3.10/site-packages/airflow/example_dags/example_branch_python_dop_operator_3.py
[2024-03-07T18:32:58.765+0000] {processor.py:836} INFO - DAG(s) dict_keys(['example_branch_dop_operator_v3']) retrieved from /usr/local/python/3.10.13/lib/python3.10/site-packages/airflow/example_dags/example_branch_python_dop_operator_3.py
[2024-03-07T18:32:58.779+0000] {logging_mixin.py:150} INFO - [2024-03-07T18:32:58.778+0000] {dag.py:2742} INFO - Sync 1 DAGs
[2024-03-07T18:32:58.798+0000] {logging_mixin.py:150} INFO - [2024-03-07T18:32:58.798+0000] {dag.py:3504} INFO - Setting next_dagrun for example_branch_dop_operator_v3 to 2024-03-07T18:31:00+00:00, run_after=2024-03-07T18:32:00+00:00
[2024-03-07T18:32:58.839+0000] {processor.py:179} INFO - Processing /usr/local/python/3.10.13/lib/python3.10/site-packages/airflow/example_dags/example_branch_python_dop_operator_3.py took 0.084 seconds
[2024-03-07T18:33:42.262+0000] {processor.py:157} INFO - Started process (PID=8301) to work on /usr/local/python/3.10.13/lib/python3.10/site-packages/airflow/example_dags/example_branch_python_dop_operator_3.py
[2024-03-07T18:33:42.262+0000] {processor.py:826} INFO - Processing file /usr/local/python/3.10.13/lib/python3.10/site-packages/airflow/example_dags/example_branch_python_dop_operator_3.py for tasks to queue
[2024-03-07T18:33:42.263+0000] {logging_mixin.py:150} INFO - [2024-03-07T18:33:42.263+0000] {dagbag.py:541} INFO - Filling up the DagBag from /usr/local/python/3.10.13/lib/python3.10/site-packages/airflow/example_dags/example_branch_python_dop_operator_3.py
[2024-03-07T18:33:42.270+0000] {processor.py:836} INFO - DAG(s) dict_keys(['example_branch_dop_operator_v3']) retrieved from /usr/local/python/3.10.13/lib/python3.10/site-packages/airflow/example_dags/example_branch_python_dop_operator_3.py
[2024-03-07T18:33:42.282+0000] {logging_mixin.py:150} INFO - [2024-03-07T18:33:42.282+0000] {dag.py:2742} INFO - Sync 1 DAGs
[2024-03-07T18:33:42.302+0000] {logging_mixin.py:150} INFO - [2024-03-07T18:33:42.302+0000] {dag.py:3504} INFO - Setting next_dagrun for example_branch_dop_operator_v3 to 2024-03-07T18:32:00+00:00, run_after=2024-03-07T18:33:00+00:00
[2024-03-07T18:33:42.339+0000] {processor.py:179} INFO - Processing /usr/local/python/3.10.13/lib/python3.10/site-packages/airflow/example_dags/example_branch_python_dop_operator_3.py took 0.080 seconds
[2024-03-07T18:34:30.655+0000] {processor.py:157} INFO - Started process (PID=8815) to work on /usr/local/python/3.10.13/lib/python3.10/site-packages/airflow/example_dags/example_branch_python_dop_operator_3.py
[2024-03-07T18:34:30.655+0000] {processor.py:826} INFO - Processing file /usr/local/python/3.10.13/lib/python3.10/site-packages/airflow/example_dags/example_branch_python_dop_operator_3.py for tasks to queue
[2024-03-07T18:34:30.656+0000] {logging_mixin.py:150} INFO - [2024-03-07T18:34:30.656+0000] {dagbag.py:541} INFO - Filling up the DagBag from /usr/local/python/3.10.13/lib/python3.10/site-packages/airflow/example_dags/example_branch_python_dop_operator_3.py
[2024-03-07T18:34:30.663+0000] {processor.py:836} INFO - DAG(s) dict_keys(['example_branch_dop_operator_v3']) retrieved from /usr/local/python/3.10.13/lib/python3.10/site-packages/airflow/example_dags/example_branch_python_dop_operator_3.py
[2024-03-07T18:34:30.676+0000] {logging_mixin.py:150} INFO - [2024-03-07T18:34:30.676+0000] {dag.py:2742} INFO - Sync 1 DAGs
[2024-03-07T18:34:30.696+0000] {logging_mixin.py:150} INFO - [2024-03-07T18:34:30.696+0000] {dag.py:3504} INFO - Setting next_dagrun for example_branch_dop_operator_v3 to 2024-03-07T18:33:00+00:00, run_after=2024-03-07T18:34:00+00:00
[2024-03-07T18:34:30.736+0000] {processor.py:179} INFO - Processing /usr/local/python/3.10.13/lib/python3.10/site-packages/airflow/example_dags/example_branch_python_dop_operator_3.py took 0.084 seconds
[2024-03-07T18:35:19.800+0000] {processor.py:157} INFO - Started process (PID=9354) to work on /usr/local/python/3.10.13/lib/python3.10/site-packages/airflow/example_dags/example_branch_python_dop_operator_3.py
[2024-03-07T18:35:19.801+0000] {processor.py:826} INFO - Processing file /usr/local/python/3.10.13/lib/python3.10/site-packages/airflow/example_dags/example_branch_python_dop_operator_3.py for tasks to queue
[2024-03-07T18:35:19.802+0000] {logging_mixin.py:150} INFO - [2024-03-07T18:35:19.801+0000] {dagbag.py:541} INFO - Filling up the DagBag from /usr/local/python/3.10.13/lib/python3.10/site-packages/airflow/example_dags/example_branch_python_dop_operator_3.py
[2024-03-07T18:35:19.808+0000] {processor.py:836} INFO - DAG(s) dict_keys(['example_branch_dop_operator_v3']) retrieved from /usr/local/python/3.10.13/lib/python3.10/site-packages/airflow/example_dags/example_branch_python_dop_operator_3.py
[2024-03-07T18:35:19.822+0000] {logging_mixin.py:150} INFO - [2024-03-07T18:35:19.822+0000] {dag.py:2742} INFO - Sync 1 DAGs
[2024-03-07T18:35:19.843+0000] {logging_mixin.py:150} INFO - [2024-03-07T18:35:19.843+0000] {dag.py:3504} INFO - Setting next_dagrun for example_branch_dop_operator_v3 to 2024-03-07T18:34:00+00:00, run_after=2024-03-07T18:35:00+00:00
[2024-03-07T18:35:19.883+0000] {processor.py:179} INFO - Processing /usr/local/python/3.10.13/lib/python3.10/site-packages/airflow/example_dags/example_branch_python_dop_operator_3.py took 0.085 seconds
