[2024-03-07T18:27:09.231+0000] {processor.py:157} INFO - Started process (PID=5076) to work on /usr/local/python/3.10.13/lib/python3.10/site-packages/airflow/example_dags/example_sensors.py
[2024-03-07T18:27:09.232+0000] {processor.py:826} INFO - Processing file /usr/local/python/3.10.13/lib/python3.10/site-packages/airflow/example_dags/example_sensors.py for tasks to queue
[2024-03-07T18:27:09.233+0000] {logging_mixin.py:150} INFO - [2024-03-07T18:27:09.233+0000] {dagbag.py:541} INFO - Filling up the DagBag from /usr/local/python/3.10.13/lib/python3.10/site-packages/airflow/example_dags/example_sensors.py
[2024-03-07T18:27:09.245+0000] {processor.py:836} INFO - DAG(s) dict_keys(['example_sensors']) retrieved from /usr/local/python/3.10.13/lib/python3.10/site-packages/airflow/example_dags/example_sensors.py
[2024-03-07T18:27:09.444+0000] {logging_mixin.py:150} INFO - [2024-03-07T18:27:09.444+0000] {manager.py:504} INFO - Created Permission View: can edit on DAG:example_sensors
[2024-03-07T18:27:09.479+0000] {logging_mixin.py:150} INFO - [2024-03-07T18:27:09.478+0000] {manager.py:504} INFO - Created Permission View: can delete on DAG:example_sensors
[2024-03-07T18:27:09.512+0000] {logging_mixin.py:150} INFO - [2024-03-07T18:27:09.512+0000] {manager.py:504} INFO - Created Permission View: can read on DAG:example_sensors
[2024-03-07T18:27:09.521+0000] {logging_mixin.py:150} INFO - [2024-03-07T18:27:09.521+0000] {dag.py:2742} INFO - Sync 1 DAGs
[2024-03-07T18:27:09.529+0000] {logging_mixin.py:150} INFO - [2024-03-07T18:27:09.529+0000] {dag.py:2763} INFO - Creating ORM DAG for example_sensors
[2024-03-07T18:27:09.537+0000] {logging_mixin.py:150} INFO - [2024-03-07T18:27:09.537+0000] {dag.py:3504} INFO - Setting next_dagrun for example_sensors to None, run_after=None
[2024-03-07T18:27:09.584+0000] {processor.py:179} INFO - Processing /usr/local/python/3.10.13/lib/python3.10/site-packages/airflow/example_dags/example_sensors.py took 0.358 seconds
[2024-03-07T18:28:01.382+0000] {processor.py:157} INFO - Started process (PID=5473) to work on /usr/local/python/3.10.13/lib/python3.10/site-packages/airflow/example_dags/example_sensors.py
[2024-03-07T18:28:01.383+0000] {processor.py:826} INFO - Processing file /usr/local/python/3.10.13/lib/python3.10/site-packages/airflow/example_dags/example_sensors.py for tasks to queue
[2024-03-07T18:28:01.384+0000] {logging_mixin.py:150} INFO - [2024-03-07T18:28:01.383+0000] {dagbag.py:541} INFO - Filling up the DagBag from /usr/local/python/3.10.13/lib/python3.10/site-packages/airflow/example_dags/example_sensors.py
[2024-03-07T18:28:01.392+0000] {processor.py:836} INFO - DAG(s) dict_keys(['example_sensors']) retrieved from /usr/local/python/3.10.13/lib/python3.10/site-packages/airflow/example_dags/example_sensors.py
[2024-03-07T18:28:01.409+0000] {logging_mixin.py:150} INFO - [2024-03-07T18:28:01.408+0000] {dag.py:2742} INFO - Sync 1 DAGs
[2024-03-07T18:28:01.436+0000] {logging_mixin.py:150} INFO - [2024-03-07T18:28:01.436+0000] {dag.py:3504} INFO - Setting next_dagrun for example_sensors to None, run_after=None
[2024-03-07T18:28:01.492+0000] {processor.py:179} INFO - Processing /usr/local/python/3.10.13/lib/python3.10/site-packages/airflow/example_dags/example_sensors.py took 0.112 seconds
[2024-03-07T18:28:48.707+0000] {processor.py:157} INFO - Started process (PID=5801) to work on /usr/local/python/3.10.13/lib/python3.10/site-packages/airflow/example_dags/example_sensors.py
[2024-03-07T18:28:48.708+0000] {processor.py:826} INFO - Processing file /usr/local/python/3.10.13/lib/python3.10/site-packages/airflow/example_dags/example_sensors.py for tasks to queue
[2024-03-07T18:28:48.709+0000] {logging_mixin.py:150} INFO - [2024-03-07T18:28:48.708+0000] {dagbag.py:541} INFO - Filling up the DagBag from /usr/local/python/3.10.13/lib/python3.10/site-packages/airflow/example_dags/example_sensors.py
[2024-03-07T18:28:48.718+0000] {processor.py:836} INFO - DAG(s) dict_keys(['example_sensors']) retrieved from /usr/local/python/3.10.13/lib/python3.10/site-packages/airflow/example_dags/example_sensors.py
[2024-03-07T18:28:48.734+0000] {logging_mixin.py:150} INFO - [2024-03-07T18:28:48.734+0000] {dag.py:2742} INFO - Sync 1 DAGs
[2024-03-07T18:28:48.750+0000] {logging_mixin.py:150} INFO - [2024-03-07T18:28:48.749+0000] {dag.py:3504} INFO - Setting next_dagrun for example_sensors to None, run_after=None
[2024-03-07T18:28:48.788+0000] {processor.py:179} INFO - Processing /usr/local/python/3.10.13/lib/python3.10/site-packages/airflow/example_dags/example_sensors.py took 0.084 seconds
[2024-03-07T18:29:41.163+0000] {processor.py:157} INFO - Started process (PID=6191) to work on /usr/local/python/3.10.13/lib/python3.10/site-packages/airflow/example_dags/example_sensors.py
[2024-03-07T18:29:41.163+0000] {processor.py:826} INFO - Processing file /usr/local/python/3.10.13/lib/python3.10/site-packages/airflow/example_dags/example_sensors.py for tasks to queue
[2024-03-07T18:29:41.164+0000] {logging_mixin.py:150} INFO - [2024-03-07T18:29:41.164+0000] {dagbag.py:541} INFO - Filling up the DagBag from /usr/local/python/3.10.13/lib/python3.10/site-packages/airflow/example_dags/example_sensors.py
[2024-03-07T18:29:41.172+0000] {processor.py:836} INFO - DAG(s) dict_keys(['example_sensors']) retrieved from /usr/local/python/3.10.13/lib/python3.10/site-packages/airflow/example_dags/example_sensors.py
[2024-03-07T18:29:41.188+0000] {logging_mixin.py:150} INFO - [2024-03-07T18:29:41.188+0000] {dag.py:2742} INFO - Sync 1 DAGs
[2024-03-07T18:29:41.204+0000] {logging_mixin.py:150} INFO - [2024-03-07T18:29:41.204+0000] {dag.py:3504} INFO - Setting next_dagrun for example_sensors to None, run_after=None
[2024-03-07T18:29:41.243+0000] {processor.py:179} INFO - Processing /usr/local/python/3.10.13/lib/python3.10/site-packages/airflow/example_dags/example_sensors.py took 0.083 seconds
[2024-03-07T18:30:28.751+0000] {processor.py:157} INFO - Started process (PID=6537) to work on /usr/local/python/3.10.13/lib/python3.10/site-packages/airflow/example_dags/example_sensors.py
[2024-03-07T18:30:28.752+0000] {processor.py:826} INFO - Processing file /usr/local/python/3.10.13/lib/python3.10/site-packages/airflow/example_dags/example_sensors.py for tasks to queue
[2024-03-07T18:30:28.753+0000] {logging_mixin.py:150} INFO - [2024-03-07T18:30:28.752+0000] {dagbag.py:541} INFO - Filling up the DagBag from /usr/local/python/3.10.13/lib/python3.10/site-packages/airflow/example_dags/example_sensors.py
[2024-03-07T18:30:28.761+0000] {processor.py:836} INFO - DAG(s) dict_keys(['example_sensors']) retrieved from /usr/local/python/3.10.13/lib/python3.10/site-packages/airflow/example_dags/example_sensors.py
[2024-03-07T18:30:28.777+0000] {logging_mixin.py:150} INFO - [2024-03-07T18:30:28.777+0000] {dag.py:2742} INFO - Sync 1 DAGs
[2024-03-07T18:30:28.797+0000] {logging_mixin.py:150} INFO - [2024-03-07T18:30:28.797+0000] {dag.py:3504} INFO - Setting next_dagrun for example_sensors to None, run_after=None
[2024-03-07T18:30:28.841+0000] {processor.py:179} INFO - Processing /usr/local/python/3.10.13/lib/python3.10/site-packages/airflow/example_dags/example_sensors.py took 0.092 seconds
[2024-03-07T18:31:14.365+0000] {processor.py:157} INFO - Started process (PID=6856) to work on /usr/local/python/3.10.13/lib/python3.10/site-packages/airflow/example_dags/example_sensors.py
[2024-03-07T18:31:14.366+0000] {processor.py:826} INFO - Processing file /usr/local/python/3.10.13/lib/python3.10/site-packages/airflow/example_dags/example_sensors.py for tasks to queue
[2024-03-07T18:31:14.366+0000] {logging_mixin.py:150} INFO - [2024-03-07T18:31:14.366+0000] {dagbag.py:541} INFO - Filling up the DagBag from /usr/local/python/3.10.13/lib/python3.10/site-packages/airflow/example_dags/example_sensors.py
[2024-03-07T18:31:14.374+0000] {processor.py:836} INFO - DAG(s) dict_keys(['example_sensors']) retrieved from /usr/local/python/3.10.13/lib/python3.10/site-packages/airflow/example_dags/example_sensors.py
[2024-03-07T18:31:14.399+0000] {logging_mixin.py:150} INFO - [2024-03-07T18:31:14.398+0000] {dag.py:2742} INFO - Sync 1 DAGs
[2024-03-07T18:31:14.423+0000] {logging_mixin.py:150} INFO - [2024-03-07T18:31:14.422+0000] {dag.py:3504} INFO - Setting next_dagrun for example_sensors to None, run_after=None
[2024-03-07T18:31:14.469+0000] {processor.py:179} INFO - Processing /usr/local/python/3.10.13/lib/python3.10/site-packages/airflow/example_dags/example_sensors.py took 0.106 seconds
[2024-03-07T18:32:03.670+0000] {processor.py:157} INFO - Started process (PID=7228) to work on /usr/local/python/3.10.13/lib/python3.10/site-packages/airflow/example_dags/example_sensors.py
[2024-03-07T18:32:03.671+0000] {processor.py:826} INFO - Processing file /usr/local/python/3.10.13/lib/python3.10/site-packages/airflow/example_dags/example_sensors.py for tasks to queue
[2024-03-07T18:32:03.671+0000] {logging_mixin.py:150} INFO - [2024-03-07T18:32:03.671+0000] {dagbag.py:541} INFO - Filling up the DagBag from /usr/local/python/3.10.13/lib/python3.10/site-packages/airflow/example_dags/example_sensors.py
[2024-03-07T18:32:03.679+0000] {processor.py:836} INFO - DAG(s) dict_keys(['example_sensors']) retrieved from /usr/local/python/3.10.13/lib/python3.10/site-packages/airflow/example_dags/example_sensors.py
[2024-03-07T18:32:03.695+0000] {logging_mixin.py:150} INFO - [2024-03-07T18:32:03.695+0000] {dag.py:2742} INFO - Sync 1 DAGs
[2024-03-07T18:32:03.711+0000] {logging_mixin.py:150} INFO - [2024-03-07T18:32:03.711+0000] {dag.py:3504} INFO - Setting next_dagrun for example_sensors to None, run_after=None
[2024-03-07T18:32:03.752+0000] {processor.py:179} INFO - Processing /usr/local/python/3.10.13/lib/python3.10/site-packages/airflow/example_dags/example_sensors.py took 0.085 seconds
[2024-03-07T18:32:52.739+0000] {processor.py:157} INFO - Started process (PID=7824) to work on /usr/local/python/3.10.13/lib/python3.10/site-packages/airflow/example_dags/example_sensors.py
[2024-03-07T18:32:52.740+0000] {processor.py:826} INFO - Processing file /usr/local/python/3.10.13/lib/python3.10/site-packages/airflow/example_dags/example_sensors.py for tasks to queue
[2024-03-07T18:32:52.741+0000] {logging_mixin.py:150} INFO - [2024-03-07T18:32:52.740+0000] {dagbag.py:541} INFO - Filling up the DagBag from /usr/local/python/3.10.13/lib/python3.10/site-packages/airflow/example_dags/example_sensors.py
[2024-03-07T18:32:52.748+0000] {processor.py:836} INFO - DAG(s) dict_keys(['example_sensors']) retrieved from /usr/local/python/3.10.13/lib/python3.10/site-packages/airflow/example_dags/example_sensors.py
[2024-03-07T18:32:52.764+0000] {logging_mixin.py:150} INFO - [2024-03-07T18:32:52.764+0000] {dag.py:2742} INFO - Sync 1 DAGs
[2024-03-07T18:32:52.779+0000] {logging_mixin.py:150} INFO - [2024-03-07T18:32:52.779+0000] {dag.py:3504} INFO - Setting next_dagrun for example_sensors to None, run_after=None
[2024-03-07T18:32:52.818+0000] {processor.py:179} INFO - Processing /usr/local/python/3.10.13/lib/python3.10/site-packages/airflow/example_dags/example_sensors.py took 0.080 seconds
[2024-03-07T18:33:36.674+0000] {processor.py:157} INFO - Started process (PID=8254) to work on /usr/local/python/3.10.13/lib/python3.10/site-packages/airflow/example_dags/example_sensors.py
[2024-03-07T18:33:36.675+0000] {processor.py:826} INFO - Processing file /usr/local/python/3.10.13/lib/python3.10/site-packages/airflow/example_dags/example_sensors.py for tasks to queue
[2024-03-07T18:33:36.675+0000] {logging_mixin.py:150} INFO - [2024-03-07T18:33:36.675+0000] {dagbag.py:541} INFO - Filling up the DagBag from /usr/local/python/3.10.13/lib/python3.10/site-packages/airflow/example_dags/example_sensors.py
[2024-03-07T18:33:36.683+0000] {processor.py:836} INFO - DAG(s) dict_keys(['example_sensors']) retrieved from /usr/local/python/3.10.13/lib/python3.10/site-packages/airflow/example_dags/example_sensors.py
[2024-03-07T18:33:36.700+0000] {logging_mixin.py:150} INFO - [2024-03-07T18:33:36.700+0000] {dag.py:2742} INFO - Sync 1 DAGs
[2024-03-07T18:33:36.722+0000] {logging_mixin.py:150} INFO - [2024-03-07T18:33:36.722+0000] {dag.py:3504} INFO - Setting next_dagrun for example_sensors to None, run_after=None
[2024-03-07T18:33:36.761+0000] {processor.py:179} INFO - Processing /usr/local/python/3.10.13/lib/python3.10/site-packages/airflow/example_dags/example_sensors.py took 0.089 seconds
[2024-03-07T18:34:24.373+0000] {processor.py:157} INFO - Started process (PID=8739) to work on /usr/local/python/3.10.13/lib/python3.10/site-packages/airflow/example_dags/example_sensors.py
[2024-03-07T18:34:24.374+0000] {processor.py:826} INFO - Processing file /usr/local/python/3.10.13/lib/python3.10/site-packages/airflow/example_dags/example_sensors.py for tasks to queue
[2024-03-07T18:34:24.375+0000] {logging_mixin.py:150} INFO - [2024-03-07T18:34:24.374+0000] {dagbag.py:541} INFO - Filling up the DagBag from /usr/local/python/3.10.13/lib/python3.10/site-packages/airflow/example_dags/example_sensors.py
[2024-03-07T18:34:24.383+0000] {processor.py:836} INFO - DAG(s) dict_keys(['example_sensors']) retrieved from /usr/local/python/3.10.13/lib/python3.10/site-packages/airflow/example_dags/example_sensors.py
[2024-03-07T18:34:24.402+0000] {logging_mixin.py:150} INFO - [2024-03-07T18:34:24.402+0000] {dag.py:2742} INFO - Sync 1 DAGs
[2024-03-07T18:34:24.419+0000] {logging_mixin.py:150} INFO - [2024-03-07T18:34:24.419+0000] {dag.py:3504} INFO - Setting next_dagrun for example_sensors to None, run_after=None
[2024-03-07T18:34:24.459+0000] {processor.py:179} INFO - Processing /usr/local/python/3.10.13/lib/python3.10/site-packages/airflow/example_dags/example_sensors.py took 0.090 seconds
[2024-03-07T18:35:13.724+0000] {processor.py:157} INFO - Started process (PID=9297) to work on /usr/local/python/3.10.13/lib/python3.10/site-packages/airflow/example_dags/example_sensors.py
[2024-03-07T18:35:13.725+0000] {processor.py:826} INFO - Processing file /usr/local/python/3.10.13/lib/python3.10/site-packages/airflow/example_dags/example_sensors.py for tasks to queue
[2024-03-07T18:35:13.725+0000] {logging_mixin.py:150} INFO - [2024-03-07T18:35:13.725+0000] {dagbag.py:541} INFO - Filling up the DagBag from /usr/local/python/3.10.13/lib/python3.10/site-packages/airflow/example_dags/example_sensors.py
[2024-03-07T18:35:13.733+0000] {processor.py:836} INFO - DAG(s) dict_keys(['example_sensors']) retrieved from /usr/local/python/3.10.13/lib/python3.10/site-packages/airflow/example_dags/example_sensors.py
[2024-03-07T18:35:13.750+0000] {logging_mixin.py:150} INFO - [2024-03-07T18:35:13.750+0000] {dag.py:2742} INFO - Sync 1 DAGs
[2024-03-07T18:35:13.767+0000] {logging_mixin.py:150} INFO - [2024-03-07T18:35:13.766+0000] {dag.py:3504} INFO - Setting next_dagrun for example_sensors to None, run_after=None
[2024-03-07T18:35:13.807+0000] {processor.py:179} INFO - Processing /usr/local/python/3.10.13/lib/python3.10/site-packages/airflow/example_dags/example_sensors.py took 0.086 seconds
