[2024-03-07T18:26:51.464+0000] {processor.py:157} INFO - Started process (PID=4963) to work on /usr/local/python/3.10.13/lib/python3.10/site-packages/airflow/example_dags/example_xcomargs.py
[2024-03-07T18:26:51.464+0000] {processor.py:826} INFO - Processing file /usr/local/python/3.10.13/lib/python3.10/site-packages/airflow/example_dags/example_xcomargs.py for tasks to queue
[2024-03-07T18:26:51.465+0000] {logging_mixin.py:150} INFO - [2024-03-07T18:26:51.465+0000] {dagbag.py:541} INFO - Filling up the DagBag from /usr/local/python/3.10.13/lib/python3.10/site-packages/airflow/example_dags/example_xcomargs.py
[2024-03-07T18:26:51.473+0000] {processor.py:836} INFO - DAG(s) dict_keys(['example_xcom_args', 'example_xcom_args_with_operators']) retrieved from /usr/local/python/3.10.13/lib/python3.10/site-packages/airflow/example_dags/example_xcomargs.py
[2024-03-07T18:26:51.618+0000] {logging_mixin.py:150} INFO - [2024-03-07T18:26:51.618+0000] {manager.py:504} INFO - Created Permission View: can edit on DAG:example_xcom_args
[2024-03-07T18:26:51.666+0000] {logging_mixin.py:150} INFO - [2024-03-07T18:26:51.666+0000] {manager.py:504} INFO - Created Permission View: can delete on DAG:example_xcom_args
[2024-03-07T18:26:51.710+0000] {logging_mixin.py:150} INFO - [2024-03-07T18:26:51.710+0000] {manager.py:504} INFO - Created Permission View: can read on DAG:example_xcom_args
[2024-03-07T18:26:51.787+0000] {logging_mixin.py:150} INFO - [2024-03-07T18:26:51.787+0000] {manager.py:504} INFO - Created Permission View: can edit on DAG:example_xcom_args_with_operators
[2024-03-07T18:26:51.818+0000] {logging_mixin.py:150} INFO - [2024-03-07T18:26:51.817+0000] {manager.py:504} INFO - Created Permission View: can delete on DAG:example_xcom_args_with_operators
[2024-03-07T18:26:51.847+0000] {logging_mixin.py:150} INFO - [2024-03-07T18:26:51.847+0000] {manager.py:504} INFO - Created Permission View: can read on DAG:example_xcom_args_with_operators
[2024-03-07T18:26:51.852+0000] {logging_mixin.py:150} INFO - [2024-03-07T18:26:51.852+0000] {dag.py:2742} INFO - Sync 2 DAGs
[2024-03-07T18:26:51.868+0000] {logging_mixin.py:150} INFO - [2024-03-07T18:26:51.867+0000] {dag.py:2763} INFO - Creating ORM DAG for example_xcom_args_with_operators
[2024-03-07T18:26:51.869+0000] {logging_mixin.py:150} INFO - [2024-03-07T18:26:51.868+0000] {dag.py:2763} INFO - Creating ORM DAG for example_xcom_args
[2024-03-07T18:26:51.882+0000] {logging_mixin.py:150} INFO - [2024-03-07T18:26:51.881+0000] {dag.py:3504} INFO - Setting next_dagrun for example_xcom_args to None, run_after=None
[2024-03-07T18:26:51.882+0000] {logging_mixin.py:150} INFO - [2024-03-07T18:26:51.882+0000] {dag.py:3504} INFO - Setting next_dagrun for example_xcom_args_with_operators to None, run_after=None
[2024-03-07T18:26:51.928+0000] {processor.py:179} INFO - Processing /usr/local/python/3.10.13/lib/python3.10/site-packages/airflow/example_dags/example_xcomargs.py took 0.467 seconds
[2024-03-07T18:27:46.666+0000] {processor.py:157} INFO - Started process (PID=5352) to work on /usr/local/python/3.10.13/lib/python3.10/site-packages/airflow/example_dags/example_xcomargs.py
[2024-03-07T18:27:46.667+0000] {processor.py:826} INFO - Processing file /usr/local/python/3.10.13/lib/python3.10/site-packages/airflow/example_dags/example_xcomargs.py for tasks to queue
[2024-03-07T18:27:46.667+0000] {logging_mixin.py:150} INFO - [2024-03-07T18:27:46.667+0000] {dagbag.py:541} INFO - Filling up the DagBag from /usr/local/python/3.10.13/lib/python3.10/site-packages/airflow/example_dags/example_xcomargs.py
[2024-03-07T18:27:46.674+0000] {processor.py:836} INFO - DAG(s) dict_keys(['example_xcom_args', 'example_xcom_args_with_operators']) retrieved from /usr/local/python/3.10.13/lib/python3.10/site-packages/airflow/example_dags/example_xcomargs.py
[2024-03-07T18:27:46.692+0000] {logging_mixin.py:150} INFO - [2024-03-07T18:27:46.692+0000] {dag.py:2742} INFO - Sync 2 DAGs
[2024-03-07T18:27:46.709+0000] {logging_mixin.py:150} INFO - [2024-03-07T18:27:46.709+0000] {dag.py:3504} INFO - Setting next_dagrun for example_xcom_args to None, run_after=None
[2024-03-07T18:27:46.711+0000] {logging_mixin.py:150} INFO - [2024-03-07T18:27:46.711+0000] {dag.py:3504} INFO - Setting next_dagrun for example_xcom_args_with_operators to None, run_after=None
[2024-03-07T18:27:46.751+0000] {processor.py:179} INFO - Processing /usr/local/python/3.10.13/lib/python3.10/site-packages/airflow/example_dags/example_xcomargs.py took 0.088 seconds
[2024-03-07T18:28:26.036+0000] {processor.py:157} INFO - Started process (PID=5636) to work on /usr/local/python/3.10.13/lib/python3.10/site-packages/airflow/example_dags/example_xcomargs.py
[2024-03-07T18:28:26.037+0000] {processor.py:826} INFO - Processing file /usr/local/python/3.10.13/lib/python3.10/site-packages/airflow/example_dags/example_xcomargs.py for tasks to queue
[2024-03-07T18:28:26.037+0000] {logging_mixin.py:150} INFO - [2024-03-07T18:28:26.037+0000] {dagbag.py:541} INFO - Filling up the DagBag from /usr/local/python/3.10.13/lib/python3.10/site-packages/airflow/example_dags/example_xcomargs.py
[2024-03-07T18:28:26.045+0000] {processor.py:836} INFO - DAG(s) dict_keys(['example_xcom_args', 'example_xcom_args_with_operators']) retrieved from /usr/local/python/3.10.13/lib/python3.10/site-packages/airflow/example_dags/example_xcomargs.py
[2024-03-07T18:28:26.062+0000] {logging_mixin.py:150} INFO - [2024-03-07T18:28:26.062+0000] {dag.py:2742} INFO - Sync 2 DAGs
[2024-03-07T18:28:26.079+0000] {logging_mixin.py:150} INFO - [2024-03-07T18:28:26.079+0000] {dag.py:3504} INFO - Setting next_dagrun for example_xcom_args to None, run_after=None
[2024-03-07T18:28:26.082+0000] {logging_mixin.py:150} INFO - [2024-03-07T18:28:26.082+0000] {dag.py:3504} INFO - Setting next_dagrun for example_xcom_args_with_operators to None, run_after=None
[2024-03-07T18:28:26.121+0000] {processor.py:179} INFO - Processing /usr/local/python/3.10.13/lib/python3.10/site-packages/airflow/example_dags/example_xcomargs.py took 0.088 seconds
[2024-03-07T18:29:02.222+0000] {processor.py:157} INFO - Started process (PID=5924) to work on /usr/local/python/3.10.13/lib/python3.10/site-packages/airflow/example_dags/example_xcomargs.py
[2024-03-07T18:29:02.223+0000] {processor.py:826} INFO - Processing file /usr/local/python/3.10.13/lib/python3.10/site-packages/airflow/example_dags/example_xcomargs.py for tasks to queue
[2024-03-07T18:29:02.224+0000] {logging_mixin.py:150} INFO - [2024-03-07T18:29:02.224+0000] {dagbag.py:541} INFO - Filling up the DagBag from /usr/local/python/3.10.13/lib/python3.10/site-packages/airflow/example_dags/example_xcomargs.py
[2024-03-07T18:29:02.230+0000] {processor.py:836} INFO - DAG(s) dict_keys(['example_xcom_args', 'example_xcom_args_with_operators']) retrieved from /usr/local/python/3.10.13/lib/python3.10/site-packages/airflow/example_dags/example_xcomargs.py
[2024-03-07T18:29:02.246+0000] {logging_mixin.py:150} INFO - [2024-03-07T18:29:02.246+0000] {dag.py:2742} INFO - Sync 2 DAGs
[2024-03-07T18:29:02.262+0000] {logging_mixin.py:150} INFO - [2024-03-07T18:29:02.262+0000] {dag.py:3504} INFO - Setting next_dagrun for example_xcom_args to None, run_after=None
[2024-03-07T18:29:02.265+0000] {logging_mixin.py:150} INFO - [2024-03-07T18:29:02.265+0000] {dag.py:3504} INFO - Setting next_dagrun for example_xcom_args_with_operators to None, run_after=None
[2024-03-07T18:29:02.302+0000] {processor.py:179} INFO - Processing /usr/local/python/3.10.13/lib/python3.10/site-packages/airflow/example_dags/example_xcomargs.py took 0.082 seconds
[2024-03-07T18:29:48.901+0000] {processor.py:157} INFO - Started process (PID=6256) to work on /usr/local/python/3.10.13/lib/python3.10/site-packages/airflow/example_dags/example_xcomargs.py
[2024-03-07T18:29:48.902+0000] {processor.py:826} INFO - Processing file /usr/local/python/3.10.13/lib/python3.10/site-packages/airflow/example_dags/example_xcomargs.py for tasks to queue
[2024-03-07T18:29:48.903+0000] {logging_mixin.py:150} INFO - [2024-03-07T18:29:48.902+0000] {dagbag.py:541} INFO - Filling up the DagBag from /usr/local/python/3.10.13/lib/python3.10/site-packages/airflow/example_dags/example_xcomargs.py
[2024-03-07T18:29:48.909+0000] {processor.py:836} INFO - DAG(s) dict_keys(['example_xcom_args', 'example_xcom_args_with_operators']) retrieved from /usr/local/python/3.10.13/lib/python3.10/site-packages/airflow/example_dags/example_xcomargs.py
[2024-03-07T18:29:48.924+0000] {logging_mixin.py:150} INFO - [2024-03-07T18:29:48.924+0000] {dag.py:2742} INFO - Sync 2 DAGs
[2024-03-07T18:29:48.940+0000] {logging_mixin.py:150} INFO - [2024-03-07T18:29:48.940+0000] {dag.py:3504} INFO - Setting next_dagrun for example_xcom_args to None, run_after=None
[2024-03-07T18:29:48.943+0000] {logging_mixin.py:150} INFO - [2024-03-07T18:29:48.942+0000] {dag.py:3504} INFO - Setting next_dagrun for example_xcom_args_with_operators to None, run_after=None
[2024-03-07T18:29:48.981+0000] {processor.py:179} INFO - Processing /usr/local/python/3.10.13/lib/python3.10/site-packages/airflow/example_dags/example_xcomargs.py took 0.082 seconds
[2024-03-07T18:30:22.428+0000] {processor.py:157} INFO - Started process (PID=6488) to work on /usr/local/python/3.10.13/lib/python3.10/site-packages/airflow/example_dags/example_xcomargs.py
[2024-03-07T18:30:22.428+0000] {processor.py:826} INFO - Processing file /usr/local/python/3.10.13/lib/python3.10/site-packages/airflow/example_dags/example_xcomargs.py for tasks to queue
[2024-03-07T18:30:22.429+0000] {logging_mixin.py:150} INFO - [2024-03-07T18:30:22.429+0000] {dagbag.py:541} INFO - Filling up the DagBag from /usr/local/python/3.10.13/lib/python3.10/site-packages/airflow/example_dags/example_xcomargs.py
[2024-03-07T18:30:22.436+0000] {processor.py:836} INFO - DAG(s) dict_keys(['example_xcom_args_with_operators', 'example_xcom_args']) retrieved from /usr/local/python/3.10.13/lib/python3.10/site-packages/airflow/example_dags/example_xcomargs.py
[2024-03-07T18:30:22.451+0000] {logging_mixin.py:150} INFO - [2024-03-07T18:30:22.451+0000] {dag.py:2742} INFO - Sync 2 DAGs
[2024-03-07T18:30:22.467+0000] {logging_mixin.py:150} INFO - [2024-03-07T18:30:22.466+0000] {dag.py:3504} INFO - Setting next_dagrun for example_xcom_args to None, run_after=None
[2024-03-07T18:30:22.469+0000] {logging_mixin.py:150} INFO - [2024-03-07T18:30:22.469+0000] {dag.py:3504} INFO - Setting next_dagrun for example_xcom_args_with_operators to None, run_after=None
[2024-03-07T18:30:22.524+0000] {processor.py:179} INFO - Processing /usr/local/python/3.10.13/lib/python3.10/site-packages/airflow/example_dags/example_xcomargs.py took 0.098 seconds
[2024-03-07T18:31:08.067+0000] {processor.py:157} INFO - Started process (PID=6809) to work on /usr/local/python/3.10.13/lib/python3.10/site-packages/airflow/example_dags/example_xcomargs.py
[2024-03-07T18:31:08.068+0000] {processor.py:826} INFO - Processing file /usr/local/python/3.10.13/lib/python3.10/site-packages/airflow/example_dags/example_xcomargs.py for tasks to queue
[2024-03-07T18:31:08.068+0000] {logging_mixin.py:150} INFO - [2024-03-07T18:31:08.068+0000] {dagbag.py:541} INFO - Filling up the DagBag from /usr/local/python/3.10.13/lib/python3.10/site-packages/airflow/example_dags/example_xcomargs.py
[2024-03-07T18:31:08.075+0000] {processor.py:836} INFO - DAG(s) dict_keys(['example_xcom_args', 'example_xcom_args_with_operators']) retrieved from /usr/local/python/3.10.13/lib/python3.10/site-packages/airflow/example_dags/example_xcomargs.py
[2024-03-07T18:31:08.091+0000] {logging_mixin.py:150} INFO - [2024-03-07T18:31:08.090+0000] {dag.py:2742} INFO - Sync 2 DAGs
[2024-03-07T18:31:08.106+0000] {logging_mixin.py:150} INFO - [2024-03-07T18:31:08.106+0000] {dag.py:3504} INFO - Setting next_dagrun for example_xcom_args to None, run_after=None
[2024-03-07T18:31:08.108+0000] {logging_mixin.py:150} INFO - [2024-03-07T18:31:08.108+0000] {dag.py:3504} INFO - Setting next_dagrun for example_xcom_args_with_operators to None, run_after=None
[2024-03-07T18:31:08.144+0000] {processor.py:179} INFO - Processing /usr/local/python/3.10.13/lib/python3.10/site-packages/airflow/example_dags/example_xcomargs.py took 0.080 seconds
[2024-03-07T18:31:43.018+0000] {processor.py:157} INFO - Started process (PID=7055) to work on /usr/local/python/3.10.13/lib/python3.10/site-packages/airflow/example_dags/example_xcomargs.py
[2024-03-07T18:31:43.019+0000] {processor.py:826} INFO - Processing file /usr/local/python/3.10.13/lib/python3.10/site-packages/airflow/example_dags/example_xcomargs.py for tasks to queue
[2024-03-07T18:31:43.020+0000] {logging_mixin.py:150} INFO - [2024-03-07T18:31:43.019+0000] {dagbag.py:541} INFO - Filling up the DagBag from /usr/local/python/3.10.13/lib/python3.10/site-packages/airflow/example_dags/example_xcomargs.py
[2024-03-07T18:31:43.026+0000] {processor.py:836} INFO - DAG(s) dict_keys(['example_xcom_args', 'example_xcom_args_with_operators']) retrieved from /usr/local/python/3.10.13/lib/python3.10/site-packages/airflow/example_dags/example_xcomargs.py
[2024-03-07T18:31:43.042+0000] {logging_mixin.py:150} INFO - [2024-03-07T18:31:43.042+0000] {dag.py:2742} INFO - Sync 2 DAGs
[2024-03-07T18:31:43.058+0000] {logging_mixin.py:150} INFO - [2024-03-07T18:31:43.058+0000] {dag.py:3504} INFO - Setting next_dagrun for example_xcom_args to None, run_after=None
[2024-03-07T18:31:43.061+0000] {logging_mixin.py:150} INFO - [2024-03-07T18:31:43.061+0000] {dag.py:3504} INFO - Setting next_dagrun for example_xcom_args_with_operators to None, run_after=None
[2024-03-07T18:31:43.099+0000] {processor.py:179} INFO - Processing /usr/local/python/3.10.13/lib/python3.10/site-packages/airflow/example_dags/example_xcomargs.py took 0.083 seconds
[2024-03-07T18:32:31.293+0000] {processor.py:157} INFO - Started process (PID=7544) to work on /usr/local/python/3.10.13/lib/python3.10/site-packages/airflow/example_dags/example_xcomargs.py
[2024-03-07T18:32:31.294+0000] {processor.py:826} INFO - Processing file /usr/local/python/3.10.13/lib/python3.10/site-packages/airflow/example_dags/example_xcomargs.py for tasks to queue
[2024-03-07T18:32:31.295+0000] {logging_mixin.py:150} INFO - [2024-03-07T18:32:31.295+0000] {dagbag.py:541} INFO - Filling up the DagBag from /usr/local/python/3.10.13/lib/python3.10/site-packages/airflow/example_dags/example_xcomargs.py
[2024-03-07T18:32:31.302+0000] {processor.py:836} INFO - DAG(s) dict_keys(['example_xcom_args', 'example_xcom_args_with_operators']) retrieved from /usr/local/python/3.10.13/lib/python3.10/site-packages/airflow/example_dags/example_xcomargs.py
[2024-03-07T18:32:31.317+0000] {logging_mixin.py:150} INFO - [2024-03-07T18:32:31.317+0000] {dag.py:2742} INFO - Sync 2 DAGs
[2024-03-07T18:32:31.333+0000] {logging_mixin.py:150} INFO - [2024-03-07T18:32:31.333+0000] {dag.py:3504} INFO - Setting next_dagrun for example_xcom_args to None, run_after=None
[2024-03-07T18:32:31.335+0000] {logging_mixin.py:150} INFO - [2024-03-07T18:32:31.335+0000] {dag.py:3504} INFO - Setting next_dagrun for example_xcom_args_with_operators to None, run_after=None
[2024-03-07T18:32:31.376+0000] {processor.py:179} INFO - Processing /usr/local/python/3.10.13/lib/python3.10/site-packages/airflow/example_dags/example_xcomargs.py took 0.085 seconds
[2024-03-07T18:33:15.788+0000] {processor.py:157} INFO - Started process (PID=8028) to work on /usr/local/python/3.10.13/lib/python3.10/site-packages/airflow/example_dags/example_xcomargs.py
[2024-03-07T18:33:15.788+0000] {processor.py:826} INFO - Processing file /usr/local/python/3.10.13/lib/python3.10/site-packages/airflow/example_dags/example_xcomargs.py for tasks to queue
[2024-03-07T18:33:15.789+0000] {logging_mixin.py:150} INFO - [2024-03-07T18:33:15.789+0000] {dagbag.py:541} INFO - Filling up the DagBag from /usr/local/python/3.10.13/lib/python3.10/site-packages/airflow/example_dags/example_xcomargs.py
[2024-03-07T18:33:15.795+0000] {processor.py:836} INFO - DAG(s) dict_keys(['example_xcom_args_with_operators', 'example_xcom_args']) retrieved from /usr/local/python/3.10.13/lib/python3.10/site-packages/airflow/example_dags/example_xcomargs.py
[2024-03-07T18:33:15.810+0000] {logging_mixin.py:150} INFO - [2024-03-07T18:33:15.810+0000] {dag.py:2742} INFO - Sync 2 DAGs
[2024-03-07T18:33:15.826+0000] {logging_mixin.py:150} INFO - [2024-03-07T18:33:15.825+0000] {dag.py:3504} INFO - Setting next_dagrun for example_xcom_args to None, run_after=None
[2024-03-07T18:33:15.828+0000] {logging_mixin.py:150} INFO - [2024-03-07T18:33:15.828+0000] {dag.py:3504} INFO - Setting next_dagrun for example_xcom_args_with_operators to None, run_after=None
[2024-03-07T18:33:15.872+0000] {processor.py:179} INFO - Processing /usr/local/python/3.10.13/lib/python3.10/site-packages/airflow/example_dags/example_xcomargs.py took 0.086 seconds
[2024-03-07T18:34:02.290+0000] {processor.py:157} INFO - Started process (PID=8472) to work on /usr/local/python/3.10.13/lib/python3.10/site-packages/airflow/example_dags/example_xcomargs.py
[2024-03-07T18:34:02.291+0000] {processor.py:826} INFO - Processing file /usr/local/python/3.10.13/lib/python3.10/site-packages/airflow/example_dags/example_xcomargs.py for tasks to queue
[2024-03-07T18:34:02.291+0000] {logging_mixin.py:150} INFO - [2024-03-07T18:34:02.291+0000] {dagbag.py:541} INFO - Filling up the DagBag from /usr/local/python/3.10.13/lib/python3.10/site-packages/airflow/example_dags/example_xcomargs.py
[2024-03-07T18:34:02.298+0000] {processor.py:836} INFO - DAG(s) dict_keys(['example_xcom_args_with_operators', 'example_xcom_args']) retrieved from /usr/local/python/3.10.13/lib/python3.10/site-packages/airflow/example_dags/example_xcomargs.py
[2024-03-07T18:34:02.313+0000] {logging_mixin.py:150} INFO - [2024-03-07T18:34:02.313+0000] {dag.py:2742} INFO - Sync 2 DAGs
[2024-03-07T18:34:02.329+0000] {logging_mixin.py:150} INFO - [2024-03-07T18:34:02.329+0000] {dag.py:3504} INFO - Setting next_dagrun for example_xcom_args to None, run_after=None
[2024-03-07T18:34:02.332+0000] {logging_mixin.py:150} INFO - [2024-03-07T18:34:02.332+0000] {dag.py:3504} INFO - Setting next_dagrun for example_xcom_args_with_operators to None, run_after=None
[2024-03-07T18:34:02.382+0000] {processor.py:179} INFO - Processing /usr/local/python/3.10.13/lib/python3.10/site-packages/airflow/example_dags/example_xcomargs.py took 0.094 seconds
[2024-03-07T18:34:34.719+0000] {processor.py:157} INFO - Started process (PID=8866) to work on /usr/local/python/3.10.13/lib/python3.10/site-packages/airflow/example_dags/example_xcomargs.py
[2024-03-07T18:34:34.720+0000] {processor.py:826} INFO - Processing file /usr/local/python/3.10.13/lib/python3.10/site-packages/airflow/example_dags/example_xcomargs.py for tasks to queue
[2024-03-07T18:34:34.720+0000] {logging_mixin.py:150} INFO - [2024-03-07T18:34:34.720+0000] {dagbag.py:541} INFO - Filling up the DagBag from /usr/local/python/3.10.13/lib/python3.10/site-packages/airflow/example_dags/example_xcomargs.py
[2024-03-07T18:34:34.727+0000] {processor.py:836} INFO - DAG(s) dict_keys(['example_xcom_args', 'example_xcom_args_with_operators']) retrieved from /usr/local/python/3.10.13/lib/python3.10/site-packages/airflow/example_dags/example_xcomargs.py
[2024-03-07T18:34:34.742+0000] {logging_mixin.py:150} INFO - [2024-03-07T18:34:34.742+0000] {dag.py:2742} INFO - Sync 2 DAGs
[2024-03-07T18:34:34.758+0000] {logging_mixin.py:150} INFO - [2024-03-07T18:34:34.758+0000] {dag.py:3504} INFO - Setting next_dagrun for example_xcom_args to None, run_after=None
[2024-03-07T18:34:34.761+0000] {logging_mixin.py:150} INFO - [2024-03-07T18:34:34.761+0000] {dag.py:3504} INFO - Setting next_dagrun for example_xcom_args_with_operators to None, run_after=None
[2024-03-07T18:34:34.804+0000] {processor.py:179} INFO - Processing /usr/local/python/3.10.13/lib/python3.10/site-packages/airflow/example_dags/example_xcomargs.py took 0.087 seconds
[2024-03-07T18:35:07.729+0000] {processor.py:157} INFO - Started process (PID=9244) to work on /usr/local/python/3.10.13/lib/python3.10/site-packages/airflow/example_dags/example_xcomargs.py
[2024-03-07T18:35:07.730+0000] {processor.py:826} INFO - Processing file /usr/local/python/3.10.13/lib/python3.10/site-packages/airflow/example_dags/example_xcomargs.py for tasks to queue
[2024-03-07T18:35:07.731+0000] {logging_mixin.py:150} INFO - [2024-03-07T18:35:07.730+0000] {dagbag.py:541} INFO - Filling up the DagBag from /usr/local/python/3.10.13/lib/python3.10/site-packages/airflow/example_dags/example_xcomargs.py
[2024-03-07T18:35:07.737+0000] {processor.py:836} INFO - DAG(s) dict_keys(['example_xcom_args', 'example_xcom_args_with_operators']) retrieved from /usr/local/python/3.10.13/lib/python3.10/site-packages/airflow/example_dags/example_xcomargs.py
[2024-03-07T18:35:07.752+0000] {logging_mixin.py:150} INFO - [2024-03-07T18:35:07.752+0000] {dag.py:2742} INFO - Sync 2 DAGs
[2024-03-07T18:35:07.768+0000] {logging_mixin.py:150} INFO - [2024-03-07T18:35:07.768+0000] {dag.py:3504} INFO - Setting next_dagrun for example_xcom_args to None, run_after=None
[2024-03-07T18:35:07.771+0000] {logging_mixin.py:150} INFO - [2024-03-07T18:35:07.771+0000] {dag.py:3504} INFO - Setting next_dagrun for example_xcom_args_with_operators to None, run_after=None
[2024-03-07T18:35:07.808+0000] {processor.py:179} INFO - Processing /usr/local/python/3.10.13/lib/python3.10/site-packages/airflow/example_dags/example_xcomargs.py took 0.081 seconds
