[2024-03-07T18:27:24.208+0000] {processor.py:157} INFO - Started process (PID=5184) to work on /usr/local/python/3.10.13/lib/python3.10/site-packages/airflow/example_dags/example_latest_only.py
[2024-03-07T18:27:24.209+0000] {processor.py:826} INFO - Processing file /usr/local/python/3.10.13/lib/python3.10/site-packages/airflow/example_dags/example_latest_only.py for tasks to queue
[2024-03-07T18:27:24.210+0000] {logging_mixin.py:150} INFO - [2024-03-07T18:27:24.209+0000] {dagbag.py:541} INFO - Filling up the DagBag from /usr/local/python/3.10.13/lib/python3.10/site-packages/airflow/example_dags/example_latest_only.py
[2024-03-07T18:27:24.215+0000] {processor.py:836} INFO - DAG(s) dict_keys(['latest_only']) retrieved from /usr/local/python/3.10.13/lib/python3.10/site-packages/airflow/example_dags/example_latest_only.py
[2024-03-07T18:27:24.348+0000] {logging_mixin.py:150} INFO - [2024-03-07T18:27:24.348+0000] {manager.py:504} INFO - Created Permission View: can edit on DAG:latest_only
[2024-03-07T18:27:24.380+0000] {logging_mixin.py:150} INFO - [2024-03-07T18:27:24.380+0000] {manager.py:504} INFO - Created Permission View: can delete on DAG:latest_only
[2024-03-07T18:27:24.411+0000] {logging_mixin.py:150} INFO - [2024-03-07T18:27:24.410+0000] {manager.py:504} INFO - Created Permission View: can read on DAG:latest_only
[2024-03-07T18:27:24.422+0000] {logging_mixin.py:150} INFO - [2024-03-07T18:27:24.421+0000] {dag.py:2742} INFO - Sync 1 DAGs
[2024-03-07T18:27:24.429+0000] {logging_mixin.py:150} INFO - [2024-03-07T18:27:24.429+0000] {dag.py:2763} INFO - Creating ORM DAG for latest_only
[2024-03-07T18:27:24.436+0000] {logging_mixin.py:150} INFO - [2024-03-07T18:27:24.436+0000] {dag.py:3504} INFO - Setting next_dagrun for latest_only to 2024-03-07T14:27:24.436225+00:00, run_after=2024-03-07T18:27:24.436225+00:00
[2024-03-07T18:27:24.476+0000] {processor.py:179} INFO - Processing /usr/local/python/3.10.13/lib/python3.10/site-packages/airflow/example_dags/example_latest_only.py took 0.270 seconds
[2024-03-07T18:28:14.218+0000] {processor.py:157} INFO - Started process (PID=5553) to work on /usr/local/python/3.10.13/lib/python3.10/site-packages/airflow/example_dags/example_latest_only.py
[2024-03-07T18:28:14.218+0000] {processor.py:826} INFO - Processing file /usr/local/python/3.10.13/lib/python3.10/site-packages/airflow/example_dags/example_latest_only.py for tasks to queue
[2024-03-07T18:28:14.219+0000] {logging_mixin.py:150} INFO - [2024-03-07T18:28:14.219+0000] {dagbag.py:541} INFO - Filling up the DagBag from /usr/local/python/3.10.13/lib/python3.10/site-packages/airflow/example_dags/example_latest_only.py
[2024-03-07T18:28:14.224+0000] {processor.py:836} INFO - DAG(s) dict_keys(['latest_only']) retrieved from /usr/local/python/3.10.13/lib/python3.10/site-packages/airflow/example_dags/example_latest_only.py
[2024-03-07T18:28:14.237+0000] {logging_mixin.py:150} INFO - [2024-03-07T18:28:14.237+0000] {dag.py:2742} INFO - Sync 1 DAGs
[2024-03-07T18:28:14.255+0000] {logging_mixin.py:150} INFO - [2024-03-07T18:28:14.255+0000] {dag.py:3504} INFO - Setting next_dagrun for latest_only to 2024-03-07T14:28:14.254995+00:00, run_after=2024-03-07T18:28:14.254995+00:00
[2024-03-07T18:28:14.297+0000] {processor.py:179} INFO - Processing /usr/local/python/3.10.13/lib/python3.10/site-packages/airflow/example_dags/example_latest_only.py took 0.081 seconds
[2024-03-07T18:29:07.390+0000] {processor.py:157} INFO - Started process (PID=5950) to work on /usr/local/python/3.10.13/lib/python3.10/site-packages/airflow/example_dags/example_latest_only.py
[2024-03-07T18:29:07.390+0000] {processor.py:826} INFO - Processing file /usr/local/python/3.10.13/lib/python3.10/site-packages/airflow/example_dags/example_latest_only.py for tasks to queue
[2024-03-07T18:29:07.391+0000] {logging_mixin.py:150} INFO - [2024-03-07T18:29:07.391+0000] {dagbag.py:541} INFO - Filling up the DagBag from /usr/local/python/3.10.13/lib/python3.10/site-packages/airflow/example_dags/example_latest_only.py
[2024-03-07T18:29:07.396+0000] {processor.py:836} INFO - DAG(s) dict_keys(['latest_only']) retrieved from /usr/local/python/3.10.13/lib/python3.10/site-packages/airflow/example_dags/example_latest_only.py
[2024-03-07T18:29:07.408+0000] {logging_mixin.py:150} INFO - [2024-03-07T18:29:07.408+0000] {dag.py:2742} INFO - Sync 1 DAGs
[2024-03-07T18:29:07.424+0000] {logging_mixin.py:150} INFO - [2024-03-07T18:29:07.424+0000] {dag.py:3504} INFO - Setting next_dagrun for latest_only to 2024-03-07T14:29:07.424059+00:00, run_after=2024-03-07T18:29:07.424059+00:00
[2024-03-07T18:29:07.464+0000] {processor.py:179} INFO - Processing /usr/local/python/3.10.13/lib/python3.10/site-packages/airflow/example_dags/example_latest_only.py took 0.077 seconds
[2024-03-07T18:29:59.065+0000] {processor.py:157} INFO - Started process (PID=6329) to work on /usr/local/python/3.10.13/lib/python3.10/site-packages/airflow/example_dags/example_latest_only.py
[2024-03-07T18:29:59.066+0000] {processor.py:826} INFO - Processing file /usr/local/python/3.10.13/lib/python3.10/site-packages/airflow/example_dags/example_latest_only.py for tasks to queue
[2024-03-07T18:29:59.066+0000] {logging_mixin.py:150} INFO - [2024-03-07T18:29:59.066+0000] {dagbag.py:541} INFO - Filling up the DagBag from /usr/local/python/3.10.13/lib/python3.10/site-packages/airflow/example_dags/example_latest_only.py
[2024-03-07T18:29:59.071+0000] {processor.py:836} INFO - DAG(s) dict_keys(['latest_only']) retrieved from /usr/local/python/3.10.13/lib/python3.10/site-packages/airflow/example_dags/example_latest_only.py
[2024-03-07T18:29:59.083+0000] {logging_mixin.py:150} INFO - [2024-03-07T18:29:59.083+0000] {dag.py:2742} INFO - Sync 1 DAGs
[2024-03-07T18:29:59.099+0000] {logging_mixin.py:150} INFO - [2024-03-07T18:29:59.099+0000] {dag.py:3504} INFO - Setting next_dagrun for latest_only to 2024-03-07T14:29:59.099192+00:00, run_after=2024-03-07T18:29:59.099192+00:00
[2024-03-07T18:29:59.138+0000] {processor.py:179} INFO - Processing /usr/local/python/3.10.13/lib/python3.10/site-packages/airflow/example_dags/example_latest_only.py took 0.075 seconds
[2024-03-07T18:30:45.344+0000] {processor.py:157} INFO - Started process (PID=6658) to work on /usr/local/python/3.10.13/lib/python3.10/site-packages/airflow/example_dags/example_latest_only.py
[2024-03-07T18:30:45.345+0000] {processor.py:826} INFO - Processing file /usr/local/python/3.10.13/lib/python3.10/site-packages/airflow/example_dags/example_latest_only.py for tasks to queue
[2024-03-07T18:30:45.345+0000] {logging_mixin.py:150} INFO - [2024-03-07T18:30:45.345+0000] {dagbag.py:541} INFO - Filling up the DagBag from /usr/local/python/3.10.13/lib/python3.10/site-packages/airflow/example_dags/example_latest_only.py
[2024-03-07T18:30:45.350+0000] {processor.py:836} INFO - DAG(s) dict_keys(['latest_only']) retrieved from /usr/local/python/3.10.13/lib/python3.10/site-packages/airflow/example_dags/example_latest_only.py
[2024-03-07T18:30:45.363+0000] {logging_mixin.py:150} INFO - [2024-03-07T18:30:45.362+0000] {dag.py:2742} INFO - Sync 1 DAGs
[2024-03-07T18:30:45.380+0000] {logging_mixin.py:150} INFO - [2024-03-07T18:30:45.380+0000] {dag.py:3504} INFO - Setting next_dagrun for latest_only to 2024-03-07T14:30:45.380116+00:00, run_after=2024-03-07T18:30:45.380116+00:00
[2024-03-07T18:30:45.419+0000] {processor.py:179} INFO - Processing /usr/local/python/3.10.13/lib/python3.10/site-packages/airflow/example_dags/example_latest_only.py took 0.077 seconds
[2024-03-07T18:31:32.799+0000] {processor.py:157} INFO - Started process (PID=6975) to work on /usr/local/python/3.10.13/lib/python3.10/site-packages/airflow/example_dags/example_latest_only.py
[2024-03-07T18:31:32.800+0000] {processor.py:826} INFO - Processing file /usr/local/python/3.10.13/lib/python3.10/site-packages/airflow/example_dags/example_latest_only.py for tasks to queue
[2024-03-07T18:31:32.800+0000] {logging_mixin.py:150} INFO - [2024-03-07T18:31:32.800+0000] {dagbag.py:541} INFO - Filling up the DagBag from /usr/local/python/3.10.13/lib/python3.10/site-packages/airflow/example_dags/example_latest_only.py
[2024-03-07T18:31:32.805+0000] {processor.py:836} INFO - DAG(s) dict_keys(['latest_only']) retrieved from /usr/local/python/3.10.13/lib/python3.10/site-packages/airflow/example_dags/example_latest_only.py
[2024-03-07T18:31:32.817+0000] {logging_mixin.py:150} INFO - [2024-03-07T18:31:32.816+0000] {dag.py:2742} INFO - Sync 1 DAGs
[2024-03-07T18:31:32.834+0000] {logging_mixin.py:150} INFO - [2024-03-07T18:31:32.834+0000] {dag.py:3504} INFO - Setting next_dagrun for latest_only to 2024-03-07T14:31:32.834333+00:00, run_after=2024-03-07T18:31:32.834333+00:00
[2024-03-07T18:31:32.874+0000] {processor.py:179} INFO - Processing /usr/local/python/3.10.13/lib/python3.10/site-packages/airflow/example_dags/example_latest_only.py took 0.077 seconds
[2024-03-07T18:32:22.294+0000] {processor.py:157} INFO - Started process (PID=7460) to work on /usr/local/python/3.10.13/lib/python3.10/site-packages/airflow/example_dags/example_latest_only.py
[2024-03-07T18:32:22.295+0000] {processor.py:826} INFO - Processing file /usr/local/python/3.10.13/lib/python3.10/site-packages/airflow/example_dags/example_latest_only.py for tasks to queue
[2024-03-07T18:32:22.295+0000] {logging_mixin.py:150} INFO - [2024-03-07T18:32:22.295+0000] {dagbag.py:541} INFO - Filling up the DagBag from /usr/local/python/3.10.13/lib/python3.10/site-packages/airflow/example_dags/example_latest_only.py
[2024-03-07T18:32:22.300+0000] {processor.py:836} INFO - DAG(s) dict_keys(['latest_only']) retrieved from /usr/local/python/3.10.13/lib/python3.10/site-packages/airflow/example_dags/example_latest_only.py
[2024-03-07T18:32:22.312+0000] {logging_mixin.py:150} INFO - [2024-03-07T18:32:22.312+0000] {dag.py:2742} INFO - Sync 1 DAGs
[2024-03-07T18:32:22.330+0000] {logging_mixin.py:150} INFO - [2024-03-07T18:32:22.330+0000] {dag.py:3504} INFO - Setting next_dagrun for latest_only to 2024-03-07T14:32:22.329804+00:00, run_after=2024-03-07T18:32:22.329804+00:00
[2024-03-07T18:32:22.385+0000] {processor.py:179} INFO - Processing /usr/local/python/3.10.13/lib/python3.10/site-packages/airflow/example_dags/example_latest_only.py took 0.094 seconds
[2024-03-07T18:33:07.779+0000] {processor.py:157} INFO - Started process (PID=7972) to work on /usr/local/python/3.10.13/lib/python3.10/site-packages/airflow/example_dags/example_latest_only.py
[2024-03-07T18:33:07.780+0000] {processor.py:826} INFO - Processing file /usr/local/python/3.10.13/lib/python3.10/site-packages/airflow/example_dags/example_latest_only.py for tasks to queue
[2024-03-07T18:33:07.781+0000] {logging_mixin.py:150} INFO - [2024-03-07T18:33:07.780+0000] {dagbag.py:541} INFO - Filling up the DagBag from /usr/local/python/3.10.13/lib/python3.10/site-packages/airflow/example_dags/example_latest_only.py
[2024-03-07T18:33:07.785+0000] {processor.py:836} INFO - DAG(s) dict_keys(['latest_only']) retrieved from /usr/local/python/3.10.13/lib/python3.10/site-packages/airflow/example_dags/example_latest_only.py
[2024-03-07T18:33:07.798+0000] {logging_mixin.py:150} INFO - [2024-03-07T18:33:07.798+0000] {dag.py:2742} INFO - Sync 1 DAGs
[2024-03-07T18:33:07.815+0000] {logging_mixin.py:150} INFO - [2024-03-07T18:33:07.814+0000] {dag.py:3504} INFO - Setting next_dagrun for latest_only to 2024-03-07T14:33:07.814693+00:00, run_after=2024-03-07T18:33:07.814693+00:00
[2024-03-07T18:33:07.856+0000] {processor.py:179} INFO - Processing /usr/local/python/3.10.13/lib/python3.10/site-packages/airflow/example_dags/example_latest_only.py took 0.079 seconds
[2024-03-07T18:33:52.397+0000] {processor.py:157} INFO - Started process (PID=8393) to work on /usr/local/python/3.10.13/lib/python3.10/site-packages/airflow/example_dags/example_latest_only.py
[2024-03-07T18:33:52.398+0000] {processor.py:826} INFO - Processing file /usr/local/python/3.10.13/lib/python3.10/site-packages/airflow/example_dags/example_latest_only.py for tasks to queue
[2024-03-07T18:33:52.398+0000] {logging_mixin.py:150} INFO - [2024-03-07T18:33:52.398+0000] {dagbag.py:541} INFO - Filling up the DagBag from /usr/local/python/3.10.13/lib/python3.10/site-packages/airflow/example_dags/example_latest_only.py
[2024-03-07T18:33:52.403+0000] {processor.py:836} INFO - DAG(s) dict_keys(['latest_only']) retrieved from /usr/local/python/3.10.13/lib/python3.10/site-packages/airflow/example_dags/example_latest_only.py
[2024-03-07T18:33:52.421+0000] {logging_mixin.py:150} INFO - [2024-03-07T18:33:52.421+0000] {dag.py:2742} INFO - Sync 1 DAGs
[2024-03-07T18:33:52.447+0000] {logging_mixin.py:150} INFO - [2024-03-07T18:33:52.446+0000] {dag.py:3504} INFO - Setting next_dagrun for latest_only to 2024-03-07T14:33:52.446512+00:00, run_after=2024-03-07T18:33:52.446512+00:00
[2024-03-07T18:33:52.491+0000] {processor.py:179} INFO - Processing /usr/local/python/3.10.13/lib/python3.10/site-packages/airflow/example_dags/example_latest_only.py took 0.096 seconds
[2024-03-07T18:34:43.317+0000] {processor.py:157} INFO - Started process (PID=8956) to work on /usr/local/python/3.10.13/lib/python3.10/site-packages/airflow/example_dags/example_latest_only.py
[2024-03-07T18:34:43.318+0000] {processor.py:826} INFO - Processing file /usr/local/python/3.10.13/lib/python3.10/site-packages/airflow/example_dags/example_latest_only.py for tasks to queue
[2024-03-07T18:34:43.319+0000] {logging_mixin.py:150} INFO - [2024-03-07T18:34:43.318+0000] {dagbag.py:541} INFO - Filling up the DagBag from /usr/local/python/3.10.13/lib/python3.10/site-packages/airflow/example_dags/example_latest_only.py
[2024-03-07T18:34:43.327+0000] {processor.py:836} INFO - DAG(s) dict_keys(['latest_only']) retrieved from /usr/local/python/3.10.13/lib/python3.10/site-packages/airflow/example_dags/example_latest_only.py
[2024-03-07T18:34:43.343+0000] {logging_mixin.py:150} INFO - [2024-03-07T18:34:43.343+0000] {dag.py:2742} INFO - Sync 1 DAGs
[2024-03-07T18:34:43.360+0000] {logging_mixin.py:150} INFO - [2024-03-07T18:34:43.360+0000] {dag.py:3504} INFO - Setting next_dagrun for latest_only to 2024-03-07T14:34:43.360541+00:00, run_after=2024-03-07T18:34:43.360541+00:00
[2024-03-07T18:34:43.400+0000] {processor.py:179} INFO - Processing /usr/local/python/3.10.13/lib/python3.10/site-packages/airflow/example_dags/example_latest_only.py took 0.087 seconds
[2024-03-07T18:35:31.973+0000] {processor.py:157} INFO - Started process (PID=9490) to work on /usr/local/python/3.10.13/lib/python3.10/site-packages/airflow/example_dags/example_latest_only.py
[2024-03-07T18:35:31.974+0000] {processor.py:826} INFO - Processing file /usr/local/python/3.10.13/lib/python3.10/site-packages/airflow/example_dags/example_latest_only.py for tasks to queue
[2024-03-07T18:35:31.975+0000] {logging_mixin.py:150} INFO - [2024-03-07T18:35:31.974+0000] {dagbag.py:541} INFO - Filling up the DagBag from /usr/local/python/3.10.13/lib/python3.10/site-packages/airflow/example_dags/example_latest_only.py
[2024-03-07T18:35:31.983+0000] {processor.py:836} INFO - DAG(s) dict_keys(['latest_only']) retrieved from /usr/local/python/3.10.13/lib/python3.10/site-packages/airflow/example_dags/example_latest_only.py
[2024-03-07T18:35:32.002+0000] {logging_mixin.py:150} INFO - [2024-03-07T18:35:32.002+0000] {dag.py:2742} INFO - Sync 1 DAGs
[2024-03-07T18:35:32.024+0000] {logging_mixin.py:150} INFO - [2024-03-07T18:35:32.024+0000] {dag.py:3504} INFO - Setting next_dagrun for latest_only to 2024-03-07T14:35:32.024524+00:00, run_after=2024-03-07T18:35:32.024524+00:00
[2024-03-07T18:35:32.065+0000] {processor.py:179} INFO - Processing /usr/local/python/3.10.13/lib/python3.10/site-packages/airflow/example_dags/example_latest_only.py took 0.095 seconds
