[2024-03-07T18:26:53.021+0000] {processor.py:157} INFO - Started process (PID=4974) to work on /usr/local/python/3.10.13/lib/python3.10/site-packages/airflow/example_dags/example_task_group_decorator.py
[2024-03-07T18:26:53.021+0000] {processor.py:826} INFO - Processing file /usr/local/python/3.10.13/lib/python3.10/site-packages/airflow/example_dags/example_task_group_decorator.py for tasks to queue
[2024-03-07T18:26:53.022+0000] {logging_mixin.py:150} INFO - [2024-03-07T18:26:53.022+0000] {dagbag.py:541} INFO - Filling up the DagBag from /usr/local/python/3.10.13/lib/python3.10/site-packages/airflow/example_dags/example_task_group_decorator.py
[2024-03-07T18:26:53.036+0000] {processor.py:836} INFO - DAG(s) dict_keys(['example_task_group_decorator']) retrieved from /usr/local/python/3.10.13/lib/python3.10/site-packages/airflow/example_dags/example_task_group_decorator.py
[2024-03-07T18:26:53.177+0000] {logging_mixin.py:150} INFO - [2024-03-07T18:26:53.177+0000] {manager.py:504} INFO - Created Permission View: can edit on DAG:example_task_group_decorator
[2024-03-07T18:26:53.210+0000] {logging_mixin.py:150} INFO - [2024-03-07T18:26:53.210+0000] {manager.py:504} INFO - Created Permission View: can delete on DAG:example_task_group_decorator
[2024-03-07T18:26:53.239+0000] {logging_mixin.py:150} INFO - [2024-03-07T18:26:53.239+0000] {manager.py:504} INFO - Created Permission View: can read on DAG:example_task_group_decorator
[2024-03-07T18:26:53.250+0000] {logging_mixin.py:150} INFO - [2024-03-07T18:26:53.250+0000] {dag.py:2742} INFO - Sync 1 DAGs
[2024-03-07T18:26:53.263+0000] {logging_mixin.py:150} INFO - [2024-03-07T18:26:53.263+0000] {dag.py:2763} INFO - Creating ORM DAG for example_task_group_decorator
[2024-03-07T18:26:53.274+0000] {logging_mixin.py:150} INFO - [2024-03-07T18:26:53.274+0000] {dag.py:3504} INFO - Setting next_dagrun for example_task_group_decorator to 2024-03-06T18:26:53.273913+00:00, run_after=2024-03-07T18:26:53.273913+00:00
[2024-03-07T18:26:53.319+0000] {processor.py:179} INFO - Processing /usr/local/python/3.10.13/lib/python3.10/site-packages/airflow/example_dags/example_task_group_decorator.py took 0.301 seconds
[2024-03-07T18:27:46.937+0000] {processor.py:157} INFO - Started process (PID=5353) to work on /usr/local/python/3.10.13/lib/python3.10/site-packages/airflow/example_dags/example_task_group_decorator.py
[2024-03-07T18:27:46.938+0000] {processor.py:826} INFO - Processing file /usr/local/python/3.10.13/lib/python3.10/site-packages/airflow/example_dags/example_task_group_decorator.py for tasks to queue
[2024-03-07T18:27:46.939+0000] {logging_mixin.py:150} INFO - [2024-03-07T18:27:46.938+0000] {dagbag.py:541} INFO - Filling up the DagBag from /usr/local/python/3.10.13/lib/python3.10/site-packages/airflow/example_dags/example_task_group_decorator.py
[2024-03-07T18:27:46.951+0000] {processor.py:836} INFO - DAG(s) dict_keys(['example_task_group_decorator']) retrieved from /usr/local/python/3.10.13/lib/python3.10/site-packages/airflow/example_dags/example_task_group_decorator.py
[2024-03-07T18:27:46.968+0000] {logging_mixin.py:150} INFO - [2024-03-07T18:27:46.968+0000] {dag.py:2742} INFO - Sync 1 DAGs
[2024-03-07T18:27:46.985+0000] {logging_mixin.py:150} INFO - [2024-03-07T18:27:46.985+0000] {dag.py:3504} INFO - Setting next_dagrun for example_task_group_decorator to 2024-03-06T18:27:46.985010+00:00, run_after=2024-03-07T18:27:46.985010+00:00
[2024-03-07T18:27:47.025+0000] {processor.py:179} INFO - Processing /usr/local/python/3.10.13/lib/python3.10/site-packages/airflow/example_dags/example_task_group_decorator.py took 0.091 seconds
[2024-03-07T18:28:27.131+0000] {processor.py:157} INFO - Started process (PID=5643) to work on /usr/local/python/3.10.13/lib/python3.10/site-packages/airflow/example_dags/example_task_group_decorator.py
[2024-03-07T18:28:27.132+0000] {processor.py:826} INFO - Processing file /usr/local/python/3.10.13/lib/python3.10/site-packages/airflow/example_dags/example_task_group_decorator.py for tasks to queue
[2024-03-07T18:28:27.133+0000] {logging_mixin.py:150} INFO - [2024-03-07T18:28:27.132+0000] {dagbag.py:541} INFO - Filling up the DagBag from /usr/local/python/3.10.13/lib/python3.10/site-packages/airflow/example_dags/example_task_group_decorator.py
[2024-03-07T18:28:27.145+0000] {processor.py:836} INFO - DAG(s) dict_keys(['example_task_group_decorator']) retrieved from /usr/local/python/3.10.13/lib/python3.10/site-packages/airflow/example_dags/example_task_group_decorator.py
[2024-03-07T18:28:27.162+0000] {logging_mixin.py:150} INFO - [2024-03-07T18:28:27.161+0000] {dag.py:2742} INFO - Sync 1 DAGs
[2024-03-07T18:28:27.179+0000] {logging_mixin.py:150} INFO - [2024-03-07T18:28:27.179+0000] {dag.py:3504} INFO - Setting next_dagrun for example_task_group_decorator to 2024-03-06T18:28:27.179504+00:00, run_after=2024-03-07T18:28:27.179504+00:00
[2024-03-07T18:28:27.220+0000] {processor.py:179} INFO - Processing /usr/local/python/3.10.13/lib/python3.10/site-packages/airflow/example_dags/example_task_group_decorator.py took 0.091 seconds
[2024-03-07T18:29:14.981+0000] {processor.py:157} INFO - Started process (PID=6007) to work on /usr/local/python/3.10.13/lib/python3.10/site-packages/airflow/example_dags/example_task_group_decorator.py
[2024-03-07T18:29:14.982+0000] {processor.py:826} INFO - Processing file /usr/local/python/3.10.13/lib/python3.10/site-packages/airflow/example_dags/example_task_group_decorator.py for tasks to queue
[2024-03-07T18:29:14.983+0000] {logging_mixin.py:150} INFO - [2024-03-07T18:29:14.983+0000] {dagbag.py:541} INFO - Filling up the DagBag from /usr/local/python/3.10.13/lib/python3.10/site-packages/airflow/example_dags/example_task_group_decorator.py
[2024-03-07T18:29:14.996+0000] {processor.py:836} INFO - DAG(s) dict_keys(['example_task_group_decorator']) retrieved from /usr/local/python/3.10.13/lib/python3.10/site-packages/airflow/example_dags/example_task_group_decorator.py
[2024-03-07T18:29:15.012+0000] {logging_mixin.py:150} INFO - [2024-03-07T18:29:15.011+0000] {dag.py:2742} INFO - Sync 1 DAGs
[2024-03-07T18:29:15.028+0000] {logging_mixin.py:150} INFO - [2024-03-07T18:29:15.027+0000] {dag.py:3504} INFO - Setting next_dagrun for example_task_group_decorator to 2024-03-06T18:29:15.027736+00:00, run_after=2024-03-07T18:29:15.027736+00:00
[2024-03-07T18:29:15.068+0000] {processor.py:179} INFO - Processing /usr/local/python/3.10.13/lib/python3.10/site-packages/airflow/example_dags/example_task_group_decorator.py took 0.090 seconds
[2024-03-07T18:29:50.092+0000] {processor.py:157} INFO - Started process (PID=6269) to work on /usr/local/python/3.10.13/lib/python3.10/site-packages/airflow/example_dags/example_task_group_decorator.py
[2024-03-07T18:29:50.093+0000] {processor.py:826} INFO - Processing file /usr/local/python/3.10.13/lib/python3.10/site-packages/airflow/example_dags/example_task_group_decorator.py for tasks to queue
[2024-03-07T18:29:50.093+0000] {logging_mixin.py:150} INFO - [2024-03-07T18:29:50.093+0000] {dagbag.py:541} INFO - Filling up the DagBag from /usr/local/python/3.10.13/lib/python3.10/site-packages/airflow/example_dags/example_task_group_decorator.py
[2024-03-07T18:29:50.107+0000] {processor.py:836} INFO - DAG(s) dict_keys(['example_task_group_decorator']) retrieved from /usr/local/python/3.10.13/lib/python3.10/site-packages/airflow/example_dags/example_task_group_decorator.py
[2024-03-07T18:29:50.140+0000] {logging_mixin.py:150} INFO - [2024-03-07T18:29:50.140+0000] {dag.py:2742} INFO - Sync 1 DAGs
[2024-03-07T18:29:50.176+0000] {logging_mixin.py:150} INFO - [2024-03-07T18:29:50.175+0000] {dag.py:3504} INFO - Setting next_dagrun for example_task_group_decorator to 2024-03-06T18:29:50.175437+00:00, run_after=2024-03-07T18:29:50.175437+00:00
[2024-03-07T18:29:50.229+0000] {processor.py:179} INFO - Processing /usr/local/python/3.10.13/lib/python3.10/site-packages/airflow/example_dags/example_task_group_decorator.py took 0.140 seconds
[2024-03-07T18:30:23.591+0000] {processor.py:157} INFO - Started process (PID=6513) to work on /usr/local/python/3.10.13/lib/python3.10/site-packages/airflow/example_dags/example_task_group_decorator.py
[2024-03-07T18:30:23.591+0000] {processor.py:826} INFO - Processing file /usr/local/python/3.10.13/lib/python3.10/site-packages/airflow/example_dags/example_task_group_decorator.py for tasks to queue
[2024-03-07T18:30:23.592+0000] {logging_mixin.py:150} INFO - [2024-03-07T18:30:23.592+0000] {dagbag.py:541} INFO - Filling up the DagBag from /usr/local/python/3.10.13/lib/python3.10/site-packages/airflow/example_dags/example_task_group_decorator.py
[2024-03-07T18:30:23.604+0000] {processor.py:836} INFO - DAG(s) dict_keys(['example_task_group_decorator']) retrieved from /usr/local/python/3.10.13/lib/python3.10/site-packages/airflow/example_dags/example_task_group_decorator.py
[2024-03-07T18:30:23.620+0000] {logging_mixin.py:150} INFO - [2024-03-07T18:30:23.620+0000] {dag.py:2742} INFO - Sync 1 DAGs
[2024-03-07T18:30:23.637+0000] {logging_mixin.py:150} INFO - [2024-03-07T18:30:23.636+0000] {dag.py:3504} INFO - Setting next_dagrun for example_task_group_decorator to 2024-03-06T18:30:23.636631+00:00, run_after=2024-03-07T18:30:23.636631+00:00
[2024-03-07T18:30:23.678+0000] {processor.py:179} INFO - Processing /usr/local/python/3.10.13/lib/python3.10/site-packages/airflow/example_dags/example_task_group_decorator.py took 0.089 seconds
[2024-03-07T18:31:09.200+0000] {processor.py:157} INFO - Started process (PID=6816) to work on /usr/local/python/3.10.13/lib/python3.10/site-packages/airflow/example_dags/example_task_group_decorator.py
[2024-03-07T18:31:09.201+0000] {processor.py:826} INFO - Processing file /usr/local/python/3.10.13/lib/python3.10/site-packages/airflow/example_dags/example_task_group_decorator.py for tasks to queue
[2024-03-07T18:31:09.202+0000] {logging_mixin.py:150} INFO - [2024-03-07T18:31:09.201+0000] {dagbag.py:541} INFO - Filling up the DagBag from /usr/local/python/3.10.13/lib/python3.10/site-packages/airflow/example_dags/example_task_group_decorator.py
[2024-03-07T18:31:09.214+0000] {processor.py:836} INFO - DAG(s) dict_keys(['example_task_group_decorator']) retrieved from /usr/local/python/3.10.13/lib/python3.10/site-packages/airflow/example_dags/example_task_group_decorator.py
[2024-03-07T18:31:09.229+0000] {logging_mixin.py:150} INFO - [2024-03-07T18:31:09.229+0000] {dag.py:2742} INFO - Sync 1 DAGs
[2024-03-07T18:31:09.245+0000] {logging_mixin.py:150} INFO - [2024-03-07T18:31:09.245+0000] {dag.py:3504} INFO - Setting next_dagrun for example_task_group_decorator to 2024-03-06T18:31:09.244987+00:00, run_after=2024-03-07T18:31:09.244987+00:00
[2024-03-07T18:31:09.290+0000] {processor.py:179} INFO - Processing /usr/local/python/3.10.13/lib/python3.10/site-packages/airflow/example_dags/example_task_group_decorator.py took 0.092 seconds
[2024-03-07T18:31:44.224+0000] {processor.py:157} INFO - Started process (PID=7069) to work on /usr/local/python/3.10.13/lib/python3.10/site-packages/airflow/example_dags/example_task_group_decorator.py
[2024-03-07T18:31:44.230+0000] {processor.py:826} INFO - Processing file /usr/local/python/3.10.13/lib/python3.10/site-packages/airflow/example_dags/example_task_group_decorator.py for tasks to queue
[2024-03-07T18:31:44.231+0000] {logging_mixin.py:150} INFO - [2024-03-07T18:31:44.230+0000] {dagbag.py:541} INFO - Filling up the DagBag from /usr/local/python/3.10.13/lib/python3.10/site-packages/airflow/example_dags/example_task_group_decorator.py
[2024-03-07T18:31:44.256+0000] {processor.py:836} INFO - DAG(s) dict_keys(['example_task_group_decorator']) retrieved from /usr/local/python/3.10.13/lib/python3.10/site-packages/airflow/example_dags/example_task_group_decorator.py
[2024-03-07T18:31:44.276+0000] {logging_mixin.py:150} INFO - [2024-03-07T18:31:44.276+0000] {dag.py:2742} INFO - Sync 1 DAGs
[2024-03-07T18:31:44.294+0000] {logging_mixin.py:150} INFO - [2024-03-07T18:31:44.294+0000] {dag.py:3504} INFO - Setting next_dagrun for example_task_group_decorator to 2024-03-06T18:31:44.294039+00:00, run_after=2024-03-07T18:31:44.294039+00:00
[2024-03-07T18:31:44.343+0000] {processor.py:179} INFO - Processing /usr/local/python/3.10.13/lib/python3.10/site-packages/airflow/example_dags/example_task_group_decorator.py took 0.123 seconds
[2024-03-07T18:32:32.430+0000] {processor.py:157} INFO - Started process (PID=7558) to work on /usr/local/python/3.10.13/lib/python3.10/site-packages/airflow/example_dags/example_task_group_decorator.py
[2024-03-07T18:32:32.430+0000] {processor.py:826} INFO - Processing file /usr/local/python/3.10.13/lib/python3.10/site-packages/airflow/example_dags/example_task_group_decorator.py for tasks to queue
[2024-03-07T18:32:32.431+0000] {logging_mixin.py:150} INFO - [2024-03-07T18:32:32.431+0000] {dagbag.py:541} INFO - Filling up the DagBag from /usr/local/python/3.10.13/lib/python3.10/site-packages/airflow/example_dags/example_task_group_decorator.py
[2024-03-07T18:32:32.444+0000] {processor.py:836} INFO - DAG(s) dict_keys(['example_task_group_decorator']) retrieved from /usr/local/python/3.10.13/lib/python3.10/site-packages/airflow/example_dags/example_task_group_decorator.py
[2024-03-07T18:32:32.460+0000] {logging_mixin.py:150} INFO - [2024-03-07T18:32:32.460+0000] {dag.py:2742} INFO - Sync 1 DAGs
[2024-03-07T18:32:32.475+0000] {logging_mixin.py:150} INFO - [2024-03-07T18:32:32.475+0000] {dag.py:3504} INFO - Setting next_dagrun for example_task_group_decorator to 2024-03-06T18:32:32.475144+00:00, run_after=2024-03-07T18:32:32.475144+00:00
[2024-03-07T18:32:32.516+0000] {processor.py:179} INFO - Processing /usr/local/python/3.10.13/lib/python3.10/site-packages/airflow/example_dags/example_task_group_decorator.py took 0.089 seconds
[2024-03-07T18:33:16.980+0000] {processor.py:157} INFO - Started process (PID=8059) to work on /usr/local/python/3.10.13/lib/python3.10/site-packages/airflow/example_dags/example_task_group_decorator.py
[2024-03-07T18:33:16.981+0000] {processor.py:826} INFO - Processing file /usr/local/python/3.10.13/lib/python3.10/site-packages/airflow/example_dags/example_task_group_decorator.py for tasks to queue
[2024-03-07T18:33:16.981+0000] {logging_mixin.py:150} INFO - [2024-03-07T18:33:16.981+0000] {dagbag.py:541} INFO - Filling up the DagBag from /usr/local/python/3.10.13/lib/python3.10/site-packages/airflow/example_dags/example_task_group_decorator.py
[2024-03-07T18:33:16.994+0000] {processor.py:836} INFO - DAG(s) dict_keys(['example_task_group_decorator']) retrieved from /usr/local/python/3.10.13/lib/python3.10/site-packages/airflow/example_dags/example_task_group_decorator.py
[2024-03-07T18:33:17.009+0000] {logging_mixin.py:150} INFO - [2024-03-07T18:33:17.009+0000] {dag.py:2742} INFO - Sync 1 DAGs
[2024-03-07T18:33:17.026+0000] {logging_mixin.py:150} INFO - [2024-03-07T18:33:17.025+0000] {dag.py:3504} INFO - Setting next_dagrun for example_task_group_decorator to 2024-03-06T18:33:17.025653+00:00, run_after=2024-03-07T18:33:17.025653+00:00
[2024-03-07T18:33:17.066+0000] {processor.py:179} INFO - Processing /usr/local/python/3.10.13/lib/python3.10/site-packages/airflow/example_dags/example_task_group_decorator.py took 0.088 seconds
[2024-03-07T18:34:02.538+0000] {processor.py:157} INFO - Started process (PID=8473) to work on /usr/local/python/3.10.13/lib/python3.10/site-packages/airflow/example_dags/example_task_group_decorator.py
[2024-03-07T18:34:02.539+0000] {processor.py:826} INFO - Processing file /usr/local/python/3.10.13/lib/python3.10/site-packages/airflow/example_dags/example_task_group_decorator.py for tasks to queue
[2024-03-07T18:34:02.539+0000] {logging_mixin.py:150} INFO - [2024-03-07T18:34:02.539+0000] {dagbag.py:541} INFO - Filling up the DagBag from /usr/local/python/3.10.13/lib/python3.10/site-packages/airflow/example_dags/example_task_group_decorator.py
[2024-03-07T18:34:02.551+0000] {processor.py:836} INFO - DAG(s) dict_keys(['example_task_group_decorator']) retrieved from /usr/local/python/3.10.13/lib/python3.10/site-packages/airflow/example_dags/example_task_group_decorator.py
[2024-03-07T18:34:02.567+0000] {logging_mixin.py:150} INFO - [2024-03-07T18:34:02.567+0000] {dag.py:2742} INFO - Sync 1 DAGs
[2024-03-07T18:34:02.583+0000] {logging_mixin.py:150} INFO - [2024-03-07T18:34:02.583+0000] {dag.py:3504} INFO - Setting next_dagrun for example_task_group_decorator to 2024-03-06T18:34:02.583543+00:00, run_after=2024-03-07T18:34:02.583543+00:00
[2024-03-07T18:34:02.625+0000] {processor.py:179} INFO - Processing /usr/local/python/3.10.13/lib/python3.10/site-packages/airflow/example_dags/example_task_group_decorator.py took 0.089 seconds
[2024-03-07T18:34:35.854+0000] {processor.py:157} INFO - Started process (PID=8882) to work on /usr/local/python/3.10.13/lib/python3.10/site-packages/airflow/example_dags/example_task_group_decorator.py
[2024-03-07T18:34:35.854+0000] {processor.py:826} INFO - Processing file /usr/local/python/3.10.13/lib/python3.10/site-packages/airflow/example_dags/example_task_group_decorator.py for tasks to queue
[2024-03-07T18:34:35.855+0000] {logging_mixin.py:150} INFO - [2024-03-07T18:34:35.855+0000] {dagbag.py:541} INFO - Filling up the DagBag from /usr/local/python/3.10.13/lib/python3.10/site-packages/airflow/example_dags/example_task_group_decorator.py
[2024-03-07T18:34:35.868+0000] {processor.py:836} INFO - DAG(s) dict_keys(['example_task_group_decorator']) retrieved from /usr/local/python/3.10.13/lib/python3.10/site-packages/airflow/example_dags/example_task_group_decorator.py
[2024-03-07T18:34:35.884+0000] {logging_mixin.py:150} INFO - [2024-03-07T18:34:35.884+0000] {dag.py:2742} INFO - Sync 1 DAGs
[2024-03-07T18:34:35.899+0000] {logging_mixin.py:150} INFO - [2024-03-07T18:34:35.899+0000] {dag.py:3504} INFO - Setting next_dagrun for example_task_group_decorator to 2024-03-06T18:34:35.899258+00:00, run_after=2024-03-07T18:34:35.899258+00:00
[2024-03-07T18:34:35.939+0000] {processor.py:179} INFO - Processing /usr/local/python/3.10.13/lib/python3.10/site-packages/airflow/example_dags/example_task_group_decorator.py took 0.088 seconds
[2024-03-07T18:35:25.023+0000] {processor.py:157} INFO - Started process (PID=9414) to work on /usr/local/python/3.10.13/lib/python3.10/site-packages/airflow/example_dags/example_task_group_decorator.py
[2024-03-07T18:35:25.024+0000] {processor.py:826} INFO - Processing file /usr/local/python/3.10.13/lib/python3.10/site-packages/airflow/example_dags/example_task_group_decorator.py for tasks to queue
[2024-03-07T18:35:25.025+0000] {logging_mixin.py:150} INFO - [2024-03-07T18:35:25.024+0000] {dagbag.py:541} INFO - Filling up the DagBag from /usr/local/python/3.10.13/lib/python3.10/site-packages/airflow/example_dags/example_task_group_decorator.py
[2024-03-07T18:35:25.037+0000] {processor.py:836} INFO - DAG(s) dict_keys(['example_task_group_decorator']) retrieved from /usr/local/python/3.10.13/lib/python3.10/site-packages/airflow/example_dags/example_task_group_decorator.py
[2024-03-07T18:35:25.054+0000] {logging_mixin.py:150} INFO - [2024-03-07T18:35:25.054+0000] {dag.py:2742} INFO - Sync 1 DAGs
[2024-03-07T18:35:25.071+0000] {logging_mixin.py:150} INFO - [2024-03-07T18:35:25.070+0000] {dag.py:3504} INFO - Setting next_dagrun for example_task_group_decorator to 2024-03-06T18:35:25.070753+00:00, run_after=2024-03-07T18:35:25.070753+00:00
[2024-03-07T18:35:25.111+0000] {processor.py:179} INFO - Processing /usr/local/python/3.10.13/lib/python3.10/site-packages/airflow/example_dags/example_task_group_decorator.py took 0.090 seconds
