[2024-03-07T18:27:27.355+0000] {processor.py:157} INFO - Started process (PID=5199) to work on /usr/local/python/3.10.13/lib/python3.10/site-packages/airflow/example_dags/example_nested_branch_dag.py
[2024-03-07T18:27:27.355+0000] {processor.py:826} INFO - Processing file /usr/local/python/3.10.13/lib/python3.10/site-packages/airflow/example_dags/example_nested_branch_dag.py for tasks to queue
[2024-03-07T18:27:27.356+0000] {logging_mixin.py:150} INFO - [2024-03-07T18:27:27.356+0000] {dagbag.py:541} INFO - Filling up the DagBag from /usr/local/python/3.10.13/lib/python3.10/site-packages/airflow/example_dags/example_nested_branch_dag.py
[2024-03-07T18:27:27.364+0000] {processor.py:836} INFO - DAG(s) dict_keys(['example_nested_branch_dag']) retrieved from /usr/local/python/3.10.13/lib/python3.10/site-packages/airflow/example_dags/example_nested_branch_dag.py
[2024-03-07T18:27:27.497+0000] {logging_mixin.py:150} INFO - [2024-03-07T18:27:27.497+0000] {manager.py:504} INFO - Created Permission View: can edit on DAG:example_nested_branch_dag
[2024-03-07T18:27:27.529+0000] {logging_mixin.py:150} INFO - [2024-03-07T18:27:27.529+0000] {manager.py:504} INFO - Created Permission View: can delete on DAG:example_nested_branch_dag
[2024-03-07T18:27:27.559+0000] {logging_mixin.py:150} INFO - [2024-03-07T18:27:27.559+0000] {manager.py:504} INFO - Created Permission View: can read on DAG:example_nested_branch_dag
[2024-03-07T18:27:27.568+0000] {logging_mixin.py:150} INFO - [2024-03-07T18:27:27.568+0000] {dag.py:2742} INFO - Sync 1 DAGs
[2024-03-07T18:27:27.576+0000] {logging_mixin.py:150} INFO - [2024-03-07T18:27:27.575+0000] {dag.py:2763} INFO - Creating ORM DAG for example_nested_branch_dag
[2024-03-07T18:27:27.584+0000] {logging_mixin.py:150} INFO - [2024-03-07T18:27:27.584+0000] {dag.py:3504} INFO - Setting next_dagrun for example_nested_branch_dag to 2024-03-06T00:00:00+00:00, run_after=2024-03-07T00:00:00+00:00
[2024-03-07T18:27:27.635+0000] {processor.py:179} INFO - Processing /usr/local/python/3.10.13/lib/python3.10/site-packages/airflow/example_dags/example_nested_branch_dag.py took 0.283 seconds
[2024-03-07T18:28:16.964+0000] {processor.py:157} INFO - Started process (PID=5568) to work on /usr/local/python/3.10.13/lib/python3.10/site-packages/airflow/example_dags/example_nested_branch_dag.py
[2024-03-07T18:28:16.965+0000] {processor.py:826} INFO - Processing file /usr/local/python/3.10.13/lib/python3.10/site-packages/airflow/example_dags/example_nested_branch_dag.py for tasks to queue
[2024-03-07T18:28:16.966+0000] {logging_mixin.py:150} INFO - [2024-03-07T18:28:16.965+0000] {dagbag.py:541} INFO - Filling up the DagBag from /usr/local/python/3.10.13/lib/python3.10/site-packages/airflow/example_dags/example_nested_branch_dag.py
[2024-03-07T18:28:16.975+0000] {processor.py:836} INFO - DAG(s) dict_keys(['example_nested_branch_dag']) retrieved from /usr/local/python/3.10.13/lib/python3.10/site-packages/airflow/example_dags/example_nested_branch_dag.py
[2024-03-07T18:28:16.989+0000] {logging_mixin.py:150} INFO - [2024-03-07T18:28:16.989+0000] {dag.py:2742} INFO - Sync 1 DAGs
[2024-03-07T18:28:17.008+0000] {logging_mixin.py:150} INFO - [2024-03-07T18:28:17.008+0000] {dag.py:3504} INFO - Setting next_dagrun for example_nested_branch_dag to 2024-03-06T00:00:00+00:00, run_after=2024-03-07T00:00:00+00:00
[2024-03-07T18:28:17.048+0000] {processor.py:179} INFO - Processing /usr/local/python/3.10.13/lib/python3.10/site-packages/airflow/example_dags/example_nested_branch_dag.py took 0.087 seconds
[2024-03-07T18:29:10.590+0000] {processor.py:157} INFO - Started process (PID=5965) to work on /usr/local/python/3.10.13/lib/python3.10/site-packages/airflow/example_dags/example_nested_branch_dag.py
[2024-03-07T18:29:10.591+0000] {processor.py:826} INFO - Processing file /usr/local/python/3.10.13/lib/python3.10/site-packages/airflow/example_dags/example_nested_branch_dag.py for tasks to queue
[2024-03-07T18:29:10.592+0000] {logging_mixin.py:150} INFO - [2024-03-07T18:29:10.591+0000] {dagbag.py:541} INFO - Filling up the DagBag from /usr/local/python/3.10.13/lib/python3.10/site-packages/airflow/example_dags/example_nested_branch_dag.py
[2024-03-07T18:29:10.600+0000] {processor.py:836} INFO - DAG(s) dict_keys(['example_nested_branch_dag']) retrieved from /usr/local/python/3.10.13/lib/python3.10/site-packages/airflow/example_dags/example_nested_branch_dag.py
[2024-03-07T18:29:10.615+0000] {logging_mixin.py:150} INFO - [2024-03-07T18:29:10.614+0000] {dag.py:2742} INFO - Sync 1 DAGs
[2024-03-07T18:29:10.633+0000] {logging_mixin.py:150} INFO - [2024-03-07T18:29:10.632+0000] {dag.py:3504} INFO - Setting next_dagrun for example_nested_branch_dag to 2024-03-06T00:00:00+00:00, run_after=2024-03-07T00:00:00+00:00
[2024-03-07T18:29:10.674+0000] {processor.py:179} INFO - Processing /usr/local/python/3.10.13/lib/python3.10/site-packages/airflow/example_dags/example_nested_branch_dag.py took 0.086 seconds
[2024-03-07T18:30:01.659+0000] {processor.py:157} INFO - Started process (PID=6344) to work on /usr/local/python/3.10.13/lib/python3.10/site-packages/airflow/example_dags/example_nested_branch_dag.py
[2024-03-07T18:30:01.659+0000] {processor.py:826} INFO - Processing file /usr/local/python/3.10.13/lib/python3.10/site-packages/airflow/example_dags/example_nested_branch_dag.py for tasks to queue
[2024-03-07T18:30:01.660+0000] {logging_mixin.py:150} INFO - [2024-03-07T18:30:01.660+0000] {dagbag.py:541} INFO - Filling up the DagBag from /usr/local/python/3.10.13/lib/python3.10/site-packages/airflow/example_dags/example_nested_branch_dag.py
[2024-03-07T18:30:01.668+0000] {processor.py:836} INFO - DAG(s) dict_keys(['example_nested_branch_dag']) retrieved from /usr/local/python/3.10.13/lib/python3.10/site-packages/airflow/example_dags/example_nested_branch_dag.py
[2024-03-07T18:30:01.683+0000] {logging_mixin.py:150} INFO - [2024-03-07T18:30:01.682+0000] {dag.py:2742} INFO - Sync 1 DAGs
[2024-03-07T18:30:01.700+0000] {logging_mixin.py:150} INFO - [2024-03-07T18:30:01.700+0000] {dag.py:3504} INFO - Setting next_dagrun for example_nested_branch_dag to 2024-03-06T00:00:00+00:00, run_after=2024-03-07T00:00:00+00:00
[2024-03-07T18:30:01.744+0000] {processor.py:179} INFO - Processing /usr/local/python/3.10.13/lib/python3.10/site-packages/airflow/example_dags/example_nested_branch_dag.py took 0.088 seconds
[2024-03-07T18:30:48.338+0000] {processor.py:157} INFO - Started process (PID=6673) to work on /usr/local/python/3.10.13/lib/python3.10/site-packages/airflow/example_dags/example_nested_branch_dag.py
[2024-03-07T18:30:48.338+0000] {processor.py:826} INFO - Processing file /usr/local/python/3.10.13/lib/python3.10/site-packages/airflow/example_dags/example_nested_branch_dag.py for tasks to queue
[2024-03-07T18:30:48.339+0000] {logging_mixin.py:150} INFO - [2024-03-07T18:30:48.339+0000] {dagbag.py:541} INFO - Filling up the DagBag from /usr/local/python/3.10.13/lib/python3.10/site-packages/airflow/example_dags/example_nested_branch_dag.py
[2024-03-07T18:30:48.347+0000] {processor.py:836} INFO - DAG(s) dict_keys(['example_nested_branch_dag']) retrieved from /usr/local/python/3.10.13/lib/python3.10/site-packages/airflow/example_dags/example_nested_branch_dag.py
[2024-03-07T18:30:48.361+0000] {logging_mixin.py:150} INFO - [2024-03-07T18:30:48.361+0000] {dag.py:2742} INFO - Sync 1 DAGs
[2024-03-07T18:30:48.378+0000] {logging_mixin.py:150} INFO - [2024-03-07T18:30:48.378+0000] {dag.py:3504} INFO - Setting next_dagrun for example_nested_branch_dag to 2024-03-06T00:00:00+00:00, run_after=2024-03-07T00:00:00+00:00
[2024-03-07T18:30:48.423+0000] {processor.py:179} INFO - Processing /usr/local/python/3.10.13/lib/python3.10/site-packages/airflow/example_dags/example_nested_branch_dag.py took 0.088 seconds
[2024-03-07T18:31:35.558+0000] {processor.py:157} INFO - Started process (PID=7020) to work on /usr/local/python/3.10.13/lib/python3.10/site-packages/airflow/example_dags/example_nested_branch_dag.py
[2024-03-07T18:31:35.559+0000] {processor.py:826} INFO - Processing file /usr/local/python/3.10.13/lib/python3.10/site-packages/airflow/example_dags/example_nested_branch_dag.py for tasks to queue
[2024-03-07T18:31:35.560+0000] {logging_mixin.py:150} INFO - [2024-03-07T18:31:35.559+0000] {dagbag.py:541} INFO - Filling up the DagBag from /usr/local/python/3.10.13/lib/python3.10/site-packages/airflow/example_dags/example_nested_branch_dag.py
[2024-03-07T18:31:35.569+0000] {processor.py:836} INFO - DAG(s) dict_keys(['example_nested_branch_dag']) retrieved from /usr/local/python/3.10.13/lib/python3.10/site-packages/airflow/example_dags/example_nested_branch_dag.py
[2024-03-07T18:31:35.582+0000] {logging_mixin.py:150} INFO - [2024-03-07T18:31:35.582+0000] {dag.py:2742} INFO - Sync 1 DAGs
[2024-03-07T18:31:35.599+0000] {logging_mixin.py:150} INFO - [2024-03-07T18:31:35.598+0000] {dag.py:3504} INFO - Setting next_dagrun for example_nested_branch_dag to 2024-03-06T00:00:00+00:00, run_after=2024-03-07T00:00:00+00:00
[2024-03-07T18:31:35.639+0000] {processor.py:179} INFO - Processing /usr/local/python/3.10.13/lib/python3.10/site-packages/airflow/example_dags/example_nested_branch_dag.py took 0.085 seconds
[2024-03-07T18:32:25.520+0000] {processor.py:157} INFO - Started process (PID=7497) to work on /usr/local/python/3.10.13/lib/python3.10/site-packages/airflow/example_dags/example_nested_branch_dag.py
[2024-03-07T18:32:25.521+0000] {processor.py:826} INFO - Processing file /usr/local/python/3.10.13/lib/python3.10/site-packages/airflow/example_dags/example_nested_branch_dag.py for tasks to queue
[2024-03-07T18:32:25.522+0000] {logging_mixin.py:150} INFO - [2024-03-07T18:32:25.521+0000] {dagbag.py:541} INFO - Filling up the DagBag from /usr/local/python/3.10.13/lib/python3.10/site-packages/airflow/example_dags/example_nested_branch_dag.py
[2024-03-07T18:32:25.530+0000] {processor.py:836} INFO - DAG(s) dict_keys(['example_nested_branch_dag']) retrieved from /usr/local/python/3.10.13/lib/python3.10/site-packages/airflow/example_dags/example_nested_branch_dag.py
[2024-03-07T18:32:25.544+0000] {logging_mixin.py:150} INFO - [2024-03-07T18:32:25.544+0000] {dag.py:2742} INFO - Sync 1 DAGs
[2024-03-07T18:32:25.563+0000] {logging_mixin.py:150} INFO - [2024-03-07T18:32:25.563+0000] {dag.py:3504} INFO - Setting next_dagrun for example_nested_branch_dag to 2024-03-06T00:00:00+00:00, run_after=2024-03-07T00:00:00+00:00
[2024-03-07T18:32:25.607+0000] {processor.py:179} INFO - Processing /usr/local/python/3.10.13/lib/python3.10/site-packages/airflow/example_dags/example_nested_branch_dag.py took 0.090 seconds
[2024-03-07T18:33:10.619+0000] {processor.py:157} INFO - Started process (PID=7999) to work on /usr/local/python/3.10.13/lib/python3.10/site-packages/airflow/example_dags/example_nested_branch_dag.py
[2024-03-07T18:33:10.620+0000] {processor.py:826} INFO - Processing file /usr/local/python/3.10.13/lib/python3.10/site-packages/airflow/example_dags/example_nested_branch_dag.py for tasks to queue
[2024-03-07T18:33:10.620+0000] {logging_mixin.py:150} INFO - [2024-03-07T18:33:10.620+0000] {dagbag.py:541} INFO - Filling up the DagBag from /usr/local/python/3.10.13/lib/python3.10/site-packages/airflow/example_dags/example_nested_branch_dag.py
[2024-03-07T18:33:10.628+0000] {processor.py:836} INFO - DAG(s) dict_keys(['example_nested_branch_dag']) retrieved from /usr/local/python/3.10.13/lib/python3.10/site-packages/airflow/example_dags/example_nested_branch_dag.py
[2024-03-07T18:33:10.643+0000] {logging_mixin.py:150} INFO - [2024-03-07T18:33:10.643+0000] {dag.py:2742} INFO - Sync 1 DAGs
[2024-03-07T18:33:10.661+0000] {logging_mixin.py:150} INFO - [2024-03-07T18:33:10.661+0000] {dag.py:3504} INFO - Setting next_dagrun for example_nested_branch_dag to 2024-03-06T00:00:00+00:00, run_after=2024-03-07T00:00:00+00:00
[2024-03-07T18:33:10.706+0000] {processor.py:179} INFO - Processing /usr/local/python/3.10.13/lib/python3.10/site-packages/airflow/example_dags/example_nested_branch_dag.py took 0.089 seconds
[2024-03-07T18:33:55.988+0000] {processor.py:157} INFO - Started process (PID=8418) to work on /usr/local/python/3.10.13/lib/python3.10/site-packages/airflow/example_dags/example_nested_branch_dag.py
[2024-03-07T18:33:55.989+0000] {processor.py:826} INFO - Processing file /usr/local/python/3.10.13/lib/python3.10/site-packages/airflow/example_dags/example_nested_branch_dag.py for tasks to queue
[2024-03-07T18:33:55.989+0000] {logging_mixin.py:150} INFO - [2024-03-07T18:33:55.989+0000] {dagbag.py:541} INFO - Filling up the DagBag from /usr/local/python/3.10.13/lib/python3.10/site-packages/airflow/example_dags/example_nested_branch_dag.py
[2024-03-07T18:33:56.002+0000] {processor.py:836} INFO - DAG(s) dict_keys(['example_nested_branch_dag']) retrieved from /usr/local/python/3.10.13/lib/python3.10/site-packages/airflow/example_dags/example_nested_branch_dag.py
[2024-03-07T18:33:56.017+0000] {logging_mixin.py:150} INFO - [2024-03-07T18:33:56.017+0000] {dag.py:2742} INFO - Sync 1 DAGs
[2024-03-07T18:33:56.035+0000] {logging_mixin.py:150} INFO - [2024-03-07T18:33:56.034+0000] {dag.py:3504} INFO - Setting next_dagrun for example_nested_branch_dag to 2024-03-06T00:00:00+00:00, run_after=2024-03-07T00:00:00+00:00
[2024-03-07T18:33:56.076+0000] {processor.py:179} INFO - Processing /usr/local/python/3.10.13/lib/python3.10/site-packages/airflow/example_dags/example_nested_branch_dag.py took 0.090 seconds
[2024-03-07T18:34:45.427+0000] {processor.py:157} INFO - Started process (PID=8969) to work on /usr/local/python/3.10.13/lib/python3.10/site-packages/airflow/example_dags/example_nested_branch_dag.py
[2024-03-07T18:34:45.427+0000] {processor.py:826} INFO - Processing file /usr/local/python/3.10.13/lib/python3.10/site-packages/airflow/example_dags/example_nested_branch_dag.py for tasks to queue
[2024-03-07T18:34:45.428+0000] {logging_mixin.py:150} INFO - [2024-03-07T18:34:45.428+0000] {dagbag.py:541} INFO - Filling up the DagBag from /usr/local/python/3.10.13/lib/python3.10/site-packages/airflow/example_dags/example_nested_branch_dag.py
[2024-03-07T18:34:45.436+0000] {processor.py:836} INFO - DAG(s) dict_keys(['example_nested_branch_dag']) retrieved from /usr/local/python/3.10.13/lib/python3.10/site-packages/airflow/example_dags/example_nested_branch_dag.py
[2024-03-07T18:34:45.452+0000] {logging_mixin.py:150} INFO - [2024-03-07T18:34:45.452+0000] {dag.py:2742} INFO - Sync 1 DAGs
[2024-03-07T18:34:45.471+0000] {logging_mixin.py:150} INFO - [2024-03-07T18:34:45.471+0000] {dag.py:3504} INFO - Setting next_dagrun for example_nested_branch_dag to 2024-03-06T00:00:00+00:00, run_after=2024-03-07T00:00:00+00:00
[2024-03-07T18:34:45.512+0000] {processor.py:179} INFO - Processing /usr/local/python/3.10.13/lib/python3.10/site-packages/airflow/example_dags/example_nested_branch_dag.py took 0.088 seconds
[2024-03-07T18:35:35.185+0000] {processor.py:157} INFO - Started process (PID=9518) to work on /usr/local/python/3.10.13/lib/python3.10/site-packages/airflow/example_dags/example_nested_branch_dag.py
[2024-03-07T18:35:35.185+0000] {processor.py:826} INFO - Processing file /usr/local/python/3.10.13/lib/python3.10/site-packages/airflow/example_dags/example_nested_branch_dag.py for tasks to queue
[2024-03-07T18:35:35.186+0000] {logging_mixin.py:150} INFO - [2024-03-07T18:35:35.186+0000] {dagbag.py:541} INFO - Filling up the DagBag from /usr/local/python/3.10.13/lib/python3.10/site-packages/airflow/example_dags/example_nested_branch_dag.py
[2024-03-07T18:35:35.194+0000] {processor.py:836} INFO - DAG(s) dict_keys(['example_nested_branch_dag']) retrieved from /usr/local/python/3.10.13/lib/python3.10/site-packages/airflow/example_dags/example_nested_branch_dag.py
[2024-03-07T18:35:35.208+0000] {logging_mixin.py:150} INFO - [2024-03-07T18:35:35.208+0000] {dag.py:2742} INFO - Sync 1 DAGs
[2024-03-07T18:35:35.225+0000] {logging_mixin.py:150} INFO - [2024-03-07T18:35:35.225+0000] {dag.py:3504} INFO - Setting next_dagrun for example_nested_branch_dag to 2024-03-06T00:00:00+00:00, run_after=2024-03-07T00:00:00+00:00
[2024-03-07T18:35:35.265+0000] {processor.py:179} INFO - Processing /usr/local/python/3.10.13/lib/python3.10/site-packages/airflow/example_dags/example_nested_branch_dag.py took 0.082 seconds
