[2024-03-07T18:27:39.026+0000] {processor.py:157} INFO - Started process (PID=5280) to work on /usr/local/python/3.10.13/lib/python3.10/site-packages/airflow/example_dags/example_branch_datetime_operator.py
[2024-03-07T18:27:39.027+0000] {processor.py:826} INFO - Processing file /usr/local/python/3.10.13/lib/python3.10/site-packages/airflow/example_dags/example_branch_datetime_operator.py for tasks to queue
[2024-03-07T18:27:39.028+0000] {logging_mixin.py:150} INFO - [2024-03-07T18:27:39.028+0000] {dagbag.py:541} INFO - Filling up the DagBag from /usr/local/python/3.10.13/lib/python3.10/site-packages/airflow/example_dags/example_branch_datetime_operator.py
[2024-03-07T18:27:39.036+0000] {processor.py:836} INFO - DAG(s) dict_keys(['example_branch_datetime_operator_2', 'example_branch_datetime_operator_3', 'example_branch_datetime_operator']) retrieved from /usr/local/python/3.10.13/lib/python3.10/site-packages/airflow/example_dags/example_branch_datetime_operator.py
[2024-03-07T18:27:39.174+0000] {logging_mixin.py:150} INFO - [2024-03-07T18:27:39.173+0000] {manager.py:504} INFO - Created Permission View: can edit on DAG:example_branch_datetime_operator_2
[2024-03-07T18:27:39.207+0000] {logging_mixin.py:150} INFO - [2024-03-07T18:27:39.206+0000] {manager.py:504} INFO - Created Permission View: can delete on DAG:example_branch_datetime_operator_2
[2024-03-07T18:27:39.241+0000] {logging_mixin.py:150} INFO - [2024-03-07T18:27:39.241+0000] {manager.py:504} INFO - Created Permission View: can read on DAG:example_branch_datetime_operator_2
[2024-03-07T18:27:39.317+0000] {logging_mixin.py:150} INFO - [2024-03-07T18:27:39.316+0000] {manager.py:504} INFO - Created Permission View: can edit on DAG:example_branch_datetime_operator_3
[2024-03-07T18:27:39.345+0000] {logging_mixin.py:150} INFO - [2024-03-07T18:27:39.345+0000] {manager.py:504} INFO - Created Permission View: can delete on DAG:example_branch_datetime_operator_3
[2024-03-07T18:27:39.375+0000] {logging_mixin.py:150} INFO - [2024-03-07T18:27:39.374+0000] {manager.py:504} INFO - Created Permission View: can read on DAG:example_branch_datetime_operator_3
[2024-03-07T18:27:39.459+0000] {logging_mixin.py:150} INFO - [2024-03-07T18:27:39.459+0000] {manager.py:504} INFO - Created Permission View: can edit on DAG:example_branch_datetime_operator
[2024-03-07T18:27:39.489+0000] {logging_mixin.py:150} INFO - [2024-03-07T18:27:39.489+0000] {manager.py:504} INFO - Created Permission View: can delete on DAG:example_branch_datetime_operator
[2024-03-07T18:27:39.519+0000] {logging_mixin.py:150} INFO - [2024-03-07T18:27:39.519+0000] {manager.py:504} INFO - Created Permission View: can read on DAG:example_branch_datetime_operator
[2024-03-07T18:27:39.523+0000] {logging_mixin.py:150} INFO - [2024-03-07T18:27:39.523+0000] {dag.py:2742} INFO - Sync 3 DAGs
[2024-03-07T18:27:39.532+0000] {logging_mixin.py:150} INFO - [2024-03-07T18:27:39.532+0000] {dag.py:2763} INFO - Creating ORM DAG for example_branch_datetime_operator_2
[2024-03-07T18:27:39.533+0000] {logging_mixin.py:150} INFO - [2024-03-07T18:27:39.533+0000] {dag.py:2763} INFO - Creating ORM DAG for example_branch_datetime_operator_3
[2024-03-07T18:27:39.533+0000] {logging_mixin.py:150} INFO - [2024-03-07T18:27:39.533+0000] {dag.py:2763} INFO - Creating ORM DAG for example_branch_datetime_operator
[2024-03-07T18:27:39.542+0000] {logging_mixin.py:150} INFO - [2024-03-07T18:27:39.541+0000] {dag.py:3504} INFO - Setting next_dagrun for example_branch_datetime_operator to 2024-03-06T00:00:00+00:00, run_after=2024-03-07T00:00:00+00:00
[2024-03-07T18:27:39.543+0000] {logging_mixin.py:150} INFO - [2024-03-07T18:27:39.543+0000] {dag.py:3504} INFO - Setting next_dagrun for example_branch_datetime_operator_2 to 2024-03-06T00:00:00+00:00, run_after=2024-03-07T00:00:00+00:00
[2024-03-07T18:27:39.545+0000] {logging_mixin.py:150} INFO - [2024-03-07T18:27:39.545+0000] {dag.py:3504} INFO - Setting next_dagrun for example_branch_datetime_operator_3 to 2024-03-06T00:00:00+00:00, run_after=2024-03-07T00:00:00+00:00
[2024-03-07T18:27:39.594+0000] {processor.py:179} INFO - Processing /usr/local/python/3.10.13/lib/python3.10/site-packages/airflow/example_dags/example_branch_datetime_operator.py took 0.569 seconds
[2024-03-07T18:28:36.368+0000] {processor.py:157} INFO - Started process (PID=5711) to work on /usr/local/python/3.10.13/lib/python3.10/site-packages/airflow/example_dags/example_branch_datetime_operator.py
[2024-03-07T18:28:36.369+0000] {processor.py:826} INFO - Processing file /usr/local/python/3.10.13/lib/python3.10/site-packages/airflow/example_dags/example_branch_datetime_operator.py for tasks to queue
[2024-03-07T18:28:36.369+0000] {logging_mixin.py:150} INFO - [2024-03-07T18:28:36.369+0000] {dagbag.py:541} INFO - Filling up the DagBag from /usr/local/python/3.10.13/lib/python3.10/site-packages/airflow/example_dags/example_branch_datetime_operator.py
[2024-03-07T18:28:36.378+0000] {processor.py:836} INFO - DAG(s) dict_keys(['example_branch_datetime_operator_3', 'example_branch_datetime_operator_2', 'example_branch_datetime_operator']) retrieved from /usr/local/python/3.10.13/lib/python3.10/site-packages/airflow/example_dags/example_branch_datetime_operator.py
[2024-03-07T18:28:36.396+0000] {logging_mixin.py:150} INFO - [2024-03-07T18:28:36.396+0000] {dag.py:2742} INFO - Sync 3 DAGs
[2024-03-07T18:28:36.414+0000] {logging_mixin.py:150} INFO - [2024-03-07T18:28:36.414+0000] {dag.py:3504} INFO - Setting next_dagrun for example_branch_datetime_operator to 2024-03-06T00:00:00+00:00, run_after=2024-03-07T00:00:00+00:00
[2024-03-07T18:28:36.418+0000] {logging_mixin.py:150} INFO - [2024-03-07T18:28:36.418+0000] {dag.py:3504} INFO - Setting next_dagrun for example_branch_datetime_operator_2 to 2024-03-06T00:00:00+00:00, run_after=2024-03-07T00:00:00+00:00
[2024-03-07T18:28:36.420+0000] {logging_mixin.py:150} INFO - [2024-03-07T18:28:36.420+0000] {dag.py:3504} INFO - Setting next_dagrun for example_branch_datetime_operator_3 to 2024-03-06T00:00:00+00:00, run_after=2024-03-07T00:00:00+00:00
[2024-03-07T18:28:36.457+0000] {processor.py:179} INFO - Processing /usr/local/python/3.10.13/lib/python3.10/site-packages/airflow/example_dags/example_branch_datetime_operator.py took 0.092 seconds
[2024-03-07T18:29:29.776+0000] {processor.py:157} INFO - Started process (PID=6109) to work on /usr/local/python/3.10.13/lib/python3.10/site-packages/airflow/example_dags/example_branch_datetime_operator.py
[2024-03-07T18:29:29.777+0000] {processor.py:826} INFO - Processing file /usr/local/python/3.10.13/lib/python3.10/site-packages/airflow/example_dags/example_branch_datetime_operator.py for tasks to queue
[2024-03-07T18:29:29.778+0000] {logging_mixin.py:150} INFO - [2024-03-07T18:29:29.777+0000] {dagbag.py:541} INFO - Filling up the DagBag from /usr/local/python/3.10.13/lib/python3.10/site-packages/airflow/example_dags/example_branch_datetime_operator.py
[2024-03-07T18:29:29.790+0000] {processor.py:836} INFO - DAG(s) dict_keys(['example_branch_datetime_operator_2', 'example_branch_datetime_operator', 'example_branch_datetime_operator_3']) retrieved from /usr/local/python/3.10.13/lib/python3.10/site-packages/airflow/example_dags/example_branch_datetime_operator.py
[2024-03-07T18:29:29.824+0000] {logging_mixin.py:150} INFO - [2024-03-07T18:29:29.824+0000] {dag.py:2742} INFO - Sync 3 DAGs
[2024-03-07T18:29:29.864+0000] {logging_mixin.py:150} INFO - [2024-03-07T18:29:29.863+0000] {dag.py:3504} INFO - Setting next_dagrun for example_branch_datetime_operator to 2024-03-06T00:00:00+00:00, run_after=2024-03-07T00:00:00+00:00
[2024-03-07T18:29:29.871+0000] {logging_mixin.py:150} INFO - [2024-03-07T18:29:29.871+0000] {dag.py:3504} INFO - Setting next_dagrun for example_branch_datetime_operator_2 to 2024-03-06T00:00:00+00:00, run_after=2024-03-07T00:00:00+00:00
[2024-03-07T18:29:29.873+0000] {logging_mixin.py:150} INFO - [2024-03-07T18:29:29.873+0000] {dag.py:3504} INFO - Setting next_dagrun for example_branch_datetime_operator_3 to 2024-03-06T00:00:00+00:00, run_after=2024-03-07T00:00:00+00:00
[2024-03-07T18:29:29.913+0000] {processor.py:179} INFO - Processing /usr/local/python/3.10.13/lib/python3.10/site-packages/airflow/example_dags/example_branch_datetime_operator.py took 0.139 seconds
[2024-03-07T18:30:19.336+0000] {processor.py:157} INFO - Started process (PID=6473) to work on /usr/local/python/3.10.13/lib/python3.10/site-packages/airflow/example_dags/example_branch_datetime_operator.py
[2024-03-07T18:30:19.337+0000] {processor.py:826} INFO - Processing file /usr/local/python/3.10.13/lib/python3.10/site-packages/airflow/example_dags/example_branch_datetime_operator.py for tasks to queue
[2024-03-07T18:30:19.338+0000] {logging_mixin.py:150} INFO - [2024-03-07T18:30:19.337+0000] {dagbag.py:541} INFO - Filling up the DagBag from /usr/local/python/3.10.13/lib/python3.10/site-packages/airflow/example_dags/example_branch_datetime_operator.py
[2024-03-07T18:30:19.346+0000] {processor.py:836} INFO - DAG(s) dict_keys(['example_branch_datetime_operator_2', 'example_branch_datetime_operator_3', 'example_branch_datetime_operator']) retrieved from /usr/local/python/3.10.13/lib/python3.10/site-packages/airflow/example_dags/example_branch_datetime_operator.py
[2024-03-07T18:30:19.363+0000] {logging_mixin.py:150} INFO - [2024-03-07T18:30:19.363+0000] {dag.py:2742} INFO - Sync 3 DAGs
[2024-03-07T18:30:19.380+0000] {logging_mixin.py:150} INFO - [2024-03-07T18:30:19.380+0000] {dag.py:3504} INFO - Setting next_dagrun for example_branch_datetime_operator to 2024-03-06T00:00:00+00:00, run_after=2024-03-07T00:00:00+00:00
[2024-03-07T18:30:19.384+0000] {logging_mixin.py:150} INFO - [2024-03-07T18:30:19.383+0000] {dag.py:3504} INFO - Setting next_dagrun for example_branch_datetime_operator_2 to 2024-03-06T00:00:00+00:00, run_after=2024-03-07T00:00:00+00:00
[2024-03-07T18:30:19.385+0000] {logging_mixin.py:150} INFO - [2024-03-07T18:30:19.385+0000] {dag.py:3504} INFO - Setting next_dagrun for example_branch_datetime_operator_3 to 2024-03-06T00:00:00+00:00, run_after=2024-03-07T00:00:00+00:00
[2024-03-07T18:30:19.424+0000] {processor.py:179} INFO - Processing /usr/local/python/3.10.13/lib/python3.10/site-packages/airflow/example_dags/example_branch_datetime_operator.py took 0.090 seconds
[2024-03-07T18:31:05.299+0000] {processor.py:157} INFO - Started process (PID=6794) to work on /usr/local/python/3.10.13/lib/python3.10/site-packages/airflow/example_dags/example_branch_datetime_operator.py
[2024-03-07T18:31:05.299+0000] {processor.py:826} INFO - Processing file /usr/local/python/3.10.13/lib/python3.10/site-packages/airflow/example_dags/example_branch_datetime_operator.py for tasks to queue
[2024-03-07T18:31:05.300+0000] {logging_mixin.py:150} INFO - [2024-03-07T18:31:05.300+0000] {dagbag.py:541} INFO - Filling up the DagBag from /usr/local/python/3.10.13/lib/python3.10/site-packages/airflow/example_dags/example_branch_datetime_operator.py
[2024-03-07T18:31:05.308+0000] {processor.py:836} INFO - DAG(s) dict_keys(['example_branch_datetime_operator', 'example_branch_datetime_operator_3', 'example_branch_datetime_operator_2']) retrieved from /usr/local/python/3.10.13/lib/python3.10/site-packages/airflow/example_dags/example_branch_datetime_operator.py
[2024-03-07T18:31:05.325+0000] {logging_mixin.py:150} INFO - [2024-03-07T18:31:05.325+0000] {dag.py:2742} INFO - Sync 3 DAGs
[2024-03-07T18:31:05.344+0000] {logging_mixin.py:150} INFO - [2024-03-07T18:31:05.344+0000] {dag.py:3504} INFO - Setting next_dagrun for example_branch_datetime_operator to 2024-03-06T00:00:00+00:00, run_after=2024-03-07T00:00:00+00:00
[2024-03-07T18:31:05.349+0000] {logging_mixin.py:150} INFO - [2024-03-07T18:31:05.348+0000] {dag.py:3504} INFO - Setting next_dagrun for example_branch_datetime_operator_2 to 2024-03-06T00:00:00+00:00, run_after=2024-03-07T00:00:00+00:00
[2024-03-07T18:31:05.351+0000] {logging_mixin.py:150} INFO - [2024-03-07T18:31:05.350+0000] {dag.py:3504} INFO - Setting next_dagrun for example_branch_datetime_operator_3 to 2024-03-06T00:00:00+00:00, run_after=2024-03-07T00:00:00+00:00
[2024-03-07T18:31:05.390+0000] {processor.py:179} INFO - Processing /usr/local/python/3.10.13/lib/python3.10/site-packages/airflow/example_dags/example_branch_datetime_operator.py took 0.093 seconds
[2024-03-07T18:31:53.356+0000] {processor.py:157} INFO - Started process (PID=7138) to work on /usr/local/python/3.10.13/lib/python3.10/site-packages/airflow/example_dags/example_branch_datetime_operator.py
[2024-03-07T18:31:53.357+0000] {processor.py:826} INFO - Processing file /usr/local/python/3.10.13/lib/python3.10/site-packages/airflow/example_dags/example_branch_datetime_operator.py for tasks to queue
[2024-03-07T18:31:53.358+0000] {logging_mixin.py:150} INFO - [2024-03-07T18:31:53.358+0000] {dagbag.py:541} INFO - Filling up the DagBag from /usr/local/python/3.10.13/lib/python3.10/site-packages/airflow/example_dags/example_branch_datetime_operator.py
[2024-03-07T18:31:53.366+0000] {processor.py:836} INFO - DAG(s) dict_keys(['example_branch_datetime_operator_2', 'example_branch_datetime_operator', 'example_branch_datetime_operator_3']) retrieved from /usr/local/python/3.10.13/lib/python3.10/site-packages/airflow/example_dags/example_branch_datetime_operator.py
[2024-03-07T18:31:53.384+0000] {logging_mixin.py:150} INFO - [2024-03-07T18:31:53.384+0000] {dag.py:2742} INFO - Sync 3 DAGs
[2024-03-07T18:31:53.401+0000] {logging_mixin.py:150} INFO - [2024-03-07T18:31:53.401+0000] {dag.py:3504} INFO - Setting next_dagrun for example_branch_datetime_operator to 2024-03-06T00:00:00+00:00, run_after=2024-03-07T00:00:00+00:00
[2024-03-07T18:31:53.405+0000] {logging_mixin.py:150} INFO - [2024-03-07T18:31:53.405+0000] {dag.py:3504} INFO - Setting next_dagrun for example_branch_datetime_operator_2 to 2024-03-06T00:00:00+00:00, run_after=2024-03-07T00:00:00+00:00
[2024-03-07T18:31:53.407+0000] {logging_mixin.py:150} INFO - [2024-03-07T18:31:53.407+0000] {dag.py:3504} INFO - Setting next_dagrun for example_branch_datetime_operator_3 to 2024-03-06T00:00:00+00:00, run_after=2024-03-07T00:00:00+00:00
[2024-03-07T18:31:53.445+0000] {processor.py:179} INFO - Processing /usr/local/python/3.10.13/lib/python3.10/site-packages/airflow/example_dags/example_branch_datetime_operator.py took 0.093 seconds
[2024-03-07T18:32:44.917+0000] {processor.py:157} INFO - Started process (PID=7710) to work on /usr/local/python/3.10.13/lib/python3.10/site-packages/airflow/example_dags/example_branch_datetime_operator.py
[2024-03-07T18:32:44.918+0000] {processor.py:826} INFO - Processing file /usr/local/python/3.10.13/lib/python3.10/site-packages/airflow/example_dags/example_branch_datetime_operator.py for tasks to queue
[2024-03-07T18:32:44.919+0000] {logging_mixin.py:150} INFO - [2024-03-07T18:32:44.918+0000] {dagbag.py:541} INFO - Filling up the DagBag from /usr/local/python/3.10.13/lib/python3.10/site-packages/airflow/example_dags/example_branch_datetime_operator.py
[2024-03-07T18:32:44.929+0000] {processor.py:836} INFO - DAG(s) dict_keys(['example_branch_datetime_operator', 'example_branch_datetime_operator_2', 'example_branch_datetime_operator_3']) retrieved from /usr/local/python/3.10.13/lib/python3.10/site-packages/airflow/example_dags/example_branch_datetime_operator.py
[2024-03-07T18:32:44.948+0000] {logging_mixin.py:150} INFO - [2024-03-07T18:32:44.948+0000] {dag.py:2742} INFO - Sync 3 DAGs
[2024-03-07T18:32:44.967+0000] {logging_mixin.py:150} INFO - [2024-03-07T18:32:44.967+0000] {dag.py:3504} INFO - Setting next_dagrun for example_branch_datetime_operator to 2024-03-06T00:00:00+00:00, run_after=2024-03-07T00:00:00+00:00
[2024-03-07T18:32:44.971+0000] {logging_mixin.py:150} INFO - [2024-03-07T18:32:44.970+0000] {dag.py:3504} INFO - Setting next_dagrun for example_branch_datetime_operator_2 to 2024-03-06T00:00:00+00:00, run_after=2024-03-07T00:00:00+00:00
[2024-03-07T18:32:44.973+0000] {logging_mixin.py:150} INFO - [2024-03-07T18:32:44.973+0000] {dag.py:3504} INFO - Setting next_dagrun for example_branch_datetime_operator_3 to 2024-03-06T00:00:00+00:00, run_after=2024-03-07T00:00:00+00:00
[2024-03-07T18:32:45.011+0000] {processor.py:179} INFO - Processing /usr/local/python/3.10.13/lib/python3.10/site-packages/airflow/example_dags/example_branch_datetime_operator.py took 0.096 seconds
[2024-03-07T18:33:28.666+0000] {processor.py:157} INFO - Started process (PID=8189) to work on /usr/local/python/3.10.13/lib/python3.10/site-packages/airflow/example_dags/example_branch_datetime_operator.py
[2024-03-07T18:33:28.667+0000] {processor.py:826} INFO - Processing file /usr/local/python/3.10.13/lib/python3.10/site-packages/airflow/example_dags/example_branch_datetime_operator.py for tasks to queue
[2024-03-07T18:33:28.668+0000] {logging_mixin.py:150} INFO - [2024-03-07T18:33:28.667+0000] {dagbag.py:541} INFO - Filling up the DagBag from /usr/local/python/3.10.13/lib/python3.10/site-packages/airflow/example_dags/example_branch_datetime_operator.py
[2024-03-07T18:33:28.676+0000] {processor.py:836} INFO - DAG(s) dict_keys(['example_branch_datetime_operator_3', 'example_branch_datetime_operator', 'example_branch_datetime_operator_2']) retrieved from /usr/local/python/3.10.13/lib/python3.10/site-packages/airflow/example_dags/example_branch_datetime_operator.py
[2024-03-07T18:33:28.693+0000] {logging_mixin.py:150} INFO - [2024-03-07T18:33:28.693+0000] {dag.py:2742} INFO - Sync 3 DAGs
[2024-03-07T18:33:28.709+0000] {logging_mixin.py:150} INFO - [2024-03-07T18:33:28.709+0000] {dag.py:3504} INFO - Setting next_dagrun for example_branch_datetime_operator to 2024-03-06T00:00:00+00:00, run_after=2024-03-07T00:00:00+00:00
[2024-03-07T18:33:28.713+0000] {logging_mixin.py:150} INFO - [2024-03-07T18:33:28.713+0000] {dag.py:3504} INFO - Setting next_dagrun for example_branch_datetime_operator_2 to 2024-03-06T00:00:00+00:00, run_after=2024-03-07T00:00:00+00:00
[2024-03-07T18:33:28.715+0000] {logging_mixin.py:150} INFO - [2024-03-07T18:33:28.715+0000] {dag.py:3504} INFO - Setting next_dagrun for example_branch_datetime_operator_3 to 2024-03-06T00:00:00+00:00, run_after=2024-03-07T00:00:00+00:00
[2024-03-07T18:33:28.752+0000] {processor.py:179} INFO - Processing /usr/local/python/3.10.13/lib/python3.10/site-packages/airflow/example_dags/example_branch_datetime_operator.py took 0.088 seconds
[2024-03-07T18:34:15.061+0000] {processor.py:157} INFO - Started process (PID=8614) to work on /usr/local/python/3.10.13/lib/python3.10/site-packages/airflow/example_dags/example_branch_datetime_operator.py
[2024-03-07T18:34:15.062+0000] {processor.py:826} INFO - Processing file /usr/local/python/3.10.13/lib/python3.10/site-packages/airflow/example_dags/example_branch_datetime_operator.py for tasks to queue
[2024-03-07T18:34:15.062+0000] {logging_mixin.py:150} INFO - [2024-03-07T18:34:15.062+0000] {dagbag.py:541} INFO - Filling up the DagBag from /usr/local/python/3.10.13/lib/python3.10/site-packages/airflow/example_dags/example_branch_datetime_operator.py
[2024-03-07T18:34:15.070+0000] {processor.py:836} INFO - DAG(s) dict_keys(['example_branch_datetime_operator_2', 'example_branch_datetime_operator', 'example_branch_datetime_operator_3']) retrieved from /usr/local/python/3.10.13/lib/python3.10/site-packages/airflow/example_dags/example_branch_datetime_operator.py
[2024-03-07T18:34:15.089+0000] {logging_mixin.py:150} INFO - [2024-03-07T18:34:15.089+0000] {dag.py:2742} INFO - Sync 3 DAGs
[2024-03-07T18:34:15.107+0000] {logging_mixin.py:150} INFO - [2024-03-07T18:34:15.107+0000] {dag.py:3504} INFO - Setting next_dagrun for example_branch_datetime_operator to 2024-03-06T00:00:00+00:00, run_after=2024-03-07T00:00:00+00:00
[2024-03-07T18:34:15.111+0000] {logging_mixin.py:150} INFO - [2024-03-07T18:34:15.111+0000] {dag.py:3504} INFO - Setting next_dagrun for example_branch_datetime_operator_2 to 2024-03-06T00:00:00+00:00, run_after=2024-03-07T00:00:00+00:00
[2024-03-07T18:34:15.113+0000] {logging_mixin.py:150} INFO - [2024-03-07T18:34:15.113+0000] {dag.py:3504} INFO - Setting next_dagrun for example_branch_datetime_operator_3 to 2024-03-06T00:00:00+00:00, run_after=2024-03-07T00:00:00+00:00
[2024-03-07T18:34:15.152+0000] {processor.py:179} INFO - Processing /usr/local/python/3.10.13/lib/python3.10/site-packages/airflow/example_dags/example_branch_datetime_operator.py took 0.094 seconds
[2024-03-07T18:35:04.725+0000] {processor.py:157} INFO - Started process (PID=9216) to work on /usr/local/python/3.10.13/lib/python3.10/site-packages/airflow/example_dags/example_branch_datetime_operator.py
[2024-03-07T18:35:04.726+0000] {processor.py:826} INFO - Processing file /usr/local/python/3.10.13/lib/python3.10/site-packages/airflow/example_dags/example_branch_datetime_operator.py for tasks to queue
[2024-03-07T18:35:04.727+0000] {logging_mixin.py:150} INFO - [2024-03-07T18:35:04.726+0000] {dagbag.py:541} INFO - Filling up the DagBag from /usr/local/python/3.10.13/lib/python3.10/site-packages/airflow/example_dags/example_branch_datetime_operator.py
[2024-03-07T18:35:04.735+0000] {processor.py:836} INFO - DAG(s) dict_keys(['example_branch_datetime_operator_3', 'example_branch_datetime_operator', 'example_branch_datetime_operator_2']) retrieved from /usr/local/python/3.10.13/lib/python3.10/site-packages/airflow/example_dags/example_branch_datetime_operator.py
[2024-03-07T18:35:04.753+0000] {logging_mixin.py:150} INFO - [2024-03-07T18:35:04.753+0000] {dag.py:2742} INFO - Sync 3 DAGs
[2024-03-07T18:35:04.771+0000] {logging_mixin.py:150} INFO - [2024-03-07T18:35:04.771+0000] {dag.py:3504} INFO - Setting next_dagrun for example_branch_datetime_operator to 2024-03-06T00:00:00+00:00, run_after=2024-03-07T00:00:00+00:00
[2024-03-07T18:35:04.775+0000] {logging_mixin.py:150} INFO - [2024-03-07T18:35:04.775+0000] {dag.py:3504} INFO - Setting next_dagrun for example_branch_datetime_operator_2 to 2024-03-06T00:00:00+00:00, run_after=2024-03-07T00:00:00+00:00
[2024-03-07T18:35:04.777+0000] {logging_mixin.py:150} INFO - [2024-03-07T18:35:04.777+0000] {dag.py:3504} INFO - Setting next_dagrun for example_branch_datetime_operator_3 to 2024-03-06T00:00:00+00:00, run_after=2024-03-07T00:00:00+00:00
[2024-03-07T18:35:04.816+0000] {processor.py:179} INFO - Processing /usr/local/python/3.10.13/lib/python3.10/site-packages/airflow/example_dags/example_branch_datetime_operator.py took 0.094 seconds
