[2024-03-07T18:27:07.856+0000] {processor.py:157} INFO - Started process (PID=5069) to work on /usr/local/python/3.10.13/lib/python3.10/site-packages/airflow/example_dags/example_sla_dag.py
[2024-03-07T18:27:07.856+0000] {processor.py:826} INFO - Processing file /usr/local/python/3.10.13/lib/python3.10/site-packages/airflow/example_dags/example_sla_dag.py for tasks to queue
[2024-03-07T18:27:07.857+0000] {logging_mixin.py:150} INFO - [2024-03-07T18:27:07.857+0000] {dagbag.py:541} INFO - Filling up the DagBag from /usr/local/python/3.10.13/lib/python3.10/site-packages/airflow/example_dags/example_sla_dag.py
[2024-03-07T18:27:07.864+0000] {processor.py:836} INFO - DAG(s) dict_keys(['example_sla_dag']) retrieved from /usr/local/python/3.10.13/lib/python3.10/site-packages/airflow/example_dags/example_sla_dag.py
[2024-03-07T18:27:08.006+0000] {logging_mixin.py:150} INFO - [2024-03-07T18:27:08.006+0000] {manager.py:504} INFO - Created Permission View: can edit on DAG:example_sla_dag
[2024-03-07T18:27:08.038+0000] {logging_mixin.py:150} INFO - [2024-03-07T18:27:08.038+0000] {manager.py:504} INFO - Created Permission View: can delete on DAG:example_sla_dag
[2024-03-07T18:27:08.068+0000] {logging_mixin.py:150} INFO - [2024-03-07T18:27:08.067+0000] {manager.py:504} INFO - Created Permission View: can read on DAG:example_sla_dag
[2024-03-07T18:27:08.079+0000] {logging_mixin.py:150} INFO - [2024-03-07T18:27:08.078+0000] {dag.py:2742} INFO - Sync 1 DAGs
[2024-03-07T18:27:08.088+0000] {logging_mixin.py:150} INFO - [2024-03-07T18:27:08.088+0000] {dag.py:2763} INFO - Creating ORM DAG for example_sla_dag
[2024-03-07T18:27:08.098+0000] {logging_mixin.py:150} INFO - [2024-03-07T18:27:08.098+0000] {dag.py:3504} INFO - Setting next_dagrun for example_sla_dag to 2024-03-07T18:24:00+00:00, run_after=2024-03-07T18:26:00+00:00
[2024-03-07T18:27:08.143+0000] {processor.py:179} INFO - Processing /usr/local/python/3.10.13/lib/python3.10/site-packages/airflow/example_dags/example_sla_dag.py took 0.290 seconds
[2024-03-07T18:28:00.180+0000] {processor.py:157} INFO - Started process (PID=5448) to work on /usr/local/python/3.10.13/lib/python3.10/site-packages/airflow/example_dags/example_sla_dag.py
[2024-03-07T18:28:00.181+0000] {processor.py:826} INFO - Processing file /usr/local/python/3.10.13/lib/python3.10/site-packages/airflow/example_dags/example_sla_dag.py for tasks to queue
[2024-03-07T18:28:00.181+0000] {logging_mixin.py:150} INFO - [2024-03-07T18:28:00.181+0000] {dagbag.py:541} INFO - Filling up the DagBag from /usr/local/python/3.10.13/lib/python3.10/site-packages/airflow/example_dags/example_sla_dag.py
[2024-03-07T18:28:00.189+0000] {processor.py:836} INFO - DAG(s) dict_keys(['example_sla_dag']) retrieved from /usr/local/python/3.10.13/lib/python3.10/site-packages/airflow/example_dags/example_sla_dag.py
[2024-03-07T18:28:00.202+0000] {logging_mixin.py:150} INFO - [2024-03-07T18:28:00.202+0000] {dag.py:2742} INFO - Sync 1 DAGs
[2024-03-07T18:28:00.222+0000] {logging_mixin.py:150} INFO - [2024-03-07T18:28:00.221+0000] {dag.py:3504} INFO - Setting next_dagrun for example_sla_dag to 2024-03-07T18:26:00+00:00, run_after=2024-03-07T18:28:00+00:00
[2024-03-07T18:28:00.266+0000] {processor.py:179} INFO - Processing /usr/local/python/3.10.13/lib/python3.10/site-packages/airflow/example_dags/example_sla_dag.py took 0.089 seconds
[2024-03-07T18:28:47.553+0000] {processor.py:157} INFO - Started process (PID=5794) to work on /usr/local/python/3.10.13/lib/python3.10/site-packages/airflow/example_dags/example_sla_dag.py
[2024-03-07T18:28:47.553+0000] {processor.py:826} INFO - Processing file /usr/local/python/3.10.13/lib/python3.10/site-packages/airflow/example_dags/example_sla_dag.py for tasks to queue
[2024-03-07T18:28:47.554+0000] {logging_mixin.py:150} INFO - [2024-03-07T18:28:47.554+0000] {dagbag.py:541} INFO - Filling up the DagBag from /usr/local/python/3.10.13/lib/python3.10/site-packages/airflow/example_dags/example_sla_dag.py
[2024-03-07T18:28:47.561+0000] {processor.py:836} INFO - DAG(s) dict_keys(['example_sla_dag']) retrieved from /usr/local/python/3.10.13/lib/python3.10/site-packages/airflow/example_dags/example_sla_dag.py
[2024-03-07T18:28:47.573+0000] {logging_mixin.py:150} INFO - [2024-03-07T18:28:47.573+0000] {dag.py:2742} INFO - Sync 1 DAGs
[2024-03-07T18:28:47.591+0000] {logging_mixin.py:150} INFO - [2024-03-07T18:28:47.591+0000] {dag.py:3504} INFO - Setting next_dagrun for example_sla_dag to 2024-03-07T18:26:00+00:00, run_after=2024-03-07T18:28:00+00:00
[2024-03-07T18:28:47.633+0000] {processor.py:179} INFO - Processing /usr/local/python/3.10.13/lib/python3.10/site-packages/airflow/example_dags/example_sla_dag.py took 0.083 seconds
[2024-03-07T18:29:39.927+0000] {processor.py:157} INFO - Started process (PID=6190) to work on /usr/local/python/3.10.13/lib/python3.10/site-packages/airflow/example_dags/example_sla_dag.py
[2024-03-07T18:29:39.928+0000] {processor.py:826} INFO - Processing file /usr/local/python/3.10.13/lib/python3.10/site-packages/airflow/example_dags/example_sla_dag.py for tasks to queue
[2024-03-07T18:29:39.929+0000] {logging_mixin.py:150} INFO - [2024-03-07T18:29:39.929+0000] {dagbag.py:541} INFO - Filling up the DagBag from /usr/local/python/3.10.13/lib/python3.10/site-packages/airflow/example_dags/example_sla_dag.py
[2024-03-07T18:29:39.936+0000] {processor.py:836} INFO - DAG(s) dict_keys(['example_sla_dag']) retrieved from /usr/local/python/3.10.13/lib/python3.10/site-packages/airflow/example_dags/example_sla_dag.py
[2024-03-07T18:29:39.949+0000] {logging_mixin.py:150} INFO - [2024-03-07T18:29:39.949+0000] {dag.py:2742} INFO - Sync 1 DAGs
[2024-03-07T18:29:39.981+0000] {logging_mixin.py:150} INFO - [2024-03-07T18:29:39.980+0000] {dag.py:3504} INFO - Setting next_dagrun for example_sla_dag to 2024-03-07T18:26:00+00:00, run_after=2024-03-07T18:28:00+00:00
[2024-03-07T18:29:40.026+0000] {processor.py:179} INFO - Processing /usr/local/python/3.10.13/lib/python3.10/site-packages/airflow/example_dags/example_sla_dag.py took 0.100 seconds
[2024-03-07T18:30:27.592+0000] {processor.py:157} INFO - Started process (PID=6530) to work on /usr/local/python/3.10.13/lib/python3.10/site-packages/airflow/example_dags/example_sla_dag.py
[2024-03-07T18:30:27.593+0000] {processor.py:826} INFO - Processing file /usr/local/python/3.10.13/lib/python3.10/site-packages/airflow/example_dags/example_sla_dag.py for tasks to queue
[2024-03-07T18:30:27.594+0000] {logging_mixin.py:150} INFO - [2024-03-07T18:30:27.594+0000] {dagbag.py:541} INFO - Filling up the DagBag from /usr/local/python/3.10.13/lib/python3.10/site-packages/airflow/example_dags/example_sla_dag.py
[2024-03-07T18:30:27.601+0000] {processor.py:836} INFO - DAG(s) dict_keys(['example_sla_dag']) retrieved from /usr/local/python/3.10.13/lib/python3.10/site-packages/airflow/example_dags/example_sla_dag.py
[2024-03-07T18:30:27.613+0000] {logging_mixin.py:150} INFO - [2024-03-07T18:30:27.612+0000] {dag.py:2742} INFO - Sync 1 DAGs
[2024-03-07T18:30:27.631+0000] {logging_mixin.py:150} INFO - [2024-03-07T18:30:27.631+0000] {dag.py:3504} INFO - Setting next_dagrun for example_sla_dag to 2024-03-07T18:28:00+00:00, run_after=2024-03-07T18:30:00+00:00
[2024-03-07T18:30:27.674+0000] {processor.py:179} INFO - Processing /usr/local/python/3.10.13/lib/python3.10/site-packages/airflow/example_dags/example_sla_dag.py took 0.083 seconds
[2024-03-07T18:31:13.230+0000] {processor.py:157} INFO - Started process (PID=6838) to work on /usr/local/python/3.10.13/lib/python3.10/site-packages/airflow/example_dags/example_sla_dag.py
[2024-03-07T18:31:13.231+0000] {processor.py:826} INFO - Processing file /usr/local/python/3.10.13/lib/python3.10/site-packages/airflow/example_dags/example_sla_dag.py for tasks to queue
[2024-03-07T18:31:13.231+0000] {logging_mixin.py:150} INFO - [2024-03-07T18:31:13.231+0000] {dagbag.py:541} INFO - Filling up the DagBag from /usr/local/python/3.10.13/lib/python3.10/site-packages/airflow/example_dags/example_sla_dag.py
[2024-03-07T18:31:13.239+0000] {processor.py:836} INFO - DAG(s) dict_keys(['example_sla_dag']) retrieved from /usr/local/python/3.10.13/lib/python3.10/site-packages/airflow/example_dags/example_sla_dag.py
[2024-03-07T18:31:13.251+0000] {logging_mixin.py:150} INFO - [2024-03-07T18:31:13.251+0000] {dag.py:2742} INFO - Sync 1 DAGs
[2024-03-07T18:31:13.269+0000] {logging_mixin.py:150} INFO - [2024-03-07T18:31:13.269+0000] {dag.py:3504} INFO - Setting next_dagrun for example_sla_dag to 2024-03-07T18:28:00+00:00, run_after=2024-03-07T18:30:00+00:00
[2024-03-07T18:31:13.310+0000] {processor.py:179} INFO - Processing /usr/local/python/3.10.13/lib/python3.10/site-packages/airflow/example_dags/example_sla_dag.py took 0.082 seconds
[2024-03-07T18:32:03.149+0000] {processor.py:157} INFO - Started process (PID=7227) to work on /usr/local/python/3.10.13/lib/python3.10/site-packages/airflow/example_dags/example_sla_dag.py
[2024-03-07T18:32:03.149+0000] {processor.py:826} INFO - Processing file /usr/local/python/3.10.13/lib/python3.10/site-packages/airflow/example_dags/example_sla_dag.py for tasks to queue
[2024-03-07T18:32:03.150+0000] {logging_mixin.py:150} INFO - [2024-03-07T18:32:03.150+0000] {dagbag.py:541} INFO - Filling up the DagBag from /usr/local/python/3.10.13/lib/python3.10/site-packages/airflow/example_dags/example_sla_dag.py
[2024-03-07T18:32:03.157+0000] {processor.py:836} INFO - DAG(s) dict_keys(['example_sla_dag']) retrieved from /usr/local/python/3.10.13/lib/python3.10/site-packages/airflow/example_dags/example_sla_dag.py
[2024-03-07T18:32:03.169+0000] {logging_mixin.py:150} INFO - [2024-03-07T18:32:03.169+0000] {dag.py:2742} INFO - Sync 1 DAGs
[2024-03-07T18:32:03.187+0000] {logging_mixin.py:150} INFO - [2024-03-07T18:32:03.187+0000] {dag.py:3504} INFO - Setting next_dagrun for example_sla_dag to 2024-03-07T18:30:00+00:00, run_after=2024-03-07T18:32:00+00:00
[2024-03-07T18:32:03.227+0000] {processor.py:179} INFO - Processing /usr/local/python/3.10.13/lib/python3.10/site-packages/airflow/example_dags/example_sla_dag.py took 0.081 seconds
[2024-03-07T18:32:51.601+0000] {processor.py:157} INFO - Started process (PID=7801) to work on /usr/local/python/3.10.13/lib/python3.10/site-packages/airflow/example_dags/example_sla_dag.py
[2024-03-07T18:32:51.602+0000] {processor.py:826} INFO - Processing file /usr/local/python/3.10.13/lib/python3.10/site-packages/airflow/example_dags/example_sla_dag.py for tasks to queue
[2024-03-07T18:32:51.603+0000] {logging_mixin.py:150} INFO - [2024-03-07T18:32:51.602+0000] {dagbag.py:541} INFO - Filling up the DagBag from /usr/local/python/3.10.13/lib/python3.10/site-packages/airflow/example_dags/example_sla_dag.py
[2024-03-07T18:32:51.610+0000] {processor.py:836} INFO - DAG(s) dict_keys(['example_sla_dag']) retrieved from /usr/local/python/3.10.13/lib/python3.10/site-packages/airflow/example_dags/example_sla_dag.py
[2024-03-07T18:32:51.621+0000] {logging_mixin.py:150} INFO - [2024-03-07T18:32:51.621+0000] {dag.py:2742} INFO - Sync 1 DAGs
[2024-03-07T18:32:51.639+0000] {logging_mixin.py:150} INFO - [2024-03-07T18:32:51.639+0000] {dag.py:3504} INFO - Setting next_dagrun for example_sla_dag to 2024-03-07T18:30:00+00:00, run_after=2024-03-07T18:32:00+00:00
[2024-03-07T18:32:51.684+0000] {processor.py:179} INFO - Processing /usr/local/python/3.10.13/lib/python3.10/site-packages/airflow/example_dags/example_sla_dag.py took 0.084 seconds
[2024-03-07T18:33:35.751+0000] {processor.py:157} INFO - Started process (PID=8235) to work on /usr/local/python/3.10.13/lib/python3.10/site-packages/airflow/example_dags/example_sla_dag.py
[2024-03-07T18:33:35.751+0000] {processor.py:826} INFO - Processing file /usr/local/python/3.10.13/lib/python3.10/site-packages/airflow/example_dags/example_sla_dag.py for tasks to queue
[2024-03-07T18:33:35.752+0000] {logging_mixin.py:150} INFO - [2024-03-07T18:33:35.752+0000] {dagbag.py:541} INFO - Filling up the DagBag from /usr/local/python/3.10.13/lib/python3.10/site-packages/airflow/example_dags/example_sla_dag.py
[2024-03-07T18:33:35.759+0000] {processor.py:836} INFO - DAG(s) dict_keys(['example_sla_dag']) retrieved from /usr/local/python/3.10.13/lib/python3.10/site-packages/airflow/example_dags/example_sla_dag.py
[2024-03-07T18:33:35.771+0000] {logging_mixin.py:150} INFO - [2024-03-07T18:33:35.770+0000] {dag.py:2742} INFO - Sync 1 DAGs
[2024-03-07T18:33:35.789+0000] {logging_mixin.py:150} INFO - [2024-03-07T18:33:35.789+0000] {dag.py:3504} INFO - Setting next_dagrun for example_sla_dag to 2024-03-07T18:30:00+00:00, run_after=2024-03-07T18:32:00+00:00
[2024-03-07T18:33:35.828+0000] {processor.py:179} INFO - Processing /usr/local/python/3.10.13/lib/python3.10/site-packages/airflow/example_dags/example_sla_dag.py took 0.080 seconds
[2024-03-07T18:34:23.064+0000] {processor.py:157} INFO - Started process (PID=8725) to work on /usr/local/python/3.10.13/lib/python3.10/site-packages/airflow/example_dags/example_sla_dag.py
[2024-03-07T18:34:23.065+0000] {processor.py:826} INFO - Processing file /usr/local/python/3.10.13/lib/python3.10/site-packages/airflow/example_dags/example_sla_dag.py for tasks to queue
[2024-03-07T18:34:23.066+0000] {logging_mixin.py:150} INFO - [2024-03-07T18:34:23.066+0000] {dagbag.py:541} INFO - Filling up the DagBag from /usr/local/python/3.10.13/lib/python3.10/site-packages/airflow/example_dags/example_sla_dag.py
[2024-03-07T18:34:23.073+0000] {processor.py:836} INFO - DAG(s) dict_keys(['example_sla_dag']) retrieved from /usr/local/python/3.10.13/lib/python3.10/site-packages/airflow/example_dags/example_sla_dag.py
[2024-03-07T18:34:23.089+0000] {logging_mixin.py:150} INFO - [2024-03-07T18:34:23.088+0000] {dag.py:2742} INFO - Sync 1 DAGs
[2024-03-07T18:34:23.119+0000] {logging_mixin.py:150} INFO - [2024-03-07T18:34:23.119+0000] {dag.py:3504} INFO - Setting next_dagrun for example_sla_dag to 2024-03-07T18:32:00+00:00, run_after=2024-03-07T18:34:00+00:00
[2024-03-07T18:34:23.166+0000] {processor.py:179} INFO - Processing /usr/local/python/3.10.13/lib/python3.10/site-packages/airflow/example_dags/example_sla_dag.py took 0.104 seconds
[2024-03-07T18:35:13.400+0000] {processor.py:157} INFO - Started process (PID=9296) to work on /usr/local/python/3.10.13/lib/python3.10/site-packages/airflow/example_dags/example_sla_dag.py
[2024-03-07T18:35:13.400+0000] {processor.py:826} INFO - Processing file /usr/local/python/3.10.13/lib/python3.10/site-packages/airflow/example_dags/example_sla_dag.py for tasks to queue
[2024-03-07T18:35:13.401+0000] {logging_mixin.py:150} INFO - [2024-03-07T18:35:13.401+0000] {dagbag.py:541} INFO - Filling up the DagBag from /usr/local/python/3.10.13/lib/python3.10/site-packages/airflow/example_dags/example_sla_dag.py
[2024-03-07T18:35:13.409+0000] {processor.py:836} INFO - DAG(s) dict_keys(['example_sla_dag']) retrieved from /usr/local/python/3.10.13/lib/python3.10/site-packages/airflow/example_dags/example_sla_dag.py
[2024-03-07T18:35:13.422+0000] {logging_mixin.py:150} INFO - [2024-03-07T18:35:13.422+0000] {dag.py:2742} INFO - Sync 1 DAGs
[2024-03-07T18:35:13.444+0000] {logging_mixin.py:150} INFO - [2024-03-07T18:35:13.444+0000] {dag.py:3504} INFO - Setting next_dagrun for example_sla_dag to 2024-03-07T18:32:00+00:00, run_after=2024-03-07T18:34:00+00:00
[2024-03-07T18:35:13.483+0000] {processor.py:179} INFO - Processing /usr/local/python/3.10.13/lib/python3.10/site-packages/airflow/example_dags/example_sla_dag.py took 0.086 seconds
