[2024-03-07T18:27:15.329+0000] {processor.py:157} INFO - Started process (PID=5123) to work on /usr/local/python/3.10.13/lib/python3.10/site-packages/airflow/example_dags/example_external_task_marker_dag.py
[2024-03-07T18:27:15.329+0000] {processor.py:826} INFO - Processing file /usr/local/python/3.10.13/lib/python3.10/site-packages/airflow/example_dags/example_external_task_marker_dag.py for tasks to queue
[2024-03-07T18:27:15.330+0000] {logging_mixin.py:150} INFO - [2024-03-07T18:27:15.330+0000] {dagbag.py:541} INFO - Filling up the DagBag from /usr/local/python/3.10.13/lib/python3.10/site-packages/airflow/example_dags/example_external_task_marker_dag.py
[2024-03-07T18:27:15.335+0000] {processor.py:836} INFO - DAG(s) dict_keys(['example_external_task_marker_parent', 'example_external_task_marker_child']) retrieved from /usr/local/python/3.10.13/lib/python3.10/site-packages/airflow/example_dags/example_external_task_marker_dag.py
[2024-03-07T18:27:15.484+0000] {logging_mixin.py:150} INFO - [2024-03-07T18:27:15.484+0000] {manager.py:504} INFO - Created Permission View: can edit on DAG:example_external_task_marker_parent
[2024-03-07T18:27:15.518+0000] {logging_mixin.py:150} INFO - [2024-03-07T18:27:15.517+0000] {manager.py:504} INFO - Created Permission View: can delete on DAG:example_external_task_marker_parent
[2024-03-07T18:27:15.547+0000] {logging_mixin.py:150} INFO - [2024-03-07T18:27:15.546+0000] {manager.py:504} INFO - Created Permission View: can read on DAG:example_external_task_marker_parent
[2024-03-07T18:27:15.628+0000] {logging_mixin.py:150} INFO - [2024-03-07T18:27:15.628+0000] {manager.py:504} INFO - Created Permission View: can edit on DAG:example_external_task_marker_child
[2024-03-07T18:27:15.657+0000] {logging_mixin.py:150} INFO - [2024-03-07T18:27:15.657+0000] {manager.py:504} INFO - Created Permission View: can delete on DAG:example_external_task_marker_child
[2024-03-07T18:27:15.686+0000] {logging_mixin.py:150} INFO - [2024-03-07T18:27:15.686+0000] {manager.py:504} INFO - Created Permission View: can read on DAG:example_external_task_marker_child
[2024-03-07T18:27:15.690+0000] {logging_mixin.py:150} INFO - [2024-03-07T18:27:15.690+0000] {dag.py:2742} INFO - Sync 2 DAGs
[2024-03-07T18:27:15.698+0000] {logging_mixin.py:150} INFO - [2024-03-07T18:27:15.698+0000] {dag.py:2763} INFO - Creating ORM DAG for example_external_task_marker_child
[2024-03-07T18:27:15.699+0000] {logging_mixin.py:150} INFO - [2024-03-07T18:27:15.699+0000] {dag.py:2763} INFO - Creating ORM DAG for example_external_task_marker_parent
[2024-03-07T18:27:15.705+0000] {logging_mixin.py:150} INFO - [2024-03-07T18:27:15.705+0000] {dag.py:3504} INFO - Setting next_dagrun for example_external_task_marker_child to None, run_after=None
[2024-03-07T18:27:15.706+0000] {logging_mixin.py:150} INFO - [2024-03-07T18:27:15.706+0000] {dag.py:3504} INFO - Setting next_dagrun for example_external_task_marker_parent to None, run_after=None
[2024-03-07T18:27:15.750+0000] {processor.py:179} INFO - Processing /usr/local/python/3.10.13/lib/python3.10/site-packages/airflow/example_dags/example_external_task_marker_dag.py took 0.423 seconds
[2024-03-07T18:28:06.560+0000] {processor.py:157} INFO - Started process (PID=5502) to work on /usr/local/python/3.10.13/lib/python3.10/site-packages/airflow/example_dags/example_external_task_marker_dag.py
[2024-03-07T18:28:06.561+0000] {processor.py:826} INFO - Processing file /usr/local/python/3.10.13/lib/python3.10/site-packages/airflow/example_dags/example_external_task_marker_dag.py for tasks to queue
[2024-03-07T18:28:06.562+0000] {logging_mixin.py:150} INFO - [2024-03-07T18:28:06.561+0000] {dagbag.py:541} INFO - Filling up the DagBag from /usr/local/python/3.10.13/lib/python3.10/site-packages/airflow/example_dags/example_external_task_marker_dag.py
[2024-03-07T18:28:06.569+0000] {processor.py:836} INFO - DAG(s) dict_keys(['example_external_task_marker_parent', 'example_external_task_marker_child']) retrieved from /usr/local/python/3.10.13/lib/python3.10/site-packages/airflow/example_dags/example_external_task_marker_dag.py
[2024-03-07T18:28:06.585+0000] {logging_mixin.py:150} INFO - [2024-03-07T18:28:06.585+0000] {dag.py:2742} INFO - Sync 2 DAGs
[2024-03-07T18:28:06.602+0000] {logging_mixin.py:150} INFO - [2024-03-07T18:28:06.601+0000] {dag.py:3504} INFO - Setting next_dagrun for example_external_task_marker_child to None, run_after=None
[2024-03-07T18:28:06.604+0000] {logging_mixin.py:150} INFO - [2024-03-07T18:28:06.604+0000] {dag.py:3504} INFO - Setting next_dagrun for example_external_task_marker_parent to None, run_after=None
[2024-03-07T18:28:06.652+0000] {processor.py:179} INFO - Processing /usr/local/python/3.10.13/lib/python3.10/site-packages/airflow/example_dags/example_external_task_marker_dag.py took 0.095 seconds
[2024-03-07T18:28:54.215+0000] {processor.py:157} INFO - Started process (PID=5853) to work on /usr/local/python/3.10.13/lib/python3.10/site-packages/airflow/example_dags/example_external_task_marker_dag.py
[2024-03-07T18:28:54.216+0000] {processor.py:826} INFO - Processing file /usr/local/python/3.10.13/lib/python3.10/site-packages/airflow/example_dags/example_external_task_marker_dag.py for tasks to queue
[2024-03-07T18:28:54.216+0000] {logging_mixin.py:150} INFO - [2024-03-07T18:28:54.216+0000] {dagbag.py:541} INFO - Filling up the DagBag from /usr/local/python/3.10.13/lib/python3.10/site-packages/airflow/example_dags/example_external_task_marker_dag.py
[2024-03-07T18:28:54.221+0000] {processor.py:836} INFO - DAG(s) dict_keys(['example_external_task_marker_child', 'example_external_task_marker_parent']) retrieved from /usr/local/python/3.10.13/lib/python3.10/site-packages/airflow/example_dags/example_external_task_marker_dag.py
[2024-03-07T18:28:54.242+0000] {logging_mixin.py:150} INFO - [2024-03-07T18:28:54.241+0000] {dag.py:2742} INFO - Sync 2 DAGs
[2024-03-07T18:28:54.269+0000] {logging_mixin.py:150} INFO - [2024-03-07T18:28:54.269+0000] {dag.py:3504} INFO - Setting next_dagrun for example_external_task_marker_child to None, run_after=None
[2024-03-07T18:28:54.272+0000] {logging_mixin.py:150} INFO - [2024-03-07T18:28:54.272+0000] {dag.py:3504} INFO - Setting next_dagrun for example_external_task_marker_parent to None, run_after=None
[2024-03-07T18:28:54.317+0000] {processor.py:179} INFO - Processing /usr/local/python/3.10.13/lib/python3.10/site-packages/airflow/example_dags/example_external_task_marker_dag.py took 0.104 seconds
[2024-03-07T18:29:46.348+0000] {processor.py:157} INFO - Started process (PID=6243) to work on /usr/local/python/3.10.13/lib/python3.10/site-packages/airflow/example_dags/example_external_task_marker_dag.py
[2024-03-07T18:29:46.349+0000] {processor.py:826} INFO - Processing file /usr/local/python/3.10.13/lib/python3.10/site-packages/airflow/example_dags/example_external_task_marker_dag.py for tasks to queue
[2024-03-07T18:29:46.350+0000] {logging_mixin.py:150} INFO - [2024-03-07T18:29:46.349+0000] {dagbag.py:541} INFO - Filling up the DagBag from /usr/local/python/3.10.13/lib/python3.10/site-packages/airflow/example_dags/example_external_task_marker_dag.py
[2024-03-07T18:29:46.354+0000] {processor.py:836} INFO - DAG(s) dict_keys(['example_external_task_marker_parent', 'example_external_task_marker_child']) retrieved from /usr/local/python/3.10.13/lib/python3.10/site-packages/airflow/example_dags/example_external_task_marker_dag.py
[2024-03-07T18:29:46.370+0000] {logging_mixin.py:150} INFO - [2024-03-07T18:29:46.370+0000] {dag.py:2742} INFO - Sync 2 DAGs
[2024-03-07T18:29:46.386+0000] {logging_mixin.py:150} INFO - [2024-03-07T18:29:46.386+0000] {dag.py:3504} INFO - Setting next_dagrun for example_external_task_marker_child to None, run_after=None
[2024-03-07T18:29:46.389+0000] {logging_mixin.py:150} INFO - [2024-03-07T18:29:46.389+0000] {dag.py:3504} INFO - Setting next_dagrun for example_external_task_marker_parent to None, run_after=None
[2024-03-07T18:29:46.426+0000] {processor.py:179} INFO - Processing /usr/local/python/3.10.13/lib/python3.10/site-packages/airflow/example_dags/example_external_task_marker_dag.py took 0.080 seconds
[2024-03-07T18:30:33.865+0000] {processor.py:157} INFO - Started process (PID=6585) to work on /usr/local/python/3.10.13/lib/python3.10/site-packages/airflow/example_dags/example_external_task_marker_dag.py
[2024-03-07T18:30:33.866+0000] {processor.py:826} INFO - Processing file /usr/local/python/3.10.13/lib/python3.10/site-packages/airflow/example_dags/example_external_task_marker_dag.py for tasks to queue
[2024-03-07T18:30:33.867+0000] {logging_mixin.py:150} INFO - [2024-03-07T18:30:33.866+0000] {dagbag.py:541} INFO - Filling up the DagBag from /usr/local/python/3.10.13/lib/python3.10/site-packages/airflow/example_dags/example_external_task_marker_dag.py
[2024-03-07T18:30:33.871+0000] {processor.py:836} INFO - DAG(s) dict_keys(['example_external_task_marker_child', 'example_external_task_marker_parent']) retrieved from /usr/local/python/3.10.13/lib/python3.10/site-packages/airflow/example_dags/example_external_task_marker_dag.py
[2024-03-07T18:30:33.887+0000] {logging_mixin.py:150} INFO - [2024-03-07T18:30:33.887+0000] {dag.py:2742} INFO - Sync 2 DAGs
[2024-03-07T18:30:33.903+0000] {logging_mixin.py:150} INFO - [2024-03-07T18:30:33.903+0000] {dag.py:3504} INFO - Setting next_dagrun for example_external_task_marker_child to None, run_after=None
[2024-03-07T18:30:33.905+0000] {logging_mixin.py:150} INFO - [2024-03-07T18:30:33.905+0000] {dag.py:3504} INFO - Setting next_dagrun for example_external_task_marker_parent to None, run_after=None
[2024-03-07T18:30:33.949+0000] {processor.py:179} INFO - Processing /usr/local/python/3.10.13/lib/python3.10/site-packages/airflow/example_dags/example_external_task_marker_dag.py took 0.087 seconds
[2024-03-07T18:31:19.274+0000] {processor.py:157} INFO - Started process (PID=6886) to work on /usr/local/python/3.10.13/lib/python3.10/site-packages/airflow/example_dags/example_external_task_marker_dag.py
[2024-03-07T18:31:19.275+0000] {processor.py:826} INFO - Processing file /usr/local/python/3.10.13/lib/python3.10/site-packages/airflow/example_dags/example_external_task_marker_dag.py for tasks to queue
[2024-03-07T18:31:19.276+0000] {logging_mixin.py:150} INFO - [2024-03-07T18:31:19.275+0000] {dagbag.py:541} INFO - Filling up the DagBag from /usr/local/python/3.10.13/lib/python3.10/site-packages/airflow/example_dags/example_external_task_marker_dag.py
[2024-03-07T18:31:19.280+0000] {processor.py:836} INFO - DAG(s) dict_keys(['example_external_task_marker_child', 'example_external_task_marker_parent']) retrieved from /usr/local/python/3.10.13/lib/python3.10/site-packages/airflow/example_dags/example_external_task_marker_dag.py
[2024-03-07T18:31:19.295+0000] {logging_mixin.py:150} INFO - [2024-03-07T18:31:19.295+0000] {dag.py:2742} INFO - Sync 2 DAGs
[2024-03-07T18:31:19.311+0000] {logging_mixin.py:150} INFO - [2024-03-07T18:31:19.311+0000] {dag.py:3504} INFO - Setting next_dagrun for example_external_task_marker_child to None, run_after=None
[2024-03-07T18:31:19.313+0000] {logging_mixin.py:150} INFO - [2024-03-07T18:31:19.313+0000] {dag.py:3504} INFO - Setting next_dagrun for example_external_task_marker_parent to None, run_after=None
[2024-03-07T18:31:19.358+0000] {processor.py:179} INFO - Processing /usr/local/python/3.10.13/lib/python3.10/site-packages/airflow/example_dags/example_external_task_marker_dag.py took 0.086 seconds
[2024-03-07T18:32:08.833+0000] {processor.py:157} INFO - Started process (PID=7301) to work on /usr/local/python/3.10.13/lib/python3.10/site-packages/airflow/example_dags/example_external_task_marker_dag.py
[2024-03-07T18:32:08.834+0000] {processor.py:826} INFO - Processing file /usr/local/python/3.10.13/lib/python3.10/site-packages/airflow/example_dags/example_external_task_marker_dag.py for tasks to queue
[2024-03-07T18:32:08.834+0000] {logging_mixin.py:150} INFO - [2024-03-07T18:32:08.834+0000] {dagbag.py:541} INFO - Filling up the DagBag from /usr/local/python/3.10.13/lib/python3.10/site-packages/airflow/example_dags/example_external_task_marker_dag.py
[2024-03-07T18:32:08.839+0000] {processor.py:836} INFO - DAG(s) dict_keys(['example_external_task_marker_child', 'example_external_task_marker_parent']) retrieved from /usr/local/python/3.10.13/lib/python3.10/site-packages/airflow/example_dags/example_external_task_marker_dag.py
[2024-03-07T18:32:08.854+0000] {logging_mixin.py:150} INFO - [2024-03-07T18:32:08.854+0000] {dag.py:2742} INFO - Sync 2 DAGs
[2024-03-07T18:32:08.872+0000] {logging_mixin.py:150} INFO - [2024-03-07T18:32:08.872+0000] {dag.py:3504} INFO - Setting next_dagrun for example_external_task_marker_child to None, run_after=None
[2024-03-07T18:32:08.874+0000] {logging_mixin.py:150} INFO - [2024-03-07T18:32:08.874+0000] {dag.py:3504} INFO - Setting next_dagrun for example_external_task_marker_parent to None, run_after=None
[2024-03-07T18:32:08.913+0000] {processor.py:179} INFO - Processing /usr/local/python/3.10.13/lib/python3.10/site-packages/airflow/example_dags/example_external_task_marker_dag.py took 0.082 seconds
[2024-03-07T18:32:57.597+0000] {processor.py:157} INFO - Started process (PID=7891) to work on /usr/local/python/3.10.13/lib/python3.10/site-packages/airflow/example_dags/example_external_task_marker_dag.py
[2024-03-07T18:32:57.598+0000] {processor.py:826} INFO - Processing file /usr/local/python/3.10.13/lib/python3.10/site-packages/airflow/example_dags/example_external_task_marker_dag.py for tasks to queue
[2024-03-07T18:32:57.599+0000] {logging_mixin.py:150} INFO - [2024-03-07T18:32:57.598+0000] {dagbag.py:541} INFO - Filling up the DagBag from /usr/local/python/3.10.13/lib/python3.10/site-packages/airflow/example_dags/example_external_task_marker_dag.py
[2024-03-07T18:32:57.603+0000] {processor.py:836} INFO - DAG(s) dict_keys(['example_external_task_marker_child', 'example_external_task_marker_parent']) retrieved from /usr/local/python/3.10.13/lib/python3.10/site-packages/airflow/example_dags/example_external_task_marker_dag.py
[2024-03-07T18:32:57.619+0000] {logging_mixin.py:150} INFO - [2024-03-07T18:32:57.619+0000] {dag.py:2742} INFO - Sync 2 DAGs
[2024-03-07T18:32:57.635+0000] {logging_mixin.py:150} INFO - [2024-03-07T18:32:57.634+0000] {dag.py:3504} INFO - Setting next_dagrun for example_external_task_marker_child to None, run_after=None
[2024-03-07T18:32:57.637+0000] {logging_mixin.py:150} INFO - [2024-03-07T18:32:57.637+0000] {dag.py:3504} INFO - Setting next_dagrun for example_external_task_marker_parent to None, run_after=None
[2024-03-07T18:32:57.676+0000] {processor.py:179} INFO - Processing /usr/local/python/3.10.13/lib/python3.10/site-packages/airflow/example_dags/example_external_task_marker_dag.py took 0.081 seconds
[2024-03-07T18:33:41.837+0000] {processor.py:157} INFO - Started process (PID=8300) to work on /usr/local/python/3.10.13/lib/python3.10/site-packages/airflow/example_dags/example_external_task_marker_dag.py
[2024-03-07T18:33:41.838+0000] {processor.py:826} INFO - Processing file /usr/local/python/3.10.13/lib/python3.10/site-packages/airflow/example_dags/example_external_task_marker_dag.py for tasks to queue
[2024-03-07T18:33:41.839+0000] {logging_mixin.py:150} INFO - [2024-03-07T18:33:41.838+0000] {dagbag.py:541} INFO - Filling up the DagBag from /usr/local/python/3.10.13/lib/python3.10/site-packages/airflow/example_dags/example_external_task_marker_dag.py
[2024-03-07T18:33:41.844+0000] {processor.py:836} INFO - DAG(s) dict_keys(['example_external_task_marker_parent', 'example_external_task_marker_child']) retrieved from /usr/local/python/3.10.13/lib/python3.10/site-packages/airflow/example_dags/example_external_task_marker_dag.py
[2024-03-07T18:33:41.859+0000] {logging_mixin.py:150} INFO - [2024-03-07T18:33:41.858+0000] {dag.py:2742} INFO - Sync 2 DAGs
[2024-03-07T18:33:41.874+0000] {logging_mixin.py:150} INFO - [2024-03-07T18:33:41.874+0000] {dag.py:3504} INFO - Setting next_dagrun for example_external_task_marker_child to None, run_after=None
[2024-03-07T18:33:41.876+0000] {logging_mixin.py:150} INFO - [2024-03-07T18:33:41.876+0000] {dag.py:3504} INFO - Setting next_dagrun for example_external_task_marker_parent to None, run_after=None
[2024-03-07T18:33:41.916+0000] {processor.py:179} INFO - Processing /usr/local/python/3.10.13/lib/python3.10/site-packages/airflow/example_dags/example_external_task_marker_dag.py took 0.082 seconds
[2024-03-07T18:34:29.521+0000] {processor.py:157} INFO - Started process (PID=8814) to work on /usr/local/python/3.10.13/lib/python3.10/site-packages/airflow/example_dags/example_external_task_marker_dag.py
[2024-03-07T18:34:29.522+0000] {processor.py:826} INFO - Processing file /usr/local/python/3.10.13/lib/python3.10/site-packages/airflow/example_dags/example_external_task_marker_dag.py for tasks to queue
[2024-03-07T18:34:29.522+0000] {logging_mixin.py:150} INFO - [2024-03-07T18:34:29.522+0000] {dagbag.py:541} INFO - Filling up the DagBag from /usr/local/python/3.10.13/lib/python3.10/site-packages/airflow/example_dags/example_external_task_marker_dag.py
[2024-03-07T18:34:29.527+0000] {processor.py:836} INFO - DAG(s) dict_keys(['example_external_task_marker_parent', 'example_external_task_marker_child']) retrieved from /usr/local/python/3.10.13/lib/python3.10/site-packages/airflow/example_dags/example_external_task_marker_dag.py
[2024-03-07T18:34:29.542+0000] {logging_mixin.py:150} INFO - [2024-03-07T18:34:29.542+0000] {dag.py:2742} INFO - Sync 2 DAGs
[2024-03-07T18:34:29.558+0000] {logging_mixin.py:150} INFO - [2024-03-07T18:34:29.558+0000] {dag.py:3504} INFO - Setting next_dagrun for example_external_task_marker_child to None, run_after=None
[2024-03-07T18:34:29.560+0000] {logging_mixin.py:150} INFO - [2024-03-07T18:34:29.560+0000] {dag.py:3504} INFO - Setting next_dagrun for example_external_task_marker_parent to None, run_after=None
[2024-03-07T18:34:29.600+0000] {processor.py:179} INFO - Processing /usr/local/python/3.10.13/lib/python3.10/site-packages/airflow/example_dags/example_external_task_marker_dag.py took 0.081 seconds
[2024-03-07T18:35:18.667+0000] {processor.py:157} INFO - Started process (PID=9343) to work on /usr/local/python/3.10.13/lib/python3.10/site-packages/airflow/example_dags/example_external_task_marker_dag.py
[2024-03-07T18:35:18.667+0000] {processor.py:826} INFO - Processing file /usr/local/python/3.10.13/lib/python3.10/site-packages/airflow/example_dags/example_external_task_marker_dag.py for tasks to queue
[2024-03-07T18:35:18.668+0000] {logging_mixin.py:150} INFO - [2024-03-07T18:35:18.668+0000] {dagbag.py:541} INFO - Filling up the DagBag from /usr/local/python/3.10.13/lib/python3.10/site-packages/airflow/example_dags/example_external_task_marker_dag.py
[2024-03-07T18:35:18.673+0000] {processor.py:836} INFO - DAG(s) dict_keys(['example_external_task_marker_parent', 'example_external_task_marker_child']) retrieved from /usr/local/python/3.10.13/lib/python3.10/site-packages/airflow/example_dags/example_external_task_marker_dag.py
[2024-03-07T18:35:18.690+0000] {logging_mixin.py:150} INFO - [2024-03-07T18:35:18.690+0000] {dag.py:2742} INFO - Sync 2 DAGs
[2024-03-07T18:35:18.707+0000] {logging_mixin.py:150} INFO - [2024-03-07T18:35:18.707+0000] {dag.py:3504} INFO - Setting next_dagrun for example_external_task_marker_child to None, run_after=None
[2024-03-07T18:35:18.710+0000] {logging_mixin.py:150} INFO - [2024-03-07T18:35:18.710+0000] {dag.py:3504} INFO - Setting next_dagrun for example_external_task_marker_parent to None, run_after=None
[2024-03-07T18:35:18.748+0000] {processor.py:179} INFO - Processing /usr/local/python/3.10.13/lib/python3.10/site-packages/airflow/example_dags/example_external_task_marker_dag.py took 0.084 seconds
