[2024-03-07T18:27:00.978+0000] {processor.py:157} INFO - Started process (PID=5034) to work on /usr/local/python/3.10.13/lib/python3.10/site-packages/airflow/example_dags/example_trigger_controller_dag.py
[2024-03-07T18:27:00.979+0000] {processor.py:826} INFO - Processing file /usr/local/python/3.10.13/lib/python3.10/site-packages/airflow/example_dags/example_trigger_controller_dag.py for tasks to queue
[2024-03-07T18:27:00.979+0000] {logging_mixin.py:150} INFO - [2024-03-07T18:27:00.979+0000] {dagbag.py:541} INFO - Filling up the DagBag from /usr/local/python/3.10.13/lib/python3.10/site-packages/airflow/example_dags/example_trigger_controller_dag.py
[2024-03-07T18:27:00.983+0000] {processor.py:836} INFO - DAG(s) dict_keys(['example_trigger_controller_dag']) retrieved from /usr/local/python/3.10.13/lib/python3.10/site-packages/airflow/example_dags/example_trigger_controller_dag.py
[2024-03-07T18:27:01.119+0000] {logging_mixin.py:150} INFO - [2024-03-07T18:27:01.119+0000] {manager.py:504} INFO - Created Permission View: can edit on DAG:example_trigger_controller_dag
[2024-03-07T18:27:01.150+0000] {logging_mixin.py:150} INFO - [2024-03-07T18:27:01.150+0000] {manager.py:504} INFO - Created Permission View: can delete on DAG:example_trigger_controller_dag
[2024-03-07T18:27:01.181+0000] {logging_mixin.py:150} INFO - [2024-03-07T18:27:01.180+0000] {manager.py:504} INFO - Created Permission View: can read on DAG:example_trigger_controller_dag
[2024-03-07T18:27:01.207+0000] {logging_mixin.py:150} INFO - [2024-03-07T18:27:01.206+0000] {dag.py:2742} INFO - Sync 1 DAGs
[2024-03-07T18:27:01.228+0000] {logging_mixin.py:150} INFO - [2024-03-07T18:27:01.228+0000] {dag.py:2763} INFO - Creating ORM DAG for example_trigger_controller_dag
[2024-03-07T18:27:01.240+0000] {logging_mixin.py:150} INFO - [2024-03-07T18:27:01.239+0000] {dag.py:3504} INFO - Setting next_dagrun for example_trigger_controller_dag to 2021-01-01T00:00:00+00:00, run_after=2021-01-01T00:00:00+00:00
[2024-03-07T18:27:01.292+0000] {processor.py:179} INFO - Processing /usr/local/python/3.10.13/lib/python3.10/site-packages/airflow/example_dags/example_trigger_controller_dag.py took 0.317 seconds
[2024-03-07T18:27:55.007+0000] {processor.py:157} INFO - Started process (PID=5414) to work on /usr/local/python/3.10.13/lib/python3.10/site-packages/airflow/example_dags/example_trigger_controller_dag.py
[2024-03-07T18:27:55.008+0000] {processor.py:826} INFO - Processing file /usr/local/python/3.10.13/lib/python3.10/site-packages/airflow/example_dags/example_trigger_controller_dag.py for tasks to queue
[2024-03-07T18:27:55.009+0000] {logging_mixin.py:150} INFO - [2024-03-07T18:27:55.008+0000] {dagbag.py:541} INFO - Filling up the DagBag from /usr/local/python/3.10.13/lib/python3.10/site-packages/airflow/example_dags/example_trigger_controller_dag.py
[2024-03-07T18:27:55.012+0000] {processor.py:836} INFO - DAG(s) dict_keys(['example_trigger_controller_dag']) retrieved from /usr/local/python/3.10.13/lib/python3.10/site-packages/airflow/example_dags/example_trigger_controller_dag.py
[2024-03-07T18:27:55.024+0000] {logging_mixin.py:150} INFO - [2024-03-07T18:27:55.024+0000] {dag.py:2742} INFO - Sync 1 DAGs
[2024-03-07T18:27:55.040+0000] {logging_mixin.py:150} INFO - [2024-03-07T18:27:55.040+0000] {dag.py:3504} INFO - Setting next_dagrun for example_trigger_controller_dag to 2021-01-01T00:00:00+00:00, run_after=2021-01-01T00:00:00+00:00
[2024-03-07T18:27:55.080+0000] {processor.py:179} INFO - Processing /usr/local/python/3.10.13/lib/python3.10/site-packages/airflow/example_dags/example_trigger_controller_dag.py took 0.075 seconds
[2024-03-07T18:28:42.727+0000] {processor.py:157} INFO - Started process (PID=5766) to work on /usr/local/python/3.10.13/lib/python3.10/site-packages/airflow/example_dags/example_trigger_controller_dag.py
[2024-03-07T18:28:42.728+0000] {processor.py:826} INFO - Processing file /usr/local/python/3.10.13/lib/python3.10/site-packages/airflow/example_dags/example_trigger_controller_dag.py for tasks to queue
[2024-03-07T18:28:42.729+0000] {logging_mixin.py:150} INFO - [2024-03-07T18:28:42.729+0000] {dagbag.py:541} INFO - Filling up the DagBag from /usr/local/python/3.10.13/lib/python3.10/site-packages/airflow/example_dags/example_trigger_controller_dag.py
[2024-03-07T18:28:42.733+0000] {processor.py:836} INFO - DAG(s) dict_keys(['example_trigger_controller_dag']) retrieved from /usr/local/python/3.10.13/lib/python3.10/site-packages/airflow/example_dags/example_trigger_controller_dag.py
[2024-03-07T18:28:42.747+0000] {logging_mixin.py:150} INFO - [2024-03-07T18:28:42.747+0000] {dag.py:2742} INFO - Sync 1 DAGs
[2024-03-07T18:28:42.772+0000] {logging_mixin.py:150} INFO - [2024-03-07T18:28:42.772+0000] {dag.py:3504} INFO - Setting next_dagrun for example_trigger_controller_dag to 2021-01-01T00:00:00+00:00, run_after=2021-01-01T00:00:00+00:00
[2024-03-07T18:28:42.814+0000] {processor.py:179} INFO - Processing /usr/local/python/3.10.13/lib/python3.10/site-packages/airflow/example_dags/example_trigger_controller_dag.py took 0.090 seconds
[2024-03-07T18:29:22.924+0000] {processor.py:157} INFO - Started process (PID=6074) to work on /usr/local/python/3.10.13/lib/python3.10/site-packages/airflow/example_dags/example_trigger_controller_dag.py
[2024-03-07T18:29:22.926+0000] {processor.py:826} INFO - Processing file /usr/local/python/3.10.13/lib/python3.10/site-packages/airflow/example_dags/example_trigger_controller_dag.py for tasks to queue
[2024-03-07T18:29:22.927+0000] {logging_mixin.py:150} INFO - [2024-03-07T18:29:22.926+0000] {dagbag.py:541} INFO - Filling up the DagBag from /usr/local/python/3.10.13/lib/python3.10/site-packages/airflow/example_dags/example_trigger_controller_dag.py
[2024-03-07T18:29:22.932+0000] {processor.py:836} INFO - DAG(s) dict_keys(['example_trigger_controller_dag']) retrieved from /usr/local/python/3.10.13/lib/python3.10/site-packages/airflow/example_dags/example_trigger_controller_dag.py
[2024-03-07T18:29:22.951+0000] {logging_mixin.py:150} INFO - [2024-03-07T18:29:22.951+0000] {dag.py:2742} INFO - Sync 1 DAGs
[2024-03-07T18:29:22.977+0000] {logging_mixin.py:150} INFO - [2024-03-07T18:29:22.976+0000] {dag.py:3504} INFO - Setting next_dagrun for example_trigger_controller_dag to 2021-01-01T00:00:00+00:00, run_after=2021-01-01T00:00:00+00:00
[2024-03-07T18:29:23.026+0000] {processor.py:179} INFO - Processing /usr/local/python/3.10.13/lib/python3.10/site-packages/airflow/example_dags/example_trigger_controller_dag.py took 0.105 seconds
[2024-03-07T18:30:13.244+0000] {processor.py:157} INFO - Started process (PID=6442) to work on /usr/local/python/3.10.13/lib/python3.10/site-packages/airflow/example_dags/example_trigger_controller_dag.py
[2024-03-07T18:30:13.244+0000] {processor.py:826} INFO - Processing file /usr/local/python/3.10.13/lib/python3.10/site-packages/airflow/example_dags/example_trigger_controller_dag.py for tasks to queue
[2024-03-07T18:30:13.245+0000] {logging_mixin.py:150} INFO - [2024-03-07T18:30:13.245+0000] {dagbag.py:541} INFO - Filling up the DagBag from /usr/local/python/3.10.13/lib/python3.10/site-packages/airflow/example_dags/example_trigger_controller_dag.py
[2024-03-07T18:30:13.248+0000] {processor.py:836} INFO - DAG(s) dict_keys(['example_trigger_controller_dag']) retrieved from /usr/local/python/3.10.13/lib/python3.10/site-packages/airflow/example_dags/example_trigger_controller_dag.py
[2024-03-07T18:30:13.262+0000] {logging_mixin.py:150} INFO - [2024-03-07T18:30:13.262+0000] {dag.py:2742} INFO - Sync 1 DAGs
[2024-03-07T18:30:13.279+0000] {logging_mixin.py:150} INFO - [2024-03-07T18:30:13.278+0000] {dag.py:3504} INFO - Setting next_dagrun for example_trigger_controller_dag to 2021-01-01T00:00:00+00:00, run_after=2021-01-01T00:00:00+00:00
[2024-03-07T18:30:13.323+0000] {processor.py:179} INFO - Processing /usr/local/python/3.10.13/lib/python3.10/site-packages/airflow/example_dags/example_trigger_controller_dag.py took 0.082 seconds
[2024-03-07T18:30:57.734+0000] {processor.py:157} INFO - Started process (PID=6739) to work on /usr/local/python/3.10.13/lib/python3.10/site-packages/airflow/example_dags/example_trigger_controller_dag.py
[2024-03-07T18:30:57.734+0000] {processor.py:826} INFO - Processing file /usr/local/python/3.10.13/lib/python3.10/site-packages/airflow/example_dags/example_trigger_controller_dag.py for tasks to queue
[2024-03-07T18:30:57.735+0000] {logging_mixin.py:150} INFO - [2024-03-07T18:30:57.735+0000] {dagbag.py:541} INFO - Filling up the DagBag from /usr/local/python/3.10.13/lib/python3.10/site-packages/airflow/example_dags/example_trigger_controller_dag.py
[2024-03-07T18:30:57.738+0000] {processor.py:836} INFO - DAG(s) dict_keys(['example_trigger_controller_dag']) retrieved from /usr/local/python/3.10.13/lib/python3.10/site-packages/airflow/example_dags/example_trigger_controller_dag.py
[2024-03-07T18:30:57.751+0000] {logging_mixin.py:150} INFO - [2024-03-07T18:30:57.750+0000] {dag.py:2742} INFO - Sync 1 DAGs
[2024-03-07T18:30:57.766+0000] {logging_mixin.py:150} INFO - [2024-03-07T18:30:57.766+0000] {dag.py:3504} INFO - Setting next_dagrun for example_trigger_controller_dag to 2021-01-01T00:00:00+00:00, run_after=2021-01-01T00:00:00+00:00
[2024-03-07T18:30:57.807+0000] {processor.py:179} INFO - Processing /usr/local/python/3.10.13/lib/python3.10/site-packages/airflow/example_dags/example_trigger_controller_dag.py took 0.075 seconds
[2024-03-07T18:31:47.789+0000] {processor.py:157} INFO - Started process (PID=7109) to work on /usr/local/python/3.10.13/lib/python3.10/site-packages/airflow/example_dags/example_trigger_controller_dag.py
[2024-03-07T18:31:47.790+0000] {processor.py:826} INFO - Processing file /usr/local/python/3.10.13/lib/python3.10/site-packages/airflow/example_dags/example_trigger_controller_dag.py for tasks to queue
[2024-03-07T18:31:47.790+0000] {logging_mixin.py:150} INFO - [2024-03-07T18:31:47.790+0000] {dagbag.py:541} INFO - Filling up the DagBag from /usr/local/python/3.10.13/lib/python3.10/site-packages/airflow/example_dags/example_trigger_controller_dag.py
[2024-03-07T18:31:47.794+0000] {processor.py:836} INFO - DAG(s) dict_keys(['example_trigger_controller_dag']) retrieved from /usr/local/python/3.10.13/lib/python3.10/site-packages/airflow/example_dags/example_trigger_controller_dag.py
[2024-03-07T18:31:47.807+0000] {logging_mixin.py:150} INFO - [2024-03-07T18:31:47.807+0000] {dag.py:2742} INFO - Sync 1 DAGs
[2024-03-07T18:31:47.823+0000] {logging_mixin.py:150} INFO - [2024-03-07T18:31:47.823+0000] {dag.py:3504} INFO - Setting next_dagrun for example_trigger_controller_dag to 2021-01-01T00:00:00+00:00, run_after=2021-01-01T00:00:00+00:00
[2024-03-07T18:31:47.864+0000] {processor.py:179} INFO - Processing /usr/local/python/3.10.13/lib/python3.10/site-packages/airflow/example_dags/example_trigger_controller_dag.py took 0.078 seconds
[2024-03-07T18:32:37.460+0000] {processor.py:157} INFO - Started process (PID=7633) to work on /usr/local/python/3.10.13/lib/python3.10/site-packages/airflow/example_dags/example_trigger_controller_dag.py
[2024-03-07T18:32:37.460+0000] {processor.py:826} INFO - Processing file /usr/local/python/3.10.13/lib/python3.10/site-packages/airflow/example_dags/example_trigger_controller_dag.py for tasks to queue
[2024-03-07T18:32:37.461+0000] {logging_mixin.py:150} INFO - [2024-03-07T18:32:37.461+0000] {dagbag.py:541} INFO - Filling up the DagBag from /usr/local/python/3.10.13/lib/python3.10/site-packages/airflow/example_dags/example_trigger_controller_dag.py
[2024-03-07T18:32:37.464+0000] {processor.py:836} INFO - DAG(s) dict_keys(['example_trigger_controller_dag']) retrieved from /usr/local/python/3.10.13/lib/python3.10/site-packages/airflow/example_dags/example_trigger_controller_dag.py
[2024-03-07T18:32:37.478+0000] {logging_mixin.py:150} INFO - [2024-03-07T18:32:37.477+0000] {dag.py:2742} INFO - Sync 1 DAGs
[2024-03-07T18:32:37.494+0000] {logging_mixin.py:150} INFO - [2024-03-07T18:32:37.494+0000] {dag.py:3504} INFO - Setting next_dagrun for example_trigger_controller_dag to 2021-01-01T00:00:00+00:00, run_after=2021-01-01T00:00:00+00:00
[2024-03-07T18:32:37.536+0000] {processor.py:179} INFO - Processing /usr/local/python/3.10.13/lib/python3.10/site-packages/airflow/example_dags/example_trigger_controller_dag.py took 0.079 seconds
[2024-03-07T18:33:20.954+0000] {processor.py:157} INFO - Started process (PID=8092) to work on /usr/local/python/3.10.13/lib/python3.10/site-packages/airflow/example_dags/example_trigger_controller_dag.py
[2024-03-07T18:33:20.955+0000] {processor.py:826} INFO - Processing file /usr/local/python/3.10.13/lib/python3.10/site-packages/airflow/example_dags/example_trigger_controller_dag.py for tasks to queue
[2024-03-07T18:33:20.956+0000] {logging_mixin.py:150} INFO - [2024-03-07T18:33:20.955+0000] {dagbag.py:541} INFO - Filling up the DagBag from /usr/local/python/3.10.13/lib/python3.10/site-packages/airflow/example_dags/example_trigger_controller_dag.py
[2024-03-07T18:33:20.959+0000] {processor.py:836} INFO - DAG(s) dict_keys(['example_trigger_controller_dag']) retrieved from /usr/local/python/3.10.13/lib/python3.10/site-packages/airflow/example_dags/example_trigger_controller_dag.py
[2024-03-07T18:33:20.972+0000] {logging_mixin.py:150} INFO - [2024-03-07T18:33:20.972+0000] {dag.py:2742} INFO - Sync 1 DAGs
[2024-03-07T18:33:20.988+0000] {logging_mixin.py:150} INFO - [2024-03-07T18:33:20.988+0000] {dag.py:3504} INFO - Setting next_dagrun for example_trigger_controller_dag to 2021-01-01T00:00:00+00:00, run_after=2021-01-01T00:00:00+00:00
[2024-03-07T18:33:21.027+0000] {processor.py:179} INFO - Processing /usr/local/python/3.10.13/lib/python3.10/site-packages/airflow/example_dags/example_trigger_controller_dag.py took 0.075 seconds
[2024-03-07T18:34:07.456+0000] {processor.py:157} INFO - Started process (PID=8533) to work on /usr/local/python/3.10.13/lib/python3.10/site-packages/airflow/example_dags/example_trigger_controller_dag.py
[2024-03-07T18:34:07.456+0000] {processor.py:826} INFO - Processing file /usr/local/python/3.10.13/lib/python3.10/site-packages/airflow/example_dags/example_trigger_controller_dag.py for tasks to queue
[2024-03-07T18:34:07.457+0000] {logging_mixin.py:150} INFO - [2024-03-07T18:34:07.457+0000] {dagbag.py:541} INFO - Filling up the DagBag from /usr/local/python/3.10.13/lib/python3.10/site-packages/airflow/example_dags/example_trigger_controller_dag.py
[2024-03-07T18:34:07.460+0000] {processor.py:836} INFO - DAG(s) dict_keys(['example_trigger_controller_dag']) retrieved from /usr/local/python/3.10.13/lib/python3.10/site-packages/airflow/example_dags/example_trigger_controller_dag.py
[2024-03-07T18:34:07.474+0000] {logging_mixin.py:150} INFO - [2024-03-07T18:34:07.474+0000] {dag.py:2742} INFO - Sync 1 DAGs
[2024-03-07T18:34:07.491+0000] {logging_mixin.py:150} INFO - [2024-03-07T18:34:07.491+0000] {dag.py:3504} INFO - Setting next_dagrun for example_trigger_controller_dag to 2021-01-01T00:00:00+00:00, run_after=2021-01-01T00:00:00+00:00
[2024-03-07T18:34:07.530+0000] {processor.py:179} INFO - Processing /usr/local/python/3.10.13/lib/python3.10/site-packages/airflow/example_dags/example_trigger_controller_dag.py took 0.077 seconds
[2024-03-07T18:34:57.886+0000] {processor.py:157} INFO - Started process (PID=9115) to work on /usr/local/python/3.10.13/lib/python3.10/site-packages/airflow/example_dags/example_trigger_controller_dag.py
[2024-03-07T18:34:57.887+0000] {processor.py:826} INFO - Processing file /usr/local/python/3.10.13/lib/python3.10/site-packages/airflow/example_dags/example_trigger_controller_dag.py for tasks to queue
[2024-03-07T18:34:57.887+0000] {logging_mixin.py:150} INFO - [2024-03-07T18:34:57.887+0000] {dagbag.py:541} INFO - Filling up the DagBag from /usr/local/python/3.10.13/lib/python3.10/site-packages/airflow/example_dags/example_trigger_controller_dag.py
[2024-03-07T18:34:57.891+0000] {processor.py:836} INFO - DAG(s) dict_keys(['example_trigger_controller_dag']) retrieved from /usr/local/python/3.10.13/lib/python3.10/site-packages/airflow/example_dags/example_trigger_controller_dag.py
[2024-03-07T18:34:57.904+0000] {logging_mixin.py:150} INFO - [2024-03-07T18:34:57.904+0000] {dag.py:2742} INFO - Sync 1 DAGs
[2024-03-07T18:34:57.921+0000] {logging_mixin.py:150} INFO - [2024-03-07T18:34:57.920+0000] {dag.py:3504} INFO - Setting next_dagrun for example_trigger_controller_dag to 2021-01-01T00:00:00+00:00, run_after=2021-01-01T00:00:00+00:00
[2024-03-07T18:34:57.966+0000] {processor.py:179} INFO - Processing /usr/local/python/3.10.13/lib/python3.10/site-packages/airflow/example_dags/example_trigger_controller_dag.py took 0.083 seconds
