[2024-03-07T18:27:37.691+0000] {processor.py:157} INFO - Started process (PID=5279) to work on /usr/local/python/3.10.13/lib/python3.10/site-packages/airflow/example_dags/example_dynamic_task_mapping_with_no_taskflow_operators.py
[2024-03-07T18:27:37.691+0000] {processor.py:826} INFO - Processing file /usr/local/python/3.10.13/lib/python3.10/site-packages/airflow/example_dags/example_dynamic_task_mapping_with_no_taskflow_operators.py for tasks to queue
[2024-03-07T18:27:37.692+0000] {logging_mixin.py:150} INFO - [2024-03-07T18:27:37.692+0000] {dagbag.py:541} INFO - Filling up the DagBag from /usr/local/python/3.10.13/lib/python3.10/site-packages/airflow/example_dags/example_dynamic_task_mapping_with_no_taskflow_operators.py
[2024-03-07T18:27:37.697+0000] {processor.py:836} INFO - DAG(s) dict_keys(['example_dynamic_task_mapping_with_no_taskflow_operators']) retrieved from /usr/local/python/3.10.13/lib/python3.10/site-packages/airflow/example_dags/example_dynamic_task_mapping_with_no_taskflow_operators.py
[2024-03-07T18:27:37.831+0000] {logging_mixin.py:150} INFO - [2024-03-07T18:27:37.831+0000] {manager.py:504} INFO - Created Permission View: can edit on DAG:example_dynamic_task_mapping_with_no_taskflow_operators
[2024-03-07T18:27:37.863+0000] {logging_mixin.py:150} INFO - [2024-03-07T18:27:37.862+0000] {manager.py:504} INFO - Created Permission View: can delete on DAG:example_dynamic_task_mapping_with_no_taskflow_operators
[2024-03-07T18:27:37.897+0000] {logging_mixin.py:150} INFO - [2024-03-07T18:27:37.897+0000] {manager.py:504} INFO - Created Permission View: can read on DAG:example_dynamic_task_mapping_with_no_taskflow_operators
[2024-03-07T18:27:37.906+0000] {logging_mixin.py:150} INFO - [2024-03-07T18:27:37.906+0000] {dag.py:2742} INFO - Sync 1 DAGs
[2024-03-07T18:27:37.916+0000] {logging_mixin.py:150} INFO - [2024-03-07T18:27:37.916+0000] {dag.py:2763} INFO - Creating ORM DAG for example_dynamic_task_mapping_with_no_taskflow_operators
[2024-03-07T18:27:37.925+0000] {logging_mixin.py:150} INFO - [2024-03-07T18:27:37.925+0000] {dag.py:3504} INFO - Setting next_dagrun for example_dynamic_task_mapping_with_no_taskflow_operators to 2024-03-06T18:27:37.925159+00:00, run_after=2024-03-07T18:27:37.925159+00:00
[2024-03-07T18:27:37.968+0000] {processor.py:179} INFO - Processing /usr/local/python/3.10.13/lib/python3.10/site-packages/airflow/example_dags/example_dynamic_task_mapping_with_no_taskflow_operators.py took 0.280 seconds
[2024-03-07T18:28:35.928+0000] {processor.py:157} INFO - Started process (PID=5710) to work on /usr/local/python/3.10.13/lib/python3.10/site-packages/airflow/example_dags/example_dynamic_task_mapping_with_no_taskflow_operators.py
[2024-03-07T18:28:35.928+0000] {processor.py:826} INFO - Processing file /usr/local/python/3.10.13/lib/python3.10/site-packages/airflow/example_dags/example_dynamic_task_mapping_with_no_taskflow_operators.py for tasks to queue
[2024-03-07T18:28:35.929+0000] {logging_mixin.py:150} INFO - [2024-03-07T18:28:35.929+0000] {dagbag.py:541} INFO - Filling up the DagBag from /usr/local/python/3.10.13/lib/python3.10/site-packages/airflow/example_dags/example_dynamic_task_mapping_with_no_taskflow_operators.py
[2024-03-07T18:28:35.935+0000] {processor.py:836} INFO - DAG(s) dict_keys(['example_dynamic_task_mapping_with_no_taskflow_operators']) retrieved from /usr/local/python/3.10.13/lib/python3.10/site-packages/airflow/example_dags/example_dynamic_task_mapping_with_no_taskflow_operators.py
[2024-03-07T18:28:35.947+0000] {logging_mixin.py:150} INFO - [2024-03-07T18:28:35.947+0000] {dag.py:2742} INFO - Sync 1 DAGs
[2024-03-07T18:28:35.966+0000] {logging_mixin.py:150} INFO - [2024-03-07T18:28:35.966+0000] {dag.py:3504} INFO - Setting next_dagrun for example_dynamic_task_mapping_with_no_taskflow_operators to 2024-03-06T18:28:35.966254+00:00, run_after=2024-03-07T18:28:35.966254+00:00
[2024-03-07T18:28:36.008+0000] {processor.py:179} INFO - Processing /usr/local/python/3.10.13/lib/python3.10/site-packages/airflow/example_dags/example_dynamic_task_mapping_with_no_taskflow_operators.py took 0.083 seconds
[2024-03-07T18:29:28.614+0000] {processor.py:157} INFO - Started process (PID=6102) to work on /usr/local/python/3.10.13/lib/python3.10/site-packages/airflow/example_dags/example_dynamic_task_mapping_with_no_taskflow_operators.py
[2024-03-07T18:29:28.615+0000] {processor.py:826} INFO - Processing file /usr/local/python/3.10.13/lib/python3.10/site-packages/airflow/example_dags/example_dynamic_task_mapping_with_no_taskflow_operators.py for tasks to queue
[2024-03-07T18:29:28.616+0000] {logging_mixin.py:150} INFO - [2024-03-07T18:29:28.616+0000] {dagbag.py:541} INFO - Filling up the DagBag from /usr/local/python/3.10.13/lib/python3.10/site-packages/airflow/example_dags/example_dynamic_task_mapping_with_no_taskflow_operators.py
[2024-03-07T18:29:28.622+0000] {processor.py:836} INFO - DAG(s) dict_keys(['example_dynamic_task_mapping_with_no_taskflow_operators']) retrieved from /usr/local/python/3.10.13/lib/python3.10/site-packages/airflow/example_dags/example_dynamic_task_mapping_with_no_taskflow_operators.py
[2024-03-07T18:29:28.634+0000] {logging_mixin.py:150} INFO - [2024-03-07T18:29:28.634+0000] {dag.py:2742} INFO - Sync 1 DAGs
[2024-03-07T18:29:28.651+0000] {logging_mixin.py:150} INFO - [2024-03-07T18:29:28.651+0000] {dag.py:3504} INFO - Setting next_dagrun for example_dynamic_task_mapping_with_no_taskflow_operators to 2024-03-06T18:29:28.650922+00:00, run_after=2024-03-07T18:29:28.650922+00:00
[2024-03-07T18:29:28.692+0000] {processor.py:179} INFO - Processing /usr/local/python/3.10.13/lib/python3.10/site-packages/airflow/example_dags/example_dynamic_task_mapping_with_no_taskflow_operators.py took 0.080 seconds
[2024-03-07T18:30:18.703+0000] {processor.py:157} INFO - Started process (PID=6472) to work on /usr/local/python/3.10.13/lib/python3.10/site-packages/airflow/example_dags/example_dynamic_task_mapping_with_no_taskflow_operators.py
[2024-03-07T18:30:18.704+0000] {processor.py:826} INFO - Processing file /usr/local/python/3.10.13/lib/python3.10/site-packages/airflow/example_dags/example_dynamic_task_mapping_with_no_taskflow_operators.py for tasks to queue
[2024-03-07T18:30:18.705+0000] {logging_mixin.py:150} INFO - [2024-03-07T18:30:18.705+0000] {dagbag.py:541} INFO - Filling up the DagBag from /usr/local/python/3.10.13/lib/python3.10/site-packages/airflow/example_dags/example_dynamic_task_mapping_with_no_taskflow_operators.py
[2024-03-07T18:30:18.710+0000] {processor.py:836} INFO - DAG(s) dict_keys(['example_dynamic_task_mapping_with_no_taskflow_operators']) retrieved from /usr/local/python/3.10.13/lib/python3.10/site-packages/airflow/example_dags/example_dynamic_task_mapping_with_no_taskflow_operators.py
[2024-03-07T18:30:18.722+0000] {logging_mixin.py:150} INFO - [2024-03-07T18:30:18.722+0000] {dag.py:2742} INFO - Sync 1 DAGs
[2024-03-07T18:30:18.739+0000] {logging_mixin.py:150} INFO - [2024-03-07T18:30:18.739+0000] {dag.py:3504} INFO - Setting next_dagrun for example_dynamic_task_mapping_with_no_taskflow_operators to 2024-03-06T18:30:18.738825+00:00, run_after=2024-03-07T18:30:18.738825+00:00
[2024-03-07T18:30:18.781+0000] {processor.py:179} INFO - Processing /usr/local/python/3.10.13/lib/python3.10/site-packages/airflow/example_dags/example_dynamic_task_mapping_with_no_taskflow_operators.py took 0.080 seconds
[2024-03-07T18:31:04.137+0000] {processor.py:157} INFO - Started process (PID=6793) to work on /usr/local/python/3.10.13/lib/python3.10/site-packages/airflow/example_dags/example_dynamic_task_mapping_with_no_taskflow_operators.py
[2024-03-07T18:31:04.137+0000] {processor.py:826} INFO - Processing file /usr/local/python/3.10.13/lib/python3.10/site-packages/airflow/example_dags/example_dynamic_task_mapping_with_no_taskflow_operators.py for tasks to queue
[2024-03-07T18:31:04.138+0000] {logging_mixin.py:150} INFO - [2024-03-07T18:31:04.138+0000] {dagbag.py:541} INFO - Filling up the DagBag from /usr/local/python/3.10.13/lib/python3.10/site-packages/airflow/example_dags/example_dynamic_task_mapping_with_no_taskflow_operators.py
[2024-03-07T18:31:04.143+0000] {processor.py:836} INFO - DAG(s) dict_keys(['example_dynamic_task_mapping_with_no_taskflow_operators']) retrieved from /usr/local/python/3.10.13/lib/python3.10/site-packages/airflow/example_dags/example_dynamic_task_mapping_with_no_taskflow_operators.py
[2024-03-07T18:31:04.155+0000] {logging_mixin.py:150} INFO - [2024-03-07T18:31:04.154+0000] {dag.py:2742} INFO - Sync 1 DAGs
[2024-03-07T18:31:04.170+0000] {logging_mixin.py:150} INFO - [2024-03-07T18:31:04.170+0000] {dag.py:3504} INFO - Setting next_dagrun for example_dynamic_task_mapping_with_no_taskflow_operators to 2024-03-06T18:31:04.169922+00:00, run_after=2024-03-07T18:31:04.169922+00:00
[2024-03-07T18:31:04.210+0000] {processor.py:179} INFO - Processing /usr/local/python/3.10.13/lib/python3.10/site-packages/airflow/example_dags/example_dynamic_task_mapping_with_no_taskflow_operators.py took 0.076 seconds
[2024-03-07T18:31:53.110+0000] {processor.py:157} INFO - Started process (PID=7137) to work on /usr/local/python/3.10.13/lib/python3.10/site-packages/airflow/example_dags/example_dynamic_task_mapping_with_no_taskflow_operators.py
[2024-03-07T18:31:53.111+0000] {processor.py:826} INFO - Processing file /usr/local/python/3.10.13/lib/python3.10/site-packages/airflow/example_dags/example_dynamic_task_mapping_with_no_taskflow_operators.py for tasks to queue
[2024-03-07T18:31:53.112+0000] {logging_mixin.py:150} INFO - [2024-03-07T18:31:53.111+0000] {dagbag.py:541} INFO - Filling up the DagBag from /usr/local/python/3.10.13/lib/python3.10/site-packages/airflow/example_dags/example_dynamic_task_mapping_with_no_taskflow_operators.py
[2024-03-07T18:31:53.119+0000] {processor.py:836} INFO - DAG(s) dict_keys(['example_dynamic_task_mapping_with_no_taskflow_operators']) retrieved from /usr/local/python/3.10.13/lib/python3.10/site-packages/airflow/example_dags/example_dynamic_task_mapping_with_no_taskflow_operators.py
[2024-03-07T18:31:53.131+0000] {logging_mixin.py:150} INFO - [2024-03-07T18:31:53.131+0000] {dag.py:2742} INFO - Sync 1 DAGs
[2024-03-07T18:31:53.147+0000] {logging_mixin.py:150} INFO - [2024-03-07T18:31:53.147+0000] {dag.py:3504} INFO - Setting next_dagrun for example_dynamic_task_mapping_with_no_taskflow_operators to 2024-03-06T18:31:53.147317+00:00, run_after=2024-03-07T18:31:53.147317+00:00
[2024-03-07T18:31:53.186+0000] {processor.py:179} INFO - Processing /usr/local/python/3.10.13/lib/python3.10/site-packages/airflow/example_dags/example_dynamic_task_mapping_with_no_taskflow_operators.py took 0.078 seconds
[2024-03-07T18:32:43.863+0000] {processor.py:157} INFO - Started process (PID=7700) to work on /usr/local/python/3.10.13/lib/python3.10/site-packages/airflow/example_dags/example_dynamic_task_mapping_with_no_taskflow_operators.py
[2024-03-07T18:32:43.864+0000] {processor.py:826} INFO - Processing file /usr/local/python/3.10.13/lib/python3.10/site-packages/airflow/example_dags/example_dynamic_task_mapping_with_no_taskflow_operators.py for tasks to queue
[2024-03-07T18:32:43.865+0000] {logging_mixin.py:150} INFO - [2024-03-07T18:32:43.864+0000] {dagbag.py:541} INFO - Filling up the DagBag from /usr/local/python/3.10.13/lib/python3.10/site-packages/airflow/example_dags/example_dynamic_task_mapping_with_no_taskflow_operators.py
[2024-03-07T18:32:43.870+0000] {processor.py:836} INFO - DAG(s) dict_keys(['example_dynamic_task_mapping_with_no_taskflow_operators']) retrieved from /usr/local/python/3.10.13/lib/python3.10/site-packages/airflow/example_dags/example_dynamic_task_mapping_with_no_taskflow_operators.py
[2024-03-07T18:32:43.884+0000] {logging_mixin.py:150} INFO - [2024-03-07T18:32:43.884+0000] {dag.py:2742} INFO - Sync 1 DAGs
[2024-03-07T18:32:43.901+0000] {logging_mixin.py:150} INFO - [2024-03-07T18:32:43.901+0000] {dag.py:3504} INFO - Setting next_dagrun for example_dynamic_task_mapping_with_no_taskflow_operators to 2024-03-06T18:32:43.900925+00:00, run_after=2024-03-07T18:32:43.900925+00:00
[2024-03-07T18:32:43.946+0000] {processor.py:179} INFO - Processing /usr/local/python/3.10.13/lib/python3.10/site-packages/airflow/example_dags/example_dynamic_task_mapping_with_no_taskflow_operators.py took 0.085 seconds
[2024-03-07T18:33:27.527+0000] {processor.py:157} INFO - Started process (PID=8178) to work on /usr/local/python/3.10.13/lib/python3.10/site-packages/airflow/example_dags/example_dynamic_task_mapping_with_no_taskflow_operators.py
[2024-03-07T18:33:27.528+0000] {processor.py:826} INFO - Processing file /usr/local/python/3.10.13/lib/python3.10/site-packages/airflow/example_dags/example_dynamic_task_mapping_with_no_taskflow_operators.py for tasks to queue
[2024-03-07T18:33:27.528+0000] {logging_mixin.py:150} INFO - [2024-03-07T18:33:27.528+0000] {dagbag.py:541} INFO - Filling up the DagBag from /usr/local/python/3.10.13/lib/python3.10/site-packages/airflow/example_dags/example_dynamic_task_mapping_with_no_taskflow_operators.py
[2024-03-07T18:33:27.535+0000] {processor.py:836} INFO - DAG(s) dict_keys(['example_dynamic_task_mapping_with_no_taskflow_operators']) retrieved from /usr/local/python/3.10.13/lib/python3.10/site-packages/airflow/example_dags/example_dynamic_task_mapping_with_no_taskflow_operators.py
[2024-03-07T18:33:27.550+0000] {logging_mixin.py:150} INFO - [2024-03-07T18:33:27.550+0000] {dag.py:2742} INFO - Sync 1 DAGs
[2024-03-07T18:33:27.567+0000] {logging_mixin.py:150} INFO - [2024-03-07T18:33:27.567+0000] {dag.py:3504} INFO - Setting next_dagrun for example_dynamic_task_mapping_with_no_taskflow_operators to 2024-03-06T18:33:27.567351+00:00, run_after=2024-03-07T18:33:27.567351+00:00
[2024-03-07T18:33:27.620+0000] {processor.py:179} INFO - Processing /usr/local/python/3.10.13/lib/python3.10/site-packages/airflow/example_dags/example_dynamic_task_mapping_with_no_taskflow_operators.py took 0.096 seconds
[2024-03-07T18:34:13.926+0000] {processor.py:157} INFO - Started process (PID=8604) to work on /usr/local/python/3.10.13/lib/python3.10/site-packages/airflow/example_dags/example_dynamic_task_mapping_with_no_taskflow_operators.py
[2024-03-07T18:34:13.927+0000] {processor.py:826} INFO - Processing file /usr/local/python/3.10.13/lib/python3.10/site-packages/airflow/example_dags/example_dynamic_task_mapping_with_no_taskflow_operators.py for tasks to queue
[2024-03-07T18:34:13.927+0000] {logging_mixin.py:150} INFO - [2024-03-07T18:34:13.927+0000] {dagbag.py:541} INFO - Filling up the DagBag from /usr/local/python/3.10.13/lib/python3.10/site-packages/airflow/example_dags/example_dynamic_task_mapping_with_no_taskflow_operators.py
[2024-03-07T18:34:13.934+0000] {processor.py:836} INFO - DAG(s) dict_keys(['example_dynamic_task_mapping_with_no_taskflow_operators']) retrieved from /usr/local/python/3.10.13/lib/python3.10/site-packages/airflow/example_dags/example_dynamic_task_mapping_with_no_taskflow_operators.py
[2024-03-07T18:34:13.950+0000] {logging_mixin.py:150} INFO - [2024-03-07T18:34:13.950+0000] {dag.py:2742} INFO - Sync 1 DAGs
[2024-03-07T18:34:13.973+0000] {logging_mixin.py:150} INFO - [2024-03-07T18:34:13.973+0000] {dag.py:3504} INFO - Setting next_dagrun for example_dynamic_task_mapping_with_no_taskflow_operators to 2024-03-06T18:34:13.973459+00:00, run_after=2024-03-07T18:34:13.973459+00:00
[2024-03-07T18:34:14.014+0000] {processor.py:179} INFO - Processing /usr/local/python/3.10.13/lib/python3.10/site-packages/airflow/example_dags/example_dynamic_task_mapping_with_no_taskflow_operators.py took 0.091 seconds
[2024-03-07T18:35:03.588+0000] {processor.py:157} INFO - Started process (PID=9205) to work on /usr/local/python/3.10.13/lib/python3.10/site-packages/airflow/example_dags/example_dynamic_task_mapping_with_no_taskflow_operators.py
[2024-03-07T18:35:03.588+0000] {processor.py:826} INFO - Processing file /usr/local/python/3.10.13/lib/python3.10/site-packages/airflow/example_dags/example_dynamic_task_mapping_with_no_taskflow_operators.py for tasks to queue
[2024-03-07T18:35:03.589+0000] {logging_mixin.py:150} INFO - [2024-03-07T18:35:03.589+0000] {dagbag.py:541} INFO - Filling up the DagBag from /usr/local/python/3.10.13/lib/python3.10/site-packages/airflow/example_dags/example_dynamic_task_mapping_with_no_taskflow_operators.py
[2024-03-07T18:35:03.595+0000] {processor.py:836} INFO - DAG(s) dict_keys(['example_dynamic_task_mapping_with_no_taskflow_operators']) retrieved from /usr/local/python/3.10.13/lib/python3.10/site-packages/airflow/example_dags/example_dynamic_task_mapping_with_no_taskflow_operators.py
[2024-03-07T18:35:03.606+0000] {logging_mixin.py:150} INFO - [2024-03-07T18:35:03.606+0000] {dag.py:2742} INFO - Sync 1 DAGs
[2024-03-07T18:35:03.624+0000] {logging_mixin.py:150} INFO - [2024-03-07T18:35:03.624+0000] {dag.py:3504} INFO - Setting next_dagrun for example_dynamic_task_mapping_with_no_taskflow_operators to 2024-03-06T18:35:03.624469+00:00, run_after=2024-03-07T18:35:03.624469+00:00
[2024-03-07T18:35:03.663+0000] {processor.py:179} INFO - Processing /usr/local/python/3.10.13/lib/python3.10/site-packages/airflow/example_dags/example_dynamic_task_mapping_with_no_taskflow_operators.py took 0.078 seconds
