[2024-03-07T18:27:33.694+0000] {processor.py:157} INFO - Started process (PID=5251) to work on /usr/local/python/3.10.13/lib/python3.10/site-packages/airflow/example_dags/example_branch_day_of_week_operator.py
[2024-03-07T18:27:33.694+0000] {processor.py:826} INFO - Processing file /usr/local/python/3.10.13/lib/python3.10/site-packages/airflow/example_dags/example_branch_day_of_week_operator.py for tasks to queue
[2024-03-07T18:27:33.695+0000] {logging_mixin.py:150} INFO - [2024-03-07T18:27:33.695+0000] {dagbag.py:541} INFO - Filling up the DagBag from /usr/local/python/3.10.13/lib/python3.10/site-packages/airflow/example_dags/example_branch_day_of_week_operator.py
[2024-03-07T18:27:33.701+0000] {processor.py:836} INFO - DAG(s) dict_keys(['example_weekday_branch_operator']) retrieved from /usr/local/python/3.10.13/lib/python3.10/site-packages/airflow/example_dags/example_branch_day_of_week_operator.py
[2024-03-07T18:27:33.847+0000] {logging_mixin.py:150} INFO - [2024-03-07T18:27:33.846+0000] {manager.py:504} INFO - Created Permission View: can edit on DAG:example_weekday_branch_operator
[2024-03-07T18:27:33.878+0000] {logging_mixin.py:150} INFO - [2024-03-07T18:27:33.878+0000] {manager.py:504} INFO - Created Permission View: can delete on DAG:example_weekday_branch_operator
[2024-03-07T18:27:33.907+0000] {logging_mixin.py:150} INFO - [2024-03-07T18:27:33.907+0000] {manager.py:504} INFO - Created Permission View: can read on DAG:example_weekday_branch_operator
[2024-03-07T18:27:33.917+0000] {logging_mixin.py:150} INFO - [2024-03-07T18:27:33.917+0000] {dag.py:2742} INFO - Sync 1 DAGs
[2024-03-07T18:27:33.925+0000] {logging_mixin.py:150} INFO - [2024-03-07T18:27:33.924+0000] {dag.py:2763} INFO - Creating ORM DAG for example_weekday_branch_operator
[2024-03-07T18:27:33.935+0000] {logging_mixin.py:150} INFO - [2024-03-07T18:27:33.935+0000] {dag.py:3504} INFO - Setting next_dagrun for example_weekday_branch_operator to 2024-03-06T00:00:00+00:00, run_after=2024-03-07T00:00:00+00:00
[2024-03-07T18:27:33.985+0000] {processor.py:179} INFO - Processing /usr/local/python/3.10.13/lib/python3.10/site-packages/airflow/example_dags/example_branch_day_of_week_operator.py took 0.294 seconds
[2024-03-07T18:28:32.393+0000] {processor.py:157} INFO - Started process (PID=5685) to work on /usr/local/python/3.10.13/lib/python3.10/site-packages/airflow/example_dags/example_branch_day_of_week_operator.py
[2024-03-07T18:28:32.394+0000] {processor.py:826} INFO - Processing file /usr/local/python/3.10.13/lib/python3.10/site-packages/airflow/example_dags/example_branch_day_of_week_operator.py for tasks to queue
[2024-03-07T18:28:32.395+0000] {logging_mixin.py:150} INFO - [2024-03-07T18:28:32.394+0000] {dagbag.py:541} INFO - Filling up the DagBag from /usr/local/python/3.10.13/lib/python3.10/site-packages/airflow/example_dags/example_branch_day_of_week_operator.py
[2024-03-07T18:28:32.401+0000] {processor.py:836} INFO - DAG(s) dict_keys(['example_weekday_branch_operator']) retrieved from /usr/local/python/3.10.13/lib/python3.10/site-packages/airflow/example_dags/example_branch_day_of_week_operator.py
[2024-03-07T18:28:32.415+0000] {logging_mixin.py:150} INFO - [2024-03-07T18:28:32.414+0000] {dag.py:2742} INFO - Sync 1 DAGs
[2024-03-07T18:28:32.432+0000] {logging_mixin.py:150} INFO - [2024-03-07T18:28:32.432+0000] {dag.py:3504} INFO - Setting next_dagrun for example_weekday_branch_operator to 2024-03-06T00:00:00+00:00, run_after=2024-03-07T00:00:00+00:00
[2024-03-07T18:28:32.483+0000] {processor.py:179} INFO - Processing /usr/local/python/3.10.13/lib/python3.10/site-packages/airflow/example_dags/example_branch_day_of_week_operator.py took 0.092 seconds
[2024-03-07T18:29:26.587+0000] {processor.py:157} INFO - Started process (PID=6087) to work on /usr/local/python/3.10.13/lib/python3.10/site-packages/airflow/example_dags/example_branch_day_of_week_operator.py
[2024-03-07T18:29:26.588+0000] {processor.py:826} INFO - Processing file /usr/local/python/3.10.13/lib/python3.10/site-packages/airflow/example_dags/example_branch_day_of_week_operator.py for tasks to queue
[2024-03-07T18:29:26.589+0000] {logging_mixin.py:150} INFO - [2024-03-07T18:29:26.588+0000] {dagbag.py:541} INFO - Filling up the DagBag from /usr/local/python/3.10.13/lib/python3.10/site-packages/airflow/example_dags/example_branch_day_of_week_operator.py
[2024-03-07T18:29:26.595+0000] {processor.py:836} INFO - DAG(s) dict_keys(['example_weekday_branch_operator']) retrieved from /usr/local/python/3.10.13/lib/python3.10/site-packages/airflow/example_dags/example_branch_day_of_week_operator.py
[2024-03-07T18:29:26.608+0000] {logging_mixin.py:150} INFO - [2024-03-07T18:29:26.608+0000] {dag.py:2742} INFO - Sync 1 DAGs
[2024-03-07T18:29:26.626+0000] {logging_mixin.py:150} INFO - [2024-03-07T18:29:26.625+0000] {dag.py:3504} INFO - Setting next_dagrun for example_weekday_branch_operator to 2024-03-06T00:00:00+00:00, run_after=2024-03-07T00:00:00+00:00
[2024-03-07T18:29:26.666+0000] {processor.py:179} INFO - Processing /usr/local/python/3.10.13/lib/python3.10/site-packages/airflow/example_dags/example_branch_day_of_week_operator.py took 0.082 seconds
[2024-03-07T18:30:16.126+0000] {processor.py:157} INFO - Started process (PID=6451) to work on /usr/local/python/3.10.13/lib/python3.10/site-packages/airflow/example_dags/example_branch_day_of_week_operator.py
[2024-03-07T18:30:16.127+0000] {processor.py:826} INFO - Processing file /usr/local/python/3.10.13/lib/python3.10/site-packages/airflow/example_dags/example_branch_day_of_week_operator.py for tasks to queue
[2024-03-07T18:30:16.128+0000] {logging_mixin.py:150} INFO - [2024-03-07T18:30:16.128+0000] {dagbag.py:541} INFO - Filling up the DagBag from /usr/local/python/3.10.13/lib/python3.10/site-packages/airflow/example_dags/example_branch_day_of_week_operator.py
[2024-03-07T18:30:16.135+0000] {processor.py:836} INFO - DAG(s) dict_keys(['example_weekday_branch_operator']) retrieved from /usr/local/python/3.10.13/lib/python3.10/site-packages/airflow/example_dags/example_branch_day_of_week_operator.py
[2024-03-07T18:30:16.152+0000] {logging_mixin.py:150} INFO - [2024-03-07T18:30:16.152+0000] {dag.py:2742} INFO - Sync 1 DAGs
[2024-03-07T18:30:16.172+0000] {logging_mixin.py:150} INFO - [2024-03-07T18:30:16.172+0000] {dag.py:3504} INFO - Setting next_dagrun for example_weekday_branch_operator to 2024-03-06T00:00:00+00:00, run_after=2024-03-07T00:00:00+00:00
[2024-03-07T18:30:16.214+0000] {processor.py:179} INFO - Processing /usr/local/python/3.10.13/lib/python3.10/site-packages/airflow/example_dags/example_branch_day_of_week_operator.py took 0.090 seconds
[2024-03-07T18:31:01.175+0000] {processor.py:157} INFO - Started process (PID=6760) to work on /usr/local/python/3.10.13/lib/python3.10/site-packages/airflow/example_dags/example_branch_day_of_week_operator.py
[2024-03-07T18:31:01.176+0000] {processor.py:826} INFO - Processing file /usr/local/python/3.10.13/lib/python3.10/site-packages/airflow/example_dags/example_branch_day_of_week_operator.py for tasks to queue
[2024-03-07T18:31:01.177+0000] {logging_mixin.py:150} INFO - [2024-03-07T18:31:01.176+0000] {dagbag.py:541} INFO - Filling up the DagBag from /usr/local/python/3.10.13/lib/python3.10/site-packages/airflow/example_dags/example_branch_day_of_week_operator.py
[2024-03-07T18:31:01.187+0000] {processor.py:836} INFO - DAG(s) dict_keys(['example_weekday_branch_operator']) retrieved from /usr/local/python/3.10.13/lib/python3.10/site-packages/airflow/example_dags/example_branch_day_of_week_operator.py
[2024-03-07T18:31:01.207+0000] {logging_mixin.py:150} INFO - [2024-03-07T18:31:01.207+0000] {dag.py:2742} INFO - Sync 1 DAGs
[2024-03-07T18:31:01.234+0000] {logging_mixin.py:150} INFO - [2024-03-07T18:31:01.233+0000] {dag.py:3504} INFO - Setting next_dagrun for example_weekday_branch_operator to 2024-03-06T00:00:00+00:00, run_after=2024-03-07T00:00:00+00:00
[2024-03-07T18:31:01.282+0000] {processor.py:179} INFO - Processing /usr/local/python/3.10.13/lib/python3.10/site-packages/airflow/example_dags/example_branch_day_of_week_operator.py took 0.109 seconds
[2024-03-07T18:31:49.553+0000] {processor.py:157} INFO - Started process (PID=7118) to work on /usr/local/python/3.10.13/lib/python3.10/site-packages/airflow/example_dags/example_branch_day_of_week_operator.py
[2024-03-07T18:31:49.554+0000] {processor.py:826} INFO - Processing file /usr/local/python/3.10.13/lib/python3.10/site-packages/airflow/example_dags/example_branch_day_of_week_operator.py for tasks to queue
[2024-03-07T18:31:49.555+0000] {logging_mixin.py:150} INFO - [2024-03-07T18:31:49.554+0000] {dagbag.py:541} INFO - Filling up the DagBag from /usr/local/python/3.10.13/lib/python3.10/site-packages/airflow/example_dags/example_branch_day_of_week_operator.py
[2024-03-07T18:31:49.561+0000] {processor.py:836} INFO - DAG(s) dict_keys(['example_weekday_branch_operator']) retrieved from /usr/local/python/3.10.13/lib/python3.10/site-packages/airflow/example_dags/example_branch_day_of_week_operator.py
[2024-03-07T18:31:49.575+0000] {logging_mixin.py:150} INFO - [2024-03-07T18:31:49.575+0000] {dag.py:2742} INFO - Sync 1 DAGs
[2024-03-07T18:31:49.593+0000] {logging_mixin.py:150} INFO - [2024-03-07T18:31:49.593+0000] {dag.py:3504} INFO - Setting next_dagrun for example_weekday_branch_operator to 2024-03-06T00:00:00+00:00, run_after=2024-03-07T00:00:00+00:00
[2024-03-07T18:31:49.633+0000] {processor.py:179} INFO - Processing /usr/local/python/3.10.13/lib/python3.10/site-packages/airflow/example_dags/example_branch_day_of_week_operator.py took 0.083 seconds
[2024-03-07T18:32:40.941+0000] {processor.py:157} INFO - Started process (PID=7663) to work on /usr/local/python/3.10.13/lib/python3.10/site-packages/airflow/example_dags/example_branch_day_of_week_operator.py
[2024-03-07T18:32:40.941+0000] {processor.py:826} INFO - Processing file /usr/local/python/3.10.13/lib/python3.10/site-packages/airflow/example_dags/example_branch_day_of_week_operator.py for tasks to queue
[2024-03-07T18:32:40.942+0000] {logging_mixin.py:150} INFO - [2024-03-07T18:32:40.942+0000] {dagbag.py:541} INFO - Filling up the DagBag from /usr/local/python/3.10.13/lib/python3.10/site-packages/airflow/example_dags/example_branch_day_of_week_operator.py
[2024-03-07T18:32:40.948+0000] {processor.py:836} INFO - DAG(s) dict_keys(['example_weekday_branch_operator']) retrieved from /usr/local/python/3.10.13/lib/python3.10/site-packages/airflow/example_dags/example_branch_day_of_week_operator.py
[2024-03-07T18:32:40.962+0000] {logging_mixin.py:150} INFO - [2024-03-07T18:32:40.962+0000] {dag.py:2742} INFO - Sync 1 DAGs
[2024-03-07T18:32:40.987+0000] {logging_mixin.py:150} INFO - [2024-03-07T18:32:40.987+0000] {dag.py:3504} INFO - Setting next_dagrun for example_weekday_branch_operator to 2024-03-06T00:00:00+00:00, run_after=2024-03-07T00:00:00+00:00
[2024-03-07T18:32:41.027+0000] {processor.py:179} INFO - Processing /usr/local/python/3.10.13/lib/python3.10/site-packages/airflow/example_dags/example_branch_day_of_week_operator.py took 0.089 seconds
[2024-03-07T18:33:24.265+0000] {processor.py:157} INFO - Started process (PID=8111) to work on /usr/local/python/3.10.13/lib/python3.10/site-packages/airflow/example_dags/example_branch_day_of_week_operator.py
[2024-03-07T18:33:24.265+0000] {processor.py:826} INFO - Processing file /usr/local/python/3.10.13/lib/python3.10/site-packages/airflow/example_dags/example_branch_day_of_week_operator.py for tasks to queue
[2024-03-07T18:33:24.266+0000] {logging_mixin.py:150} INFO - [2024-03-07T18:33:24.266+0000] {dagbag.py:541} INFO - Filling up the DagBag from /usr/local/python/3.10.13/lib/python3.10/site-packages/airflow/example_dags/example_branch_day_of_week_operator.py
[2024-03-07T18:33:24.272+0000] {processor.py:836} INFO - DAG(s) dict_keys(['example_weekday_branch_operator']) retrieved from /usr/local/python/3.10.13/lib/python3.10/site-packages/airflow/example_dags/example_branch_day_of_week_operator.py
[2024-03-07T18:33:24.285+0000] {logging_mixin.py:150} INFO - [2024-03-07T18:33:24.285+0000] {dag.py:2742} INFO - Sync 1 DAGs
[2024-03-07T18:33:24.304+0000] {logging_mixin.py:150} INFO - [2024-03-07T18:33:24.304+0000] {dag.py:3504} INFO - Setting next_dagrun for example_weekday_branch_operator to 2024-03-06T00:00:00+00:00, run_after=2024-03-07T00:00:00+00:00
[2024-03-07T18:33:24.343+0000] {processor.py:179} INFO - Processing /usr/local/python/3.10.13/lib/python3.10/site-packages/airflow/example_dags/example_branch_day_of_week_operator.py took 0.081 seconds
[2024-03-07T18:34:10.954+0000] {processor.py:157} INFO - Started process (PID=8567) to work on /usr/local/python/3.10.13/lib/python3.10/site-packages/airflow/example_dags/example_branch_day_of_week_operator.py
[2024-03-07T18:34:10.955+0000] {processor.py:826} INFO - Processing file /usr/local/python/3.10.13/lib/python3.10/site-packages/airflow/example_dags/example_branch_day_of_week_operator.py for tasks to queue
[2024-03-07T18:34:10.956+0000] {logging_mixin.py:150} INFO - [2024-03-07T18:34:10.956+0000] {dagbag.py:541} INFO - Filling up the DagBag from /usr/local/python/3.10.13/lib/python3.10/site-packages/airflow/example_dags/example_branch_day_of_week_operator.py
[2024-03-07T18:34:10.962+0000] {processor.py:836} INFO - DAG(s) dict_keys(['example_weekday_branch_operator']) retrieved from /usr/local/python/3.10.13/lib/python3.10/site-packages/airflow/example_dags/example_branch_day_of_week_operator.py
[2024-03-07T18:34:10.978+0000] {logging_mixin.py:150} INFO - [2024-03-07T18:34:10.978+0000] {dag.py:2742} INFO - Sync 1 DAGs
[2024-03-07T18:34:10.997+0000] {logging_mixin.py:150} INFO - [2024-03-07T18:34:10.997+0000] {dag.py:3504} INFO - Setting next_dagrun for example_weekday_branch_operator to 2024-03-06T00:00:00+00:00, run_after=2024-03-07T00:00:00+00:00
[2024-03-07T18:34:11.036+0000] {processor.py:179} INFO - Processing /usr/local/python/3.10.13/lib/python3.10/site-packages/airflow/example_dags/example_branch_day_of_week_operator.py took 0.084 seconds
[2024-03-07T18:35:00.858+0000] {processor.py:157} INFO - Started process (PID=9169) to work on /usr/local/python/3.10.13/lib/python3.10/site-packages/airflow/example_dags/example_branch_day_of_week_operator.py
[2024-03-07T18:35:00.858+0000] {processor.py:826} INFO - Processing file /usr/local/python/3.10.13/lib/python3.10/site-packages/airflow/example_dags/example_branch_day_of_week_operator.py for tasks to queue
[2024-03-07T18:35:00.859+0000] {logging_mixin.py:150} INFO - [2024-03-07T18:35:00.859+0000] {dagbag.py:541} INFO - Filling up the DagBag from /usr/local/python/3.10.13/lib/python3.10/site-packages/airflow/example_dags/example_branch_day_of_week_operator.py
[2024-03-07T18:35:00.866+0000] {processor.py:836} INFO - DAG(s) dict_keys(['example_weekday_branch_operator']) retrieved from /usr/local/python/3.10.13/lib/python3.10/site-packages/airflow/example_dags/example_branch_day_of_week_operator.py
[2024-03-07T18:35:00.881+0000] {logging_mixin.py:150} INFO - [2024-03-07T18:35:00.881+0000] {dag.py:2742} INFO - Sync 1 DAGs
[2024-03-07T18:35:00.907+0000] {logging_mixin.py:150} INFO - [2024-03-07T18:35:00.907+0000] {dag.py:3504} INFO - Setting next_dagrun for example_weekday_branch_operator to 2024-03-06T00:00:00+00:00, run_after=2024-03-07T00:00:00+00:00
[2024-03-07T18:35:00.947+0000] {processor.py:179} INFO - Processing /usr/local/python/3.10.13/lib/python3.10/site-packages/airflow/example_dags/example_branch_day_of_week_operator.py took 0.092 seconds
