[2024-03-07T18:26:50.021+0000] {processor.py:157} INFO - Started process (PID=4956) to work on /usr/local/python/3.10.13/lib/python3.10/site-packages/airflow/example_dags/example_short_circuit_decorator.py
[2024-03-07T18:26:50.022+0000] {processor.py:826} INFO - Processing file /usr/local/python/3.10.13/lib/python3.10/site-packages/airflow/example_dags/example_short_circuit_decorator.py for tasks to queue
[2024-03-07T18:26:50.023+0000] {logging_mixin.py:150} INFO - [2024-03-07T18:26:50.023+0000] {dagbag.py:541} INFO - Filling up the DagBag from /usr/local/python/3.10.13/lib/python3.10/site-packages/airflow/example_dags/example_short_circuit_decorator.py
[2024-03-07T18:26:50.033+0000] {processor.py:836} INFO - DAG(s) dict_keys(['example_short_circuit_decorator']) retrieved from /usr/local/python/3.10.13/lib/python3.10/site-packages/airflow/example_dags/example_short_circuit_decorator.py
[2024-03-07T18:26:50.184+0000] {logging_mixin.py:150} INFO - [2024-03-07T18:26:50.184+0000] {manager.py:504} INFO - Created Permission View: can edit on DAG:example_short_circuit_decorator
[2024-03-07T18:26:50.216+0000] {logging_mixin.py:150} INFO - [2024-03-07T18:26:50.215+0000] {manager.py:504} INFO - Created Permission View: can delete on DAG:example_short_circuit_decorator
[2024-03-07T18:26:50.249+0000] {logging_mixin.py:150} INFO - [2024-03-07T18:26:50.249+0000] {manager.py:504} INFO - Created Permission View: can read on DAG:example_short_circuit_decorator
[2024-03-07T18:26:50.258+0000] {logging_mixin.py:150} INFO - [2024-03-07T18:26:50.258+0000] {dag.py:2742} INFO - Sync 1 DAGs
[2024-03-07T18:26:50.266+0000] {logging_mixin.py:150} INFO - [2024-03-07T18:26:50.266+0000] {dag.py:2763} INFO - Creating ORM DAG for example_short_circuit_decorator
[2024-03-07T18:26:50.274+0000] {logging_mixin.py:150} INFO - [2024-03-07T18:26:50.274+0000] {dag.py:3504} INFO - Setting next_dagrun for example_short_circuit_decorator to 2024-03-06T18:26:50.274393+00:00, run_after=2024-03-07T18:26:50.274393+00:00
[2024-03-07T18:26:50.320+0000] {processor.py:179} INFO - Processing /usr/local/python/3.10.13/lib/python3.10/site-packages/airflow/example_dags/example_short_circuit_decorator.py took 0.301 seconds
[2024-03-07T18:27:46.157+0000] {processor.py:157} INFO - Started process (PID=5347) to work on /usr/local/python/3.10.13/lib/python3.10/site-packages/airflow/example_dags/example_short_circuit_decorator.py
[2024-03-07T18:27:46.158+0000] {processor.py:826} INFO - Processing file /usr/local/python/3.10.13/lib/python3.10/site-packages/airflow/example_dags/example_short_circuit_decorator.py for tasks to queue
[2024-03-07T18:27:46.158+0000] {logging_mixin.py:150} INFO - [2024-03-07T18:27:46.158+0000] {dagbag.py:541} INFO - Filling up the DagBag from /usr/local/python/3.10.13/lib/python3.10/site-packages/airflow/example_dags/example_short_circuit_decorator.py
[2024-03-07T18:27:46.166+0000] {processor.py:836} INFO - DAG(s) dict_keys(['example_short_circuit_decorator']) retrieved from /usr/local/python/3.10.13/lib/python3.10/site-packages/airflow/example_dags/example_short_circuit_decorator.py
[2024-03-07T18:27:46.181+0000] {logging_mixin.py:150} INFO - [2024-03-07T18:27:46.181+0000] {dag.py:2742} INFO - Sync 1 DAGs
[2024-03-07T18:27:46.198+0000] {logging_mixin.py:150} INFO - [2024-03-07T18:27:46.198+0000] {dag.py:3504} INFO - Setting next_dagrun for example_short_circuit_decorator to 2024-03-06T18:27:46.197856+00:00, run_after=2024-03-07T18:27:46.197856+00:00
[2024-03-07T18:27:46.237+0000] {processor.py:179} INFO - Processing /usr/local/python/3.10.13/lib/python3.10/site-packages/airflow/example_dags/example_short_circuit_decorator.py took 0.083 seconds
[2024-03-07T18:28:25.792+0000] {processor.py:157} INFO - Started process (PID=5635) to work on /usr/local/python/3.10.13/lib/python3.10/site-packages/airflow/example_dags/example_short_circuit_decorator.py
[2024-03-07T18:28:25.793+0000] {processor.py:826} INFO - Processing file /usr/local/python/3.10.13/lib/python3.10/site-packages/airflow/example_dags/example_short_circuit_decorator.py for tasks to queue
[2024-03-07T18:28:25.794+0000] {logging_mixin.py:150} INFO - [2024-03-07T18:28:25.793+0000] {dagbag.py:541} INFO - Filling up the DagBag from /usr/local/python/3.10.13/lib/python3.10/site-packages/airflow/example_dags/example_short_circuit_decorator.py
[2024-03-07T18:28:25.801+0000] {processor.py:836} INFO - DAG(s) dict_keys(['example_short_circuit_decorator']) retrieved from /usr/local/python/3.10.13/lib/python3.10/site-packages/airflow/example_dags/example_short_circuit_decorator.py
[2024-03-07T18:28:25.816+0000] {logging_mixin.py:150} INFO - [2024-03-07T18:28:25.816+0000] {dag.py:2742} INFO - Sync 1 DAGs
[2024-03-07T18:28:25.833+0000] {logging_mixin.py:150} INFO - [2024-03-07T18:28:25.833+0000] {dag.py:3504} INFO - Setting next_dagrun for example_short_circuit_decorator to 2024-03-06T18:28:25.833563+00:00, run_after=2024-03-07T18:28:25.833563+00:00
[2024-03-07T18:28:25.874+0000] {processor.py:179} INFO - Processing /usr/local/python/3.10.13/lib/python3.10/site-packages/airflow/example_dags/example_short_circuit_decorator.py took 0.084 seconds
[2024-03-07T18:29:01.491+0000] {processor.py:157} INFO - Started process (PID=5911) to work on /usr/local/python/3.10.13/lib/python3.10/site-packages/airflow/example_dags/example_short_circuit_decorator.py
[2024-03-07T18:29:01.492+0000] {processor.py:826} INFO - Processing file /usr/local/python/3.10.13/lib/python3.10/site-packages/airflow/example_dags/example_short_circuit_decorator.py for tasks to queue
[2024-03-07T18:29:01.494+0000] {logging_mixin.py:150} INFO - [2024-03-07T18:29:01.493+0000] {dagbag.py:541} INFO - Filling up the DagBag from /usr/local/python/3.10.13/lib/python3.10/site-packages/airflow/example_dags/example_short_circuit_decorator.py
[2024-03-07T18:29:01.505+0000] {processor.py:836} INFO - DAG(s) dict_keys(['example_short_circuit_decorator']) retrieved from /usr/local/python/3.10.13/lib/python3.10/site-packages/airflow/example_dags/example_short_circuit_decorator.py
[2024-03-07T18:29:01.529+0000] {logging_mixin.py:150} INFO - [2024-03-07T18:29:01.529+0000] {dag.py:2742} INFO - Sync 1 DAGs
[2024-03-07T18:29:01.554+0000] {logging_mixin.py:150} INFO - [2024-03-07T18:29:01.554+0000] {dag.py:3504} INFO - Setting next_dagrun for example_short_circuit_decorator to 2024-03-06T18:29:01.554272+00:00, run_after=2024-03-07T18:29:01.554272+00:00
[2024-03-07T18:29:01.610+0000] {processor.py:179} INFO - Processing /usr/local/python/3.10.13/lib/python3.10/site-packages/airflow/example_dags/example_short_circuit_decorator.py took 0.122 seconds
[2024-03-07T18:29:35.796+0000] {processor.py:157} INFO - Started process (PID=6164) to work on /usr/local/python/3.10.13/lib/python3.10/site-packages/airflow/example_dags/example_short_circuit_decorator.py
[2024-03-07T18:29:35.797+0000] {processor.py:826} INFO - Processing file /usr/local/python/3.10.13/lib/python3.10/site-packages/airflow/example_dags/example_short_circuit_decorator.py for tasks to queue
[2024-03-07T18:29:35.798+0000] {logging_mixin.py:150} INFO - [2024-03-07T18:29:35.797+0000] {dagbag.py:541} INFO - Filling up the DagBag from /usr/local/python/3.10.13/lib/python3.10/site-packages/airflow/example_dags/example_short_circuit_decorator.py
[2024-03-07T18:29:35.805+0000] {processor.py:836} INFO - DAG(s) dict_keys(['example_short_circuit_decorator']) retrieved from /usr/local/python/3.10.13/lib/python3.10/site-packages/airflow/example_dags/example_short_circuit_decorator.py
[2024-03-07T18:29:35.820+0000] {logging_mixin.py:150} INFO - [2024-03-07T18:29:35.820+0000] {dag.py:2742} INFO - Sync 1 DAGs
[2024-03-07T18:29:35.838+0000] {logging_mixin.py:150} INFO - [2024-03-07T18:29:35.837+0000] {dag.py:3504} INFO - Setting next_dagrun for example_short_circuit_decorator to 2024-03-06T18:29:35.837699+00:00, run_after=2024-03-07T18:29:35.837699+00:00
[2024-03-07T18:29:35.881+0000] {processor.py:179} INFO - Processing /usr/local/python/3.10.13/lib/python3.10/site-packages/airflow/example_dags/example_short_circuit_decorator.py took 0.087 seconds
[2024-03-07T18:30:21.293+0000] {processor.py:157} INFO - Started process (PID=6481) to work on /usr/local/python/3.10.13/lib/python3.10/site-packages/airflow/example_dags/example_short_circuit_decorator.py
[2024-03-07T18:30:21.293+0000] {processor.py:826} INFO - Processing file /usr/local/python/3.10.13/lib/python3.10/site-packages/airflow/example_dags/example_short_circuit_decorator.py for tasks to queue
[2024-03-07T18:30:21.294+0000] {logging_mixin.py:150} INFO - [2024-03-07T18:30:21.294+0000] {dagbag.py:541} INFO - Filling up the DagBag from /usr/local/python/3.10.13/lib/python3.10/site-packages/airflow/example_dags/example_short_circuit_decorator.py
[2024-03-07T18:30:21.302+0000] {processor.py:836} INFO - DAG(s) dict_keys(['example_short_circuit_decorator']) retrieved from /usr/local/python/3.10.13/lib/python3.10/site-packages/airflow/example_dags/example_short_circuit_decorator.py
[2024-03-07T18:30:21.316+0000] {logging_mixin.py:150} INFO - [2024-03-07T18:30:21.316+0000] {dag.py:2742} INFO - Sync 1 DAGs
[2024-03-07T18:30:21.332+0000] {logging_mixin.py:150} INFO - [2024-03-07T18:30:21.332+0000] {dag.py:3504} INFO - Setting next_dagrun for example_short_circuit_decorator to 2024-03-06T18:30:21.331987+00:00, run_after=2024-03-07T18:30:21.331987+00:00
[2024-03-07T18:30:21.373+0000] {processor.py:179} INFO - Processing /usr/local/python/3.10.13/lib/python3.10/site-packages/airflow/example_dags/example_short_circuit_decorator.py took 0.083 seconds
[2024-03-07T18:31:06.878+0000] {processor.py:157} INFO - Started process (PID=6808) to work on /usr/local/python/3.10.13/lib/python3.10/site-packages/airflow/example_dags/example_short_circuit_decorator.py
[2024-03-07T18:31:06.879+0000] {processor.py:826} INFO - Processing file /usr/local/python/3.10.13/lib/python3.10/site-packages/airflow/example_dags/example_short_circuit_decorator.py for tasks to queue
[2024-03-07T18:31:06.880+0000] {logging_mixin.py:150} INFO - [2024-03-07T18:31:06.880+0000] {dagbag.py:541} INFO - Filling up the DagBag from /usr/local/python/3.10.13/lib/python3.10/site-packages/airflow/example_dags/example_short_circuit_decorator.py
[2024-03-07T18:31:06.887+0000] {processor.py:836} INFO - DAG(s) dict_keys(['example_short_circuit_decorator']) retrieved from /usr/local/python/3.10.13/lib/python3.10/site-packages/airflow/example_dags/example_short_circuit_decorator.py
[2024-03-07T18:31:06.902+0000] {logging_mixin.py:150} INFO - [2024-03-07T18:31:06.901+0000] {dag.py:2742} INFO - Sync 1 DAGs
[2024-03-07T18:31:06.917+0000] {logging_mixin.py:150} INFO - [2024-03-07T18:31:06.917+0000] {dag.py:3504} INFO - Setting next_dagrun for example_short_circuit_decorator to 2024-03-06T18:31:06.916963+00:00, run_after=2024-03-07T18:31:06.916963+00:00
[2024-03-07T18:31:06.957+0000] {processor.py:179} INFO - Processing /usr/local/python/3.10.13/lib/python3.10/site-packages/airflow/example_dags/example_short_circuit_decorator.py took 0.080 seconds
[2024-03-07T18:31:41.810+0000] {processor.py:157} INFO - Started process (PID=7054) to work on /usr/local/python/3.10.13/lib/python3.10/site-packages/airflow/example_dags/example_short_circuit_decorator.py
[2024-03-07T18:31:41.811+0000] {processor.py:826} INFO - Processing file /usr/local/python/3.10.13/lib/python3.10/site-packages/airflow/example_dags/example_short_circuit_decorator.py for tasks to queue
[2024-03-07T18:31:41.812+0000] {logging_mixin.py:150} INFO - [2024-03-07T18:31:41.812+0000] {dagbag.py:541} INFO - Filling up the DagBag from /usr/local/python/3.10.13/lib/python3.10/site-packages/airflow/example_dags/example_short_circuit_decorator.py
[2024-03-07T18:31:41.823+0000] {processor.py:836} INFO - DAG(s) dict_keys(['example_short_circuit_decorator']) retrieved from /usr/local/python/3.10.13/lib/python3.10/site-packages/airflow/example_dags/example_short_circuit_decorator.py
[2024-03-07T18:31:41.846+0000] {logging_mixin.py:150} INFO - [2024-03-07T18:31:41.846+0000] {dag.py:2742} INFO - Sync 1 DAGs
[2024-03-07T18:31:41.866+0000] {logging_mixin.py:150} INFO - [2024-03-07T18:31:41.866+0000] {dag.py:3504} INFO - Setting next_dagrun for example_short_circuit_decorator to 2024-03-06T18:31:41.866531+00:00, run_after=2024-03-07T18:31:41.866531+00:00
[2024-03-07T18:31:41.913+0000] {processor.py:179} INFO - Processing /usr/local/python/3.10.13/lib/python3.10/site-packages/airflow/example_dags/example_short_circuit_decorator.py took 0.105 seconds
[2024-03-07T18:32:14.001+0000] {processor.py:157} INFO - Started process (PID=7343) to work on /usr/local/python/3.10.13/lib/python3.10/site-packages/airflow/example_dags/example_short_circuit_decorator.py
[2024-03-07T18:32:14.002+0000] {processor.py:826} INFO - Processing file /usr/local/python/3.10.13/lib/python3.10/site-packages/airflow/example_dags/example_short_circuit_decorator.py for tasks to queue
[2024-03-07T18:32:14.003+0000] {logging_mixin.py:150} INFO - [2024-03-07T18:32:14.002+0000] {dagbag.py:541} INFO - Filling up the DagBag from /usr/local/python/3.10.13/lib/python3.10/site-packages/airflow/example_dags/example_short_circuit_decorator.py
[2024-03-07T18:32:14.010+0000] {processor.py:836} INFO - DAG(s) dict_keys(['example_short_circuit_decorator']) retrieved from /usr/local/python/3.10.13/lib/python3.10/site-packages/airflow/example_dags/example_short_circuit_decorator.py
[2024-03-07T18:32:14.025+0000] {logging_mixin.py:150} INFO - [2024-03-07T18:32:14.025+0000] {dag.py:2742} INFO - Sync 1 DAGs
[2024-03-07T18:32:14.043+0000] {logging_mixin.py:150} INFO - [2024-03-07T18:32:14.043+0000] {dag.py:3504} INFO - Setting next_dagrun for example_short_circuit_decorator to 2024-03-06T18:32:14.043077+00:00, run_after=2024-03-07T18:32:14.043077+00:00
[2024-03-07T18:32:14.087+0000] {processor.py:179} INFO - Processing /usr/local/python/3.10.13/lib/python3.10/site-packages/airflow/example_dags/example_short_circuit_decorator.py took 0.088 seconds
[2024-03-07T18:32:47.937+0000] {processor.py:157} INFO - Started process (PID=7780) to work on /usr/local/python/3.10.13/lib/python3.10/site-packages/airflow/example_dags/example_short_circuit_decorator.py
[2024-03-07T18:32:47.938+0000] {processor.py:826} INFO - Processing file /usr/local/python/3.10.13/lib/python3.10/site-packages/airflow/example_dags/example_short_circuit_decorator.py for tasks to queue
[2024-03-07T18:32:47.939+0000] {logging_mixin.py:150} INFO - [2024-03-07T18:32:47.939+0000] {dagbag.py:541} INFO - Filling up the DagBag from /usr/local/python/3.10.13/lib/python3.10/site-packages/airflow/example_dags/example_short_circuit_decorator.py
[2024-03-07T18:32:47.951+0000] {processor.py:836} INFO - DAG(s) dict_keys(['example_short_circuit_decorator']) retrieved from /usr/local/python/3.10.13/lib/python3.10/site-packages/airflow/example_dags/example_short_circuit_decorator.py
[2024-03-07T18:32:47.974+0000] {logging_mixin.py:150} INFO - [2024-03-07T18:32:47.974+0000] {dag.py:2742} INFO - Sync 1 DAGs
[2024-03-07T18:32:47.991+0000] {logging_mixin.py:150} INFO - [2024-03-07T18:32:47.990+0000] {dag.py:3504} INFO - Setting next_dagrun for example_short_circuit_decorator to 2024-03-06T18:32:47.990743+00:00, run_after=2024-03-07T18:32:47.990743+00:00
[2024-03-07T18:32:48.031+0000] {processor.py:179} INFO - Processing /usr/local/python/3.10.13/lib/python3.10/site-packages/airflow/example_dags/example_short_circuit_decorator.py took 0.097 seconds
[2024-03-07T18:33:31.486+0000] {processor.py:157} INFO - Started process (PID=8207) to work on /usr/local/python/3.10.13/lib/python3.10/site-packages/airflow/example_dags/example_short_circuit_decorator.py
[2024-03-07T18:33:31.486+0000] {processor.py:826} INFO - Processing file /usr/local/python/3.10.13/lib/python3.10/site-packages/airflow/example_dags/example_short_circuit_decorator.py for tasks to queue
[2024-03-07T18:33:31.487+0000] {logging_mixin.py:150} INFO - [2024-03-07T18:33:31.487+0000] {dagbag.py:541} INFO - Filling up the DagBag from /usr/local/python/3.10.13/lib/python3.10/site-packages/airflow/example_dags/example_short_circuit_decorator.py
[2024-03-07T18:33:31.495+0000] {processor.py:836} INFO - DAG(s) dict_keys(['example_short_circuit_decorator']) retrieved from /usr/local/python/3.10.13/lib/python3.10/site-packages/airflow/example_dags/example_short_circuit_decorator.py
[2024-03-07T18:33:31.510+0000] {logging_mixin.py:150} INFO - [2024-03-07T18:33:31.510+0000] {dag.py:2742} INFO - Sync 1 DAGs
[2024-03-07T18:33:31.526+0000] {logging_mixin.py:150} INFO - [2024-03-07T18:33:31.526+0000] {dag.py:3504} INFO - Setting next_dagrun for example_short_circuit_decorator to 2024-03-06T18:33:31.525977+00:00, run_after=2024-03-07T18:33:31.525977+00:00
[2024-03-07T18:33:31.567+0000] {processor.py:179} INFO - Processing /usr/local/python/3.10.13/lib/python3.10/site-packages/airflow/example_dags/example_short_circuit_decorator.py took 0.084 seconds
[2024-03-07T18:34:17.901+0000] {processor.py:157} INFO - Started process (PID=8686) to work on /usr/local/python/3.10.13/lib/python3.10/site-packages/airflow/example_dags/example_short_circuit_decorator.py
[2024-03-07T18:34:17.902+0000] {processor.py:826} INFO - Processing file /usr/local/python/3.10.13/lib/python3.10/site-packages/airflow/example_dags/example_short_circuit_decorator.py for tasks to queue
[2024-03-07T18:34:17.903+0000] {logging_mixin.py:150} INFO - [2024-03-07T18:34:17.903+0000] {dagbag.py:541} INFO - Filling up the DagBag from /usr/local/python/3.10.13/lib/python3.10/site-packages/airflow/example_dags/example_short_circuit_decorator.py
[2024-03-07T18:34:17.911+0000] {processor.py:836} INFO - DAG(s) dict_keys(['example_short_circuit_decorator']) retrieved from /usr/local/python/3.10.13/lib/python3.10/site-packages/airflow/example_dags/example_short_circuit_decorator.py
[2024-03-07T18:34:17.926+0000] {logging_mixin.py:150} INFO - [2024-03-07T18:34:17.926+0000] {dag.py:2742} INFO - Sync 1 DAGs
[2024-03-07T18:34:17.946+0000] {logging_mixin.py:150} INFO - [2024-03-07T18:34:17.946+0000] {dag.py:3504} INFO - Setting next_dagrun for example_short_circuit_decorator to 2024-03-06T18:34:17.946484+00:00, run_after=2024-03-07T18:34:17.946484+00:00
[2024-03-07T18:34:17.987+0000] {processor.py:179} INFO - Processing /usr/local/python/3.10.13/lib/python3.10/site-packages/airflow/example_dags/example_short_circuit_decorator.py took 0.089 seconds
[2024-03-07T18:34:51.441+0000] {processor.py:157} INFO - Started process (PID=9057) to work on /usr/local/python/3.10.13/lib/python3.10/site-packages/airflow/example_dags/example_short_circuit_decorator.py
[2024-03-07T18:34:51.442+0000] {processor.py:826} INFO - Processing file /usr/local/python/3.10.13/lib/python3.10/site-packages/airflow/example_dags/example_short_circuit_decorator.py for tasks to queue
[2024-03-07T18:34:51.443+0000] {logging_mixin.py:150} INFO - [2024-03-07T18:34:51.443+0000] {dagbag.py:541} INFO - Filling up the DagBag from /usr/local/python/3.10.13/lib/python3.10/site-packages/airflow/example_dags/example_short_circuit_decorator.py
[2024-03-07T18:34:51.451+0000] {processor.py:836} INFO - DAG(s) dict_keys(['example_short_circuit_decorator']) retrieved from /usr/local/python/3.10.13/lib/python3.10/site-packages/airflow/example_dags/example_short_circuit_decorator.py
[2024-03-07T18:34:51.466+0000] {logging_mixin.py:150} INFO - [2024-03-07T18:34:51.466+0000] {dag.py:2742} INFO - Sync 1 DAGs
[2024-03-07T18:34:51.483+0000] {logging_mixin.py:150} INFO - [2024-03-07T18:34:51.483+0000] {dag.py:3504} INFO - Setting next_dagrun for example_short_circuit_decorator to 2024-03-06T18:34:51.483042+00:00, run_after=2024-03-07T18:34:51.483042+00:00
[2024-03-07T18:34:51.525+0000] {processor.py:179} INFO - Processing /usr/local/python/3.10.13/lib/python3.10/site-packages/airflow/example_dags/example_short_circuit_decorator.py took 0.087 seconds
[2024-03-07T18:35:23.885+0000] {processor.py:157} INFO - Started process (PID=9400) to work on /usr/local/python/3.10.13/lib/python3.10/site-packages/airflow/example_dags/example_short_circuit_decorator.py
[2024-03-07T18:35:23.886+0000] {processor.py:826} INFO - Processing file /usr/local/python/3.10.13/lib/python3.10/site-packages/airflow/example_dags/example_short_circuit_decorator.py for tasks to queue
[2024-03-07T18:35:23.886+0000] {logging_mixin.py:150} INFO - [2024-03-07T18:35:23.886+0000] {dagbag.py:541} INFO - Filling up the DagBag from /usr/local/python/3.10.13/lib/python3.10/site-packages/airflow/example_dags/example_short_circuit_decorator.py
[2024-03-07T18:35:23.894+0000] {processor.py:836} INFO - DAG(s) dict_keys(['example_short_circuit_decorator']) retrieved from /usr/local/python/3.10.13/lib/python3.10/site-packages/airflow/example_dags/example_short_circuit_decorator.py
[2024-03-07T18:35:23.908+0000] {logging_mixin.py:150} INFO - [2024-03-07T18:35:23.908+0000] {dag.py:2742} INFO - Sync 1 DAGs
[2024-03-07T18:35:23.924+0000] {logging_mixin.py:150} INFO - [2024-03-07T18:35:23.924+0000] {dag.py:3504} INFO - Setting next_dagrun for example_short_circuit_decorator to 2024-03-06T18:35:23.924181+00:00, run_after=2024-03-07T18:35:23.924181+00:00
[2024-03-07T18:35:23.967+0000] {processor.py:179} INFO - Processing /usr/local/python/3.10.13/lib/python3.10/site-packages/airflow/example_dags/example_short_circuit_decorator.py took 0.084 seconds
