[2024-03-07T18:27:14.721+0000] {processor.py:157} INFO - Started process (PID=5122) to work on /usr/local/python/3.10.13/lib/python3.10/site-packages/airflow/example_dags/tutorial_dag.py
[2024-03-07T18:27:14.722+0000] {processor.py:826} INFO - Processing file /usr/local/python/3.10.13/lib/python3.10/site-packages/airflow/example_dags/tutorial_dag.py for tasks to queue
[2024-03-07T18:27:14.722+0000] {logging_mixin.py:150} INFO - [2024-03-07T18:27:14.722+0000] {dagbag.py:541} INFO - Filling up the DagBag from /usr/local/python/3.10.13/lib/python3.10/site-packages/airflow/example_dags/tutorial_dag.py
[2024-03-07T18:27:14.726+0000] {processor.py:836} INFO - DAG(s) dict_keys(['tutorial_dag']) retrieved from /usr/local/python/3.10.13/lib/python3.10/site-packages/airflow/example_dags/tutorial_dag.py
[2024-03-07T18:27:14.865+0000] {logging_mixin.py:150} INFO - [2024-03-07T18:27:14.865+0000] {manager.py:504} INFO - Created Permission View: can edit on DAG:tutorial_dag
[2024-03-07T18:27:14.897+0000] {logging_mixin.py:150} INFO - [2024-03-07T18:27:14.897+0000] {manager.py:504} INFO - Created Permission View: can delete on DAG:tutorial_dag
[2024-03-07T18:27:14.931+0000] {logging_mixin.py:150} INFO - [2024-03-07T18:27:14.931+0000] {manager.py:504} INFO - Created Permission View: can read on DAG:tutorial_dag
[2024-03-07T18:27:14.941+0000] {logging_mixin.py:150} INFO - [2024-03-07T18:27:14.941+0000] {dag.py:2742} INFO - Sync 1 DAGs
[2024-03-07T18:27:14.951+0000] {logging_mixin.py:150} INFO - [2024-03-07T18:27:14.951+0000] {dag.py:2763} INFO - Creating ORM DAG for tutorial_dag
[2024-03-07T18:27:14.959+0000] {logging_mixin.py:150} INFO - [2024-03-07T18:27:14.959+0000] {dag.py:3504} INFO - Setting next_dagrun for tutorial_dag to None, run_after=None
[2024-03-07T18:27:15.009+0000] {processor.py:179} INFO - Processing /usr/local/python/3.10.13/lib/python3.10/site-packages/airflow/example_dags/tutorial_dag.py took 0.290 seconds
[2024-03-07T18:28:05.355+0000] {processor.py:157} INFO - Started process (PID=5489) to work on /usr/local/python/3.10.13/lib/python3.10/site-packages/airflow/example_dags/tutorial_dag.py
[2024-03-07T18:28:05.356+0000] {processor.py:826} INFO - Processing file /usr/local/python/3.10.13/lib/python3.10/site-packages/airflow/example_dags/tutorial_dag.py for tasks to queue
[2024-03-07T18:28:05.357+0000] {logging_mixin.py:150} INFO - [2024-03-07T18:28:05.356+0000] {dagbag.py:541} INFO - Filling up the DagBag from /usr/local/python/3.10.13/lib/python3.10/site-packages/airflow/example_dags/tutorial_dag.py
[2024-03-07T18:28:05.361+0000] {processor.py:836} INFO - DAG(s) dict_keys(['tutorial_dag']) retrieved from /usr/local/python/3.10.13/lib/python3.10/site-packages/airflow/example_dags/tutorial_dag.py
[2024-03-07T18:28:05.375+0000] {logging_mixin.py:150} INFO - [2024-03-07T18:28:05.375+0000] {dag.py:2742} INFO - Sync 1 DAGs
[2024-03-07T18:28:05.391+0000] {logging_mixin.py:150} INFO - [2024-03-07T18:28:05.391+0000] {dag.py:3504} INFO - Setting next_dagrun for tutorial_dag to None, run_after=None
[2024-03-07T18:28:05.432+0000] {processor.py:179} INFO - Processing /usr/local/python/3.10.13/lib/python3.10/site-packages/airflow/example_dags/tutorial_dag.py took 0.079 seconds
[2024-03-07T18:28:53.057+0000] {processor.py:157} INFO - Started process (PID=5846) to work on /usr/local/python/3.10.13/lib/python3.10/site-packages/airflow/example_dags/tutorial_dag.py
[2024-03-07T18:28:53.058+0000] {processor.py:826} INFO - Processing file /usr/local/python/3.10.13/lib/python3.10/site-packages/airflow/example_dags/tutorial_dag.py for tasks to queue
[2024-03-07T18:28:53.058+0000] {logging_mixin.py:150} INFO - [2024-03-07T18:28:53.058+0000] {dagbag.py:541} INFO - Filling up the DagBag from /usr/local/python/3.10.13/lib/python3.10/site-packages/airflow/example_dags/tutorial_dag.py
[2024-03-07T18:28:53.062+0000] {processor.py:836} INFO - DAG(s) dict_keys(['tutorial_dag']) retrieved from /usr/local/python/3.10.13/lib/python3.10/site-packages/airflow/example_dags/tutorial_dag.py
[2024-03-07T18:28:53.075+0000] {logging_mixin.py:150} INFO - [2024-03-07T18:28:53.075+0000] {dag.py:2742} INFO - Sync 1 DAGs
[2024-03-07T18:28:53.091+0000] {logging_mixin.py:150} INFO - [2024-03-07T18:28:53.090+0000] {dag.py:3504} INFO - Setting next_dagrun for tutorial_dag to None, run_after=None
[2024-03-07T18:28:53.131+0000] {processor.py:179} INFO - Processing /usr/local/python/3.10.13/lib/python3.10/site-packages/airflow/example_dags/tutorial_dag.py took 0.076 seconds
[2024-03-07T18:29:45.111+0000] {processor.py:157} INFO - Started process (PID=6236) to work on /usr/local/python/3.10.13/lib/python3.10/site-packages/airflow/example_dags/tutorial_dag.py
[2024-03-07T18:29:45.112+0000] {processor.py:826} INFO - Processing file /usr/local/python/3.10.13/lib/python3.10/site-packages/airflow/example_dags/tutorial_dag.py for tasks to queue
[2024-03-07T18:29:45.113+0000] {logging_mixin.py:150} INFO - [2024-03-07T18:29:45.113+0000] {dagbag.py:541} INFO - Filling up the DagBag from /usr/local/python/3.10.13/lib/python3.10/site-packages/airflow/example_dags/tutorial_dag.py
[2024-03-07T18:29:45.124+0000] {processor.py:836} INFO - DAG(s) dict_keys(['tutorial_dag']) retrieved from /usr/local/python/3.10.13/lib/python3.10/site-packages/airflow/example_dags/tutorial_dag.py
[2024-03-07T18:29:45.151+0000] {logging_mixin.py:150} INFO - [2024-03-07T18:29:45.151+0000] {dag.py:2742} INFO - Sync 1 DAGs
[2024-03-07T18:29:45.167+0000] {logging_mixin.py:150} INFO - [2024-03-07T18:29:45.167+0000] {dag.py:3504} INFO - Setting next_dagrun for tutorial_dag to None, run_after=None
[2024-03-07T18:29:45.206+0000] {processor.py:179} INFO - Processing /usr/local/python/3.10.13/lib/python3.10/site-packages/airflow/example_dags/tutorial_dag.py took 0.098 seconds
[2024-03-07T18:30:32.757+0000] {processor.py:157} INFO - Started process (PID=6553) to work on /usr/local/python/3.10.13/lib/python3.10/site-packages/airflow/example_dags/tutorial_dag.py
[2024-03-07T18:30:32.758+0000] {processor.py:826} INFO - Processing file /usr/local/python/3.10.13/lib/python3.10/site-packages/airflow/example_dags/tutorial_dag.py for tasks to queue
[2024-03-07T18:30:32.758+0000] {logging_mixin.py:150} INFO - [2024-03-07T18:30:32.758+0000] {dagbag.py:541} INFO - Filling up the DagBag from /usr/local/python/3.10.13/lib/python3.10/site-packages/airflow/example_dags/tutorial_dag.py
[2024-03-07T18:30:32.762+0000] {processor.py:836} INFO - DAG(s) dict_keys(['tutorial_dag']) retrieved from /usr/local/python/3.10.13/lib/python3.10/site-packages/airflow/example_dags/tutorial_dag.py
[2024-03-07T18:30:32.775+0000] {logging_mixin.py:150} INFO - [2024-03-07T18:30:32.775+0000] {dag.py:2742} INFO - Sync 1 DAGs
[2024-03-07T18:30:32.791+0000] {logging_mixin.py:150} INFO - [2024-03-07T18:30:32.791+0000] {dag.py:3504} INFO - Setting next_dagrun for tutorial_dag to None, run_after=None
[2024-03-07T18:30:32.833+0000] {processor.py:179} INFO - Processing /usr/local/python/3.10.13/lib/python3.10/site-packages/airflow/example_dags/tutorial_dag.py took 0.078 seconds
[2024-03-07T18:31:18.395+0000] {processor.py:157} INFO - Started process (PID=6879) to work on /usr/local/python/3.10.13/lib/python3.10/site-packages/airflow/example_dags/tutorial_dag.py
[2024-03-07T18:31:18.396+0000] {processor.py:826} INFO - Processing file /usr/local/python/3.10.13/lib/python3.10/site-packages/airflow/example_dags/tutorial_dag.py for tasks to queue
[2024-03-07T18:31:18.396+0000] {logging_mixin.py:150} INFO - [2024-03-07T18:31:18.396+0000] {dagbag.py:541} INFO - Filling up the DagBag from /usr/local/python/3.10.13/lib/python3.10/site-packages/airflow/example_dags/tutorial_dag.py
[2024-03-07T18:31:18.400+0000] {processor.py:836} INFO - DAG(s) dict_keys(['tutorial_dag']) retrieved from /usr/local/python/3.10.13/lib/python3.10/site-packages/airflow/example_dags/tutorial_dag.py
[2024-03-07T18:31:18.413+0000] {logging_mixin.py:150} INFO - [2024-03-07T18:31:18.413+0000] {dag.py:2742} INFO - Sync 1 DAGs
[2024-03-07T18:31:18.429+0000] {logging_mixin.py:150} INFO - [2024-03-07T18:31:18.429+0000] {dag.py:3504} INFO - Setting next_dagrun for tutorial_dag to None, run_after=None
[2024-03-07T18:31:18.475+0000] {processor.py:179} INFO - Processing /usr/local/python/3.10.13/lib/python3.10/site-packages/airflow/example_dags/tutorial_dag.py took 0.083 seconds
[2024-03-07T18:32:08.277+0000] {processor.py:157} INFO - Started process (PID=7294) to work on /usr/local/python/3.10.13/lib/python3.10/site-packages/airflow/example_dags/tutorial_dag.py
[2024-03-07T18:32:08.278+0000] {processor.py:826} INFO - Processing file /usr/local/python/3.10.13/lib/python3.10/site-packages/airflow/example_dags/tutorial_dag.py for tasks to queue
[2024-03-07T18:32:08.279+0000] {logging_mixin.py:150} INFO - [2024-03-07T18:32:08.278+0000] {dagbag.py:541} INFO - Filling up the DagBag from /usr/local/python/3.10.13/lib/python3.10/site-packages/airflow/example_dags/tutorial_dag.py
[2024-03-07T18:32:08.283+0000] {processor.py:836} INFO - DAG(s) dict_keys(['tutorial_dag']) retrieved from /usr/local/python/3.10.13/lib/python3.10/site-packages/airflow/example_dags/tutorial_dag.py
[2024-03-07T18:32:08.297+0000] {logging_mixin.py:150} INFO - [2024-03-07T18:32:08.297+0000] {dag.py:2742} INFO - Sync 1 DAGs
[2024-03-07T18:32:08.318+0000] {logging_mixin.py:150} INFO - [2024-03-07T18:32:08.318+0000] {dag.py:3504} INFO - Setting next_dagrun for tutorial_dag to None, run_after=None
[2024-03-07T18:32:08.372+0000] {processor.py:179} INFO - Processing /usr/local/python/3.10.13/lib/python3.10/site-packages/airflow/example_dags/tutorial_dag.py took 0.097 seconds
[2024-03-07T18:32:56.463+0000] {processor.py:157} INFO - Started process (PID=7877) to work on /usr/local/python/3.10.13/lib/python3.10/site-packages/airflow/example_dags/tutorial_dag.py
[2024-03-07T18:32:56.463+0000] {processor.py:826} INFO - Processing file /usr/local/python/3.10.13/lib/python3.10/site-packages/airflow/example_dags/tutorial_dag.py for tasks to queue
[2024-03-07T18:32:56.464+0000] {logging_mixin.py:150} INFO - [2024-03-07T18:32:56.464+0000] {dagbag.py:541} INFO - Filling up the DagBag from /usr/local/python/3.10.13/lib/python3.10/site-packages/airflow/example_dags/tutorial_dag.py
[2024-03-07T18:32:56.468+0000] {processor.py:836} INFO - DAG(s) dict_keys(['tutorial_dag']) retrieved from /usr/local/python/3.10.13/lib/python3.10/site-packages/airflow/example_dags/tutorial_dag.py
[2024-03-07T18:32:56.481+0000] {logging_mixin.py:150} INFO - [2024-03-07T18:32:56.481+0000] {dag.py:2742} INFO - Sync 1 DAGs
[2024-03-07T18:32:56.497+0000] {logging_mixin.py:150} INFO - [2024-03-07T18:32:56.497+0000] {dag.py:3504} INFO - Setting next_dagrun for tutorial_dag to None, run_after=None
[2024-03-07T18:32:56.538+0000] {processor.py:179} INFO - Processing /usr/local/python/3.10.13/lib/python3.10/site-packages/airflow/example_dags/tutorial_dag.py took 0.078 seconds
[2024-03-07T18:33:41.285+0000] {processor.py:157} INFO - Started process (PID=8293) to work on /usr/local/python/3.10.13/lib/python3.10/site-packages/airflow/example_dags/tutorial_dag.py
[2024-03-07T18:33:41.286+0000] {processor.py:826} INFO - Processing file /usr/local/python/3.10.13/lib/python3.10/site-packages/airflow/example_dags/tutorial_dag.py for tasks to queue
[2024-03-07T18:33:41.286+0000] {logging_mixin.py:150} INFO - [2024-03-07T18:33:41.286+0000] {dagbag.py:541} INFO - Filling up the DagBag from /usr/local/python/3.10.13/lib/python3.10/site-packages/airflow/example_dags/tutorial_dag.py
[2024-03-07T18:33:41.290+0000] {processor.py:836} INFO - DAG(s) dict_keys(['tutorial_dag']) retrieved from /usr/local/python/3.10.13/lib/python3.10/site-packages/airflow/example_dags/tutorial_dag.py
[2024-03-07T18:33:41.303+0000] {logging_mixin.py:150} INFO - [2024-03-07T18:33:41.303+0000] {dag.py:2742} INFO - Sync 1 DAGs
[2024-03-07T18:33:41.327+0000] {logging_mixin.py:150} INFO - [2024-03-07T18:33:41.326+0000] {dag.py:3504} INFO - Setting next_dagrun for tutorial_dag to None, run_after=None
[2024-03-07T18:33:41.373+0000] {processor.py:179} INFO - Processing /usr/local/python/3.10.13/lib/python3.10/site-packages/airflow/example_dags/tutorial_dag.py took 0.090 seconds
[2024-03-07T18:34:28.330+0000] {processor.py:157} INFO - Started process (PID=8800) to work on /usr/local/python/3.10.13/lib/python3.10/site-packages/airflow/example_dags/tutorial_dag.py
[2024-03-07T18:34:28.331+0000] {processor.py:826} INFO - Processing file /usr/local/python/3.10.13/lib/python3.10/site-packages/airflow/example_dags/tutorial_dag.py for tasks to queue
[2024-03-07T18:34:28.331+0000] {logging_mixin.py:150} INFO - [2024-03-07T18:34:28.331+0000] {dagbag.py:541} INFO - Filling up the DagBag from /usr/local/python/3.10.13/lib/python3.10/site-packages/airflow/example_dags/tutorial_dag.py
[2024-03-07T18:34:28.336+0000] {processor.py:836} INFO - DAG(s) dict_keys(['tutorial_dag']) retrieved from /usr/local/python/3.10.13/lib/python3.10/site-packages/airflow/example_dags/tutorial_dag.py
[2024-03-07T18:34:28.350+0000] {logging_mixin.py:150} INFO - [2024-03-07T18:34:28.350+0000] {dag.py:2742} INFO - Sync 1 DAGs
[2024-03-07T18:34:28.368+0000] {logging_mixin.py:150} INFO - [2024-03-07T18:34:28.368+0000] {dag.py:3504} INFO - Setting next_dagrun for tutorial_dag to None, run_after=None
[2024-03-07T18:34:28.409+0000] {processor.py:179} INFO - Processing /usr/local/python/3.10.13/lib/python3.10/site-packages/airflow/example_dags/tutorial_dag.py took 0.081 seconds
[2024-03-07T18:35:17.503+0000] {processor.py:157} INFO - Started process (PID=9323) to work on /usr/local/python/3.10.13/lib/python3.10/site-packages/airflow/example_dags/tutorial_dag.py
[2024-03-07T18:35:17.504+0000] {processor.py:826} INFO - Processing file /usr/local/python/3.10.13/lib/python3.10/site-packages/airflow/example_dags/tutorial_dag.py for tasks to queue
[2024-03-07T18:35:17.504+0000] {logging_mixin.py:150} INFO - [2024-03-07T18:35:17.504+0000] {dagbag.py:541} INFO - Filling up the DagBag from /usr/local/python/3.10.13/lib/python3.10/site-packages/airflow/example_dags/tutorial_dag.py
[2024-03-07T18:35:17.508+0000] {processor.py:836} INFO - DAG(s) dict_keys(['tutorial_dag']) retrieved from /usr/local/python/3.10.13/lib/python3.10/site-packages/airflow/example_dags/tutorial_dag.py
[2024-03-07T18:35:17.521+0000] {logging_mixin.py:150} INFO - [2024-03-07T18:35:17.521+0000] {dag.py:2742} INFO - Sync 1 DAGs
[2024-03-07T18:35:17.536+0000] {logging_mixin.py:150} INFO - [2024-03-07T18:35:17.536+0000] {dag.py:3504} INFO - Setting next_dagrun for tutorial_dag to None, run_after=None
[2024-03-07T18:35:17.577+0000] {processor.py:179} INFO - Processing /usr/local/python/3.10.13/lib/python3.10/site-packages/airflow/example_dags/tutorial_dag.py took 0.077 seconds
