[2024-03-07T18:26:59.991+0000] {processor.py:157} INFO - Started process (PID=5033) to work on /usr/local/python/3.10.13/lib/python3.10/site-packages/airflow/example_dags/tutorial.py
[2024-03-07T18:26:59.991+0000] {processor.py:826} INFO - Processing file /usr/local/python/3.10.13/lib/python3.10/site-packages/airflow/example_dags/tutorial.py for tasks to queue
[2024-03-07T18:26:59.992+0000] {logging_mixin.py:150} INFO - [2024-03-07T18:26:59.992+0000] {dagbag.py:541} INFO - Filling up the DagBag from /usr/local/python/3.10.13/lib/python3.10/site-packages/airflow/example_dags/tutorial.py
[2024-03-07T18:26:59.997+0000] {processor.py:836} INFO - DAG(s) dict_keys(['tutorial']) retrieved from /usr/local/python/3.10.13/lib/python3.10/site-packages/airflow/example_dags/tutorial.py
[2024-03-07T18:27:00.143+0000] {logging_mixin.py:150} INFO - [2024-03-07T18:27:00.143+0000] {manager.py:504} INFO - Created Permission View: can edit on DAG:tutorial
[2024-03-07T18:27:00.176+0000] {logging_mixin.py:150} INFO - [2024-03-07T18:27:00.176+0000] {manager.py:504} INFO - Created Permission View: can delete on DAG:tutorial
[2024-03-07T18:27:00.207+0000] {logging_mixin.py:150} INFO - [2024-03-07T18:27:00.206+0000] {manager.py:504} INFO - Created Permission View: can read on DAG:tutorial
[2024-03-07T18:27:00.217+0000] {logging_mixin.py:150} INFO - [2024-03-07T18:27:00.216+0000] {dag.py:2742} INFO - Sync 1 DAGs
[2024-03-07T18:27:00.226+0000] {logging_mixin.py:150} INFO - [2024-03-07T18:27:00.225+0000] {dag.py:2763} INFO - Creating ORM DAG for tutorial
[2024-03-07T18:27:00.233+0000] {logging_mixin.py:150} INFO - [2024-03-07T18:27:00.233+0000] {dag.py:3504} INFO - Setting next_dagrun for tutorial to 2024-03-06T18:27:00.232932+00:00, run_after=2024-03-07T18:27:00.232932+00:00
[2024-03-07T18:27:00.277+0000] {processor.py:179} INFO - Processing /usr/local/python/3.10.13/lib/python3.10/site-packages/airflow/example_dags/tutorial.py took 0.289 seconds
[2024-03-07T18:27:54.471+0000] {processor.py:157} INFO - Started process (PID=5413) to work on /usr/local/python/3.10.13/lib/python3.10/site-packages/airflow/example_dags/tutorial.py
[2024-03-07T18:27:54.472+0000] {processor.py:826} INFO - Processing file /usr/local/python/3.10.13/lib/python3.10/site-packages/airflow/example_dags/tutorial.py for tasks to queue
[2024-03-07T18:27:54.472+0000] {logging_mixin.py:150} INFO - [2024-03-07T18:27:54.472+0000] {dagbag.py:541} INFO - Filling up the DagBag from /usr/local/python/3.10.13/lib/python3.10/site-packages/airflow/example_dags/tutorial.py
[2024-03-07T18:27:54.478+0000] {processor.py:836} INFO - DAG(s) dict_keys(['tutorial']) retrieved from /usr/local/python/3.10.13/lib/python3.10/site-packages/airflow/example_dags/tutorial.py
[2024-03-07T18:27:54.490+0000] {logging_mixin.py:150} INFO - [2024-03-07T18:27:54.489+0000] {dag.py:2742} INFO - Sync 1 DAGs
[2024-03-07T18:27:54.505+0000] {logging_mixin.py:150} INFO - [2024-03-07T18:27:54.505+0000] {dag.py:3504} INFO - Setting next_dagrun for tutorial to 2024-03-06T18:27:54.505034+00:00, run_after=2024-03-07T18:27:54.505034+00:00
[2024-03-07T18:27:54.544+0000] {processor.py:179} INFO - Processing /usr/local/python/3.10.13/lib/python3.10/site-packages/airflow/example_dags/tutorial.py took 0.076 seconds
[2024-03-07T18:28:41.531+0000] {processor.py:157} INFO - Started process (PID=5765) to work on /usr/local/python/3.10.13/lib/python3.10/site-packages/airflow/example_dags/tutorial.py
[2024-03-07T18:28:41.531+0000] {processor.py:826} INFO - Processing file /usr/local/python/3.10.13/lib/python3.10/site-packages/airflow/example_dags/tutorial.py for tasks to queue
[2024-03-07T18:28:41.532+0000] {logging_mixin.py:150} INFO - [2024-03-07T18:28:41.532+0000] {dagbag.py:541} INFO - Filling up the DagBag from /usr/local/python/3.10.13/lib/python3.10/site-packages/airflow/example_dags/tutorial.py
[2024-03-07T18:28:41.540+0000] {processor.py:836} INFO - DAG(s) dict_keys(['tutorial']) retrieved from /usr/local/python/3.10.13/lib/python3.10/site-packages/airflow/example_dags/tutorial.py
[2024-03-07T18:28:41.559+0000] {logging_mixin.py:150} INFO - [2024-03-07T18:28:41.558+0000] {dag.py:2742} INFO - Sync 1 DAGs
[2024-03-07T18:28:41.581+0000] {logging_mixin.py:150} INFO - [2024-03-07T18:28:41.580+0000] {dag.py:3504} INFO - Setting next_dagrun for tutorial to 2024-03-06T18:28:41.580691+00:00, run_after=2024-03-07T18:28:41.580691+00:00
[2024-03-07T18:28:41.621+0000] {processor.py:179} INFO - Processing /usr/local/python/3.10.13/lib/python3.10/site-packages/airflow/example_dags/tutorial.py took 0.092 seconds
[2024-03-07T18:29:22.012+0000] {processor.py:157} INFO - Started process (PID=6061) to work on /usr/local/python/3.10.13/lib/python3.10/site-packages/airflow/example_dags/tutorial.py
[2024-03-07T18:29:22.014+0000] {processor.py:826} INFO - Processing file /usr/local/python/3.10.13/lib/python3.10/site-packages/airflow/example_dags/tutorial.py for tasks to queue
[2024-03-07T18:29:22.015+0000] {logging_mixin.py:150} INFO - [2024-03-07T18:29:22.015+0000] {dagbag.py:541} INFO - Filling up the DagBag from /usr/local/python/3.10.13/lib/python3.10/site-packages/airflow/example_dags/tutorial.py
[2024-03-07T18:29:22.024+0000] {processor.py:836} INFO - DAG(s) dict_keys(['tutorial']) retrieved from /usr/local/python/3.10.13/lib/python3.10/site-packages/airflow/example_dags/tutorial.py
[2024-03-07T18:29:22.037+0000] {logging_mixin.py:150} INFO - [2024-03-07T18:29:22.037+0000] {dag.py:2742} INFO - Sync 1 DAGs
[2024-03-07T18:29:22.054+0000] {logging_mixin.py:150} INFO - [2024-03-07T18:29:22.054+0000] {dag.py:3504} INFO - Setting next_dagrun for tutorial to 2024-03-06T18:29:22.053885+00:00, run_after=2024-03-07T18:29:22.053885+00:00
[2024-03-07T18:29:22.116+0000] {processor.py:179} INFO - Processing /usr/local/python/3.10.13/lib/python3.10/site-packages/airflow/example_dags/tutorial.py took 0.107 seconds
[2024-03-07T18:30:12.085+0000] {processor.py:157} INFO - Started process (PID=6415) to work on /usr/local/python/3.10.13/lib/python3.10/site-packages/airflow/example_dags/tutorial.py
[2024-03-07T18:30:12.086+0000] {processor.py:826} INFO - Processing file /usr/local/python/3.10.13/lib/python3.10/site-packages/airflow/example_dags/tutorial.py for tasks to queue
[2024-03-07T18:30:12.086+0000] {logging_mixin.py:150} INFO - [2024-03-07T18:30:12.086+0000] {dagbag.py:541} INFO - Filling up the DagBag from /usr/local/python/3.10.13/lib/python3.10/site-packages/airflow/example_dags/tutorial.py
[2024-03-07T18:30:12.092+0000] {processor.py:836} INFO - DAG(s) dict_keys(['tutorial']) retrieved from /usr/local/python/3.10.13/lib/python3.10/site-packages/airflow/example_dags/tutorial.py
[2024-03-07T18:30:12.106+0000] {logging_mixin.py:150} INFO - [2024-03-07T18:30:12.105+0000] {dag.py:2742} INFO - Sync 1 DAGs
[2024-03-07T18:30:12.122+0000] {logging_mixin.py:150} INFO - [2024-03-07T18:30:12.122+0000] {dag.py:3504} INFO - Setting next_dagrun for tutorial to 2024-03-06T18:30:12.122512+00:00, run_after=2024-03-07T18:30:12.122512+00:00
[2024-03-07T18:30:12.163+0000] {processor.py:179} INFO - Processing /usr/local/python/3.10.13/lib/python3.10/site-packages/airflow/example_dags/tutorial.py took 0.080 seconds
[2024-03-07T18:30:56.545+0000] {processor.py:157} INFO - Started process (PID=6738) to work on /usr/local/python/3.10.13/lib/python3.10/site-packages/airflow/example_dags/tutorial.py
[2024-03-07T18:30:56.546+0000] {processor.py:826} INFO - Processing file /usr/local/python/3.10.13/lib/python3.10/site-packages/airflow/example_dags/tutorial.py for tasks to queue
[2024-03-07T18:30:56.547+0000] {logging_mixin.py:150} INFO - [2024-03-07T18:30:56.546+0000] {dagbag.py:541} INFO - Filling up the DagBag from /usr/local/python/3.10.13/lib/python3.10/site-packages/airflow/example_dags/tutorial.py
[2024-03-07T18:30:56.552+0000] {processor.py:836} INFO - DAG(s) dict_keys(['tutorial']) retrieved from /usr/local/python/3.10.13/lib/python3.10/site-packages/airflow/example_dags/tutorial.py
[2024-03-07T18:30:56.564+0000] {logging_mixin.py:150} INFO - [2024-03-07T18:30:56.564+0000] {dag.py:2742} INFO - Sync 1 DAGs
[2024-03-07T18:30:56.579+0000] {logging_mixin.py:150} INFO - [2024-03-07T18:30:56.579+0000] {dag.py:3504} INFO - Setting next_dagrun for tutorial to 2024-03-06T18:30:56.579502+00:00, run_after=2024-03-07T18:30:56.579502+00:00
[2024-03-07T18:30:56.623+0000] {processor.py:179} INFO - Processing /usr/local/python/3.10.13/lib/python3.10/site-packages/airflow/example_dags/tutorial.py took 0.080 seconds
[2024-03-07T18:31:46.653+0000] {processor.py:157} INFO - Started process (PID=7102) to work on /usr/local/python/3.10.13/lib/python3.10/site-packages/airflow/example_dags/tutorial.py
[2024-03-07T18:31:46.653+0000] {processor.py:826} INFO - Processing file /usr/local/python/3.10.13/lib/python3.10/site-packages/airflow/example_dags/tutorial.py for tasks to queue
[2024-03-07T18:31:46.654+0000] {logging_mixin.py:150} INFO - [2024-03-07T18:31:46.654+0000] {dagbag.py:541} INFO - Filling up the DagBag from /usr/local/python/3.10.13/lib/python3.10/site-packages/airflow/example_dags/tutorial.py
[2024-03-07T18:31:46.659+0000] {processor.py:836} INFO - DAG(s) dict_keys(['tutorial']) retrieved from /usr/local/python/3.10.13/lib/python3.10/site-packages/airflow/example_dags/tutorial.py
[2024-03-07T18:31:46.672+0000] {logging_mixin.py:150} INFO - [2024-03-07T18:31:46.672+0000] {dag.py:2742} INFO - Sync 1 DAGs
[2024-03-07T18:31:46.689+0000] {logging_mixin.py:150} INFO - [2024-03-07T18:31:46.689+0000] {dag.py:3504} INFO - Setting next_dagrun for tutorial to 2024-03-06T18:31:46.688890+00:00, run_after=2024-03-07T18:31:46.688890+00:00
[2024-03-07T18:31:46.731+0000] {processor.py:179} INFO - Processing /usr/local/python/3.10.13/lib/python3.10/site-packages/airflow/example_dags/tutorial.py took 0.081 seconds
[2024-03-07T18:32:36.325+0000] {processor.py:157} INFO - Started process (PID=7613) to work on /usr/local/python/3.10.13/lib/python3.10/site-packages/airflow/example_dags/tutorial.py
[2024-03-07T18:32:36.326+0000] {processor.py:826} INFO - Processing file /usr/local/python/3.10.13/lib/python3.10/site-packages/airflow/example_dags/tutorial.py for tasks to queue
[2024-03-07T18:32:36.327+0000] {logging_mixin.py:150} INFO - [2024-03-07T18:32:36.326+0000] {dagbag.py:541} INFO - Filling up the DagBag from /usr/local/python/3.10.13/lib/python3.10/site-packages/airflow/example_dags/tutorial.py
[2024-03-07T18:32:36.332+0000] {processor.py:836} INFO - DAG(s) dict_keys(['tutorial']) retrieved from /usr/local/python/3.10.13/lib/python3.10/site-packages/airflow/example_dags/tutorial.py
[2024-03-07T18:32:36.344+0000] {logging_mixin.py:150} INFO - [2024-03-07T18:32:36.344+0000] {dag.py:2742} INFO - Sync 1 DAGs
[2024-03-07T18:32:36.362+0000] {logging_mixin.py:150} INFO - [2024-03-07T18:32:36.361+0000] {dag.py:3504} INFO - Setting next_dagrun for tutorial to 2024-03-06T18:32:36.361606+00:00, run_after=2024-03-07T18:32:36.361606+00:00
[2024-03-07T18:32:36.403+0000] {processor.py:179} INFO - Processing /usr/local/python/3.10.13/lib/python3.10/site-packages/airflow/example_dags/tutorial.py took 0.080 seconds
[2024-03-07T18:33:20.617+0000] {processor.py:157} INFO - Started process (PID=8085) to work on /usr/local/python/3.10.13/lib/python3.10/site-packages/airflow/example_dags/tutorial.py
[2024-03-07T18:33:20.617+0000] {processor.py:826} INFO - Processing file /usr/local/python/3.10.13/lib/python3.10/site-packages/airflow/example_dags/tutorial.py for tasks to queue
[2024-03-07T18:33:20.618+0000] {logging_mixin.py:150} INFO - [2024-03-07T18:33:20.618+0000] {dagbag.py:541} INFO - Filling up the DagBag from /usr/local/python/3.10.13/lib/python3.10/site-packages/airflow/example_dags/tutorial.py
[2024-03-07T18:33:20.623+0000] {processor.py:836} INFO - DAG(s) dict_keys(['tutorial']) retrieved from /usr/local/python/3.10.13/lib/python3.10/site-packages/airflow/example_dags/tutorial.py
[2024-03-07T18:33:20.634+0000] {logging_mixin.py:150} INFO - [2024-03-07T18:33:20.634+0000] {dag.py:2742} INFO - Sync 1 DAGs
[2024-03-07T18:33:20.652+0000] {logging_mixin.py:150} INFO - [2024-03-07T18:33:20.652+0000] {dag.py:3504} INFO - Setting next_dagrun for tutorial to 2024-03-06T18:33:20.652078+00:00, run_after=2024-03-07T18:33:20.652078+00:00
[2024-03-07T18:33:20.692+0000] {processor.py:179} INFO - Processing /usr/local/python/3.10.13/lib/python3.10/site-packages/airflow/example_dags/tutorial.py took 0.077 seconds
[2024-03-07T18:34:07.140+0000] {processor.py:157} INFO - Started process (PID=8532) to work on /usr/local/python/3.10.13/lib/python3.10/site-packages/airflow/example_dags/tutorial.py
[2024-03-07T18:34:07.141+0000] {processor.py:826} INFO - Processing file /usr/local/python/3.10.13/lib/python3.10/site-packages/airflow/example_dags/tutorial.py for tasks to queue
[2024-03-07T18:34:07.141+0000] {logging_mixin.py:150} INFO - [2024-03-07T18:34:07.141+0000] {dagbag.py:541} INFO - Filling up the DagBag from /usr/local/python/3.10.13/lib/python3.10/site-packages/airflow/example_dags/tutorial.py
[2024-03-07T18:34:07.147+0000] {processor.py:836} INFO - DAG(s) dict_keys(['tutorial']) retrieved from /usr/local/python/3.10.13/lib/python3.10/site-packages/airflow/example_dags/tutorial.py
[2024-03-07T18:34:07.158+0000] {logging_mixin.py:150} INFO - [2024-03-07T18:34:07.158+0000] {dag.py:2742} INFO - Sync 1 DAGs
[2024-03-07T18:34:07.174+0000] {logging_mixin.py:150} INFO - [2024-03-07T18:34:07.174+0000] {dag.py:3504} INFO - Setting next_dagrun for tutorial to 2024-03-06T18:34:07.174159+00:00, run_after=2024-03-07T18:34:07.174159+00:00
[2024-03-07T18:34:07.213+0000] {processor.py:179} INFO - Processing /usr/local/python/3.10.13/lib/python3.10/site-packages/airflow/example_dags/tutorial.py took 0.077 seconds
[2024-03-07T18:34:56.722+0000] {processor.py:157} INFO - Started process (PID=9111) to work on /usr/local/python/3.10.13/lib/python3.10/site-packages/airflow/example_dags/tutorial.py
[2024-03-07T18:34:56.723+0000] {processor.py:826} INFO - Processing file /usr/local/python/3.10.13/lib/python3.10/site-packages/airflow/example_dags/tutorial.py for tasks to queue
[2024-03-07T18:34:56.724+0000] {logging_mixin.py:150} INFO - [2024-03-07T18:34:56.723+0000] {dagbag.py:541} INFO - Filling up the DagBag from /usr/local/python/3.10.13/lib/python3.10/site-packages/airflow/example_dags/tutorial.py
[2024-03-07T18:34:56.729+0000] {processor.py:836} INFO - DAG(s) dict_keys(['tutorial']) retrieved from /usr/local/python/3.10.13/lib/python3.10/site-packages/airflow/example_dags/tutorial.py
[2024-03-07T18:34:56.742+0000] {logging_mixin.py:150} INFO - [2024-03-07T18:34:56.741+0000] {dag.py:2742} INFO - Sync 1 DAGs
[2024-03-07T18:34:56.759+0000] {logging_mixin.py:150} INFO - [2024-03-07T18:34:56.758+0000] {dag.py:3504} INFO - Setting next_dagrun for tutorial to 2024-03-06T18:34:56.758725+00:00, run_after=2024-03-07T18:34:56.758725+00:00
[2024-03-07T18:34:56.800+0000] {processor.py:179} INFO - Processing /usr/local/python/3.10.13/lib/python3.10/site-packages/airflow/example_dags/tutorial.py took 0.080 seconds
