[2024-03-07T18:27:13.362+0000] {processor.py:157} INFO - Started process (PID=5115) to work on /usr/local/python/3.10.13/lib/python3.10/site-packages/airflow/example_dags/tutorial_taskflow_api_virtualenv.py
[2024-03-07T18:27:13.363+0000] {processor.py:826} INFO - Processing file /usr/local/python/3.10.13/lib/python3.10/site-packages/airflow/example_dags/tutorial_taskflow_api_virtualenv.py for tasks to queue
[2024-03-07T18:27:13.364+0000] {logging_mixin.py:150} INFO - [2024-03-07T18:27:13.363+0000] {dagbag.py:541} INFO - Filling up the DagBag from /usr/local/python/3.10.13/lib/python3.10/site-packages/airflow/example_dags/tutorial_taskflow_api_virtualenv.py
[2024-03-07T18:27:13.369+0000] {processor.py:836} INFO - DAG(s) dict_keys(['tutorial_taskflow_api_virtualenv']) retrieved from /usr/local/python/3.10.13/lib/python3.10/site-packages/airflow/example_dags/tutorial_taskflow_api_virtualenv.py
[2024-03-07T18:27:13.506+0000] {logging_mixin.py:150} INFO - [2024-03-07T18:27:13.505+0000] {manager.py:504} INFO - Created Permission View: can edit on DAG:tutorial_taskflow_api_virtualenv
[2024-03-07T18:27:13.538+0000] {logging_mixin.py:150} INFO - [2024-03-07T18:27:13.538+0000] {manager.py:504} INFO - Created Permission View: can delete on DAG:tutorial_taskflow_api_virtualenv
[2024-03-07T18:27:13.567+0000] {logging_mixin.py:150} INFO - [2024-03-07T18:27:13.567+0000] {manager.py:504} INFO - Created Permission View: can read on DAG:tutorial_taskflow_api_virtualenv
[2024-03-07T18:27:13.579+0000] {logging_mixin.py:150} INFO - [2024-03-07T18:27:13.579+0000] {dag.py:2742} INFO - Sync 1 DAGs
[2024-03-07T18:27:13.586+0000] {logging_mixin.py:150} INFO - [2024-03-07T18:27:13.586+0000] {dag.py:2763} INFO - Creating ORM DAG for tutorial_taskflow_api_virtualenv
[2024-03-07T18:27:13.593+0000] {logging_mixin.py:150} INFO - [2024-03-07T18:27:13.593+0000] {dag.py:3504} INFO - Setting next_dagrun for tutorial_taskflow_api_virtualenv to None, run_after=None
[2024-03-07T18:27:13.637+0000] {processor.py:179} INFO - Processing /usr/local/python/3.10.13/lib/python3.10/site-packages/airflow/example_dags/tutorial_taskflow_api_virtualenv.py took 0.277 seconds
[2024-03-07T18:28:04.376+0000] {processor.py:157} INFO - Started process (PID=5488) to work on /usr/local/python/3.10.13/lib/python3.10/site-packages/airflow/example_dags/tutorial_taskflow_api_virtualenv.py
[2024-03-07T18:28:04.376+0000] {processor.py:826} INFO - Processing file /usr/local/python/3.10.13/lib/python3.10/site-packages/airflow/example_dags/tutorial_taskflow_api_virtualenv.py for tasks to queue
[2024-03-07T18:28:04.377+0000] {logging_mixin.py:150} INFO - [2024-03-07T18:28:04.377+0000] {dagbag.py:541} INFO - Filling up the DagBag from /usr/local/python/3.10.13/lib/python3.10/site-packages/airflow/example_dags/tutorial_taskflow_api_virtualenv.py
[2024-03-07T18:28:04.383+0000] {processor.py:836} INFO - DAG(s) dict_keys(['tutorial_taskflow_api_virtualenv']) retrieved from /usr/local/python/3.10.13/lib/python3.10/site-packages/airflow/example_dags/tutorial_taskflow_api_virtualenv.py
[2024-03-07T18:28:04.396+0000] {logging_mixin.py:150} INFO - [2024-03-07T18:28:04.396+0000] {dag.py:2742} INFO - Sync 1 DAGs
[2024-03-07T18:28:04.412+0000] {logging_mixin.py:150} INFO - [2024-03-07T18:28:04.412+0000] {dag.py:3504} INFO - Setting next_dagrun for tutorial_taskflow_api_virtualenv to None, run_after=None
[2024-03-07T18:28:04.454+0000] {processor.py:179} INFO - Processing /usr/local/python/3.10.13/lib/python3.10/site-packages/airflow/example_dags/tutorial_taskflow_api_virtualenv.py took 0.081 seconds
[2024-03-07T18:28:51.888+0000] {processor.py:157} INFO - Started process (PID=5845) to work on /usr/local/python/3.10.13/lib/python3.10/site-packages/airflow/example_dags/tutorial_taskflow_api_virtualenv.py
[2024-03-07T18:28:51.889+0000] {processor.py:826} INFO - Processing file /usr/local/python/3.10.13/lib/python3.10/site-packages/airflow/example_dags/tutorial_taskflow_api_virtualenv.py for tasks to queue
[2024-03-07T18:28:51.890+0000] {logging_mixin.py:150} INFO - [2024-03-07T18:28:51.889+0000] {dagbag.py:541} INFO - Filling up the DagBag from /usr/local/python/3.10.13/lib/python3.10/site-packages/airflow/example_dags/tutorial_taskflow_api_virtualenv.py
[2024-03-07T18:28:51.895+0000] {processor.py:836} INFO - DAG(s) dict_keys(['tutorial_taskflow_api_virtualenv']) retrieved from /usr/local/python/3.10.13/lib/python3.10/site-packages/airflow/example_dags/tutorial_taskflow_api_virtualenv.py
[2024-03-07T18:28:51.916+0000] {logging_mixin.py:150} INFO - [2024-03-07T18:28:51.916+0000] {dag.py:2742} INFO - Sync 1 DAGs
[2024-03-07T18:28:51.934+0000] {logging_mixin.py:150} INFO - [2024-03-07T18:28:51.934+0000] {dag.py:3504} INFO - Setting next_dagrun for tutorial_taskflow_api_virtualenv to None, run_after=None
[2024-03-07T18:28:51.975+0000] {processor.py:179} INFO - Processing /usr/local/python/3.10.13/lib/python3.10/site-packages/airflow/example_dags/tutorial_taskflow_api_virtualenv.py took 0.089 seconds
[2024-03-07T18:29:43.899+0000] {processor.py:157} INFO - Started process (PID=6228) to work on /usr/local/python/3.10.13/lib/python3.10/site-packages/airflow/example_dags/tutorial_taskflow_api_virtualenv.py
[2024-03-07T18:29:43.899+0000] {processor.py:826} INFO - Processing file /usr/local/python/3.10.13/lib/python3.10/site-packages/airflow/example_dags/tutorial_taskflow_api_virtualenv.py for tasks to queue
[2024-03-07T18:29:43.900+0000] {logging_mixin.py:150} INFO - [2024-03-07T18:29:43.900+0000] {dagbag.py:541} INFO - Filling up the DagBag from /usr/local/python/3.10.13/lib/python3.10/site-packages/airflow/example_dags/tutorial_taskflow_api_virtualenv.py
[2024-03-07T18:29:43.906+0000] {processor.py:836} INFO - DAG(s) dict_keys(['tutorial_taskflow_api_virtualenv']) retrieved from /usr/local/python/3.10.13/lib/python3.10/site-packages/airflow/example_dags/tutorial_taskflow_api_virtualenv.py
[2024-03-07T18:29:43.919+0000] {logging_mixin.py:150} INFO - [2024-03-07T18:29:43.919+0000] {dag.py:2742} INFO - Sync 1 DAGs
[2024-03-07T18:29:43.935+0000] {logging_mixin.py:150} INFO - [2024-03-07T18:29:43.935+0000] {dag.py:3504} INFO - Setting next_dagrun for tutorial_taskflow_api_virtualenv to None, run_after=None
[2024-03-07T18:29:43.977+0000] {processor.py:179} INFO - Processing /usr/local/python/3.10.13/lib/python3.10/site-packages/airflow/example_dags/tutorial_taskflow_api_virtualenv.py took 0.081 seconds
[2024-03-07T18:30:31.624+0000] {processor.py:157} INFO - Started process (PID=6552) to work on /usr/local/python/3.10.13/lib/python3.10/site-packages/airflow/example_dags/tutorial_taskflow_api_virtualenv.py
[2024-03-07T18:30:31.624+0000] {processor.py:826} INFO - Processing file /usr/local/python/3.10.13/lib/python3.10/site-packages/airflow/example_dags/tutorial_taskflow_api_virtualenv.py for tasks to queue
[2024-03-07T18:30:31.625+0000] {logging_mixin.py:150} INFO - [2024-03-07T18:30:31.625+0000] {dagbag.py:541} INFO - Filling up the DagBag from /usr/local/python/3.10.13/lib/python3.10/site-packages/airflow/example_dags/tutorial_taskflow_api_virtualenv.py
[2024-03-07T18:30:31.631+0000] {processor.py:836} INFO - DAG(s) dict_keys(['tutorial_taskflow_api_virtualenv']) retrieved from /usr/local/python/3.10.13/lib/python3.10/site-packages/airflow/example_dags/tutorial_taskflow_api_virtualenv.py
[2024-03-07T18:30:31.645+0000] {logging_mixin.py:150} INFO - [2024-03-07T18:30:31.645+0000] {dag.py:2742} INFO - Sync 1 DAGs
[2024-03-07T18:30:31.661+0000] {logging_mixin.py:150} INFO - [2024-03-07T18:30:31.661+0000] {dag.py:3504} INFO - Setting next_dagrun for tutorial_taskflow_api_virtualenv to None, run_after=None
[2024-03-07T18:30:31.704+0000] {processor.py:179} INFO - Processing /usr/local/python/3.10.13/lib/python3.10/site-packages/airflow/example_dags/tutorial_taskflow_api_virtualenv.py took 0.082 seconds
[2024-03-07T18:31:17.207+0000] {processor.py:157} INFO - Started process (PID=6878) to work on /usr/local/python/3.10.13/lib/python3.10/site-packages/airflow/example_dags/tutorial_taskflow_api_virtualenv.py
[2024-03-07T18:31:17.207+0000] {processor.py:826} INFO - Processing file /usr/local/python/3.10.13/lib/python3.10/site-packages/airflow/example_dags/tutorial_taskflow_api_virtualenv.py for tasks to queue
[2024-03-07T18:31:17.208+0000] {logging_mixin.py:150} INFO - [2024-03-07T18:31:17.208+0000] {dagbag.py:541} INFO - Filling up the DagBag from /usr/local/python/3.10.13/lib/python3.10/site-packages/airflow/example_dags/tutorial_taskflow_api_virtualenv.py
[2024-03-07T18:31:17.214+0000] {processor.py:836} INFO - DAG(s) dict_keys(['tutorial_taskflow_api_virtualenv']) retrieved from /usr/local/python/3.10.13/lib/python3.10/site-packages/airflow/example_dags/tutorial_taskflow_api_virtualenv.py
[2024-03-07T18:31:17.226+0000] {logging_mixin.py:150} INFO - [2024-03-07T18:31:17.226+0000] {dag.py:2742} INFO - Sync 1 DAGs
[2024-03-07T18:31:17.243+0000] {logging_mixin.py:150} INFO - [2024-03-07T18:31:17.243+0000] {dag.py:3504} INFO - Setting next_dagrun for tutorial_taskflow_api_virtualenv to None, run_after=None
[2024-03-07T18:31:17.285+0000] {processor.py:179} INFO - Processing /usr/local/python/3.10.13/lib/python3.10/site-packages/airflow/example_dags/tutorial_taskflow_api_virtualenv.py took 0.081 seconds
[2024-03-07T18:32:07.143+0000] {processor.py:157} INFO - Started process (PID=7284) to work on /usr/local/python/3.10.13/lib/python3.10/site-packages/airflow/example_dags/tutorial_taskflow_api_virtualenv.py
[2024-03-07T18:32:07.143+0000] {processor.py:826} INFO - Processing file /usr/local/python/3.10.13/lib/python3.10/site-packages/airflow/example_dags/tutorial_taskflow_api_virtualenv.py for tasks to queue
[2024-03-07T18:32:07.144+0000] {logging_mixin.py:150} INFO - [2024-03-07T18:32:07.144+0000] {dagbag.py:541} INFO - Filling up the DagBag from /usr/local/python/3.10.13/lib/python3.10/site-packages/airflow/example_dags/tutorial_taskflow_api_virtualenv.py
[2024-03-07T18:32:07.150+0000] {processor.py:836} INFO - DAG(s) dict_keys(['tutorial_taskflow_api_virtualenv']) retrieved from /usr/local/python/3.10.13/lib/python3.10/site-packages/airflow/example_dags/tutorial_taskflow_api_virtualenv.py
[2024-03-07T18:32:07.163+0000] {logging_mixin.py:150} INFO - [2024-03-07T18:32:07.163+0000] {dag.py:2742} INFO - Sync 1 DAGs
[2024-03-07T18:32:07.178+0000] {logging_mixin.py:150} INFO - [2024-03-07T18:32:07.178+0000] {dag.py:3504} INFO - Setting next_dagrun for tutorial_taskflow_api_virtualenv to None, run_after=None
[2024-03-07T18:32:07.219+0000] {processor.py:179} INFO - Processing /usr/local/python/3.10.13/lib/python3.10/site-packages/airflow/example_dags/tutorial_taskflow_api_virtualenv.py took 0.079 seconds
[2024-03-07T18:32:55.270+0000] {processor.py:157} INFO - Started process (PID=7848) to work on /usr/local/python/3.10.13/lib/python3.10/site-packages/airflow/example_dags/tutorial_taskflow_api_virtualenv.py
[2024-03-07T18:32:55.271+0000] {processor.py:826} INFO - Processing file /usr/local/python/3.10.13/lib/python3.10/site-packages/airflow/example_dags/tutorial_taskflow_api_virtualenv.py for tasks to queue
[2024-03-07T18:32:55.272+0000] {logging_mixin.py:150} INFO - [2024-03-07T18:32:55.271+0000] {dagbag.py:541} INFO - Filling up the DagBag from /usr/local/python/3.10.13/lib/python3.10/site-packages/airflow/example_dags/tutorial_taskflow_api_virtualenv.py
[2024-03-07T18:32:55.277+0000] {processor.py:836} INFO - DAG(s) dict_keys(['tutorial_taskflow_api_virtualenv']) retrieved from /usr/local/python/3.10.13/lib/python3.10/site-packages/airflow/example_dags/tutorial_taskflow_api_virtualenv.py
[2024-03-07T18:32:55.290+0000] {logging_mixin.py:150} INFO - [2024-03-07T18:32:55.290+0000] {dag.py:2742} INFO - Sync 1 DAGs
[2024-03-07T18:32:55.306+0000] {logging_mixin.py:150} INFO - [2024-03-07T18:32:55.305+0000] {dag.py:3504} INFO - Setting next_dagrun for tutorial_taskflow_api_virtualenv to None, run_after=None
[2024-03-07T18:32:55.347+0000] {processor.py:179} INFO - Processing /usr/local/python/3.10.13/lib/python3.10/site-packages/airflow/example_dags/tutorial_taskflow_api_virtualenv.py took 0.079 seconds
[2024-03-07T18:33:40.129+0000] {processor.py:157} INFO - Started process (PID=8289) to work on /usr/local/python/3.10.13/lib/python3.10/site-packages/airflow/example_dags/tutorial_taskflow_api_virtualenv.py
[2024-03-07T18:33:40.129+0000] {processor.py:826} INFO - Processing file /usr/local/python/3.10.13/lib/python3.10/site-packages/airflow/example_dags/tutorial_taskflow_api_virtualenv.py for tasks to queue
[2024-03-07T18:33:40.130+0000] {logging_mixin.py:150} INFO - [2024-03-07T18:33:40.130+0000] {dagbag.py:541} INFO - Filling up the DagBag from /usr/local/python/3.10.13/lib/python3.10/site-packages/airflow/example_dags/tutorial_taskflow_api_virtualenv.py
[2024-03-07T18:33:40.135+0000] {processor.py:836} INFO - DAG(s) dict_keys(['tutorial_taskflow_api_virtualenv']) retrieved from /usr/local/python/3.10.13/lib/python3.10/site-packages/airflow/example_dags/tutorial_taskflow_api_virtualenv.py
[2024-03-07T18:33:40.148+0000] {logging_mixin.py:150} INFO - [2024-03-07T18:33:40.148+0000] {dag.py:2742} INFO - Sync 1 DAGs
[2024-03-07T18:33:40.164+0000] {logging_mixin.py:150} INFO - [2024-03-07T18:33:40.164+0000] {dag.py:3504} INFO - Setting next_dagrun for tutorial_taskflow_api_virtualenv to None, run_after=None
[2024-03-07T18:33:40.204+0000] {processor.py:179} INFO - Processing /usr/local/python/3.10.13/lib/python3.10/site-packages/airflow/example_dags/tutorial_taskflow_api_virtualenv.py took 0.078 seconds
[2024-03-07T18:34:27.800+0000] {processor.py:157} INFO - Started process (PID=8799) to work on /usr/local/python/3.10.13/lib/python3.10/site-packages/airflow/example_dags/tutorial_taskflow_api_virtualenv.py
[2024-03-07T18:34:27.801+0000] {processor.py:826} INFO - Processing file /usr/local/python/3.10.13/lib/python3.10/site-packages/airflow/example_dags/tutorial_taskflow_api_virtualenv.py for tasks to queue
[2024-03-07T18:34:27.801+0000] {logging_mixin.py:150} INFO - [2024-03-07T18:34:27.801+0000] {dagbag.py:541} INFO - Filling up the DagBag from /usr/local/python/3.10.13/lib/python3.10/site-packages/airflow/example_dags/tutorial_taskflow_api_virtualenv.py
[2024-03-07T18:34:27.807+0000] {processor.py:836} INFO - DAG(s) dict_keys(['tutorial_taskflow_api_virtualenv']) retrieved from /usr/local/python/3.10.13/lib/python3.10/site-packages/airflow/example_dags/tutorial_taskflow_api_virtualenv.py
[2024-03-07T18:34:27.820+0000] {logging_mixin.py:150} INFO - [2024-03-07T18:34:27.820+0000] {dag.py:2742} INFO - Sync 1 DAGs
[2024-03-07T18:34:27.839+0000] {logging_mixin.py:150} INFO - [2024-03-07T18:34:27.838+0000] {dag.py:3504} INFO - Setting next_dagrun for tutorial_taskflow_api_virtualenv to None, run_after=None
[2024-03-07T18:34:27.880+0000] {processor.py:179} INFO - Processing /usr/local/python/3.10.13/lib/python3.10/site-packages/airflow/example_dags/tutorial_taskflow_api_virtualenv.py took 0.082 seconds
[2024-03-07T18:35:16.368+0000] {processor.py:157} INFO - Started process (PID=9316) to work on /usr/local/python/3.10.13/lib/python3.10/site-packages/airflow/example_dags/tutorial_taskflow_api_virtualenv.py
[2024-03-07T18:35:16.369+0000] {processor.py:826} INFO - Processing file /usr/local/python/3.10.13/lib/python3.10/site-packages/airflow/example_dags/tutorial_taskflow_api_virtualenv.py for tasks to queue
[2024-03-07T18:35:16.369+0000] {logging_mixin.py:150} INFO - [2024-03-07T18:35:16.369+0000] {dagbag.py:541} INFO - Filling up the DagBag from /usr/local/python/3.10.13/lib/python3.10/site-packages/airflow/example_dags/tutorial_taskflow_api_virtualenv.py
[2024-03-07T18:35:16.375+0000] {processor.py:836} INFO - DAG(s) dict_keys(['tutorial_taskflow_api_virtualenv']) retrieved from /usr/local/python/3.10.13/lib/python3.10/site-packages/airflow/example_dags/tutorial_taskflow_api_virtualenv.py
[2024-03-07T18:35:16.389+0000] {logging_mixin.py:150} INFO - [2024-03-07T18:35:16.389+0000] {dag.py:2742} INFO - Sync 1 DAGs
[2024-03-07T18:35:16.406+0000] {logging_mixin.py:150} INFO - [2024-03-07T18:35:16.406+0000] {dag.py:3504} INFO - Setting next_dagrun for tutorial_taskflow_api_virtualenv to None, run_after=None
[2024-03-07T18:35:16.447+0000] {processor.py:179} INFO - Processing /usr/local/python/3.10.13/lib/python3.10/site-packages/airflow/example_dags/tutorial_taskflow_api_virtualenv.py took 0.082 seconds
