[2024-03-09T22:46:30.121+0000] {processor.py:157} INFO - Started process (PID=5870) to work on /workspaces/hands-on-introduction-data-engineering-4395021/airflow/dags/extract_dag.py
[2024-03-09T22:46:30.121+0000] {processor.py:826} INFO - Processing file /workspaces/hands-on-introduction-data-engineering-4395021/airflow/dags/extract_dag.py for tasks to queue
[2024-03-09T22:46:30.122+0000] {logging_mixin.py:150} INFO - [2024-03-09T22:46:30.122+0000] {dagbag.py:541} INFO - Filling up the DagBag from /workspaces/hands-on-introduction-data-engineering-4395021/airflow/dags/extract_dag.py
[2024-03-09T22:46:30.131+0000] {processor.py:836} INFO - DAG(s) dict_keys(['two_task_dag']) retrieved from /workspaces/hands-on-introduction-data-engineering-4395021/airflow/dags/extract_dag.py
[2024-03-09T22:46:30.224+0000] {logging_mixin.py:150} INFO - [2024-03-09T22:46:30.223+0000] {dag.py:2742} INFO - Sync 1 DAGs
[2024-03-09T22:46:30.246+0000] {logging_mixin.py:150} INFO - [2024-03-09T22:46:30.245+0000] {dag.py:3504} INFO - Setting next_dagrun for two_task_dag to None, run_after=None
[2024-03-09T22:46:30.297+0000] {processor.py:179} INFO - Processing /workspaces/hands-on-introduction-data-engineering-4395021/airflow/dags/extract_dag.py took 0.179 seconds
[2024-03-09T22:46:39.172+0000] {processor.py:157} INFO - Started process (PID=5932) to work on /workspaces/hands-on-introduction-data-engineering-4395021/airflow/dags/extract_dag.py
[2024-03-09T22:46:39.172+0000] {processor.py:826} INFO - Processing file /workspaces/hands-on-introduction-data-engineering-4395021/airflow/dags/extract_dag.py for tasks to queue
[2024-03-09T22:46:39.173+0000] {logging_mixin.py:150} INFO - [2024-03-09T22:46:39.173+0000] {dagbag.py:541} INFO - Filling up the DagBag from /workspaces/hands-on-introduction-data-engineering-4395021/airflow/dags/extract_dag.py
[2024-03-09T22:46:39.182+0000] {processor.py:836} INFO - DAG(s) dict_keys(['extract_dag']) retrieved from /workspaces/hands-on-introduction-data-engineering-4395021/airflow/dags/extract_dag.py
[2024-03-09T22:46:39.323+0000] {logging_mixin.py:150} INFO - [2024-03-09T22:46:39.321+0000] {manager.py:504} INFO - Created Permission View: can delete on DAG:extract_dag
[2024-03-09T22:46:39.361+0000] {logging_mixin.py:150} INFO - [2024-03-09T22:46:39.361+0000] {manager.py:504} INFO - Created Permission View: can edit on DAG:extract_dag
[2024-03-09T22:46:39.396+0000] {logging_mixin.py:150} INFO - [2024-03-09T22:46:39.395+0000] {manager.py:504} INFO - Created Permission View: can read on DAG:extract_dag
[2024-03-09T22:46:39.407+0000] {logging_mixin.py:150} INFO - [2024-03-09T22:46:39.407+0000] {dag.py:2742} INFO - Sync 1 DAGs
[2024-03-09T22:46:39.414+0000] {logging_mixin.py:150} INFO - [2024-03-09T22:46:39.414+0000] {dag.py:2763} INFO - Creating ORM DAG for extract_dag
[2024-03-09T22:46:39.422+0000] {logging_mixin.py:150} INFO - [2024-03-09T22:46:39.422+0000] {dag.py:3504} INFO - Setting next_dagrun for extract_dag to None, run_after=None
[2024-03-09T22:46:39.460+0000] {processor.py:179} INFO - Processing /workspaces/hands-on-introduction-data-engineering-4395021/airflow/dags/extract_dag.py took 0.291 seconds
[2024-03-09T22:47:09.907+0000] {processor.py:157} INFO - Started process (PID=6121) to work on /workspaces/hands-on-introduction-data-engineering-4395021/airflow/dags/extract_dag.py
[2024-03-09T22:47:09.908+0000] {processor.py:826} INFO - Processing file /workspaces/hands-on-introduction-data-engineering-4395021/airflow/dags/extract_dag.py for tasks to queue
[2024-03-09T22:47:09.909+0000] {logging_mixin.py:150} INFO - [2024-03-09T22:47:09.909+0000] {dagbag.py:541} INFO - Filling up the DagBag from /workspaces/hands-on-introduction-data-engineering-4395021/airflow/dags/extract_dag.py
[2024-03-09T22:47:09.921+0000] {processor.py:836} INFO - DAG(s) dict_keys(['extract_dag']) retrieved from /workspaces/hands-on-introduction-data-engineering-4395021/airflow/dags/extract_dag.py
[2024-03-09T22:47:09.952+0000] {logging_mixin.py:150} INFO - [2024-03-09T22:47:09.952+0000] {dag.py:2742} INFO - Sync 1 DAGs
[2024-03-09T22:47:09.979+0000] {logging_mixin.py:150} INFO - [2024-03-09T22:47:09.979+0000] {dag.py:3504} INFO - Setting next_dagrun for extract_dag to None, run_after=None
[2024-03-09T22:47:10.021+0000] {processor.py:179} INFO - Processing /workspaces/hands-on-introduction-data-engineering-4395021/airflow/dags/extract_dag.py took 0.116 seconds
[2024-03-09T22:47:40.578+0000] {processor.py:157} INFO - Started process (PID=6302) to work on /workspaces/hands-on-introduction-data-engineering-4395021/airflow/dags/extract_dag.py
[2024-03-09T22:47:40.578+0000] {processor.py:826} INFO - Processing file /workspaces/hands-on-introduction-data-engineering-4395021/airflow/dags/extract_dag.py for tasks to queue
[2024-03-09T22:47:40.579+0000] {logging_mixin.py:150} INFO - [2024-03-09T22:47:40.579+0000] {dagbag.py:541} INFO - Filling up the DagBag from /workspaces/hands-on-introduction-data-engineering-4395021/airflow/dags/extract_dag.py
[2024-03-09T22:47:40.587+0000] {processor.py:836} INFO - DAG(s) dict_keys(['extract_dag']) retrieved from /workspaces/hands-on-introduction-data-engineering-4395021/airflow/dags/extract_dag.py
[2024-03-09T22:47:40.603+0000] {logging_mixin.py:150} INFO - [2024-03-09T22:47:40.603+0000] {dag.py:2742} INFO - Sync 1 DAGs
[2024-03-09T22:47:40.618+0000] {logging_mixin.py:150} INFO - [2024-03-09T22:47:40.618+0000] {dag.py:3504} INFO - Setting next_dagrun for extract_dag to None, run_after=None
[2024-03-09T22:47:40.657+0000] {processor.py:179} INFO - Processing /workspaces/hands-on-introduction-data-engineering-4395021/airflow/dags/extract_dag.py took 0.082 seconds
[2024-03-09T22:48:11.094+0000] {processor.py:157} INFO - Started process (PID=6486) to work on /workspaces/hands-on-introduction-data-engineering-4395021/airflow/dags/extract_dag.py
[2024-03-09T22:48:11.096+0000] {processor.py:826} INFO - Processing file /workspaces/hands-on-introduction-data-engineering-4395021/airflow/dags/extract_dag.py for tasks to queue
[2024-03-09T22:48:11.096+0000] {logging_mixin.py:150} INFO - [2024-03-09T22:48:11.096+0000] {dagbag.py:541} INFO - Filling up the DagBag from /workspaces/hands-on-introduction-data-engineering-4395021/airflow/dags/extract_dag.py
[2024-03-09T22:48:11.106+0000] {processor.py:836} INFO - DAG(s) dict_keys(['extract_dag']) retrieved from /workspaces/hands-on-introduction-data-engineering-4395021/airflow/dags/extract_dag.py
[2024-03-09T22:48:11.123+0000] {logging_mixin.py:150} INFO - [2024-03-09T22:48:11.122+0000] {dag.py:2742} INFO - Sync 1 DAGs
[2024-03-09T22:48:11.138+0000] {logging_mixin.py:150} INFO - [2024-03-09T22:48:11.137+0000] {dag.py:3504} INFO - Setting next_dagrun for extract_dag to None, run_after=None
[2024-03-09T22:48:11.176+0000] {processor.py:179} INFO - Processing /workspaces/hands-on-introduction-data-engineering-4395021/airflow/dags/extract_dag.py took 0.084 seconds
[2024-03-09T22:48:41.608+0000] {processor.py:157} INFO - Started process (PID=6663) to work on /workspaces/hands-on-introduction-data-engineering-4395021/airflow/dags/extract_dag.py
[2024-03-09T22:48:41.609+0000] {processor.py:826} INFO - Processing file /workspaces/hands-on-introduction-data-engineering-4395021/airflow/dags/extract_dag.py for tasks to queue
[2024-03-09T22:48:41.610+0000] {logging_mixin.py:150} INFO - [2024-03-09T22:48:41.610+0000] {dagbag.py:541} INFO - Filling up the DagBag from /workspaces/hands-on-introduction-data-engineering-4395021/airflow/dags/extract_dag.py
[2024-03-09T22:48:41.618+0000] {processor.py:836} INFO - DAG(s) dict_keys(['extract_dag']) retrieved from /workspaces/hands-on-introduction-data-engineering-4395021/airflow/dags/extract_dag.py
[2024-03-09T22:48:41.634+0000] {logging_mixin.py:150} INFO - [2024-03-09T22:48:41.634+0000] {dag.py:2742} INFO - Sync 1 DAGs
[2024-03-09T22:48:41.649+0000] {logging_mixin.py:150} INFO - [2024-03-09T22:48:41.649+0000] {dag.py:3504} INFO - Setting next_dagrun for extract_dag to None, run_after=None
[2024-03-09T22:48:41.688+0000] {processor.py:179} INFO - Processing /workspaces/hands-on-introduction-data-engineering-4395021/airflow/dags/extract_dag.py took 0.082 seconds
[2024-03-09T22:49:12.069+0000] {processor.py:157} INFO - Started process (PID=6841) to work on /workspaces/hands-on-introduction-data-engineering-4395021/airflow/dags/extract_dag.py
[2024-03-09T22:49:12.069+0000] {processor.py:826} INFO - Processing file /workspaces/hands-on-introduction-data-engineering-4395021/airflow/dags/extract_dag.py for tasks to queue
[2024-03-09T22:49:12.070+0000] {logging_mixin.py:150} INFO - [2024-03-09T22:49:12.070+0000] {dagbag.py:541} INFO - Filling up the DagBag from /workspaces/hands-on-introduction-data-engineering-4395021/airflow/dags/extract_dag.py
[2024-03-09T22:49:12.078+0000] {processor.py:836} INFO - DAG(s) dict_keys(['extract_dag']) retrieved from /workspaces/hands-on-introduction-data-engineering-4395021/airflow/dags/extract_dag.py
[2024-03-09T22:49:12.094+0000] {logging_mixin.py:150} INFO - [2024-03-09T22:49:12.094+0000] {dag.py:2742} INFO - Sync 1 DAGs
[2024-03-09T22:49:12.109+0000] {logging_mixin.py:150} INFO - [2024-03-09T22:49:12.108+0000] {dag.py:3504} INFO - Setting next_dagrun for extract_dag to None, run_after=None
[2024-03-09T22:49:12.148+0000] {processor.py:179} INFO - Processing /workspaces/hands-on-introduction-data-engineering-4395021/airflow/dags/extract_dag.py took 0.082 seconds
[2024-03-09T22:49:42.393+0000] {processor.py:157} INFO - Started process (PID=7028) to work on /workspaces/hands-on-introduction-data-engineering-4395021/airflow/dags/extract_dag.py
[2024-03-09T22:49:42.394+0000] {processor.py:826} INFO - Processing file /workspaces/hands-on-introduction-data-engineering-4395021/airflow/dags/extract_dag.py for tasks to queue
[2024-03-09T22:49:42.394+0000] {logging_mixin.py:150} INFO - [2024-03-09T22:49:42.394+0000] {dagbag.py:541} INFO - Filling up the DagBag from /workspaces/hands-on-introduction-data-engineering-4395021/airflow/dags/extract_dag.py
[2024-03-09T22:49:42.403+0000] {processor.py:836} INFO - DAG(s) dict_keys(['extract_dag']) retrieved from /workspaces/hands-on-introduction-data-engineering-4395021/airflow/dags/extract_dag.py
[2024-03-09T22:49:42.421+0000] {logging_mixin.py:150} INFO - [2024-03-09T22:49:42.421+0000] {dag.py:2742} INFO - Sync 1 DAGs
[2024-03-09T22:49:42.435+0000] {logging_mixin.py:150} INFO - [2024-03-09T22:49:42.435+0000] {dag.py:3504} INFO - Setting next_dagrun for extract_dag to None, run_after=None
[2024-03-09T22:49:42.474+0000] {processor.py:179} INFO - Processing /workspaces/hands-on-introduction-data-engineering-4395021/airflow/dags/extract_dag.py took 0.084 seconds
[2024-03-09T22:50:12.755+0000] {processor.py:157} INFO - Started process (PID=7205) to work on /workspaces/hands-on-introduction-data-engineering-4395021/airflow/dags/extract_dag.py
[2024-03-09T22:50:12.756+0000] {processor.py:826} INFO - Processing file /workspaces/hands-on-introduction-data-engineering-4395021/airflow/dags/extract_dag.py for tasks to queue
[2024-03-09T22:50:12.757+0000] {logging_mixin.py:150} INFO - [2024-03-09T22:50:12.757+0000] {dagbag.py:541} INFO - Filling up the DagBag from /workspaces/hands-on-introduction-data-engineering-4395021/airflow/dags/extract_dag.py
[2024-03-09T22:50:12.765+0000] {processor.py:836} INFO - DAG(s) dict_keys(['extract_dag']) retrieved from /workspaces/hands-on-introduction-data-engineering-4395021/airflow/dags/extract_dag.py
[2024-03-09T22:50:12.781+0000] {logging_mixin.py:150} INFO - [2024-03-09T22:50:12.781+0000] {dag.py:2742} INFO - Sync 1 DAGs
[2024-03-09T22:50:12.795+0000] {logging_mixin.py:150} INFO - [2024-03-09T22:50:12.795+0000] {dag.py:3504} INFO - Setting next_dagrun for extract_dag to None, run_after=None
[2024-03-09T22:50:12.838+0000] {processor.py:179} INFO - Processing /workspaces/hands-on-introduction-data-engineering-4395021/airflow/dags/extract_dag.py took 0.085 seconds
[2024-03-09T22:50:43.149+0000] {processor.py:157} INFO - Started process (PID=7384) to work on /workspaces/hands-on-introduction-data-engineering-4395021/airflow/dags/extract_dag.py
[2024-03-09T22:50:43.149+0000] {processor.py:826} INFO - Processing file /workspaces/hands-on-introduction-data-engineering-4395021/airflow/dags/extract_dag.py for tasks to queue
[2024-03-09T22:50:43.150+0000] {logging_mixin.py:150} INFO - [2024-03-09T22:50:43.150+0000] {dagbag.py:541} INFO - Filling up the DagBag from /workspaces/hands-on-introduction-data-engineering-4395021/airflow/dags/extract_dag.py
[2024-03-09T22:50:43.158+0000] {processor.py:836} INFO - DAG(s) dict_keys(['extract_dag']) retrieved from /workspaces/hands-on-introduction-data-engineering-4395021/airflow/dags/extract_dag.py
[2024-03-09T22:50:43.173+0000] {logging_mixin.py:150} INFO - [2024-03-09T22:50:43.173+0000] {dag.py:2742} INFO - Sync 1 DAGs
[2024-03-09T22:50:43.188+0000] {logging_mixin.py:150} INFO - [2024-03-09T22:50:43.187+0000] {dag.py:3504} INFO - Setting next_dagrun for extract_dag to None, run_after=None
[2024-03-09T22:50:43.240+0000] {processor.py:179} INFO - Processing /workspaces/hands-on-introduction-data-engineering-4395021/airflow/dags/extract_dag.py took 0.094 seconds
[2024-03-09T22:51:13.438+0000] {processor.py:157} INFO - Started process (PID=7562) to work on /workspaces/hands-on-introduction-data-engineering-4395021/airflow/dags/extract_dag.py
[2024-03-09T22:51:13.439+0000] {processor.py:826} INFO - Processing file /workspaces/hands-on-introduction-data-engineering-4395021/airflow/dags/extract_dag.py for tasks to queue
[2024-03-09T22:51:13.440+0000] {logging_mixin.py:150} INFO - [2024-03-09T22:51:13.440+0000] {dagbag.py:541} INFO - Filling up the DagBag from /workspaces/hands-on-introduction-data-engineering-4395021/airflow/dags/extract_dag.py
[2024-03-09T22:51:13.448+0000] {processor.py:836} INFO - DAG(s) dict_keys(['extract_dag']) retrieved from /workspaces/hands-on-introduction-data-engineering-4395021/airflow/dags/extract_dag.py
[2024-03-09T22:51:13.464+0000] {logging_mixin.py:150} INFO - [2024-03-09T22:51:13.464+0000] {dag.py:2742} INFO - Sync 1 DAGs
[2024-03-09T22:51:13.479+0000] {logging_mixin.py:150} INFO - [2024-03-09T22:51:13.479+0000] {dag.py:3504} INFO - Setting next_dagrun for extract_dag to None, run_after=None
[2024-03-09T22:51:13.520+0000] {processor.py:179} INFO - Processing /workspaces/hands-on-introduction-data-engineering-4395021/airflow/dags/extract_dag.py took 0.083 seconds
[2024-03-09T22:51:43.795+0000] {processor.py:157} INFO - Started process (PID=7748) to work on /workspaces/hands-on-introduction-data-engineering-4395021/airflow/dags/extract_dag.py
[2024-03-09T22:51:43.796+0000] {processor.py:826} INFO - Processing file /workspaces/hands-on-introduction-data-engineering-4395021/airflow/dags/extract_dag.py for tasks to queue
[2024-03-09T22:51:43.796+0000] {logging_mixin.py:150} INFO - [2024-03-09T22:51:43.796+0000] {dagbag.py:541} INFO - Filling up the DagBag from /workspaces/hands-on-introduction-data-engineering-4395021/airflow/dags/extract_dag.py
[2024-03-09T22:51:43.804+0000] {processor.py:836} INFO - DAG(s) dict_keys(['extract_dag']) retrieved from /workspaces/hands-on-introduction-data-engineering-4395021/airflow/dags/extract_dag.py
[2024-03-09T22:51:43.822+0000] {logging_mixin.py:150} INFO - [2024-03-09T22:51:43.822+0000] {dag.py:2742} INFO - Sync 1 DAGs
[2024-03-09T22:51:43.837+0000] {logging_mixin.py:150} INFO - [2024-03-09T22:51:43.837+0000] {dag.py:3504} INFO - Setting next_dagrun for extract_dag to None, run_after=None
[2024-03-09T22:51:43.881+0000] {processor.py:179} INFO - Processing /workspaces/hands-on-introduction-data-engineering-4395021/airflow/dags/extract_dag.py took 0.089 seconds
[2024-03-09T22:52:14.111+0000] {processor.py:157} INFO - Started process (PID=7927) to work on /workspaces/hands-on-introduction-data-engineering-4395021/airflow/dags/extract_dag.py
[2024-03-09T22:52:14.111+0000] {processor.py:826} INFO - Processing file /workspaces/hands-on-introduction-data-engineering-4395021/airflow/dags/extract_dag.py for tasks to queue
[2024-03-09T22:52:14.112+0000] {logging_mixin.py:150} INFO - [2024-03-09T22:52:14.112+0000] {dagbag.py:541} INFO - Filling up the DagBag from /workspaces/hands-on-introduction-data-engineering-4395021/airflow/dags/extract_dag.py
[2024-03-09T22:52:14.120+0000] {processor.py:836} INFO - DAG(s) dict_keys(['extract_dag']) retrieved from /workspaces/hands-on-introduction-data-engineering-4395021/airflow/dags/extract_dag.py
[2024-03-09T22:52:14.136+0000] {logging_mixin.py:150} INFO - [2024-03-09T22:52:14.136+0000] {dag.py:2742} INFO - Sync 1 DAGs
[2024-03-09T22:52:14.153+0000] {logging_mixin.py:150} INFO - [2024-03-09T22:52:14.153+0000] {dag.py:3504} INFO - Setting next_dagrun for extract_dag to None, run_after=None
[2024-03-09T22:52:14.191+0000] {processor.py:179} INFO - Processing /workspaces/hands-on-introduction-data-engineering-4395021/airflow/dags/extract_dag.py took 0.083 seconds
[2024-03-09T22:52:44.513+0000] {processor.py:157} INFO - Started process (PID=8108) to work on /workspaces/hands-on-introduction-data-engineering-4395021/airflow/dags/extract_dag.py
[2024-03-09T22:52:44.513+0000] {processor.py:826} INFO - Processing file /workspaces/hands-on-introduction-data-engineering-4395021/airflow/dags/extract_dag.py for tasks to queue
[2024-03-09T22:52:44.514+0000] {logging_mixin.py:150} INFO - [2024-03-09T22:52:44.514+0000] {dagbag.py:541} INFO - Filling up the DagBag from /workspaces/hands-on-introduction-data-engineering-4395021/airflow/dags/extract_dag.py
[2024-03-09T22:52:44.523+0000] {processor.py:836} INFO - DAG(s) dict_keys(['extract_dag']) retrieved from /workspaces/hands-on-introduction-data-engineering-4395021/airflow/dags/extract_dag.py
[2024-03-09T22:52:44.538+0000] {logging_mixin.py:150} INFO - [2024-03-09T22:52:44.538+0000] {dag.py:2742} INFO - Sync 1 DAGs
[2024-03-09T22:52:44.554+0000] {logging_mixin.py:150} INFO - [2024-03-09T22:52:44.554+0000] {dag.py:3504} INFO - Setting next_dagrun for extract_dag to None, run_after=None
[2024-03-09T22:52:44.593+0000] {processor.py:179} INFO - Processing /workspaces/hands-on-introduction-data-engineering-4395021/airflow/dags/extract_dag.py took 0.083 seconds
[2024-03-09T22:53:14.639+0000] {processor.py:157} INFO - Started process (PID=8277) to work on /workspaces/hands-on-introduction-data-engineering-4395021/airflow/dags/extract_dag.py
[2024-03-09T22:53:14.640+0000] {processor.py:826} INFO - Processing file /workspaces/hands-on-introduction-data-engineering-4395021/airflow/dags/extract_dag.py for tasks to queue
[2024-03-09T22:53:14.640+0000] {logging_mixin.py:150} INFO - [2024-03-09T22:53:14.640+0000] {dagbag.py:541} INFO - Filling up the DagBag from /workspaces/hands-on-introduction-data-engineering-4395021/airflow/dags/extract_dag.py
[2024-03-09T22:53:14.648+0000] {processor.py:836} INFO - DAG(s) dict_keys(['extract_dag']) retrieved from /workspaces/hands-on-introduction-data-engineering-4395021/airflow/dags/extract_dag.py
[2024-03-09T22:53:14.664+0000] {logging_mixin.py:150} INFO - [2024-03-09T22:53:14.664+0000] {dag.py:2742} INFO - Sync 1 DAGs
[2024-03-09T22:53:14.679+0000] {logging_mixin.py:150} INFO - [2024-03-09T22:53:14.679+0000] {dag.py:3504} INFO - Setting next_dagrun for extract_dag to None, run_after=None
[2024-03-09T22:53:14.721+0000] {processor.py:179} INFO - Processing /workspaces/hands-on-introduction-data-engineering-4395021/airflow/dags/extract_dag.py took 0.084 seconds
[2024-03-09T22:53:44.829+0000] {processor.py:157} INFO - Started process (PID=8450) to work on /workspaces/hands-on-introduction-data-engineering-4395021/airflow/dags/extract_dag.py
[2024-03-09T22:53:44.830+0000] {processor.py:826} INFO - Processing file /workspaces/hands-on-introduction-data-engineering-4395021/airflow/dags/extract_dag.py for tasks to queue
[2024-03-09T22:53:44.830+0000] {logging_mixin.py:150} INFO - [2024-03-09T22:53:44.830+0000] {dagbag.py:541} INFO - Filling up the DagBag from /workspaces/hands-on-introduction-data-engineering-4395021/airflow/dags/extract_dag.py
[2024-03-09T22:53:44.838+0000] {processor.py:836} INFO - DAG(s) dict_keys(['extract_dag']) retrieved from /workspaces/hands-on-introduction-data-engineering-4395021/airflow/dags/extract_dag.py
[2024-03-09T22:53:44.853+0000] {logging_mixin.py:150} INFO - [2024-03-09T22:53:44.853+0000] {dag.py:2742} INFO - Sync 1 DAGs
[2024-03-09T22:53:44.868+0000] {logging_mixin.py:150} INFO - [2024-03-09T22:53:44.868+0000] {dag.py:3504} INFO - Setting next_dagrun for extract_dag to None, run_after=None
[2024-03-09T22:53:44.908+0000] {processor.py:179} INFO - Processing /workspaces/hands-on-introduction-data-engineering-4395021/airflow/dags/extract_dag.py took 0.081 seconds
[2024-03-09T22:54:15.003+0000] {processor.py:157} INFO - Started process (PID=8634) to work on /workspaces/hands-on-introduction-data-engineering-4395021/airflow/dags/extract_dag.py
[2024-03-09T22:54:15.004+0000] {processor.py:826} INFO - Processing file /workspaces/hands-on-introduction-data-engineering-4395021/airflow/dags/extract_dag.py for tasks to queue
[2024-03-09T22:54:15.005+0000] {logging_mixin.py:150} INFO - [2024-03-09T22:54:15.004+0000] {dagbag.py:541} INFO - Filling up the DagBag from /workspaces/hands-on-introduction-data-engineering-4395021/airflow/dags/extract_dag.py
[2024-03-09T22:54:15.013+0000] {processor.py:836} INFO - DAG(s) dict_keys(['extract_dag']) retrieved from /workspaces/hands-on-introduction-data-engineering-4395021/airflow/dags/extract_dag.py
[2024-03-09T22:54:15.028+0000] {logging_mixin.py:150} INFO - [2024-03-09T22:54:15.028+0000] {dag.py:2742} INFO - Sync 1 DAGs
[2024-03-09T22:54:15.043+0000] {logging_mixin.py:150} INFO - [2024-03-09T22:54:15.043+0000] {dag.py:3504} INFO - Setting next_dagrun for extract_dag to None, run_after=None
[2024-03-09T22:54:15.082+0000] {processor.py:179} INFO - Processing /workspaces/hands-on-introduction-data-engineering-4395021/airflow/dags/extract_dag.py took 0.081 seconds
[2024-03-09T22:54:45.169+0000] {processor.py:157} INFO - Started process (PID=8807) to work on /workspaces/hands-on-introduction-data-engineering-4395021/airflow/dags/extract_dag.py
[2024-03-09T22:54:45.170+0000] {processor.py:826} INFO - Processing file /workspaces/hands-on-introduction-data-engineering-4395021/airflow/dags/extract_dag.py for tasks to queue
[2024-03-09T22:54:45.171+0000] {logging_mixin.py:150} INFO - [2024-03-09T22:54:45.171+0000] {dagbag.py:541} INFO - Filling up the DagBag from /workspaces/hands-on-introduction-data-engineering-4395021/airflow/dags/extract_dag.py
[2024-03-09T22:54:45.185+0000] {processor.py:836} INFO - DAG(s) dict_keys(['extract_dag']) retrieved from /workspaces/hands-on-introduction-data-engineering-4395021/airflow/dags/extract_dag.py
[2024-03-09T22:54:45.210+0000] {logging_mixin.py:150} INFO - [2024-03-09T22:54:45.209+0000] {dag.py:2742} INFO - Sync 1 DAGs
[2024-03-09T22:54:45.233+0000] {logging_mixin.py:150} INFO - [2024-03-09T22:54:45.232+0000] {dag.py:3504} INFO - Setting next_dagrun for extract_dag to None, run_after=None
[2024-03-09T22:54:45.293+0000] {processor.py:179} INFO - Processing /workspaces/hands-on-introduction-data-engineering-4395021/airflow/dags/extract_dag.py took 0.127 seconds
[2024-03-09T22:55:15.447+0000] {processor.py:157} INFO - Started process (PID=9010) to work on /workspaces/hands-on-introduction-data-engineering-4395021/airflow/dags/extract_dag.py
[2024-03-09T22:55:15.448+0000] {processor.py:826} INFO - Processing file /workspaces/hands-on-introduction-data-engineering-4395021/airflow/dags/extract_dag.py for tasks to queue
[2024-03-09T22:55:15.448+0000] {logging_mixin.py:150} INFO - [2024-03-09T22:55:15.448+0000] {dagbag.py:541} INFO - Filling up the DagBag from /workspaces/hands-on-introduction-data-engineering-4395021/airflow/dags/extract_dag.py
[2024-03-09T22:55:15.457+0000] {processor.py:836} INFO - DAG(s) dict_keys(['extract_dag']) retrieved from /workspaces/hands-on-introduction-data-engineering-4395021/airflow/dags/extract_dag.py
[2024-03-09T22:55:15.472+0000] {logging_mixin.py:150} INFO - [2024-03-09T22:55:15.472+0000] {dag.py:2742} INFO - Sync 1 DAGs
[2024-03-09T22:55:15.487+0000] {logging_mixin.py:150} INFO - [2024-03-09T22:55:15.487+0000] {dag.py:3504} INFO - Setting next_dagrun for extract_dag to None, run_after=None
[2024-03-09T22:55:15.529+0000] {processor.py:179} INFO - Processing /workspaces/hands-on-introduction-data-engineering-4395021/airflow/dags/extract_dag.py took 0.084 seconds
[2024-03-09T22:55:45.615+0000] {processor.py:157} INFO - Started process (PID=9215) to work on /workspaces/hands-on-introduction-data-engineering-4395021/airflow/dags/extract_dag.py
[2024-03-09T22:55:45.615+0000] {processor.py:826} INFO - Processing file /workspaces/hands-on-introduction-data-engineering-4395021/airflow/dags/extract_dag.py for tasks to queue
[2024-03-09T22:55:45.616+0000] {logging_mixin.py:150} INFO - [2024-03-09T22:55:45.616+0000] {dagbag.py:541} INFO - Filling up the DagBag from /workspaces/hands-on-introduction-data-engineering-4395021/airflow/dags/extract_dag.py
[2024-03-09T22:55:45.624+0000] {processor.py:836} INFO - DAG(s) dict_keys(['extract_dag']) retrieved from /workspaces/hands-on-introduction-data-engineering-4395021/airflow/dags/extract_dag.py
[2024-03-09T22:55:45.640+0000] {logging_mixin.py:150} INFO - [2024-03-09T22:55:45.640+0000] {dag.py:2742} INFO - Sync 1 DAGs
[2024-03-09T22:55:45.655+0000] {logging_mixin.py:150} INFO - [2024-03-09T22:55:45.655+0000] {dag.py:3504} INFO - Setting next_dagrun for extract_dag to None, run_after=None
[2024-03-09T22:55:45.694+0000] {processor.py:179} INFO - Processing /workspaces/hands-on-introduction-data-engineering-4395021/airflow/dags/extract_dag.py took 0.081 seconds
[2024-03-09T22:56:15.756+0000] {processor.py:157} INFO - Started process (PID=9392) to work on /workspaces/hands-on-introduction-data-engineering-4395021/airflow/dags/extract_dag.py
[2024-03-09T22:56:15.756+0000] {processor.py:826} INFO - Processing file /workspaces/hands-on-introduction-data-engineering-4395021/airflow/dags/extract_dag.py for tasks to queue
[2024-03-09T22:56:15.757+0000] {logging_mixin.py:150} INFO - [2024-03-09T22:56:15.757+0000] {dagbag.py:541} INFO - Filling up the DagBag from /workspaces/hands-on-introduction-data-engineering-4395021/airflow/dags/extract_dag.py
[2024-03-09T22:56:15.765+0000] {processor.py:836} INFO - DAG(s) dict_keys(['extract_dag']) retrieved from /workspaces/hands-on-introduction-data-engineering-4395021/airflow/dags/extract_dag.py
[2024-03-09T22:56:15.780+0000] {logging_mixin.py:150} INFO - [2024-03-09T22:56:15.780+0000] {dag.py:2742} INFO - Sync 1 DAGs
[2024-03-09T22:56:15.795+0000] {logging_mixin.py:150} INFO - [2024-03-09T22:56:15.795+0000] {dag.py:3504} INFO - Setting next_dagrun for extract_dag to None, run_after=None
[2024-03-09T22:56:15.834+0000] {processor.py:179} INFO - Processing /workspaces/hands-on-introduction-data-engineering-4395021/airflow/dags/extract_dag.py took 0.081 seconds
[2024-03-09T22:56:46.022+0000] {processor.py:157} INFO - Started process (PID=9587) to work on /workspaces/hands-on-introduction-data-engineering-4395021/airflow/dags/extract_dag.py
[2024-03-09T22:56:46.023+0000] {processor.py:826} INFO - Processing file /workspaces/hands-on-introduction-data-engineering-4395021/airflow/dags/extract_dag.py for tasks to queue
[2024-03-09T22:56:46.024+0000] {logging_mixin.py:150} INFO - [2024-03-09T22:56:46.023+0000] {dagbag.py:541} INFO - Filling up the DagBag from /workspaces/hands-on-introduction-data-engineering-4395021/airflow/dags/extract_dag.py
[2024-03-09T22:56:46.032+0000] {processor.py:836} INFO - DAG(s) dict_keys(['extract_dag']) retrieved from /workspaces/hands-on-introduction-data-engineering-4395021/airflow/dags/extract_dag.py
[2024-03-09T22:56:46.047+0000] {logging_mixin.py:150} INFO - [2024-03-09T22:56:46.047+0000] {dag.py:2742} INFO - Sync 1 DAGs
[2024-03-09T22:56:46.062+0000] {logging_mixin.py:150} INFO - [2024-03-09T22:56:46.062+0000] {dag.py:3504} INFO - Setting next_dagrun for extract_dag to None, run_after=None
[2024-03-09T22:56:46.102+0000] {processor.py:179} INFO - Processing /workspaces/hands-on-introduction-data-engineering-4395021/airflow/dags/extract_dag.py took 0.082 seconds
[2024-03-09T22:57:16.286+0000] {processor.py:157} INFO - Started process (PID=9768) to work on /workspaces/hands-on-introduction-data-engineering-4395021/airflow/dags/extract_dag.py
[2024-03-09T22:57:16.287+0000] {processor.py:826} INFO - Processing file /workspaces/hands-on-introduction-data-engineering-4395021/airflow/dags/extract_dag.py for tasks to queue
[2024-03-09T22:57:16.288+0000] {logging_mixin.py:150} INFO - [2024-03-09T22:57:16.287+0000] {dagbag.py:541} INFO - Filling up the DagBag from /workspaces/hands-on-introduction-data-engineering-4395021/airflow/dags/extract_dag.py
[2024-03-09T22:57:16.296+0000] {processor.py:836} INFO - DAG(s) dict_keys(['extract_dag']) retrieved from /workspaces/hands-on-introduction-data-engineering-4395021/airflow/dags/extract_dag.py
[2024-03-09T22:57:16.311+0000] {logging_mixin.py:150} INFO - [2024-03-09T22:57:16.311+0000] {dag.py:2742} INFO - Sync 1 DAGs
[2024-03-09T22:57:16.326+0000] {logging_mixin.py:150} INFO - [2024-03-09T22:57:16.326+0000] {dag.py:3504} INFO - Setting next_dagrun for extract_dag to None, run_after=None
[2024-03-09T22:57:16.365+0000] {processor.py:179} INFO - Processing /workspaces/hands-on-introduction-data-engineering-4395021/airflow/dags/extract_dag.py took 0.081 seconds
[2024-03-09T22:57:46.652+0000] {processor.py:157} INFO - Started process (PID=9948) to work on /workspaces/hands-on-introduction-data-engineering-4395021/airflow/dags/extract_dag.py
[2024-03-09T22:57:46.653+0000] {processor.py:826} INFO - Processing file /workspaces/hands-on-introduction-data-engineering-4395021/airflow/dags/extract_dag.py for tasks to queue
[2024-03-09T22:57:46.653+0000] {logging_mixin.py:150} INFO - [2024-03-09T22:57:46.653+0000] {dagbag.py:541} INFO - Filling up the DagBag from /workspaces/hands-on-introduction-data-engineering-4395021/airflow/dags/extract_dag.py
[2024-03-09T22:57:46.661+0000] {processor.py:836} INFO - DAG(s) dict_keys(['extract_dag']) retrieved from /workspaces/hands-on-introduction-data-engineering-4395021/airflow/dags/extract_dag.py
[2024-03-09T22:57:46.677+0000] {logging_mixin.py:150} INFO - [2024-03-09T22:57:46.677+0000] {dag.py:2742} INFO - Sync 1 DAGs
[2024-03-09T22:57:46.691+0000] {logging_mixin.py:150} INFO - [2024-03-09T22:57:46.691+0000] {dag.py:3504} INFO - Setting next_dagrun for extract_dag to None, run_after=None
[2024-03-09T22:57:46.731+0000] {processor.py:179} INFO - Processing /workspaces/hands-on-introduction-data-engineering-4395021/airflow/dags/extract_dag.py took 0.081 seconds
[2024-03-09T22:58:16.954+0000] {processor.py:157} INFO - Started process (PID=10138) to work on /workspaces/hands-on-introduction-data-engineering-4395021/airflow/dags/extract_dag.py
[2024-03-09T22:58:16.954+0000] {processor.py:826} INFO - Processing file /workspaces/hands-on-introduction-data-engineering-4395021/airflow/dags/extract_dag.py for tasks to queue
[2024-03-09T22:58:16.955+0000] {logging_mixin.py:150} INFO - [2024-03-09T22:58:16.955+0000] {dagbag.py:541} INFO - Filling up the DagBag from /workspaces/hands-on-introduction-data-engineering-4395021/airflow/dags/extract_dag.py
[2024-03-09T22:58:16.967+0000] {processor.py:836} INFO - DAG(s) dict_keys(['extract_dag']) retrieved from /workspaces/hands-on-introduction-data-engineering-4395021/airflow/dags/extract_dag.py
[2024-03-09T22:58:16.985+0000] {logging_mixin.py:150} INFO - [2024-03-09T22:58:16.984+0000] {dag.py:2742} INFO - Sync 1 DAGs
[2024-03-09T22:58:17.000+0000] {logging_mixin.py:150} INFO - [2024-03-09T22:58:17.000+0000] {dag.py:3504} INFO - Setting next_dagrun for extract_dag to None, run_after=None
[2024-03-09T22:58:17.039+0000] {processor.py:179} INFO - Processing /workspaces/hands-on-introduction-data-engineering-4395021/airflow/dags/extract_dag.py took 0.089 seconds
[2024-03-09T22:58:47.220+0000] {processor.py:157} INFO - Started process (PID=10316) to work on /workspaces/hands-on-introduction-data-engineering-4395021/airflow/dags/extract_dag.py
[2024-03-09T22:58:47.221+0000] {processor.py:826} INFO - Processing file /workspaces/hands-on-introduction-data-engineering-4395021/airflow/dags/extract_dag.py for tasks to queue
[2024-03-09T22:58:47.222+0000] {logging_mixin.py:150} INFO - [2024-03-09T22:58:47.221+0000] {dagbag.py:541} INFO - Filling up the DagBag from /workspaces/hands-on-introduction-data-engineering-4395021/airflow/dags/extract_dag.py
[2024-03-09T22:58:47.229+0000] {processor.py:836} INFO - DAG(s) dict_keys(['extract_dag']) retrieved from /workspaces/hands-on-introduction-data-engineering-4395021/airflow/dags/extract_dag.py
[2024-03-09T22:58:47.245+0000] {logging_mixin.py:150} INFO - [2024-03-09T22:58:47.245+0000] {dag.py:2742} INFO - Sync 1 DAGs
[2024-03-09T22:58:47.260+0000] {logging_mixin.py:150} INFO - [2024-03-09T22:58:47.260+0000] {dag.py:3504} INFO - Setting next_dagrun for extract_dag to None, run_after=None
[2024-03-09T22:58:47.402+0000] {processor.py:179} INFO - Processing /workspaces/hands-on-introduction-data-engineering-4395021/airflow/dags/extract_dag.py took 0.184 seconds
[2024-03-09T22:59:17.586+0000] {processor.py:157} INFO - Started process (PID=10494) to work on /workspaces/hands-on-introduction-data-engineering-4395021/airflow/dags/extract_dag.py
[2024-03-09T22:59:17.587+0000] {processor.py:826} INFO - Processing file /workspaces/hands-on-introduction-data-engineering-4395021/airflow/dags/extract_dag.py for tasks to queue
[2024-03-09T22:59:17.588+0000] {logging_mixin.py:150} INFO - [2024-03-09T22:59:17.587+0000] {dagbag.py:541} INFO - Filling up the DagBag from /workspaces/hands-on-introduction-data-engineering-4395021/airflow/dags/extract_dag.py
[2024-03-09T22:59:17.595+0000] {processor.py:836} INFO - DAG(s) dict_keys(['extract_dag']) retrieved from /workspaces/hands-on-introduction-data-engineering-4395021/airflow/dags/extract_dag.py
[2024-03-09T22:59:17.611+0000] {logging_mixin.py:150} INFO - [2024-03-09T22:59:17.611+0000] {dag.py:2742} INFO - Sync 1 DAGs
[2024-03-09T22:59:17.626+0000] {logging_mixin.py:150} INFO - [2024-03-09T22:59:17.626+0000] {dag.py:3504} INFO - Setting next_dagrun for extract_dag to None, run_after=None
[2024-03-09T22:59:17.665+0000] {processor.py:179} INFO - Processing /workspaces/hands-on-introduction-data-engineering-4395021/airflow/dags/extract_dag.py took 0.080 seconds
[2024-03-09T22:59:47.854+0000] {processor.py:157} INFO - Started process (PID=10673) to work on /workspaces/hands-on-introduction-data-engineering-4395021/airflow/dags/extract_dag.py
[2024-03-09T22:59:47.854+0000] {processor.py:826} INFO - Processing file /workspaces/hands-on-introduction-data-engineering-4395021/airflow/dags/extract_dag.py for tasks to queue
[2024-03-09T22:59:47.855+0000] {logging_mixin.py:150} INFO - [2024-03-09T22:59:47.855+0000] {dagbag.py:541} INFO - Filling up the DagBag from /workspaces/hands-on-introduction-data-engineering-4395021/airflow/dags/extract_dag.py
[2024-03-09T22:59:47.863+0000] {processor.py:836} INFO - DAG(s) dict_keys(['extract_dag']) retrieved from /workspaces/hands-on-introduction-data-engineering-4395021/airflow/dags/extract_dag.py
[2024-03-09T22:59:47.879+0000] {logging_mixin.py:150} INFO - [2024-03-09T22:59:47.879+0000] {dag.py:2742} INFO - Sync 1 DAGs
[2024-03-09T22:59:47.894+0000] {logging_mixin.py:150} INFO - [2024-03-09T22:59:47.894+0000] {dag.py:3504} INFO - Setting next_dagrun for extract_dag to None, run_after=None
[2024-03-09T22:59:47.933+0000] {processor.py:179} INFO - Processing /workspaces/hands-on-introduction-data-engineering-4395021/airflow/dags/extract_dag.py took 0.081 seconds
[2024-03-09T23:00:18.017+0000] {processor.py:157} INFO - Started process (PID=10853) to work on /workspaces/hands-on-introduction-data-engineering-4395021/airflow/dags/extract_dag.py
[2024-03-09T23:00:18.018+0000] {processor.py:826} INFO - Processing file /workspaces/hands-on-introduction-data-engineering-4395021/airflow/dags/extract_dag.py for tasks to queue
[2024-03-09T23:00:18.019+0000] {logging_mixin.py:150} INFO - [2024-03-09T23:00:18.018+0000] {dagbag.py:541} INFO - Filling up the DagBag from /workspaces/hands-on-introduction-data-engineering-4395021/airflow/dags/extract_dag.py
[2024-03-09T23:00:18.027+0000] {processor.py:836} INFO - DAG(s) dict_keys(['extract_dag']) retrieved from /workspaces/hands-on-introduction-data-engineering-4395021/airflow/dags/extract_dag.py
[2024-03-09T23:00:18.043+0000] {logging_mixin.py:150} INFO - [2024-03-09T23:00:18.043+0000] {dag.py:2742} INFO - Sync 1 DAGs
[2024-03-09T23:00:18.059+0000] {logging_mixin.py:150} INFO - [2024-03-09T23:00:18.059+0000] {dag.py:3504} INFO - Setting next_dagrun for extract_dag to None, run_after=None
[2024-03-09T23:00:18.103+0000] {processor.py:179} INFO - Processing /workspaces/hands-on-introduction-data-engineering-4395021/airflow/dags/extract_dag.py took 0.088 seconds
[2024-03-09T23:00:48.290+0000] {processor.py:157} INFO - Started process (PID=11034) to work on /workspaces/hands-on-introduction-data-engineering-4395021/airflow/dags/extract_dag.py
[2024-03-09T23:00:48.290+0000] {processor.py:826} INFO - Processing file /workspaces/hands-on-introduction-data-engineering-4395021/airflow/dags/extract_dag.py for tasks to queue
[2024-03-09T23:00:48.291+0000] {logging_mixin.py:150} INFO - [2024-03-09T23:00:48.291+0000] {dagbag.py:541} INFO - Filling up the DagBag from /workspaces/hands-on-introduction-data-engineering-4395021/airflow/dags/extract_dag.py
[2024-03-09T23:00:48.299+0000] {processor.py:836} INFO - DAG(s) dict_keys(['extract_dag']) retrieved from /workspaces/hands-on-introduction-data-engineering-4395021/airflow/dags/extract_dag.py
[2024-03-09T23:00:48.315+0000] {logging_mixin.py:150} INFO - [2024-03-09T23:00:48.315+0000] {dag.py:2742} INFO - Sync 1 DAGs
[2024-03-09T23:00:48.330+0000] {logging_mixin.py:150} INFO - [2024-03-09T23:00:48.330+0000] {dag.py:3504} INFO - Setting next_dagrun for extract_dag to None, run_after=None
[2024-03-09T23:00:48.373+0000] {processor.py:179} INFO - Processing /workspaces/hands-on-introduction-data-engineering-4395021/airflow/dags/extract_dag.py took 0.085 seconds
[2024-03-09T23:01:18.667+0000] {processor.py:157} INFO - Started process (PID=11224) to work on /workspaces/hands-on-introduction-data-engineering-4395021/airflow/dags/extract_dag.py
[2024-03-09T23:01:18.668+0000] {processor.py:826} INFO - Processing file /workspaces/hands-on-introduction-data-engineering-4395021/airflow/dags/extract_dag.py for tasks to queue
[2024-03-09T23:01:18.668+0000] {logging_mixin.py:150} INFO - [2024-03-09T23:01:18.668+0000] {dagbag.py:541} INFO - Filling up the DagBag from /workspaces/hands-on-introduction-data-engineering-4395021/airflow/dags/extract_dag.py
[2024-03-09T23:01:18.676+0000] {processor.py:836} INFO - DAG(s) dict_keys(['extract_dag']) retrieved from /workspaces/hands-on-introduction-data-engineering-4395021/airflow/dags/extract_dag.py
[2024-03-09T23:01:18.692+0000] {logging_mixin.py:150} INFO - [2024-03-09T23:01:18.692+0000] {dag.py:2742} INFO - Sync 1 DAGs
[2024-03-09T23:01:18.708+0000] {logging_mixin.py:150} INFO - [2024-03-09T23:01:18.708+0000] {dag.py:3504} INFO - Setting next_dagrun for extract_dag to None, run_after=None
[2024-03-09T23:01:18.750+0000] {processor.py:179} INFO - Processing /workspaces/hands-on-introduction-data-engineering-4395021/airflow/dags/extract_dag.py took 0.085 seconds
[2024-03-09T23:01:48.969+0000] {processor.py:157} INFO - Started process (PID=11404) to work on /workspaces/hands-on-introduction-data-engineering-4395021/airflow/dags/extract_dag.py
[2024-03-09T23:01:48.970+0000] {processor.py:826} INFO - Processing file /workspaces/hands-on-introduction-data-engineering-4395021/airflow/dags/extract_dag.py for tasks to queue
[2024-03-09T23:01:48.971+0000] {logging_mixin.py:150} INFO - [2024-03-09T23:01:48.971+0000] {dagbag.py:541} INFO - Filling up the DagBag from /workspaces/hands-on-introduction-data-engineering-4395021/airflow/dags/extract_dag.py
[2024-03-09T23:01:48.980+0000] {processor.py:836} INFO - DAG(s) dict_keys(['extract_dag']) retrieved from /workspaces/hands-on-introduction-data-engineering-4395021/airflow/dags/extract_dag.py
[2024-03-09T23:01:48.997+0000] {logging_mixin.py:150} INFO - [2024-03-09T23:01:48.997+0000] {dag.py:2742} INFO - Sync 1 DAGs
[2024-03-09T23:01:49.013+0000] {logging_mixin.py:150} INFO - [2024-03-09T23:01:49.013+0000] {dag.py:3504} INFO - Setting next_dagrun for extract_dag to None, run_after=None
[2024-03-09T23:01:49.053+0000] {processor.py:179} INFO - Processing /workspaces/hands-on-introduction-data-engineering-4395021/airflow/dags/extract_dag.py took 0.086 seconds
[2024-03-09T23:02:19.244+0000] {processor.py:157} INFO - Started process (PID=11588) to work on /workspaces/hands-on-introduction-data-engineering-4395021/airflow/dags/extract_dag.py
[2024-03-09T23:02:19.245+0000] {processor.py:826} INFO - Processing file /workspaces/hands-on-introduction-data-engineering-4395021/airflow/dags/extract_dag.py for tasks to queue
[2024-03-09T23:02:19.246+0000] {logging_mixin.py:150} INFO - [2024-03-09T23:02:19.245+0000] {dagbag.py:541} INFO - Filling up the DagBag from /workspaces/hands-on-introduction-data-engineering-4395021/airflow/dags/extract_dag.py
[2024-03-09T23:02:19.255+0000] {processor.py:836} INFO - DAG(s) dict_keys(['extract_dag']) retrieved from /workspaces/hands-on-introduction-data-engineering-4395021/airflow/dags/extract_dag.py
[2024-03-09T23:02:19.271+0000] {logging_mixin.py:150} INFO - [2024-03-09T23:02:19.270+0000] {dag.py:2742} INFO - Sync 1 DAGs
[2024-03-09T23:02:19.286+0000] {logging_mixin.py:150} INFO - [2024-03-09T23:02:19.286+0000] {dag.py:3504} INFO - Setting next_dagrun for extract_dag to None, run_after=None
[2024-03-09T23:02:19.326+0000] {processor.py:179} INFO - Processing /workspaces/hands-on-introduction-data-engineering-4395021/airflow/dags/extract_dag.py took 0.084 seconds
[2024-03-09T23:02:49.548+0000] {processor.py:157} INFO - Started process (PID=11774) to work on /workspaces/hands-on-introduction-data-engineering-4395021/airflow/dags/extract_dag.py
[2024-03-09T23:02:49.548+0000] {processor.py:826} INFO - Processing file /workspaces/hands-on-introduction-data-engineering-4395021/airflow/dags/extract_dag.py for tasks to queue
[2024-03-09T23:02:49.549+0000] {logging_mixin.py:150} INFO - [2024-03-09T23:02:49.549+0000] {dagbag.py:541} INFO - Filling up the DagBag from /workspaces/hands-on-introduction-data-engineering-4395021/airflow/dags/extract_dag.py
[2024-03-09T23:02:49.567+0000] {processor.py:836} INFO - DAG(s) dict_keys(['extract_dag']) retrieved from /workspaces/hands-on-introduction-data-engineering-4395021/airflow/dags/extract_dag.py
[2024-03-09T23:02:49.593+0000] {logging_mixin.py:150} INFO - [2024-03-09T23:02:49.593+0000] {dag.py:2742} INFO - Sync 1 DAGs
[2024-03-09T23:02:49.622+0000] {logging_mixin.py:150} INFO - [2024-03-09T23:02:49.622+0000] {dag.py:3504} INFO - Setting next_dagrun for extract_dag to None, run_after=None
[2024-03-09T23:02:49.669+0000] {processor.py:179} INFO - Processing /workspaces/hands-on-introduction-data-engineering-4395021/airflow/dags/extract_dag.py took 0.124 seconds
[2024-03-09T23:03:20.022+0000] {processor.py:157} INFO - Started process (PID=11948) to work on /workspaces/hands-on-introduction-data-engineering-4395021/airflow/dags/extract_dag.py
[2024-03-09T23:03:20.023+0000] {processor.py:826} INFO - Processing file /workspaces/hands-on-introduction-data-engineering-4395021/airflow/dags/extract_dag.py for tasks to queue
[2024-03-09T23:03:20.024+0000] {logging_mixin.py:150} INFO - [2024-03-09T23:03:20.023+0000] {dagbag.py:541} INFO - Filling up the DagBag from /workspaces/hands-on-introduction-data-engineering-4395021/airflow/dags/extract_dag.py
[2024-03-09T23:03:20.032+0000] {processor.py:836} INFO - DAG(s) dict_keys(['extract_dag']) retrieved from /workspaces/hands-on-introduction-data-engineering-4395021/airflow/dags/extract_dag.py
[2024-03-09T23:03:20.062+0000] {logging_mixin.py:150} INFO - [2024-03-09T23:03:20.061+0000] {dag.py:2742} INFO - Sync 1 DAGs
[2024-03-09T23:03:20.088+0000] {logging_mixin.py:150} INFO - [2024-03-09T23:03:20.088+0000] {dag.py:3504} INFO - Setting next_dagrun for extract_dag to None, run_after=None
[2024-03-09T23:03:20.142+0000] {processor.py:179} INFO - Processing /workspaces/hands-on-introduction-data-engineering-4395021/airflow/dags/extract_dag.py took 0.122 seconds
[2024-03-09T23:03:50.398+0000] {processor.py:157} INFO - Started process (PID=12135) to work on /workspaces/hands-on-introduction-data-engineering-4395021/airflow/dags/extract_dag.py
[2024-03-09T23:03:50.399+0000] {processor.py:826} INFO - Processing file /workspaces/hands-on-introduction-data-engineering-4395021/airflow/dags/extract_dag.py for tasks to queue
[2024-03-09T23:03:50.400+0000] {logging_mixin.py:150} INFO - [2024-03-09T23:03:50.399+0000] {dagbag.py:541} INFO - Filling up the DagBag from /workspaces/hands-on-introduction-data-engineering-4395021/airflow/dags/extract_dag.py
[2024-03-09T23:03:50.408+0000] {processor.py:836} INFO - DAG(s) dict_keys(['extract_dag']) retrieved from /workspaces/hands-on-introduction-data-engineering-4395021/airflow/dags/extract_dag.py
[2024-03-09T23:03:50.424+0000] {logging_mixin.py:150} INFO - [2024-03-09T23:03:50.424+0000] {dag.py:2742} INFO - Sync 1 DAGs
[2024-03-09T23:03:50.440+0000] {logging_mixin.py:150} INFO - [2024-03-09T23:03:50.440+0000] {dag.py:3504} INFO - Setting next_dagrun for extract_dag to None, run_after=None
[2024-03-09T23:03:50.479+0000] {processor.py:179} INFO - Processing /workspaces/hands-on-introduction-data-engineering-4395021/airflow/dags/extract_dag.py took 0.083 seconds
[2024-03-09T23:04:20.508+0000] {processor.py:157} INFO - Started process (PID=12320) to work on /workspaces/hands-on-introduction-data-engineering-4395021/airflow/dags/extract_dag.py
[2024-03-09T23:04:20.508+0000] {processor.py:826} INFO - Processing file /workspaces/hands-on-introduction-data-engineering-4395021/airflow/dags/extract_dag.py for tasks to queue
[2024-03-09T23:04:20.509+0000] {logging_mixin.py:150} INFO - [2024-03-09T23:04:20.509+0000] {dagbag.py:541} INFO - Filling up the DagBag from /workspaces/hands-on-introduction-data-engineering-4395021/airflow/dags/extract_dag.py
[2024-03-09T23:04:20.517+0000] {processor.py:836} INFO - DAG(s) dict_keys(['extract_dag']) retrieved from /workspaces/hands-on-introduction-data-engineering-4395021/airflow/dags/extract_dag.py
[2024-03-09T23:04:20.533+0000] {logging_mixin.py:150} INFO - [2024-03-09T23:04:20.533+0000] {dag.py:2742} INFO - Sync 1 DAGs
[2024-03-09T23:04:20.550+0000] {logging_mixin.py:150} INFO - [2024-03-09T23:04:20.549+0000] {dag.py:3504} INFO - Setting next_dagrun for extract_dag to None, run_after=None
[2024-03-09T23:04:20.589+0000] {processor.py:179} INFO - Processing /workspaces/hands-on-introduction-data-engineering-4395021/airflow/dags/extract_dag.py took 0.083 seconds
[2024-03-09T23:04:50.839+0000] {processor.py:157} INFO - Started process (PID=12493) to work on /workspaces/hands-on-introduction-data-engineering-4395021/airflow/dags/extract_dag.py
[2024-03-09T23:04:50.839+0000] {processor.py:826} INFO - Processing file /workspaces/hands-on-introduction-data-engineering-4395021/airflow/dags/extract_dag.py for tasks to queue
[2024-03-09T23:04:50.840+0000] {logging_mixin.py:150} INFO - [2024-03-09T23:04:50.840+0000] {dagbag.py:541} INFO - Filling up the DagBag from /workspaces/hands-on-introduction-data-engineering-4395021/airflow/dags/extract_dag.py
[2024-03-09T23:04:50.848+0000] {processor.py:836} INFO - DAG(s) dict_keys(['extract_dag']) retrieved from /workspaces/hands-on-introduction-data-engineering-4395021/airflow/dags/extract_dag.py
[2024-03-09T23:04:50.864+0000] {logging_mixin.py:150} INFO - [2024-03-09T23:04:50.864+0000] {dag.py:2742} INFO - Sync 1 DAGs
[2024-03-09T23:04:50.879+0000] {logging_mixin.py:150} INFO - [2024-03-09T23:04:50.879+0000] {dag.py:3504} INFO - Setting next_dagrun for extract_dag to None, run_after=None
[2024-03-09T23:04:50.919+0000] {processor.py:179} INFO - Processing /workspaces/hands-on-introduction-data-engineering-4395021/airflow/dags/extract_dag.py took 0.083 seconds
[2024-03-09T23:05:18.357+0000] {processor.py:157} INFO - Started process (PID=12677) to work on /workspaces/hands-on-introduction-data-engineering-4395021/airflow/dags/extract_dag.py
[2024-03-09T23:05:18.358+0000] {processor.py:826} INFO - Processing file /workspaces/hands-on-introduction-data-engineering-4395021/airflow/dags/extract_dag.py for tasks to queue
[2024-03-09T23:05:18.358+0000] {logging_mixin.py:150} INFO - [2024-03-09T23:05:18.358+0000] {dagbag.py:541} INFO - Filling up the DagBag from /workspaces/hands-on-introduction-data-engineering-4395021/airflow/dags/extract_dag.py
[2024-03-09T23:05:18.367+0000] {processor.py:836} INFO - DAG(s) dict_keys(['extract_dag']) retrieved from /workspaces/hands-on-introduction-data-engineering-4395021/airflow/dags/extract_dag.py
[2024-03-09T23:05:18.456+0000] {logging_mixin.py:150} INFO - [2024-03-09T23:05:18.456+0000] {dag.py:2742} INFO - Sync 1 DAGs
[2024-03-09T23:05:18.476+0000] {logging_mixin.py:150} INFO - [2024-03-09T23:05:18.476+0000] {dag.py:3504} INFO - Setting next_dagrun for extract_dag to None, run_after=None
[2024-03-09T23:05:18.519+0000] {processor.py:179} INFO - Processing /workspaces/hands-on-introduction-data-engineering-4395021/airflow/dags/extract_dag.py took 0.164 seconds
[2024-03-09T23:05:24.242+0000] {processor.py:157} INFO - Started process (PID=12700) to work on /workspaces/hands-on-introduction-data-engineering-4395021/airflow/dags/extract_dag.py
[2024-03-09T23:05:24.243+0000] {processor.py:826} INFO - Processing file /workspaces/hands-on-introduction-data-engineering-4395021/airflow/dags/extract_dag.py for tasks to queue
[2024-03-09T23:05:24.244+0000] {logging_mixin.py:150} INFO - [2024-03-09T23:05:24.244+0000] {dagbag.py:541} INFO - Filling up the DagBag from /workspaces/hands-on-introduction-data-engineering-4395021/airflow/dags/extract_dag.py
[2024-03-09T23:05:24.252+0000] {processor.py:836} INFO - DAG(s) dict_keys(['extract_dag']) retrieved from /workspaces/hands-on-introduction-data-engineering-4395021/airflow/dags/extract_dag.py
[2024-03-09T23:05:24.258+0000] {logging_mixin.py:150} INFO - [2024-03-09T23:05:24.257+0000] {dag.py:2742} INFO - Sync 1 DAGs
[2024-03-09T23:05:24.273+0000] {logging_mixin.py:150} INFO - [2024-03-09T23:05:24.273+0000] {dag.py:3504} INFO - Setting next_dagrun for extract_dag to None, run_after=None
[2024-03-09T23:05:24.314+0000] {processor.py:179} INFO - Processing /workspaces/hands-on-introduction-data-engineering-4395021/airflow/dags/extract_dag.py took 0.074 seconds
[2024-03-09T23:05:54.489+0000] {processor.py:157} INFO - Started process (PID=12891) to work on /workspaces/hands-on-introduction-data-engineering-4395021/airflow/dags/extract_dag.py
[2024-03-09T23:05:54.490+0000] {processor.py:826} INFO - Processing file /workspaces/hands-on-introduction-data-engineering-4395021/airflow/dags/extract_dag.py for tasks to queue
[2024-03-09T23:05:54.490+0000] {logging_mixin.py:150} INFO - [2024-03-09T23:05:54.490+0000] {dagbag.py:541} INFO - Filling up the DagBag from /workspaces/hands-on-introduction-data-engineering-4395021/airflow/dags/extract_dag.py
[2024-03-09T23:05:54.498+0000] {processor.py:836} INFO - DAG(s) dict_keys(['extract_dag']) retrieved from /workspaces/hands-on-introduction-data-engineering-4395021/airflow/dags/extract_dag.py
[2024-03-09T23:05:54.514+0000] {logging_mixin.py:150} INFO - [2024-03-09T23:05:54.513+0000] {dag.py:2742} INFO - Sync 1 DAGs
[2024-03-09T23:05:54.528+0000] {logging_mixin.py:150} INFO - [2024-03-09T23:05:54.528+0000] {dag.py:3504} INFO - Setting next_dagrun for extract_dag to None, run_after=None
[2024-03-09T23:05:54.568+0000] {processor.py:179} INFO - Processing /workspaces/hands-on-introduction-data-engineering-4395021/airflow/dags/extract_dag.py took 0.081 seconds
[2024-03-09T23:06:24.651+0000] {processor.py:157} INFO - Started process (PID=13069) to work on /workspaces/hands-on-introduction-data-engineering-4395021/airflow/dags/extract_dag.py
[2024-03-09T23:06:24.652+0000] {processor.py:826} INFO - Processing file /workspaces/hands-on-introduction-data-engineering-4395021/airflow/dags/extract_dag.py for tasks to queue
[2024-03-09T23:06:24.653+0000] {logging_mixin.py:150} INFO - [2024-03-09T23:06:24.653+0000] {dagbag.py:541} INFO - Filling up the DagBag from /workspaces/hands-on-introduction-data-engineering-4395021/airflow/dags/extract_dag.py
[2024-03-09T23:06:24.661+0000] {processor.py:836} INFO - DAG(s) dict_keys(['extract_dag']) retrieved from /workspaces/hands-on-introduction-data-engineering-4395021/airflow/dags/extract_dag.py
[2024-03-09T23:06:24.677+0000] {logging_mixin.py:150} INFO - [2024-03-09T23:06:24.677+0000] {dag.py:2742} INFO - Sync 1 DAGs
[2024-03-09T23:06:24.692+0000] {logging_mixin.py:150} INFO - [2024-03-09T23:06:24.692+0000] {dag.py:3504} INFO - Setting next_dagrun for extract_dag to None, run_after=None
[2024-03-09T23:06:24.732+0000] {processor.py:179} INFO - Processing /workspaces/hands-on-introduction-data-engineering-4395021/airflow/dags/extract_dag.py took 0.083 seconds
[2024-03-09T23:06:54.834+0000] {processor.py:157} INFO - Started process (PID=13274) to work on /workspaces/hands-on-introduction-data-engineering-4395021/airflow/dags/extract_dag.py
[2024-03-09T23:06:54.834+0000] {processor.py:826} INFO - Processing file /workspaces/hands-on-introduction-data-engineering-4395021/airflow/dags/extract_dag.py for tasks to queue
[2024-03-09T23:06:54.835+0000] {logging_mixin.py:150} INFO - [2024-03-09T23:06:54.835+0000] {dagbag.py:541} INFO - Filling up the DagBag from /workspaces/hands-on-introduction-data-engineering-4395021/airflow/dags/extract_dag.py
[2024-03-09T23:06:54.843+0000] {processor.py:836} INFO - DAG(s) dict_keys(['extract_dag']) retrieved from /workspaces/hands-on-introduction-data-engineering-4395021/airflow/dags/extract_dag.py
[2024-03-09T23:06:54.858+0000] {logging_mixin.py:150} INFO - [2024-03-09T23:06:54.858+0000] {dag.py:2742} INFO - Sync 1 DAGs
[2024-03-09T23:06:54.872+0000] {logging_mixin.py:150} INFO - [2024-03-09T23:06:54.872+0000] {dag.py:3504} INFO - Setting next_dagrun for extract_dag to None, run_after=None
[2024-03-09T23:06:54.915+0000] {processor.py:179} INFO - Processing /workspaces/hands-on-introduction-data-engineering-4395021/airflow/dags/extract_dag.py took 0.084 seconds
[2024-03-09T23:07:25.155+0000] {processor.py:157} INFO - Started process (PID=13465) to work on /workspaces/hands-on-introduction-data-engineering-4395021/airflow/dags/extract_dag.py
[2024-03-09T23:07:25.156+0000] {processor.py:826} INFO - Processing file /workspaces/hands-on-introduction-data-engineering-4395021/airflow/dags/extract_dag.py for tasks to queue
[2024-03-09T23:07:25.157+0000] {logging_mixin.py:150} INFO - [2024-03-09T23:07:25.157+0000] {dagbag.py:541} INFO - Filling up the DagBag from /workspaces/hands-on-introduction-data-engineering-4395021/airflow/dags/extract_dag.py
[2024-03-09T23:07:25.165+0000] {processor.py:836} INFO - DAG(s) dict_keys(['extract_dag']) retrieved from /workspaces/hands-on-introduction-data-engineering-4395021/airflow/dags/extract_dag.py
[2024-03-09T23:07:25.180+0000] {logging_mixin.py:150} INFO - [2024-03-09T23:07:25.180+0000] {dag.py:2742} INFO - Sync 1 DAGs
[2024-03-09T23:07:25.195+0000] {logging_mixin.py:150} INFO - [2024-03-09T23:07:25.195+0000] {dag.py:3504} INFO - Setting next_dagrun for extract_dag to None, run_after=None
[2024-03-09T23:07:25.249+0000] {processor.py:179} INFO - Processing /workspaces/hands-on-introduction-data-engineering-4395021/airflow/dags/extract_dag.py took 0.096 seconds
[2024-03-09T23:07:55.761+0000] {processor.py:157} INFO - Started process (PID=13644) to work on /workspaces/hands-on-introduction-data-engineering-4395021/airflow/dags/extract_dag.py
[2024-03-09T23:07:55.762+0000] {processor.py:826} INFO - Processing file /workspaces/hands-on-introduction-data-engineering-4395021/airflow/dags/extract_dag.py for tasks to queue
[2024-03-09T23:07:55.763+0000] {logging_mixin.py:150} INFO - [2024-03-09T23:07:55.763+0000] {dagbag.py:541} INFO - Filling up the DagBag from /workspaces/hands-on-introduction-data-engineering-4395021/airflow/dags/extract_dag.py
[2024-03-09T23:07:55.774+0000] {processor.py:836} INFO - DAG(s) dict_keys(['extract_dag']) retrieved from /workspaces/hands-on-introduction-data-engineering-4395021/airflow/dags/extract_dag.py
[2024-03-09T23:07:55.816+0000] {logging_mixin.py:150} INFO - [2024-03-09T23:07:55.816+0000] {dag.py:2742} INFO - Sync 1 DAGs
[2024-03-09T23:07:55.832+0000] {logging_mixin.py:150} INFO - [2024-03-09T23:07:55.832+0000] {dag.py:3504} INFO - Setting next_dagrun for extract_dag to None, run_after=None
[2024-03-09T23:07:55.872+0000] {processor.py:179} INFO - Processing /workspaces/hands-on-introduction-data-engineering-4395021/airflow/dags/extract_dag.py took 0.114 seconds
[2024-03-09T23:08:28.414+0000] {processor.py:157} INFO - Started process (PID=13855) to work on /workspaces/hands-on-introduction-data-engineering-4395021/airflow/dags/extract_dag.py
[2024-03-09T23:08:28.416+0000] {processor.py:826} INFO - Processing file /workspaces/hands-on-introduction-data-engineering-4395021/airflow/dags/extract_dag.py for tasks to queue
[2024-03-09T23:08:28.417+0000] {logging_mixin.py:150} INFO - [2024-03-09T23:08:28.417+0000] {dagbag.py:541} INFO - Filling up the DagBag from /workspaces/hands-on-introduction-data-engineering-4395021/airflow/dags/extract_dag.py
[2024-03-09T23:08:28.428+0000] {processor.py:836} INFO - DAG(s) dict_keys(['extract_dag']) retrieved from /workspaces/hands-on-introduction-data-engineering-4395021/airflow/dags/extract_dag.py
[2024-03-09T23:08:28.453+0000] {logging_mixin.py:150} INFO - [2024-03-09T23:08:28.453+0000] {dag.py:2742} INFO - Sync 1 DAGs
[2024-03-09T23:08:28.481+0000] {logging_mixin.py:150} INFO - [2024-03-09T23:08:28.481+0000] {dag.py:3504} INFO - Setting next_dagrun for extract_dag to None, run_after=None
[2024-03-09T23:08:28.539+0000] {processor.py:179} INFO - Processing /workspaces/hands-on-introduction-data-engineering-4395021/airflow/dags/extract_dag.py took 0.128 seconds
[2024-03-09T23:08:59.024+0000] {processor.py:157} INFO - Started process (PID=14053) to work on /workspaces/hands-on-introduction-data-engineering-4395021/airflow/dags/extract_dag.py
[2024-03-09T23:08:59.024+0000] {processor.py:826} INFO - Processing file /workspaces/hands-on-introduction-data-engineering-4395021/airflow/dags/extract_dag.py for tasks to queue
[2024-03-09T23:08:59.025+0000] {logging_mixin.py:150} INFO - [2024-03-09T23:08:59.025+0000] {dagbag.py:541} INFO - Filling up the DagBag from /workspaces/hands-on-introduction-data-engineering-4395021/airflow/dags/extract_dag.py
[2024-03-09T23:08:59.033+0000] {processor.py:836} INFO - DAG(s) dict_keys(['extract_dag']) retrieved from /workspaces/hands-on-introduction-data-engineering-4395021/airflow/dags/extract_dag.py
[2024-03-09T23:08:59.048+0000] {logging_mixin.py:150} INFO - [2024-03-09T23:08:59.048+0000] {dag.py:2742} INFO - Sync 1 DAGs
[2024-03-09T23:08:59.062+0000] {logging_mixin.py:150} INFO - [2024-03-09T23:08:59.062+0000] {dag.py:3504} INFO - Setting next_dagrun for extract_dag to None, run_after=None
[2024-03-09T23:08:59.101+0000] {processor.py:179} INFO - Processing /workspaces/hands-on-introduction-data-engineering-4395021/airflow/dags/extract_dag.py took 0.079 seconds
[2024-03-09T23:09:32.673+0000] {processor.py:157} INFO - Started process (PID=14296) to work on /workspaces/hands-on-introduction-data-engineering-4395021/airflow/dags/extract_dag.py
[2024-03-09T23:09:32.673+0000] {processor.py:826} INFO - Processing file /workspaces/hands-on-introduction-data-engineering-4395021/airflow/dags/extract_dag.py for tasks to queue
[2024-03-09T23:09:32.674+0000] {logging_mixin.py:150} INFO - [2024-03-09T23:09:32.674+0000] {dagbag.py:541} INFO - Filling up the DagBag from /workspaces/hands-on-introduction-data-engineering-4395021/airflow/dags/extract_dag.py
[2024-03-09T23:09:32.682+0000] {processor.py:836} INFO - DAG(s) dict_keys(['extract_dag']) retrieved from /workspaces/hands-on-introduction-data-engineering-4395021/airflow/dags/extract_dag.py
[2024-03-09T23:09:32.697+0000] {logging_mixin.py:150} INFO - [2024-03-09T23:09:32.697+0000] {dag.py:2742} INFO - Sync 1 DAGs
[2024-03-09T23:09:32.711+0000] {logging_mixin.py:150} INFO - [2024-03-09T23:09:32.711+0000] {dag.py:3504} INFO - Setting next_dagrun for extract_dag to None, run_after=None
[2024-03-09T23:09:32.752+0000] {processor.py:179} INFO - Processing /workspaces/hands-on-introduction-data-engineering-4395021/airflow/dags/extract_dag.py took 0.082 seconds
[2024-03-09T23:10:03.664+0000] {processor.py:157} INFO - Started process (PID=14484) to work on /workspaces/hands-on-introduction-data-engineering-4395021/airflow/dags/extract_dag.py
[2024-03-09T23:10:03.664+0000] {processor.py:826} INFO - Processing file /workspaces/hands-on-introduction-data-engineering-4395021/airflow/dags/extract_dag.py for tasks to queue
[2024-03-09T23:10:03.665+0000] {logging_mixin.py:150} INFO - [2024-03-09T23:10:03.665+0000] {dagbag.py:541} INFO - Filling up the DagBag from /workspaces/hands-on-introduction-data-engineering-4395021/airflow/dags/extract_dag.py
[2024-03-09T23:10:03.673+0000] {processor.py:836} INFO - DAG(s) dict_keys(['extract_dag']) retrieved from /workspaces/hands-on-introduction-data-engineering-4395021/airflow/dags/extract_dag.py
[2024-03-09T23:10:03.692+0000] {logging_mixin.py:150} INFO - [2024-03-09T23:10:03.692+0000] {dag.py:2742} INFO - Sync 1 DAGs
[2024-03-09T23:10:03.711+0000] {logging_mixin.py:150} INFO - [2024-03-09T23:10:03.711+0000] {dag.py:3504} INFO - Setting next_dagrun for extract_dag to None, run_after=None
[2024-03-09T23:10:03.750+0000] {processor.py:179} INFO - Processing /workspaces/hands-on-introduction-data-engineering-4395021/airflow/dags/extract_dag.py took 0.089 seconds
[2024-03-09T23:10:36.926+0000] {processor.py:157} INFO - Started process (PID=14695) to work on /workspaces/hands-on-introduction-data-engineering-4395021/airflow/dags/extract_dag.py
[2024-03-09T23:10:36.931+0000] {processor.py:826} INFO - Processing file /workspaces/hands-on-introduction-data-engineering-4395021/airflow/dags/extract_dag.py for tasks to queue
[2024-03-09T23:10:36.933+0000] {logging_mixin.py:150} INFO - [2024-03-09T23:10:36.932+0000] {dagbag.py:541} INFO - Filling up the DagBag from /workspaces/hands-on-introduction-data-engineering-4395021/airflow/dags/extract_dag.py
[2024-03-09T23:10:36.952+0000] {processor.py:836} INFO - DAG(s) dict_keys(['extract_dag']) retrieved from /workspaces/hands-on-introduction-data-engineering-4395021/airflow/dags/extract_dag.py
[2024-03-09T23:10:36.981+0000] {logging_mixin.py:150} INFO - [2024-03-09T23:10:36.980+0000] {dag.py:2742} INFO - Sync 1 DAGs
[2024-03-09T23:10:37.018+0000] {logging_mixin.py:150} INFO - [2024-03-09T23:10:37.018+0000] {dag.py:3504} INFO - Setting next_dagrun for extract_dag to None, run_after=None
[2024-03-09T23:10:37.062+0000] {processor.py:179} INFO - Processing /workspaces/hands-on-introduction-data-engineering-4395021/airflow/dags/extract_dag.py took 0.147 seconds
[2024-03-09T23:11:07.585+0000] {processor.py:157} INFO - Started process (PID=14898) to work on /workspaces/hands-on-introduction-data-engineering-4395021/airflow/dags/extract_dag.py
[2024-03-09T23:11:07.586+0000] {processor.py:826} INFO - Processing file /workspaces/hands-on-introduction-data-engineering-4395021/airflow/dags/extract_dag.py for tasks to queue
[2024-03-09T23:11:07.587+0000] {logging_mixin.py:150} INFO - [2024-03-09T23:11:07.586+0000] {dagbag.py:541} INFO - Filling up the DagBag from /workspaces/hands-on-introduction-data-engineering-4395021/airflow/dags/extract_dag.py
[2024-03-09T23:11:07.594+0000] {processor.py:836} INFO - DAG(s) dict_keys(['extract_dag']) retrieved from /workspaces/hands-on-introduction-data-engineering-4395021/airflow/dags/extract_dag.py
[2024-03-09T23:11:07.610+0000] {logging_mixin.py:150} INFO - [2024-03-09T23:11:07.610+0000] {dag.py:2742} INFO - Sync 1 DAGs
[2024-03-09T23:11:07.626+0000] {logging_mixin.py:150} INFO - [2024-03-09T23:11:07.626+0000] {dag.py:3504} INFO - Setting next_dagrun for extract_dag to None, run_after=None
[2024-03-09T23:11:07.669+0000] {processor.py:179} INFO - Processing /workspaces/hands-on-introduction-data-engineering-4395021/airflow/dags/extract_dag.py took 0.087 seconds
[2024-03-09T23:11:38.323+0000] {processor.py:157} INFO - Started process (PID=15082) to work on /workspaces/hands-on-introduction-data-engineering-4395021/airflow/dags/extract_dag.py
[2024-03-09T23:11:38.323+0000] {processor.py:826} INFO - Processing file /workspaces/hands-on-introduction-data-engineering-4395021/airflow/dags/extract_dag.py for tasks to queue
[2024-03-09T23:11:38.324+0000] {logging_mixin.py:150} INFO - [2024-03-09T23:11:38.324+0000] {dagbag.py:541} INFO - Filling up the DagBag from /workspaces/hands-on-introduction-data-engineering-4395021/airflow/dags/extract_dag.py
[2024-03-09T23:11:38.332+0000] {processor.py:836} INFO - DAG(s) dict_keys(['extract_dag']) retrieved from /workspaces/hands-on-introduction-data-engineering-4395021/airflow/dags/extract_dag.py
[2024-03-09T23:11:38.347+0000] {logging_mixin.py:150} INFO - [2024-03-09T23:11:38.347+0000] {dag.py:2742} INFO - Sync 1 DAGs
[2024-03-09T23:11:38.362+0000] {logging_mixin.py:150} INFO - [2024-03-09T23:11:38.362+0000] {dag.py:3504} INFO - Setting next_dagrun for extract_dag to None, run_after=None
[2024-03-09T23:11:38.400+0000] {processor.py:179} INFO - Processing /workspaces/hands-on-introduction-data-engineering-4395021/airflow/dags/extract_dag.py took 0.080 seconds
[2024-03-09T23:12:08.909+0000] {processor.py:157} INFO - Started process (PID=15286) to work on /workspaces/hands-on-introduction-data-engineering-4395021/airflow/dags/extract_dag.py
[2024-03-09T23:12:08.910+0000] {processor.py:826} INFO - Processing file /workspaces/hands-on-introduction-data-engineering-4395021/airflow/dags/extract_dag.py for tasks to queue
[2024-03-09T23:12:08.911+0000] {logging_mixin.py:150} INFO - [2024-03-09T23:12:08.911+0000] {dagbag.py:541} INFO - Filling up the DagBag from /workspaces/hands-on-introduction-data-engineering-4395021/airflow/dags/extract_dag.py
[2024-03-09T23:12:08.919+0000] {processor.py:836} INFO - DAG(s) dict_keys(['extract_dag']) retrieved from /workspaces/hands-on-introduction-data-engineering-4395021/airflow/dags/extract_dag.py
[2024-03-09T23:12:08.935+0000] {logging_mixin.py:150} INFO - [2024-03-09T23:12:08.935+0000] {dag.py:2742} INFO - Sync 1 DAGs
[2024-03-09T23:12:08.950+0000] {logging_mixin.py:150} INFO - [2024-03-09T23:12:08.950+0000] {dag.py:3504} INFO - Setting next_dagrun for extract_dag to None, run_after=None
[2024-03-09T23:12:08.990+0000] {processor.py:179} INFO - Processing /workspaces/hands-on-introduction-data-engineering-4395021/airflow/dags/extract_dag.py took 0.083 seconds
[2024-03-09T23:12:39.587+0000] {processor.py:157} INFO - Started process (PID=15470) to work on /workspaces/hands-on-introduction-data-engineering-4395021/airflow/dags/extract_dag.py
[2024-03-09T23:12:39.588+0000] {processor.py:826} INFO - Processing file /workspaces/hands-on-introduction-data-engineering-4395021/airflow/dags/extract_dag.py for tasks to queue
[2024-03-09T23:12:39.589+0000] {logging_mixin.py:150} INFO - [2024-03-09T23:12:39.588+0000] {dagbag.py:541} INFO - Filling up the DagBag from /workspaces/hands-on-introduction-data-engineering-4395021/airflow/dags/extract_dag.py
[2024-03-09T23:12:39.596+0000] {processor.py:836} INFO - DAG(s) dict_keys(['extract_dag']) retrieved from /workspaces/hands-on-introduction-data-engineering-4395021/airflow/dags/extract_dag.py
[2024-03-09T23:12:39.613+0000] {logging_mixin.py:150} INFO - [2024-03-09T23:12:39.612+0000] {dag.py:2742} INFO - Sync 1 DAGs
[2024-03-09T23:12:39.635+0000] {logging_mixin.py:150} INFO - [2024-03-09T23:12:39.634+0000] {dag.py:3504} INFO - Setting next_dagrun for extract_dag to None, run_after=None
[2024-03-09T23:12:39.682+0000] {processor.py:179} INFO - Processing /workspaces/hands-on-introduction-data-engineering-4395021/airflow/dags/extract_dag.py took 0.098 seconds
[2024-03-09T23:13:10.558+0000] {processor.py:157} INFO - Started process (PID=15663) to work on /workspaces/hands-on-introduction-data-engineering-4395021/airflow/dags/extract_dag.py
[2024-03-09T23:13:10.558+0000] {processor.py:826} INFO - Processing file /workspaces/hands-on-introduction-data-engineering-4395021/airflow/dags/extract_dag.py for tasks to queue
[2024-03-09T23:13:10.559+0000] {logging_mixin.py:150} INFO - [2024-03-09T23:13:10.559+0000] {dagbag.py:541} INFO - Filling up the DagBag from /workspaces/hands-on-introduction-data-engineering-4395021/airflow/dags/extract_dag.py
[2024-03-09T23:13:10.567+0000] {processor.py:836} INFO - DAG(s) dict_keys(['extract_dag']) retrieved from /workspaces/hands-on-introduction-data-engineering-4395021/airflow/dags/extract_dag.py
[2024-03-09T23:13:10.582+0000] {logging_mixin.py:150} INFO - [2024-03-09T23:13:10.582+0000] {dag.py:2742} INFO - Sync 1 DAGs
[2024-03-09T23:13:10.596+0000] {logging_mixin.py:150} INFO - [2024-03-09T23:13:10.596+0000] {dag.py:3504} INFO - Setting next_dagrun for extract_dag to None, run_after=None
[2024-03-09T23:13:10.635+0000] {processor.py:179} INFO - Processing /workspaces/hands-on-introduction-data-engineering-4395021/airflow/dags/extract_dag.py took 0.080 seconds
[2024-03-09T23:13:42.284+0000] {processor.py:157} INFO - Started process (PID=15858) to work on /workspaces/hands-on-introduction-data-engineering-4395021/airflow/dags/extract_dag.py
[2024-03-09T23:13:42.285+0000] {processor.py:826} INFO - Processing file /workspaces/hands-on-introduction-data-engineering-4395021/airflow/dags/extract_dag.py for tasks to queue
[2024-03-09T23:13:42.286+0000] {logging_mixin.py:150} INFO - [2024-03-09T23:13:42.285+0000] {dagbag.py:541} INFO - Filling up the DagBag from /workspaces/hands-on-introduction-data-engineering-4395021/airflow/dags/extract_dag.py
[2024-03-09T23:13:42.293+0000] {processor.py:836} INFO - DAG(s) dict_keys(['extract_dag']) retrieved from /workspaces/hands-on-introduction-data-engineering-4395021/airflow/dags/extract_dag.py
[2024-03-09T23:13:42.309+0000] {logging_mixin.py:150} INFO - [2024-03-09T23:13:42.309+0000] {dag.py:2742} INFO - Sync 1 DAGs
[2024-03-09T23:13:42.324+0000] {logging_mixin.py:150} INFO - [2024-03-09T23:13:42.324+0000] {dag.py:3504} INFO - Setting next_dagrun for extract_dag to None, run_after=None
[2024-03-09T23:13:42.364+0000] {processor.py:179} INFO - Processing /workspaces/hands-on-introduction-data-engineering-4395021/airflow/dags/extract_dag.py took 0.082 seconds
[2024-03-09T23:14:12.868+0000] {processor.py:157} INFO - Started process (PID=16052) to work on /workspaces/hands-on-introduction-data-engineering-4395021/airflow/dags/extract_dag.py
[2024-03-09T23:14:12.869+0000] {processor.py:826} INFO - Processing file /workspaces/hands-on-introduction-data-engineering-4395021/airflow/dags/extract_dag.py for tasks to queue
[2024-03-09T23:14:12.870+0000] {logging_mixin.py:150} INFO - [2024-03-09T23:14:12.869+0000] {dagbag.py:541} INFO - Filling up the DagBag from /workspaces/hands-on-introduction-data-engineering-4395021/airflow/dags/extract_dag.py
[2024-03-09T23:14:12.880+0000] {processor.py:836} INFO - DAG(s) dict_keys(['extract_dag']) retrieved from /workspaces/hands-on-introduction-data-engineering-4395021/airflow/dags/extract_dag.py
[2024-03-09T23:14:12.898+0000] {logging_mixin.py:150} INFO - [2024-03-09T23:14:12.897+0000] {dag.py:2742} INFO - Sync 1 DAGs
[2024-03-09T23:14:12.913+0000] {logging_mixin.py:150} INFO - [2024-03-09T23:14:12.913+0000] {dag.py:3504} INFO - Setting next_dagrun for extract_dag to None, run_after=None
[2024-03-09T23:14:12.952+0000] {processor.py:179} INFO - Processing /workspaces/hands-on-introduction-data-engineering-4395021/airflow/dags/extract_dag.py took 0.086 seconds
[2024-03-09T23:14:44.416+0000] {processor.py:157} INFO - Started process (PID=16574) to work on /workspaces/hands-on-introduction-data-engineering-4395021/airflow/dags/extract_dag.py
[2024-03-09T23:14:44.417+0000] {processor.py:826} INFO - Processing file /workspaces/hands-on-introduction-data-engineering-4395021/airflow/dags/extract_dag.py for tasks to queue
[2024-03-09T23:14:44.418+0000] {logging_mixin.py:150} INFO - [2024-03-09T23:14:44.418+0000] {dagbag.py:541} INFO - Filling up the DagBag from /workspaces/hands-on-introduction-data-engineering-4395021/airflow/dags/extract_dag.py
[2024-03-09T23:14:44.430+0000] {processor.py:836} INFO - DAG(s) dict_keys(['extract_dag']) retrieved from /workspaces/hands-on-introduction-data-engineering-4395021/airflow/dags/extract_dag.py
[2024-03-09T23:14:44.474+0000] {logging_mixin.py:150} INFO - [2024-03-09T23:14:44.473+0000] {dag.py:2742} INFO - Sync 1 DAGs
[2024-03-09T23:14:44.537+0000] {logging_mixin.py:150} INFO - [2024-03-09T23:14:44.536+0000] {dag.py:3504} INFO - Setting next_dagrun for extract_dag to None, run_after=None
[2024-03-09T23:14:44.622+0000] {processor.py:179} INFO - Processing /workspaces/hands-on-introduction-data-engineering-4395021/airflow/dags/extract_dag.py took 0.210 seconds
