[2024-03-09T23:10:35.345+0000] {processor.py:157} INFO - Started process (PID=14688) to work on /workspaces/hands-on-introduction-data-engineering-4395021/airflow/dags/load_dag.py
[2024-03-09T23:10:35.346+0000] {processor.py:826} INFO - Processing file /workspaces/hands-on-introduction-data-engineering-4395021/airflow/dags/load_dag.py for tasks to queue
[2024-03-09T23:10:35.347+0000] {logging_mixin.py:150} INFO - [2024-03-09T23:10:35.346+0000] {dagbag.py:541} INFO - Filling up the DagBag from /workspaces/hands-on-introduction-data-engineering-4395021/airflow/dags/load_dag.py
[2024-03-09T23:10:35.361+0000] {processor.py:836} INFO - DAG(s) dict_keys(['load_dag']) retrieved from /workspaces/hands-on-introduction-data-engineering-4395021/airflow/dags/load_dag.py
[2024-03-09T23:10:35.610+0000] {logging_mixin.py:150} INFO - [2024-03-09T23:10:35.610+0000] {manager.py:504} INFO - Created Permission View: can delete on DAG:load_dag
[2024-03-09T23:10:35.673+0000] {logging_mixin.py:150} INFO - [2024-03-09T23:10:35.673+0000] {manager.py:504} INFO - Created Permission View: can edit on DAG:load_dag
[2024-03-09T23:10:35.712+0000] {logging_mixin.py:150} INFO - [2024-03-09T23:10:35.712+0000] {manager.py:504} INFO - Created Permission View: can read on DAG:load_dag
[2024-03-09T23:10:35.736+0000] {logging_mixin.py:150} INFO - [2024-03-09T23:10:35.736+0000] {dag.py:2742} INFO - Sync 1 DAGs
[2024-03-09T23:10:35.747+0000] {logging_mixin.py:150} INFO - [2024-03-09T23:10:35.747+0000] {dag.py:2763} INFO - Creating ORM DAG for load_dag
[2024-03-09T23:10:35.770+0000] {logging_mixin.py:150} INFO - [2024-03-09T23:10:35.770+0000] {dag.py:3504} INFO - Setting next_dagrun for load_dag to None, run_after=None
[2024-03-09T23:10:35.823+0000] {processor.py:179} INFO - Processing /workspaces/hands-on-introduction-data-engineering-4395021/airflow/dags/load_dag.py took 0.481 seconds
[2024-03-09T23:11:06.452+0000] {processor.py:157} INFO - Started process (PID=14881) to work on /workspaces/hands-on-introduction-data-engineering-4395021/airflow/dags/load_dag.py
[2024-03-09T23:11:06.453+0000] {processor.py:826} INFO - Processing file /workspaces/hands-on-introduction-data-engineering-4395021/airflow/dags/load_dag.py for tasks to queue
[2024-03-09T23:11:06.453+0000] {logging_mixin.py:150} INFO - [2024-03-09T23:11:06.453+0000] {dagbag.py:541} INFO - Filling up the DagBag from /workspaces/hands-on-introduction-data-engineering-4395021/airflow/dags/load_dag.py
[2024-03-09T23:11:06.461+0000] {processor.py:836} INFO - DAG(s) dict_keys(['load_dag']) retrieved from /workspaces/hands-on-introduction-data-engineering-4395021/airflow/dags/load_dag.py
[2024-03-09T23:11:06.476+0000] {logging_mixin.py:150} INFO - [2024-03-09T23:11:06.476+0000] {dag.py:2742} INFO - Sync 1 DAGs
[2024-03-09T23:11:06.491+0000] {logging_mixin.py:150} INFO - [2024-03-09T23:11:06.491+0000] {dag.py:3504} INFO - Setting next_dagrun for load_dag to None, run_after=None
[2024-03-09T23:11:06.530+0000] {processor.py:179} INFO - Processing /workspaces/hands-on-introduction-data-engineering-4395021/airflow/dags/load_dag.py took 0.082 seconds
[2024-03-09T23:11:37.087+0000] {processor.py:157} INFO - Started process (PID=15081) to work on /workspaces/hands-on-introduction-data-engineering-4395021/airflow/dags/load_dag.py
[2024-03-09T23:11:37.087+0000] {processor.py:826} INFO - Processing file /workspaces/hands-on-introduction-data-engineering-4395021/airflow/dags/load_dag.py for tasks to queue
[2024-03-09T23:11:37.088+0000] {logging_mixin.py:150} INFO - [2024-03-09T23:11:37.088+0000] {dagbag.py:541} INFO - Filling up the DagBag from /workspaces/hands-on-introduction-data-engineering-4395021/airflow/dags/load_dag.py
[2024-03-09T23:11:37.097+0000] {processor.py:836} INFO - DAG(s) dict_keys(['load_dag']) retrieved from /workspaces/hands-on-introduction-data-engineering-4395021/airflow/dags/load_dag.py
[2024-03-09T23:11:37.119+0000] {logging_mixin.py:150} INFO - [2024-03-09T23:11:37.119+0000] {dag.py:2742} INFO - Sync 1 DAGs
[2024-03-09T23:11:37.142+0000] {logging_mixin.py:150} INFO - [2024-03-09T23:11:37.142+0000] {dag.py:3504} INFO - Setting next_dagrun for load_dag to None, run_after=None
[2024-03-09T23:11:37.187+0000] {processor.py:179} INFO - Processing /workspaces/hands-on-introduction-data-engineering-4395021/airflow/dags/load_dag.py took 0.102 seconds
[2024-03-09T23:12:07.764+0000] {processor.py:157} INFO - Started process (PID=15285) to work on /workspaces/hands-on-introduction-data-engineering-4395021/airflow/dags/load_dag.py
[2024-03-09T23:12:07.765+0000] {processor.py:826} INFO - Processing file /workspaces/hands-on-introduction-data-engineering-4395021/airflow/dags/load_dag.py for tasks to queue
[2024-03-09T23:12:07.765+0000] {logging_mixin.py:150} INFO - [2024-03-09T23:12:07.765+0000] {dagbag.py:541} INFO - Filling up the DagBag from /workspaces/hands-on-introduction-data-engineering-4395021/airflow/dags/load_dag.py
[2024-03-09T23:12:07.773+0000] {processor.py:836} INFO - DAG(s) dict_keys(['load_dag']) retrieved from /workspaces/hands-on-introduction-data-engineering-4395021/airflow/dags/load_dag.py
[2024-03-09T23:12:07.789+0000] {logging_mixin.py:150} INFO - [2024-03-09T23:12:07.789+0000] {dag.py:2742} INFO - Sync 1 DAGs
[2024-03-09T23:12:07.804+0000] {logging_mixin.py:150} INFO - [2024-03-09T23:12:07.804+0000] {dag.py:3504} INFO - Setting next_dagrun for load_dag to None, run_after=None
[2024-03-09T23:12:07.844+0000] {processor.py:179} INFO - Processing /workspaces/hands-on-introduction-data-engineering-4395021/airflow/dags/load_dag.py took 0.082 seconds
[2024-03-09T23:12:38.436+0000] {processor.py:157} INFO - Started process (PID=15463) to work on /workspaces/hands-on-introduction-data-engineering-4395021/airflow/dags/load_dag.py
[2024-03-09T23:12:38.437+0000] {processor.py:826} INFO - Processing file /workspaces/hands-on-introduction-data-engineering-4395021/airflow/dags/load_dag.py for tasks to queue
[2024-03-09T23:12:38.438+0000] {logging_mixin.py:150} INFO - [2024-03-09T23:12:38.438+0000] {dagbag.py:541} INFO - Filling up the DagBag from /workspaces/hands-on-introduction-data-engineering-4395021/airflow/dags/load_dag.py
[2024-03-09T23:12:38.446+0000] {processor.py:836} INFO - DAG(s) dict_keys(['load_dag']) retrieved from /workspaces/hands-on-introduction-data-engineering-4395021/airflow/dags/load_dag.py
[2024-03-09T23:12:38.463+0000] {logging_mixin.py:150} INFO - [2024-03-09T23:12:38.462+0000] {dag.py:2742} INFO - Sync 1 DAGs
[2024-03-09T23:12:38.483+0000] {logging_mixin.py:150} INFO - [2024-03-09T23:12:38.483+0000] {dag.py:3504} INFO - Setting next_dagrun for load_dag to None, run_after=None
[2024-03-09T23:12:38.526+0000] {processor.py:179} INFO - Processing /workspaces/hands-on-introduction-data-engineering-4395021/airflow/dags/load_dag.py took 0.092 seconds
[2024-03-09T23:13:08.716+0000] {processor.py:157} INFO - Started process (PID=15654) to work on /workspaces/hands-on-introduction-data-engineering-4395021/airflow/dags/load_dag.py
[2024-03-09T23:13:08.717+0000] {processor.py:826} INFO - Processing file /workspaces/hands-on-introduction-data-engineering-4395021/airflow/dags/load_dag.py for tasks to queue
[2024-03-09T23:13:08.717+0000] {logging_mixin.py:150} INFO - [2024-03-09T23:13:08.717+0000] {dagbag.py:541} INFO - Filling up the DagBag from /workspaces/hands-on-introduction-data-engineering-4395021/airflow/dags/load_dag.py
[2024-03-09T23:13:08.725+0000] {processor.py:836} INFO - DAG(s) dict_keys(['load_dag']) retrieved from /workspaces/hands-on-introduction-data-engineering-4395021/airflow/dags/load_dag.py
[2024-03-09T23:13:08.740+0000] {logging_mixin.py:150} INFO - [2024-03-09T23:13:08.740+0000] {dag.py:2742} INFO - Sync 1 DAGs
[2024-03-09T23:13:08.755+0000] {logging_mixin.py:150} INFO - [2024-03-09T23:13:08.755+0000] {dag.py:3504} INFO - Setting next_dagrun for load_dag to None, run_after=None
[2024-03-09T23:13:08.793+0000] {processor.py:179} INFO - Processing /workspaces/hands-on-introduction-data-engineering-4395021/airflow/dags/load_dag.py took 0.079 seconds
[2024-03-09T23:13:39.599+0000] {processor.py:157} INFO - Started process (PID=15849) to work on /workspaces/hands-on-introduction-data-engineering-4395021/airflow/dags/load_dag.py
[2024-03-09T23:13:39.600+0000] {processor.py:826} INFO - Processing file /workspaces/hands-on-introduction-data-engineering-4395021/airflow/dags/load_dag.py for tasks to queue
[2024-03-09T23:13:39.600+0000] {logging_mixin.py:150} INFO - [2024-03-09T23:13:39.600+0000] {dagbag.py:541} INFO - Filling up the DagBag from /workspaces/hands-on-introduction-data-engineering-4395021/airflow/dags/load_dag.py
[2024-03-09T23:13:39.608+0000] {processor.py:836} INFO - DAG(s) dict_keys(['load_dag']) retrieved from /workspaces/hands-on-introduction-data-engineering-4395021/airflow/dags/load_dag.py
[2024-03-09T23:13:39.624+0000] {logging_mixin.py:150} INFO - [2024-03-09T23:13:39.624+0000] {dag.py:2742} INFO - Sync 1 DAGs
[2024-03-09T23:13:39.645+0000] {logging_mixin.py:150} INFO - [2024-03-09T23:13:39.645+0000] {dag.py:3504} INFO - Setting next_dagrun for load_dag to None, run_after=None
[2024-03-09T23:13:39.685+0000] {processor.py:179} INFO - Processing /workspaces/hands-on-introduction-data-engineering-4395021/airflow/dags/load_dag.py took 0.089 seconds
[2024-03-09T23:14:10.185+0000] {processor.py:157} INFO - Started process (PID=16037) to work on /workspaces/hands-on-introduction-data-engineering-4395021/airflow/dags/load_dag.py
[2024-03-09T23:14:10.186+0000] {processor.py:826} INFO - Processing file /workspaces/hands-on-introduction-data-engineering-4395021/airflow/dags/load_dag.py for tasks to queue
[2024-03-09T23:14:10.186+0000] {logging_mixin.py:150} INFO - [2024-03-09T23:14:10.186+0000] {dagbag.py:541} INFO - Filling up the DagBag from /workspaces/hands-on-introduction-data-engineering-4395021/airflow/dags/load_dag.py
[2024-03-09T23:14:10.194+0000] {processor.py:836} INFO - DAG(s) dict_keys(['load_dag']) retrieved from /workspaces/hands-on-introduction-data-engineering-4395021/airflow/dags/load_dag.py
[2024-03-09T23:14:10.210+0000] {logging_mixin.py:150} INFO - [2024-03-09T23:14:10.210+0000] {dag.py:2742} INFO - Sync 1 DAGs
[2024-03-09T23:14:10.225+0000] {logging_mixin.py:150} INFO - [2024-03-09T23:14:10.225+0000] {dag.py:3504} INFO - Setting next_dagrun for load_dag to None, run_after=None
[2024-03-09T23:14:10.278+0000] {processor.py:179} INFO - Processing /workspaces/hands-on-introduction-data-engineering-4395021/airflow/dags/load_dag.py took 0.096 seconds
[2024-03-09T23:14:40.439+0000] {processor.py:157} INFO - Started process (PID=16524) to work on /workspaces/hands-on-introduction-data-engineering-4395021/airflow/dags/load_dag.py
[2024-03-09T23:14:40.439+0000] {processor.py:826} INFO - Processing file /workspaces/hands-on-introduction-data-engineering-4395021/airflow/dags/load_dag.py for tasks to queue
[2024-03-09T23:14:40.440+0000] {logging_mixin.py:150} INFO - [2024-03-09T23:14:40.440+0000] {dagbag.py:541} INFO - Filling up the DagBag from /workspaces/hands-on-introduction-data-engineering-4395021/airflow/dags/load_dag.py
[2024-03-09T23:14:40.448+0000] {processor.py:836} INFO - DAG(s) dict_keys(['load_dag']) retrieved from /workspaces/hands-on-introduction-data-engineering-4395021/airflow/dags/load_dag.py
[2024-03-09T23:14:40.464+0000] {logging_mixin.py:150} INFO - [2024-03-09T23:14:40.463+0000] {dag.py:2742} INFO - Sync 1 DAGs
[2024-03-09T23:14:40.478+0000] {logging_mixin.py:150} INFO - [2024-03-09T23:14:40.478+0000] {dag.py:3504} INFO - Setting next_dagrun for load_dag to None, run_after=None
[2024-03-09T23:14:40.540+0000] {processor.py:179} INFO - Processing /workspaces/hands-on-introduction-data-engineering-4395021/airflow/dags/load_dag.py took 0.103 seconds
