[2024-03-09T22:39:14.496+0000] {processor.py:157} INFO - Started process (PID=3204) to work on /workspaces/hands-on-introduction-data-engineering-4395021/airflow/dags/one_task_dag.py
[2024-03-09T22:39:14.497+0000] {processor.py:826} INFO - Processing file /workspaces/hands-on-introduction-data-engineering-4395021/airflow/dags/one_task_dag.py for tasks to queue
[2024-03-09T22:39:14.498+0000] {logging_mixin.py:150} INFO - [2024-03-09T22:39:14.498+0000] {dagbag.py:541} INFO - Filling up the DagBag from /workspaces/hands-on-introduction-data-engineering-4395021/airflow/dags/one_task_dag.py
[2024-03-09T22:39:14.507+0000] {processor.py:836} INFO - DAG(s) dict_keys(['one_task_dag']) retrieved from /workspaces/hands-on-introduction-data-engineering-4395021/airflow/dags/one_task_dag.py
[2024-03-09T22:39:14.640+0000] {logging_mixin.py:150} INFO - [2024-03-09T22:39:14.640+0000] {manager.py:504} INFO - Created Permission View: can delete on DAG:one_task_dag
[2024-03-09T22:39:14.673+0000] {logging_mixin.py:150} INFO - [2024-03-09T22:39:14.673+0000] {manager.py:504} INFO - Created Permission View: can edit on DAG:one_task_dag
[2024-03-09T22:39:14.707+0000] {logging_mixin.py:150} INFO - [2024-03-09T22:39:14.707+0000] {manager.py:504} INFO - Created Permission View: can read on DAG:one_task_dag
[2024-03-09T22:39:14.716+0000] {logging_mixin.py:150} INFO - [2024-03-09T22:39:14.716+0000] {dag.py:2742} INFO - Sync 1 DAGs
[2024-03-09T22:39:14.723+0000] {logging_mixin.py:150} INFO - [2024-03-09T22:39:14.723+0000] {dag.py:2763} INFO - Creating ORM DAG for one_task_dag
[2024-03-09T22:39:14.730+0000] {logging_mixin.py:150} INFO - [2024-03-09T22:39:14.730+0000] {dag.py:3504} INFO - Setting next_dagrun for one_task_dag to None, run_after=None
[2024-03-09T22:39:14.769+0000] {processor.py:179} INFO - Processing /workspaces/hands-on-introduction-data-engineering-4395021/airflow/dags/one_task_dag.py took 0.275 seconds
[2024-03-09T22:39:45.281+0000] {processor.py:157} INFO - Started process (PID=3418) to work on /workspaces/hands-on-introduction-data-engineering-4395021/airflow/dags/one_task_dag.py
[2024-03-09T22:39:45.282+0000] {processor.py:826} INFO - Processing file /workspaces/hands-on-introduction-data-engineering-4395021/airflow/dags/one_task_dag.py for tasks to queue
[2024-03-09T22:39:45.283+0000] {logging_mixin.py:150} INFO - [2024-03-09T22:39:45.282+0000] {dagbag.py:541} INFO - Filling up the DagBag from /workspaces/hands-on-introduction-data-engineering-4395021/airflow/dags/one_task_dag.py
[2024-03-09T22:39:45.290+0000] {processor.py:836} INFO - DAG(s) dict_keys(['one_task_dag']) retrieved from /workspaces/hands-on-introduction-data-engineering-4395021/airflow/dags/one_task_dag.py
[2024-03-09T22:39:45.305+0000] {logging_mixin.py:150} INFO - [2024-03-09T22:39:45.305+0000] {dag.py:2742} INFO - Sync 1 DAGs
[2024-03-09T22:39:45.320+0000] {logging_mixin.py:150} INFO - [2024-03-09T22:39:45.320+0000] {dag.py:3504} INFO - Setting next_dagrun for one_task_dag to None, run_after=None
[2024-03-09T22:39:45.363+0000] {processor.py:179} INFO - Processing /workspaces/hands-on-introduction-data-engineering-4395021/airflow/dags/one_task_dag.py took 0.084 seconds
[2024-03-09T22:40:16.349+0000] {processor.py:157} INFO - Started process (PID=3603) to work on /workspaces/hands-on-introduction-data-engineering-4395021/airflow/dags/one_task_dag.py
[2024-03-09T22:40:16.351+0000] {processor.py:826} INFO - Processing file /workspaces/hands-on-introduction-data-engineering-4395021/airflow/dags/one_task_dag.py for tasks to queue
[2024-03-09T22:40:16.352+0000] {logging_mixin.py:150} INFO - [2024-03-09T22:40:16.352+0000] {dagbag.py:541} INFO - Filling up the DagBag from /workspaces/hands-on-introduction-data-engineering-4395021/airflow/dags/one_task_dag.py
[2024-03-09T22:40:16.364+0000] {processor.py:836} INFO - DAG(s) dict_keys(['one_task_dag']) retrieved from /workspaces/hands-on-introduction-data-engineering-4395021/airflow/dags/one_task_dag.py
[2024-03-09T22:40:16.434+0000] {logging_mixin.py:150} INFO - [2024-03-09T22:40:16.434+0000] {dag.py:2742} INFO - Sync 1 DAGs
[2024-03-09T22:40:16.449+0000] {logging_mixin.py:150} INFO - [2024-03-09T22:40:16.449+0000] {dag.py:3504} INFO - Setting next_dagrun for one_task_dag to None, run_after=None
[2024-03-09T22:40:16.494+0000] {processor.py:179} INFO - Processing /workspaces/hands-on-introduction-data-engineering-4395021/airflow/dags/one_task_dag.py took 0.147 seconds
[2024-03-09T22:40:47.188+0000] {processor.py:157} INFO - Started process (PID=3781) to work on /workspaces/hands-on-introduction-data-engineering-4395021/airflow/dags/one_task_dag.py
[2024-03-09T22:40:47.189+0000] {processor.py:826} INFO - Processing file /workspaces/hands-on-introduction-data-engineering-4395021/airflow/dags/one_task_dag.py for tasks to queue
[2024-03-09T22:40:47.189+0000] {logging_mixin.py:150} INFO - [2024-03-09T22:40:47.189+0000] {dagbag.py:541} INFO - Filling up the DagBag from /workspaces/hands-on-introduction-data-engineering-4395021/airflow/dags/one_task_dag.py
[2024-03-09T22:40:47.199+0000] {processor.py:836} INFO - DAG(s) dict_keys(['one_task_dag']) retrieved from /workspaces/hands-on-introduction-data-engineering-4395021/airflow/dags/one_task_dag.py
[2024-03-09T22:40:47.221+0000] {logging_mixin.py:150} INFO - [2024-03-09T22:40:47.221+0000] {dag.py:2742} INFO - Sync 1 DAGs
[2024-03-09T22:40:47.242+0000] {logging_mixin.py:150} INFO - [2024-03-09T22:40:47.241+0000] {dag.py:3504} INFO - Setting next_dagrun for one_task_dag to None, run_after=None
[2024-03-09T22:40:47.289+0000] {processor.py:179} INFO - Processing /workspaces/hands-on-introduction-data-engineering-4395021/airflow/dags/one_task_dag.py took 0.103 seconds
[2024-03-09T22:41:17.982+0000] {processor.py:157} INFO - Started process (PID=3968) to work on /workspaces/hands-on-introduction-data-engineering-4395021/airflow/dags/one_task_dag.py
[2024-03-09T22:41:17.983+0000] {processor.py:826} INFO - Processing file /workspaces/hands-on-introduction-data-engineering-4395021/airflow/dags/one_task_dag.py for tasks to queue
[2024-03-09T22:41:17.983+0000] {logging_mixin.py:150} INFO - [2024-03-09T22:41:17.983+0000] {dagbag.py:541} INFO - Filling up the DagBag from /workspaces/hands-on-introduction-data-engineering-4395021/airflow/dags/one_task_dag.py
[2024-03-09T22:41:17.991+0000] {processor.py:836} INFO - DAG(s) dict_keys(['one_task_dag']) retrieved from /workspaces/hands-on-introduction-data-engineering-4395021/airflow/dags/one_task_dag.py
[2024-03-09T22:41:18.007+0000] {logging_mixin.py:150} INFO - [2024-03-09T22:41:18.007+0000] {dag.py:2742} INFO - Sync 1 DAGs
[2024-03-09T22:41:18.021+0000] {logging_mixin.py:150} INFO - [2024-03-09T22:41:18.021+0000] {dag.py:3504} INFO - Setting next_dagrun for one_task_dag to None, run_after=None
[2024-03-09T22:41:18.062+0000] {processor.py:179} INFO - Processing /workspaces/hands-on-introduction-data-engineering-4395021/airflow/dags/one_task_dag.py took 0.082 seconds
[2024-03-09T22:41:48.411+0000] {processor.py:157} INFO - Started process (PID=4154) to work on /workspaces/hands-on-introduction-data-engineering-4395021/airflow/dags/one_task_dag.py
[2024-03-09T22:41:48.412+0000] {processor.py:826} INFO - Processing file /workspaces/hands-on-introduction-data-engineering-4395021/airflow/dags/one_task_dag.py for tasks to queue
[2024-03-09T22:41:48.413+0000] {logging_mixin.py:150} INFO - [2024-03-09T22:41:48.412+0000] {dagbag.py:541} INFO - Filling up the DagBag from /workspaces/hands-on-introduction-data-engineering-4395021/airflow/dags/one_task_dag.py
[2024-03-09T22:41:48.420+0000] {processor.py:836} INFO - DAG(s) dict_keys(['one_task_dag']) retrieved from /workspaces/hands-on-introduction-data-engineering-4395021/airflow/dags/one_task_dag.py
[2024-03-09T22:41:48.437+0000] {logging_mixin.py:150} INFO - [2024-03-09T22:41:48.437+0000] {dag.py:2742} INFO - Sync 1 DAGs
[2024-03-09T22:41:48.452+0000] {logging_mixin.py:150} INFO - [2024-03-09T22:41:48.452+0000] {dag.py:3504} INFO - Setting next_dagrun for one_task_dag to None, run_after=None
[2024-03-09T22:41:48.493+0000] {processor.py:179} INFO - Processing /workspaces/hands-on-introduction-data-engineering-4395021/airflow/dags/one_task_dag.py took 0.084 seconds
[2024-03-09T22:42:18.594+0000] {processor.py:157} INFO - Started process (PID=4339) to work on /workspaces/hands-on-introduction-data-engineering-4395021/airflow/dags/one_task_dag.py
[2024-03-09T22:42:18.594+0000] {processor.py:826} INFO - Processing file /workspaces/hands-on-introduction-data-engineering-4395021/airflow/dags/one_task_dag.py for tasks to queue
[2024-03-09T22:42:18.595+0000] {logging_mixin.py:150} INFO - [2024-03-09T22:42:18.595+0000] {dagbag.py:541} INFO - Filling up the DagBag from /workspaces/hands-on-introduction-data-engineering-4395021/airflow/dags/one_task_dag.py
[2024-03-09T22:42:18.602+0000] {processor.py:836} INFO - DAG(s) dict_keys(['one_task_dag']) retrieved from /workspaces/hands-on-introduction-data-engineering-4395021/airflow/dags/one_task_dag.py
[2024-03-09T22:42:18.618+0000] {logging_mixin.py:150} INFO - [2024-03-09T22:42:18.618+0000] {dag.py:2742} INFO - Sync 1 DAGs
[2024-03-09T22:42:18.632+0000] {logging_mixin.py:150} INFO - [2024-03-09T22:42:18.632+0000] {dag.py:3504} INFO - Setting next_dagrun for one_task_dag to None, run_after=None
[2024-03-09T22:42:18.674+0000] {processor.py:179} INFO - Processing /workspaces/hands-on-introduction-data-engineering-4395021/airflow/dags/one_task_dag.py took 0.082 seconds
[2024-03-09T22:42:48.783+0000] {processor.py:157} INFO - Started process (PID=4512) to work on /workspaces/hands-on-introduction-data-engineering-4395021/airflow/dags/one_task_dag.py
[2024-03-09T22:42:48.783+0000] {processor.py:826} INFO - Processing file /workspaces/hands-on-introduction-data-engineering-4395021/airflow/dags/one_task_dag.py for tasks to queue
[2024-03-09T22:42:48.784+0000] {logging_mixin.py:150} INFO - [2024-03-09T22:42:48.784+0000] {dagbag.py:541} INFO - Filling up the DagBag from /workspaces/hands-on-introduction-data-engineering-4395021/airflow/dags/one_task_dag.py
[2024-03-09T22:42:48.795+0000] {processor.py:836} INFO - DAG(s) dict_keys(['one_task_dag']) retrieved from /workspaces/hands-on-introduction-data-engineering-4395021/airflow/dags/one_task_dag.py
[2024-03-09T22:42:48.819+0000] {logging_mixin.py:150} INFO - [2024-03-09T22:42:48.819+0000] {dag.py:2742} INFO - Sync 1 DAGs
[2024-03-09T22:42:48.842+0000] {logging_mixin.py:150} INFO - [2024-03-09T22:42:48.842+0000] {dag.py:3504} INFO - Setting next_dagrun for one_task_dag to None, run_after=None
[2024-03-09T22:42:48.884+0000] {processor.py:179} INFO - Processing /workspaces/hands-on-introduction-data-engineering-4395021/airflow/dags/one_task_dag.py took 0.104 seconds
[2024-03-09T22:43:19.077+0000] {processor.py:157} INFO - Started process (PID=4702) to work on /workspaces/hands-on-introduction-data-engineering-4395021/airflow/dags/one_task_dag.py
[2024-03-09T22:43:19.078+0000] {processor.py:826} INFO - Processing file /workspaces/hands-on-introduction-data-engineering-4395021/airflow/dags/one_task_dag.py for tasks to queue
[2024-03-09T22:43:19.079+0000] {logging_mixin.py:150} INFO - [2024-03-09T22:43:19.079+0000] {dagbag.py:541} INFO - Filling up the DagBag from /workspaces/hands-on-introduction-data-engineering-4395021/airflow/dags/one_task_dag.py
[2024-03-09T22:43:19.086+0000] {processor.py:836} INFO - DAG(s) dict_keys(['one_task_dag']) retrieved from /workspaces/hands-on-introduction-data-engineering-4395021/airflow/dags/one_task_dag.py
[2024-03-09T22:43:19.106+0000] {logging_mixin.py:150} INFO - [2024-03-09T22:43:19.106+0000] {dag.py:2742} INFO - Sync 1 DAGs
[2024-03-09T22:43:19.128+0000] {logging_mixin.py:150} INFO - [2024-03-09T22:43:19.128+0000] {dag.py:3504} INFO - Setting next_dagrun for one_task_dag to None, run_after=None
[2024-03-09T22:43:19.186+0000] {processor.py:179} INFO - Processing /workspaces/hands-on-introduction-data-engineering-4395021/airflow/dags/one_task_dag.py took 0.111 seconds
[2024-03-09T22:43:49.367+0000] {processor.py:157} INFO - Started process (PID=4888) to work on /workspaces/hands-on-introduction-data-engineering-4395021/airflow/dags/one_task_dag.py
[2024-03-09T22:43:49.367+0000] {processor.py:826} INFO - Processing file /workspaces/hands-on-introduction-data-engineering-4395021/airflow/dags/one_task_dag.py for tasks to queue
[2024-03-09T22:43:49.368+0000] {logging_mixin.py:150} INFO - [2024-03-09T22:43:49.368+0000] {dagbag.py:541} INFO - Filling up the DagBag from /workspaces/hands-on-introduction-data-engineering-4395021/airflow/dags/one_task_dag.py
[2024-03-09T22:43:49.376+0000] {processor.py:836} INFO - DAG(s) dict_keys(['one_task_dag']) retrieved from /workspaces/hands-on-introduction-data-engineering-4395021/airflow/dags/one_task_dag.py
[2024-03-09T22:43:49.391+0000] {logging_mixin.py:150} INFO - [2024-03-09T22:43:49.391+0000] {dag.py:2742} INFO - Sync 1 DAGs
[2024-03-09T22:43:49.406+0000] {logging_mixin.py:150} INFO - [2024-03-09T22:43:49.406+0000] {dag.py:3504} INFO - Setting next_dagrun for one_task_dag to None, run_after=None
[2024-03-09T22:43:49.444+0000] {processor.py:179} INFO - Processing /workspaces/hands-on-introduction-data-engineering-4395021/airflow/dags/one_task_dag.py took 0.079 seconds
[2024-03-09T22:44:20.585+0000] {processor.py:157} INFO - Started process (PID=5079) to work on /workspaces/hands-on-introduction-data-engineering-4395021/airflow/dags/one_task_dag.py
[2024-03-09T22:44:20.586+0000] {processor.py:826} INFO - Processing file /workspaces/hands-on-introduction-data-engineering-4395021/airflow/dags/one_task_dag.py for tasks to queue
[2024-03-09T22:44:20.586+0000] {logging_mixin.py:150} INFO - [2024-03-09T22:44:20.586+0000] {dagbag.py:541} INFO - Filling up the DagBag from /workspaces/hands-on-introduction-data-engineering-4395021/airflow/dags/one_task_dag.py
[2024-03-09T22:44:20.594+0000] {processor.py:836} INFO - DAG(s) dict_keys(['one_task_dag']) retrieved from /workspaces/hands-on-introduction-data-engineering-4395021/airflow/dags/one_task_dag.py
[2024-03-09T22:44:20.610+0000] {logging_mixin.py:150} INFO - [2024-03-09T22:44:20.609+0000] {dag.py:2742} INFO - Sync 1 DAGs
[2024-03-09T22:44:20.624+0000] {logging_mixin.py:150} INFO - [2024-03-09T22:44:20.624+0000] {dag.py:3504} INFO - Setting next_dagrun for one_task_dag to None, run_after=None
[2024-03-09T22:44:20.666+0000] {processor.py:179} INFO - Processing /workspaces/hands-on-introduction-data-engineering-4395021/airflow/dags/one_task_dag.py took 0.083 seconds
[2024-03-09T22:44:50.769+0000] {processor.py:157} INFO - Started process (PID=5258) to work on /workspaces/hands-on-introduction-data-engineering-4395021/airflow/dags/one_task_dag.py
[2024-03-09T22:44:50.770+0000] {processor.py:826} INFO - Processing file /workspaces/hands-on-introduction-data-engineering-4395021/airflow/dags/one_task_dag.py for tasks to queue
[2024-03-09T22:44:50.771+0000] {logging_mixin.py:150} INFO - [2024-03-09T22:44:50.770+0000] {dagbag.py:541} INFO - Filling up the DagBag from /workspaces/hands-on-introduction-data-engineering-4395021/airflow/dags/one_task_dag.py
[2024-03-09T22:44:50.778+0000] {processor.py:836} INFO - DAG(s) dict_keys(['one_task_dag']) retrieved from /workspaces/hands-on-introduction-data-engineering-4395021/airflow/dags/one_task_dag.py
[2024-03-09T22:44:50.793+0000] {logging_mixin.py:150} INFO - [2024-03-09T22:44:50.793+0000] {dag.py:2742} INFO - Sync 1 DAGs
[2024-03-09T22:44:50.808+0000] {logging_mixin.py:150} INFO - [2024-03-09T22:44:50.808+0000] {dag.py:3504} INFO - Setting next_dagrun for one_task_dag to None, run_after=None
[2024-03-09T22:44:50.848+0000] {processor.py:179} INFO - Processing /workspaces/hands-on-introduction-data-engineering-4395021/airflow/dags/one_task_dag.py took 0.081 seconds
[2024-03-09T22:45:20.943+0000] {processor.py:157} INFO - Started process (PID=5436) to work on /workspaces/hands-on-introduction-data-engineering-4395021/airflow/dags/one_task_dag.py
[2024-03-09T22:45:20.945+0000] {processor.py:826} INFO - Processing file /workspaces/hands-on-introduction-data-engineering-4395021/airflow/dags/one_task_dag.py for tasks to queue
[2024-03-09T22:45:20.946+0000] {logging_mixin.py:150} INFO - [2024-03-09T22:45:20.946+0000] {dagbag.py:541} INFO - Filling up the DagBag from /workspaces/hands-on-introduction-data-engineering-4395021/airflow/dags/one_task_dag.py
[2024-03-09T22:45:20.960+0000] {processor.py:836} INFO - DAG(s) dict_keys(['one_task_dag']) retrieved from /workspaces/hands-on-introduction-data-engineering-4395021/airflow/dags/one_task_dag.py
[2024-03-09T22:45:20.985+0000] {logging_mixin.py:150} INFO - [2024-03-09T22:45:20.985+0000] {dag.py:2742} INFO - Sync 1 DAGs
[2024-03-09T22:45:21.005+0000] {logging_mixin.py:150} INFO - [2024-03-09T22:45:21.005+0000] {dag.py:3504} INFO - Setting next_dagrun for one_task_dag to None, run_after=None
[2024-03-09T22:45:21.050+0000] {processor.py:179} INFO - Processing /workspaces/hands-on-introduction-data-engineering-4395021/airflow/dags/one_task_dag.py took 0.110 seconds
[2024-03-09T22:45:52.177+0000] {processor.py:157} INFO - Started process (PID=5617) to work on /workspaces/hands-on-introduction-data-engineering-4395021/airflow/dags/one_task_dag.py
[2024-03-09T22:45:52.177+0000] {processor.py:826} INFO - Processing file /workspaces/hands-on-introduction-data-engineering-4395021/airflow/dags/one_task_dag.py for tasks to queue
[2024-03-09T22:45:52.178+0000] {logging_mixin.py:150} INFO - [2024-03-09T22:45:52.178+0000] {dagbag.py:541} INFO - Filling up the DagBag from /workspaces/hands-on-introduction-data-engineering-4395021/airflow/dags/one_task_dag.py
[2024-03-09T22:45:52.186+0000] {processor.py:836} INFO - DAG(s) dict_keys(['one_task_dag']) retrieved from /workspaces/hands-on-introduction-data-engineering-4395021/airflow/dags/one_task_dag.py
[2024-03-09T22:45:52.201+0000] {logging_mixin.py:150} INFO - [2024-03-09T22:45:52.201+0000] {dag.py:2742} INFO - Sync 1 DAGs
[2024-03-09T22:45:52.216+0000] {logging_mixin.py:150} INFO - [2024-03-09T22:45:52.216+0000] {dag.py:3504} INFO - Setting next_dagrun for one_task_dag to None, run_after=None
[2024-03-09T22:45:52.257+0000] {processor.py:179} INFO - Processing /workspaces/hands-on-introduction-data-engineering-4395021/airflow/dags/one_task_dag.py took 0.083 seconds
[2024-03-09T22:46:22.811+0000] {processor.py:157} INFO - Started process (PID=5821) to work on /workspaces/hands-on-introduction-data-engineering-4395021/airflow/dags/one_task_dag.py
[2024-03-09T22:46:22.812+0000] {processor.py:826} INFO - Processing file /workspaces/hands-on-introduction-data-engineering-4395021/airflow/dags/one_task_dag.py for tasks to queue
[2024-03-09T22:46:22.814+0000] {logging_mixin.py:150} INFO - [2024-03-09T22:46:22.813+0000] {dagbag.py:541} INFO - Filling up the DagBag from /workspaces/hands-on-introduction-data-engineering-4395021/airflow/dags/one_task_dag.py
[2024-03-09T22:46:22.828+0000] {processor.py:836} INFO - DAG(s) dict_keys(['one_task_dag']) retrieved from /workspaces/hands-on-introduction-data-engineering-4395021/airflow/dags/one_task_dag.py
[2024-03-09T22:46:22.854+0000] {logging_mixin.py:150} INFO - [2024-03-09T22:46:22.854+0000] {dag.py:2742} INFO - Sync 1 DAGs
[2024-03-09T22:46:22.886+0000] {logging_mixin.py:150} INFO - [2024-03-09T22:46:22.886+0000] {dag.py:3504} INFO - Setting next_dagrun for one_task_dag to None, run_after=None
[2024-03-09T22:46:22.986+0000] {processor.py:179} INFO - Processing /workspaces/hands-on-introduction-data-engineering-4395021/airflow/dags/one_task_dag.py took 0.180 seconds
[2024-03-09T22:46:53.911+0000] {processor.py:157} INFO - Started process (PID=6015) to work on /workspaces/hands-on-introduction-data-engineering-4395021/airflow/dags/one_task_dag.py
[2024-03-09T22:46:53.912+0000] {processor.py:826} INFO - Processing file /workspaces/hands-on-introduction-data-engineering-4395021/airflow/dags/one_task_dag.py for tasks to queue
[2024-03-09T22:46:53.913+0000] {logging_mixin.py:150} INFO - [2024-03-09T22:46:53.912+0000] {dagbag.py:541} INFO - Filling up the DagBag from /workspaces/hands-on-introduction-data-engineering-4395021/airflow/dags/one_task_dag.py
[2024-03-09T22:46:53.924+0000] {processor.py:836} INFO - DAG(s) dict_keys(['one_task_dag']) retrieved from /workspaces/hands-on-introduction-data-engineering-4395021/airflow/dags/one_task_dag.py
[2024-03-09T22:46:53.956+0000] {logging_mixin.py:150} INFO - [2024-03-09T22:46:53.956+0000] {dag.py:2742} INFO - Sync 1 DAGs
[2024-03-09T22:46:53.979+0000] {logging_mixin.py:150} INFO - [2024-03-09T22:46:53.978+0000] {dag.py:3504} INFO - Setting next_dagrun for one_task_dag to None, run_after=None
[2024-03-09T22:46:54.025+0000] {processor.py:179} INFO - Processing /workspaces/hands-on-introduction-data-engineering-4395021/airflow/dags/one_task_dag.py took 0.116 seconds
[2024-03-09T22:47:24.332+0000] {processor.py:157} INFO - Started process (PID=6196) to work on /workspaces/hands-on-introduction-data-engineering-4395021/airflow/dags/one_task_dag.py
[2024-03-09T22:47:24.333+0000] {processor.py:826} INFO - Processing file /workspaces/hands-on-introduction-data-engineering-4395021/airflow/dags/one_task_dag.py for tasks to queue
[2024-03-09T22:47:24.333+0000] {logging_mixin.py:150} INFO - [2024-03-09T22:47:24.333+0000] {dagbag.py:541} INFO - Filling up the DagBag from /workspaces/hands-on-introduction-data-engineering-4395021/airflow/dags/one_task_dag.py
[2024-03-09T22:47:24.341+0000] {processor.py:836} INFO - DAG(s) dict_keys(['one_task_dag']) retrieved from /workspaces/hands-on-introduction-data-engineering-4395021/airflow/dags/one_task_dag.py
[2024-03-09T22:47:24.359+0000] {logging_mixin.py:150} INFO - [2024-03-09T22:47:24.358+0000] {dag.py:2742} INFO - Sync 1 DAGs
[2024-03-09T22:47:24.379+0000] {logging_mixin.py:150} INFO - [2024-03-09T22:47:24.379+0000] {dag.py:3504} INFO - Setting next_dagrun for one_task_dag to None, run_after=None
[2024-03-09T22:47:24.422+0000] {processor.py:179} INFO - Processing /workspaces/hands-on-introduction-data-engineering-4395021/airflow/dags/one_task_dag.py took 0.092 seconds
[2024-03-09T22:47:54.531+0000] {processor.py:157} INFO - Started process (PID=6382) to work on /workspaces/hands-on-introduction-data-engineering-4395021/airflow/dags/one_task_dag.py
[2024-03-09T22:47:54.532+0000] {processor.py:826} INFO - Processing file /workspaces/hands-on-introduction-data-engineering-4395021/airflow/dags/one_task_dag.py for tasks to queue
[2024-03-09T22:47:54.533+0000] {logging_mixin.py:150} INFO - [2024-03-09T22:47:54.532+0000] {dagbag.py:541} INFO - Filling up the DagBag from /workspaces/hands-on-introduction-data-engineering-4395021/airflow/dags/one_task_dag.py
[2024-03-09T22:47:54.540+0000] {processor.py:836} INFO - DAG(s) dict_keys(['one_task_dag']) retrieved from /workspaces/hands-on-introduction-data-engineering-4395021/airflow/dags/one_task_dag.py
[2024-03-09T22:47:54.556+0000] {logging_mixin.py:150} INFO - [2024-03-09T22:47:54.555+0000] {dag.py:2742} INFO - Sync 1 DAGs
[2024-03-09T22:47:54.571+0000] {logging_mixin.py:150} INFO - [2024-03-09T22:47:54.571+0000] {dag.py:3504} INFO - Setting next_dagrun for one_task_dag to None, run_after=None
[2024-03-09T22:47:54.615+0000] {processor.py:179} INFO - Processing /workspaces/hands-on-introduction-data-engineering-4395021/airflow/dags/one_task_dag.py took 0.086 seconds
[2024-03-09T22:48:24.749+0000] {processor.py:157} INFO - Started process (PID=6553) to work on /workspaces/hands-on-introduction-data-engineering-4395021/airflow/dags/one_task_dag.py
[2024-03-09T22:48:24.750+0000] {processor.py:826} INFO - Processing file /workspaces/hands-on-introduction-data-engineering-4395021/airflow/dags/one_task_dag.py for tasks to queue
[2024-03-09T22:48:24.750+0000] {logging_mixin.py:150} INFO - [2024-03-09T22:48:24.750+0000] {dagbag.py:541} INFO - Filling up the DagBag from /workspaces/hands-on-introduction-data-engineering-4395021/airflow/dags/one_task_dag.py
[2024-03-09T22:48:24.758+0000] {processor.py:836} INFO - DAG(s) dict_keys(['one_task_dag']) retrieved from /workspaces/hands-on-introduction-data-engineering-4395021/airflow/dags/one_task_dag.py
[2024-03-09T22:48:24.774+0000] {logging_mixin.py:150} INFO - [2024-03-09T22:48:24.774+0000] {dag.py:2742} INFO - Sync 1 DAGs
[2024-03-09T22:48:24.789+0000] {logging_mixin.py:150} INFO - [2024-03-09T22:48:24.789+0000] {dag.py:3504} INFO - Setting next_dagrun for one_task_dag to None, run_after=None
[2024-03-09T22:48:24.833+0000] {processor.py:179} INFO - Processing /workspaces/hands-on-introduction-data-engineering-4395021/airflow/dags/one_task_dag.py took 0.086 seconds
[2024-03-09T22:48:55.131+0000] {processor.py:157} INFO - Started process (PID=6737) to work on /workspaces/hands-on-introduction-data-engineering-4395021/airflow/dags/one_task_dag.py
[2024-03-09T22:48:55.131+0000] {processor.py:826} INFO - Processing file /workspaces/hands-on-introduction-data-engineering-4395021/airflow/dags/one_task_dag.py for tasks to queue
[2024-03-09T22:48:55.132+0000] {logging_mixin.py:150} INFO - [2024-03-09T22:48:55.132+0000] {dagbag.py:541} INFO - Filling up the DagBag from /workspaces/hands-on-introduction-data-engineering-4395021/airflow/dags/one_task_dag.py
[2024-03-09T22:48:55.140+0000] {processor.py:836} INFO - DAG(s) dict_keys(['one_task_dag']) retrieved from /workspaces/hands-on-introduction-data-engineering-4395021/airflow/dags/one_task_dag.py
[2024-03-09T22:48:55.155+0000] {logging_mixin.py:150} INFO - [2024-03-09T22:48:55.155+0000] {dag.py:2742} INFO - Sync 1 DAGs
[2024-03-09T22:48:55.170+0000] {logging_mixin.py:150} INFO - [2024-03-09T22:48:55.170+0000] {dag.py:3504} INFO - Setting next_dagrun for one_task_dag to None, run_after=None
[2024-03-09T22:48:55.209+0000] {processor.py:179} INFO - Processing /workspaces/hands-on-introduction-data-engineering-4395021/airflow/dags/one_task_dag.py took 0.080 seconds
[2024-03-09T22:49:25.433+0000] {processor.py:157} INFO - Started process (PID=6922) to work on /workspaces/hands-on-introduction-data-engineering-4395021/airflow/dags/one_task_dag.py
[2024-03-09T22:49:25.434+0000] {processor.py:826} INFO - Processing file /workspaces/hands-on-introduction-data-engineering-4395021/airflow/dags/one_task_dag.py for tasks to queue
[2024-03-09T22:49:25.434+0000] {logging_mixin.py:150} INFO - [2024-03-09T22:49:25.434+0000] {dagbag.py:541} INFO - Filling up the DagBag from /workspaces/hands-on-introduction-data-engineering-4395021/airflow/dags/one_task_dag.py
[2024-03-09T22:49:25.442+0000] {processor.py:836} INFO - DAG(s) dict_keys(['one_task_dag']) retrieved from /workspaces/hands-on-introduction-data-engineering-4395021/airflow/dags/one_task_dag.py
[2024-03-09T22:49:25.458+0000] {logging_mixin.py:150} INFO - [2024-03-09T22:49:25.458+0000] {dag.py:2742} INFO - Sync 1 DAGs
[2024-03-09T22:49:25.473+0000] {logging_mixin.py:150} INFO - [2024-03-09T22:49:25.473+0000] {dag.py:3504} INFO - Setting next_dagrun for one_task_dag to None, run_after=None
[2024-03-09T22:49:25.513+0000] {processor.py:179} INFO - Processing /workspaces/hands-on-introduction-data-engineering-4395021/airflow/dags/one_task_dag.py took 0.083 seconds
[2024-03-09T22:49:55.807+0000] {processor.py:157} INFO - Started process (PID=7097) to work on /workspaces/hands-on-introduction-data-engineering-4395021/airflow/dags/one_task_dag.py
[2024-03-09T22:49:55.808+0000] {processor.py:826} INFO - Processing file /workspaces/hands-on-introduction-data-engineering-4395021/airflow/dags/one_task_dag.py for tasks to queue
[2024-03-09T22:49:55.809+0000] {logging_mixin.py:150} INFO - [2024-03-09T22:49:55.808+0000] {dagbag.py:541} INFO - Filling up the DagBag from /workspaces/hands-on-introduction-data-engineering-4395021/airflow/dags/one_task_dag.py
[2024-03-09T22:49:55.816+0000] {processor.py:836} INFO - DAG(s) dict_keys(['one_task_dag']) retrieved from /workspaces/hands-on-introduction-data-engineering-4395021/airflow/dags/one_task_dag.py
[2024-03-09T22:49:55.833+0000] {logging_mixin.py:150} INFO - [2024-03-09T22:49:55.833+0000] {dag.py:2742} INFO - Sync 1 DAGs
[2024-03-09T22:49:55.854+0000] {logging_mixin.py:150} INFO - [2024-03-09T22:49:55.854+0000] {dag.py:3504} INFO - Setting next_dagrun for one_task_dag to None, run_after=None
[2024-03-09T22:49:55.917+0000] {processor.py:179} INFO - Processing /workspaces/hands-on-introduction-data-engineering-4395021/airflow/dags/one_task_dag.py took 0.112 seconds
[2024-03-09T22:50:26.159+0000] {processor.py:157} INFO - Started process (PID=7280) to work on /workspaces/hands-on-introduction-data-engineering-4395021/airflow/dags/one_task_dag.py
[2024-03-09T22:50:26.160+0000] {processor.py:826} INFO - Processing file /workspaces/hands-on-introduction-data-engineering-4395021/airflow/dags/one_task_dag.py for tasks to queue
[2024-03-09T22:50:26.160+0000] {logging_mixin.py:150} INFO - [2024-03-09T22:50:26.160+0000] {dagbag.py:541} INFO - Filling up the DagBag from /workspaces/hands-on-introduction-data-engineering-4395021/airflow/dags/one_task_dag.py
[2024-03-09T22:50:26.168+0000] {processor.py:836} INFO - DAG(s) dict_keys(['one_task_dag']) retrieved from /workspaces/hands-on-introduction-data-engineering-4395021/airflow/dags/one_task_dag.py
[2024-03-09T22:50:26.184+0000] {logging_mixin.py:150} INFO - [2024-03-09T22:50:26.184+0000] {dag.py:2742} INFO - Sync 1 DAGs
[2024-03-09T22:50:26.199+0000] {logging_mixin.py:150} INFO - [2024-03-09T22:50:26.199+0000] {dag.py:3504} INFO - Setting next_dagrun for one_task_dag to None, run_after=None
[2024-03-09T22:50:26.240+0000] {processor.py:179} INFO - Processing /workspaces/hands-on-introduction-data-engineering-4395021/airflow/dags/one_task_dag.py took 0.083 seconds
[2024-03-09T22:50:56.656+0000] {processor.py:157} INFO - Started process (PID=7458) to work on /workspaces/hands-on-introduction-data-engineering-4395021/airflow/dags/one_task_dag.py
[2024-03-09T22:50:56.657+0000] {processor.py:826} INFO - Processing file /workspaces/hands-on-introduction-data-engineering-4395021/airflow/dags/one_task_dag.py for tasks to queue
[2024-03-09T22:50:56.658+0000] {logging_mixin.py:150} INFO - [2024-03-09T22:50:56.658+0000] {dagbag.py:541} INFO - Filling up the DagBag from /workspaces/hands-on-introduction-data-engineering-4395021/airflow/dags/one_task_dag.py
[2024-03-09T22:50:56.666+0000] {processor.py:836} INFO - DAG(s) dict_keys(['one_task_dag']) retrieved from /workspaces/hands-on-introduction-data-engineering-4395021/airflow/dags/one_task_dag.py
[2024-03-09T22:50:56.681+0000] {logging_mixin.py:150} INFO - [2024-03-09T22:50:56.681+0000] {dag.py:2742} INFO - Sync 1 DAGs
[2024-03-09T22:50:56.696+0000] {logging_mixin.py:150} INFO - [2024-03-09T22:50:56.696+0000] {dag.py:3504} INFO - Setting next_dagrun for one_task_dag to None, run_after=None
[2024-03-09T22:50:56.736+0000] {processor.py:179} INFO - Processing /workspaces/hands-on-introduction-data-engineering-4395021/airflow/dags/one_task_dag.py took 0.081 seconds
[2024-03-09T22:51:27.070+0000] {processor.py:157} INFO - Started process (PID=7645) to work on /workspaces/hands-on-introduction-data-engineering-4395021/airflow/dags/one_task_dag.py
[2024-03-09T22:51:27.071+0000] {processor.py:826} INFO - Processing file /workspaces/hands-on-introduction-data-engineering-4395021/airflow/dags/one_task_dag.py for tasks to queue
[2024-03-09T22:51:27.071+0000] {logging_mixin.py:150} INFO - [2024-03-09T22:51:27.071+0000] {dagbag.py:541} INFO - Filling up the DagBag from /workspaces/hands-on-introduction-data-engineering-4395021/airflow/dags/one_task_dag.py
[2024-03-09T22:51:27.079+0000] {processor.py:836} INFO - DAG(s) dict_keys(['one_task_dag']) retrieved from /workspaces/hands-on-introduction-data-engineering-4395021/airflow/dags/one_task_dag.py
[2024-03-09T22:51:27.096+0000] {logging_mixin.py:150} INFO - [2024-03-09T22:51:27.096+0000] {dag.py:2742} INFO - Sync 1 DAGs
[2024-03-09T22:51:27.111+0000] {logging_mixin.py:150} INFO - [2024-03-09T22:51:27.111+0000] {dag.py:3504} INFO - Setting next_dagrun for one_task_dag to None, run_after=None
[2024-03-09T22:51:27.151+0000] {processor.py:179} INFO - Processing /workspaces/hands-on-introduction-data-engineering-4395021/airflow/dags/one_task_dag.py took 0.083 seconds
[2024-03-09T22:51:57.453+0000] {processor.py:157} INFO - Started process (PID=7822) to work on /workspaces/hands-on-introduction-data-engineering-4395021/airflow/dags/one_task_dag.py
[2024-03-09T22:51:57.454+0000] {processor.py:826} INFO - Processing file /workspaces/hands-on-introduction-data-engineering-4395021/airflow/dags/one_task_dag.py for tasks to queue
[2024-03-09T22:51:57.455+0000] {logging_mixin.py:150} INFO - [2024-03-09T22:51:57.454+0000] {dagbag.py:541} INFO - Filling up the DagBag from /workspaces/hands-on-introduction-data-engineering-4395021/airflow/dags/one_task_dag.py
[2024-03-09T22:51:57.463+0000] {processor.py:836} INFO - DAG(s) dict_keys(['one_task_dag']) retrieved from /workspaces/hands-on-introduction-data-engineering-4395021/airflow/dags/one_task_dag.py
[2024-03-09T22:51:57.479+0000] {logging_mixin.py:150} INFO - [2024-03-09T22:51:57.479+0000] {dag.py:2742} INFO - Sync 1 DAGs
[2024-03-09T22:51:57.495+0000] {logging_mixin.py:150} INFO - [2024-03-09T22:51:57.495+0000] {dag.py:3504} INFO - Setting next_dagrun for one_task_dag to None, run_after=None
[2024-03-09T22:51:57.540+0000] {processor.py:179} INFO - Processing /workspaces/hands-on-introduction-data-engineering-4395021/airflow/dags/one_task_dag.py took 0.090 seconds
[2024-03-09T22:52:27.852+0000] {processor.py:157} INFO - Started process (PID=8003) to work on /workspaces/hands-on-introduction-data-engineering-4395021/airflow/dags/one_task_dag.py
[2024-03-09T22:52:27.853+0000] {processor.py:826} INFO - Processing file /workspaces/hands-on-introduction-data-engineering-4395021/airflow/dags/one_task_dag.py for tasks to queue
[2024-03-09T22:52:27.854+0000] {logging_mixin.py:150} INFO - [2024-03-09T22:52:27.854+0000] {dagbag.py:541} INFO - Filling up the DagBag from /workspaces/hands-on-introduction-data-engineering-4395021/airflow/dags/one_task_dag.py
[2024-03-09T22:52:27.863+0000] {processor.py:836} INFO - DAG(s) dict_keys(['one_task_dag']) retrieved from /workspaces/hands-on-introduction-data-engineering-4395021/airflow/dags/one_task_dag.py
[2024-03-09T22:52:27.880+0000] {logging_mixin.py:150} INFO - [2024-03-09T22:52:27.879+0000] {dag.py:2742} INFO - Sync 1 DAGs
[2024-03-09T22:52:27.894+0000] {logging_mixin.py:150} INFO - [2024-03-09T22:52:27.894+0000] {dag.py:3504} INFO - Setting next_dagrun for one_task_dag to None, run_after=None
[2024-03-09T22:52:27.934+0000] {processor.py:179} INFO - Processing /workspaces/hands-on-introduction-data-engineering-4395021/airflow/dags/one_task_dag.py took 0.085 seconds
[2024-03-09T22:52:58.227+0000] {processor.py:157} INFO - Started process (PID=8190) to work on /workspaces/hands-on-introduction-data-engineering-4395021/airflow/dags/one_task_dag.py
[2024-03-09T22:52:58.227+0000] {processor.py:826} INFO - Processing file /workspaces/hands-on-introduction-data-engineering-4395021/airflow/dags/one_task_dag.py for tasks to queue
[2024-03-09T22:52:58.228+0000] {logging_mixin.py:150} INFO - [2024-03-09T22:52:58.228+0000] {dagbag.py:541} INFO - Filling up the DagBag from /workspaces/hands-on-introduction-data-engineering-4395021/airflow/dags/one_task_dag.py
[2024-03-09T22:52:58.236+0000] {processor.py:836} INFO - DAG(s) dict_keys(['one_task_dag']) retrieved from /workspaces/hands-on-introduction-data-engineering-4395021/airflow/dags/one_task_dag.py
[2024-03-09T22:52:58.252+0000] {logging_mixin.py:150} INFO - [2024-03-09T22:52:58.252+0000] {dag.py:2742} INFO - Sync 1 DAGs
[2024-03-09T22:52:58.267+0000] {logging_mixin.py:150} INFO - [2024-03-09T22:52:58.267+0000] {dag.py:3504} INFO - Setting next_dagrun for one_task_dag to None, run_after=None
[2024-03-09T22:52:58.307+0000] {processor.py:179} INFO - Processing /workspaces/hands-on-introduction-data-engineering-4395021/airflow/dags/one_task_dag.py took 0.083 seconds
[2024-03-09T22:53:28.620+0000] {processor.py:157} INFO - Started process (PID=8364) to work on /workspaces/hands-on-introduction-data-engineering-4395021/airflow/dags/one_task_dag.py
[2024-03-09T22:53:28.621+0000] {processor.py:826} INFO - Processing file /workspaces/hands-on-introduction-data-engineering-4395021/airflow/dags/one_task_dag.py for tasks to queue
[2024-03-09T22:53:28.622+0000] {logging_mixin.py:150} INFO - [2024-03-09T22:53:28.622+0000] {dagbag.py:541} INFO - Filling up the DagBag from /workspaces/hands-on-introduction-data-engineering-4395021/airflow/dags/one_task_dag.py
[2024-03-09T22:53:28.634+0000] {processor.py:836} INFO - DAG(s) dict_keys(['one_task_dag']) retrieved from /workspaces/hands-on-introduction-data-engineering-4395021/airflow/dags/one_task_dag.py
[2024-03-09T22:53:28.655+0000] {logging_mixin.py:150} INFO - [2024-03-09T22:53:28.654+0000] {dag.py:2742} INFO - Sync 1 DAGs
[2024-03-09T22:53:28.674+0000] {logging_mixin.py:150} INFO - [2024-03-09T22:53:28.674+0000] {dag.py:3504} INFO - Setting next_dagrun for one_task_dag to None, run_after=None
[2024-03-09T22:53:28.718+0000] {processor.py:179} INFO - Processing /workspaces/hands-on-introduction-data-engineering-4395021/airflow/dags/one_task_dag.py took 0.101 seconds
[2024-03-09T22:53:59.002+0000] {processor.py:157} INFO - Started process (PID=8549) to work on /workspaces/hands-on-introduction-data-engineering-4395021/airflow/dags/one_task_dag.py
[2024-03-09T22:53:59.003+0000] {processor.py:826} INFO - Processing file /workspaces/hands-on-introduction-data-engineering-4395021/airflow/dags/one_task_dag.py for tasks to queue
[2024-03-09T22:53:59.003+0000] {logging_mixin.py:150} INFO - [2024-03-09T22:53:59.003+0000] {dagbag.py:541} INFO - Filling up the DagBag from /workspaces/hands-on-introduction-data-engineering-4395021/airflow/dags/one_task_dag.py
[2024-03-09T22:53:59.012+0000] {processor.py:836} INFO - DAG(s) dict_keys(['one_task_dag']) retrieved from /workspaces/hands-on-introduction-data-engineering-4395021/airflow/dags/one_task_dag.py
[2024-03-09T22:53:59.027+0000] {logging_mixin.py:150} INFO - [2024-03-09T22:53:59.027+0000] {dag.py:2742} INFO - Sync 1 DAGs
[2024-03-09T22:53:59.042+0000] {logging_mixin.py:150} INFO - [2024-03-09T22:53:59.042+0000] {dag.py:3504} INFO - Setting next_dagrun for one_task_dag to None, run_after=None
[2024-03-09T22:53:59.081+0000] {processor.py:179} INFO - Processing /workspaces/hands-on-introduction-data-engineering-4395021/airflow/dags/one_task_dag.py took 0.085 seconds
[2024-03-09T22:54:29.417+0000] {processor.py:157} INFO - Started process (PID=8734) to work on /workspaces/hands-on-introduction-data-engineering-4395021/airflow/dags/one_task_dag.py
[2024-03-09T22:54:29.418+0000] {processor.py:826} INFO - Processing file /workspaces/hands-on-introduction-data-engineering-4395021/airflow/dags/one_task_dag.py for tasks to queue
[2024-03-09T22:54:29.418+0000] {logging_mixin.py:150} INFO - [2024-03-09T22:54:29.418+0000] {dagbag.py:541} INFO - Filling up the DagBag from /workspaces/hands-on-introduction-data-engineering-4395021/airflow/dags/one_task_dag.py
[2024-03-09T22:54:29.426+0000] {processor.py:836} INFO - DAG(s) dict_keys(['one_task_dag']) retrieved from /workspaces/hands-on-introduction-data-engineering-4395021/airflow/dags/one_task_dag.py
[2024-03-09T22:54:29.442+0000] {logging_mixin.py:150} INFO - [2024-03-09T22:54:29.441+0000] {dag.py:2742} INFO - Sync 1 DAGs
[2024-03-09T22:54:29.456+0000] {logging_mixin.py:150} INFO - [2024-03-09T22:54:29.456+0000] {dag.py:3504} INFO - Setting next_dagrun for one_task_dag to None, run_after=None
[2024-03-09T22:54:29.495+0000] {processor.py:179} INFO - Processing /workspaces/hands-on-introduction-data-engineering-4395021/airflow/dags/one_task_dag.py took 0.080 seconds
[2024-03-09T22:54:59.803+0000] {processor.py:157} INFO - Started process (PID=8916) to work on /workspaces/hands-on-introduction-data-engineering-4395021/airflow/dags/one_task_dag.py
[2024-03-09T22:54:59.804+0000] {processor.py:826} INFO - Processing file /workspaces/hands-on-introduction-data-engineering-4395021/airflow/dags/one_task_dag.py for tasks to queue
[2024-03-09T22:54:59.804+0000] {logging_mixin.py:150} INFO - [2024-03-09T22:54:59.804+0000] {dagbag.py:541} INFO - Filling up the DagBag from /workspaces/hands-on-introduction-data-engineering-4395021/airflow/dags/one_task_dag.py
[2024-03-09T22:54:59.812+0000] {processor.py:836} INFO - DAG(s) dict_keys(['one_task_dag']) retrieved from /workspaces/hands-on-introduction-data-engineering-4395021/airflow/dags/one_task_dag.py
[2024-03-09T22:54:59.828+0000] {logging_mixin.py:150} INFO - [2024-03-09T22:54:59.828+0000] {dag.py:2742} INFO - Sync 1 DAGs
[2024-03-09T22:54:59.843+0000] {logging_mixin.py:150} INFO - [2024-03-09T22:54:59.843+0000] {dag.py:3504} INFO - Setting next_dagrun for one_task_dag to None, run_after=None
[2024-03-09T22:54:59.882+0000] {processor.py:179} INFO - Processing /workspaces/hands-on-introduction-data-engineering-4395021/airflow/dags/one_task_dag.py took 0.081 seconds
[2024-03-09T22:55:30.226+0000] {processor.py:157} INFO - Started process (PID=9121) to work on /workspaces/hands-on-introduction-data-engineering-4395021/airflow/dags/one_task_dag.py
[2024-03-09T22:55:30.226+0000] {processor.py:826} INFO - Processing file /workspaces/hands-on-introduction-data-engineering-4395021/airflow/dags/one_task_dag.py for tasks to queue
[2024-03-09T22:55:30.227+0000] {logging_mixin.py:150} INFO - [2024-03-09T22:55:30.227+0000] {dagbag.py:541} INFO - Filling up the DagBag from /workspaces/hands-on-introduction-data-engineering-4395021/airflow/dags/one_task_dag.py
[2024-03-09T22:55:30.235+0000] {processor.py:836} INFO - DAG(s) dict_keys(['one_task_dag']) retrieved from /workspaces/hands-on-introduction-data-engineering-4395021/airflow/dags/one_task_dag.py
[2024-03-09T22:55:30.250+0000] {logging_mixin.py:150} INFO - [2024-03-09T22:55:30.250+0000] {dag.py:2742} INFO - Sync 1 DAGs
[2024-03-09T22:55:30.266+0000] {logging_mixin.py:150} INFO - [2024-03-09T22:55:30.266+0000] {dag.py:3504} INFO - Setting next_dagrun for one_task_dag to None, run_after=None
[2024-03-09T22:55:30.306+0000] {processor.py:179} INFO - Processing /workspaces/hands-on-introduction-data-engineering-4395021/airflow/dags/one_task_dag.py took 0.083 seconds
[2024-03-09T22:56:00.666+0000] {processor.py:157} INFO - Started process (PID=9312) to work on /workspaces/hands-on-introduction-data-engineering-4395021/airflow/dags/one_task_dag.py
[2024-03-09T22:56:00.667+0000] {processor.py:826} INFO - Processing file /workspaces/hands-on-introduction-data-engineering-4395021/airflow/dags/one_task_dag.py for tasks to queue
[2024-03-09T22:56:00.668+0000] {logging_mixin.py:150} INFO - [2024-03-09T22:56:00.668+0000] {dagbag.py:541} INFO - Filling up the DagBag from /workspaces/hands-on-introduction-data-engineering-4395021/airflow/dags/one_task_dag.py
[2024-03-09T22:56:00.676+0000] {processor.py:836} INFO - DAG(s) dict_keys(['one_task_dag']) retrieved from /workspaces/hands-on-introduction-data-engineering-4395021/airflow/dags/one_task_dag.py
[2024-03-09T22:56:00.692+0000] {logging_mixin.py:150} INFO - [2024-03-09T22:56:00.692+0000] {dag.py:2742} INFO - Sync 1 DAGs
[2024-03-09T22:56:00.707+0000] {logging_mixin.py:150} INFO - [2024-03-09T22:56:00.707+0000] {dag.py:3504} INFO - Setting next_dagrun for one_task_dag to None, run_after=None
[2024-03-09T22:56:00.749+0000] {processor.py:179} INFO - Processing /workspaces/hands-on-introduction-data-engineering-4395021/airflow/dags/one_task_dag.py took 0.085 seconds
[2024-03-09T22:56:30.889+0000] {processor.py:157} INFO - Started process (PID=9503) to work on /workspaces/hands-on-introduction-data-engineering-4395021/airflow/dags/one_task_dag.py
[2024-03-09T22:56:30.889+0000] {processor.py:826} INFO - Processing file /workspaces/hands-on-introduction-data-engineering-4395021/airflow/dags/one_task_dag.py for tasks to queue
[2024-03-09T22:56:30.890+0000] {logging_mixin.py:150} INFO - [2024-03-09T22:56:30.890+0000] {dagbag.py:541} INFO - Filling up the DagBag from /workspaces/hands-on-introduction-data-engineering-4395021/airflow/dags/one_task_dag.py
[2024-03-09T22:56:30.898+0000] {processor.py:836} INFO - DAG(s) dict_keys(['one_task_dag']) retrieved from /workspaces/hands-on-introduction-data-engineering-4395021/airflow/dags/one_task_dag.py
[2024-03-09T22:56:30.914+0000] {logging_mixin.py:150} INFO - [2024-03-09T22:56:30.913+0000] {dag.py:2742} INFO - Sync 1 DAGs
[2024-03-09T22:56:30.929+0000] {logging_mixin.py:150} INFO - [2024-03-09T22:56:30.928+0000] {dag.py:3504} INFO - Setting next_dagrun for one_task_dag to None, run_after=None
[2024-03-09T22:56:30.969+0000] {processor.py:179} INFO - Processing /workspaces/hands-on-introduction-data-engineering-4395021/airflow/dags/one_task_dag.py took 0.083 seconds
[2024-03-09T22:57:01.153+0000] {processor.py:157} INFO - Started process (PID=9688) to work on /workspaces/hands-on-introduction-data-engineering-4395021/airflow/dags/one_task_dag.py
[2024-03-09T22:57:01.154+0000] {processor.py:826} INFO - Processing file /workspaces/hands-on-introduction-data-engineering-4395021/airflow/dags/one_task_dag.py for tasks to queue
[2024-03-09T22:57:01.155+0000] {logging_mixin.py:150} INFO - [2024-03-09T22:57:01.155+0000] {dagbag.py:541} INFO - Filling up the DagBag from /workspaces/hands-on-introduction-data-engineering-4395021/airflow/dags/one_task_dag.py
[2024-03-09T22:57:01.163+0000] {processor.py:836} INFO - DAG(s) dict_keys(['one_task_dag']) retrieved from /workspaces/hands-on-introduction-data-engineering-4395021/airflow/dags/one_task_dag.py
[2024-03-09T22:57:01.178+0000] {logging_mixin.py:150} INFO - [2024-03-09T22:57:01.178+0000] {dag.py:2742} INFO - Sync 1 DAGs
[2024-03-09T22:57:01.193+0000] {logging_mixin.py:150} INFO - [2024-03-09T22:57:01.193+0000] {dag.py:3504} INFO - Setting next_dagrun for one_task_dag to None, run_after=None
[2024-03-09T22:57:01.232+0000] {processor.py:179} INFO - Processing /workspaces/hands-on-introduction-data-engineering-4395021/airflow/dags/one_task_dag.py took 0.081 seconds
[2024-03-09T22:57:31.420+0000] {processor.py:157} INFO - Started process (PID=9867) to work on /workspaces/hands-on-introduction-data-engineering-4395021/airflow/dags/one_task_dag.py
[2024-03-09T22:57:31.421+0000] {processor.py:826} INFO - Processing file /workspaces/hands-on-introduction-data-engineering-4395021/airflow/dags/one_task_dag.py for tasks to queue
[2024-03-09T22:57:31.421+0000] {logging_mixin.py:150} INFO - [2024-03-09T22:57:31.421+0000] {dagbag.py:541} INFO - Filling up the DagBag from /workspaces/hands-on-introduction-data-engineering-4395021/airflow/dags/one_task_dag.py
[2024-03-09T22:57:31.429+0000] {processor.py:836} INFO - DAG(s) dict_keys(['one_task_dag']) retrieved from /workspaces/hands-on-introduction-data-engineering-4395021/airflow/dags/one_task_dag.py
[2024-03-09T22:57:31.444+0000] {logging_mixin.py:150} INFO - [2024-03-09T22:57:31.444+0000] {dag.py:2742} INFO - Sync 1 DAGs
[2024-03-09T22:57:31.463+0000] {logging_mixin.py:150} INFO - [2024-03-09T22:57:31.463+0000] {dag.py:3504} INFO - Setting next_dagrun for one_task_dag to None, run_after=None
[2024-03-09T22:57:31.518+0000] {processor.py:179} INFO - Processing /workspaces/hands-on-introduction-data-engineering-4395021/airflow/dags/one_task_dag.py took 0.101 seconds
[2024-03-09T22:58:01.786+0000] {processor.py:157} INFO - Started process (PID=10057) to work on /workspaces/hands-on-introduction-data-engineering-4395021/airflow/dags/one_task_dag.py
[2024-03-09T22:58:01.786+0000] {processor.py:826} INFO - Processing file /workspaces/hands-on-introduction-data-engineering-4395021/airflow/dags/one_task_dag.py for tasks to queue
[2024-03-09T22:58:01.787+0000] {logging_mixin.py:150} INFO - [2024-03-09T22:58:01.787+0000] {dagbag.py:541} INFO - Filling up the DagBag from /workspaces/hands-on-introduction-data-engineering-4395021/airflow/dags/one_task_dag.py
[2024-03-09T22:58:01.795+0000] {processor.py:836} INFO - DAG(s) dict_keys(['one_task_dag']) retrieved from /workspaces/hands-on-introduction-data-engineering-4395021/airflow/dags/one_task_dag.py
[2024-03-09T22:58:01.811+0000] {logging_mixin.py:150} INFO - [2024-03-09T22:58:01.811+0000] {dag.py:2742} INFO - Sync 1 DAGs
[2024-03-09T22:58:01.826+0000] {logging_mixin.py:150} INFO - [2024-03-09T22:58:01.826+0000] {dag.py:3504} INFO - Setting next_dagrun for one_task_dag to None, run_after=None
[2024-03-09T22:58:01.905+0000] {processor.py:179} INFO - Processing /workspaces/hands-on-introduction-data-engineering-4395021/airflow/dags/one_task_dag.py took 0.121 seconds
[2024-03-09T22:58:32.087+0000] {processor.py:157} INFO - Started process (PID=10231) to work on /workspaces/hands-on-introduction-data-engineering-4395021/airflow/dags/one_task_dag.py
[2024-03-09T22:58:32.088+0000] {processor.py:826} INFO - Processing file /workspaces/hands-on-introduction-data-engineering-4395021/airflow/dags/one_task_dag.py for tasks to queue
[2024-03-09T22:58:32.089+0000] {logging_mixin.py:150} INFO - [2024-03-09T22:58:32.088+0000] {dagbag.py:541} INFO - Filling up the DagBag from /workspaces/hands-on-introduction-data-engineering-4395021/airflow/dags/one_task_dag.py
[2024-03-09T22:58:32.096+0000] {processor.py:836} INFO - DAG(s) dict_keys(['one_task_dag']) retrieved from /workspaces/hands-on-introduction-data-engineering-4395021/airflow/dags/one_task_dag.py
[2024-03-09T22:58:32.111+0000] {logging_mixin.py:150} INFO - [2024-03-09T22:58:32.111+0000] {dag.py:2742} INFO - Sync 1 DAGs
[2024-03-09T22:58:32.126+0000] {logging_mixin.py:150} INFO - [2024-03-09T22:58:32.126+0000] {dag.py:3504} INFO - Setting next_dagrun for one_task_dag to None, run_after=None
[2024-03-09T22:58:32.166+0000] {processor.py:179} INFO - Processing /workspaces/hands-on-introduction-data-engineering-4395021/airflow/dags/one_task_dag.py took 0.081 seconds
[2024-03-09T22:59:02.456+0000] {processor.py:157} INFO - Started process (PID=10415) to work on /workspaces/hands-on-introduction-data-engineering-4395021/airflow/dags/one_task_dag.py
[2024-03-09T22:59:02.457+0000] {processor.py:826} INFO - Processing file /workspaces/hands-on-introduction-data-engineering-4395021/airflow/dags/one_task_dag.py for tasks to queue
[2024-03-09T22:59:02.458+0000] {logging_mixin.py:150} INFO - [2024-03-09T22:59:02.457+0000] {dagbag.py:541} INFO - Filling up the DagBag from /workspaces/hands-on-introduction-data-engineering-4395021/airflow/dags/one_task_dag.py
[2024-03-09T22:59:02.466+0000] {processor.py:836} INFO - DAG(s) dict_keys(['one_task_dag']) retrieved from /workspaces/hands-on-introduction-data-engineering-4395021/airflow/dags/one_task_dag.py
[2024-03-09T22:59:02.481+0000] {logging_mixin.py:150} INFO - [2024-03-09T22:59:02.481+0000] {dag.py:2742} INFO - Sync 1 DAGs
[2024-03-09T22:59:02.496+0000] {logging_mixin.py:150} INFO - [2024-03-09T22:59:02.496+0000] {dag.py:3504} INFO - Setting next_dagrun for one_task_dag to None, run_after=None
[2024-03-09T22:59:02.535+0000] {processor.py:179} INFO - Processing /workspaces/hands-on-introduction-data-engineering-4395021/airflow/dags/one_task_dag.py took 0.082 seconds
[2024-03-09T22:59:32.723+0000] {processor.py:157} INFO - Started process (PID=10600) to work on /workspaces/hands-on-introduction-data-engineering-4395021/airflow/dags/one_task_dag.py
[2024-03-09T22:59:32.723+0000] {processor.py:826} INFO - Processing file /workspaces/hands-on-introduction-data-engineering-4395021/airflow/dags/one_task_dag.py for tasks to queue
[2024-03-09T22:59:32.724+0000] {logging_mixin.py:150} INFO - [2024-03-09T22:59:32.724+0000] {dagbag.py:541} INFO - Filling up the DagBag from /workspaces/hands-on-introduction-data-engineering-4395021/airflow/dags/one_task_dag.py
[2024-03-09T22:59:32.732+0000] {processor.py:836} INFO - DAG(s) dict_keys(['one_task_dag']) retrieved from /workspaces/hands-on-introduction-data-engineering-4395021/airflow/dags/one_task_dag.py
[2024-03-09T22:59:32.747+0000] {logging_mixin.py:150} INFO - [2024-03-09T22:59:32.747+0000] {dag.py:2742} INFO - Sync 1 DAGs
[2024-03-09T22:59:32.762+0000] {logging_mixin.py:150} INFO - [2024-03-09T22:59:32.762+0000] {dag.py:3504} INFO - Setting next_dagrun for one_task_dag to None, run_after=None
[2024-03-09T22:59:32.803+0000] {processor.py:179} INFO - Processing /workspaces/hands-on-introduction-data-engineering-4395021/airflow/dags/one_task_dag.py took 0.083 seconds
[2024-03-09T23:00:02.842+0000] {processor.py:157} INFO - Started process (PID=10774) to work on /workspaces/hands-on-introduction-data-engineering-4395021/airflow/dags/one_task_dag.py
[2024-03-09T23:00:02.842+0000] {processor.py:826} INFO - Processing file /workspaces/hands-on-introduction-data-engineering-4395021/airflow/dags/one_task_dag.py for tasks to queue
[2024-03-09T23:00:02.843+0000] {logging_mixin.py:150} INFO - [2024-03-09T23:00:02.843+0000] {dagbag.py:541} INFO - Filling up the DagBag from /workspaces/hands-on-introduction-data-engineering-4395021/airflow/dags/one_task_dag.py
[2024-03-09T23:00:02.851+0000] {processor.py:836} INFO - DAG(s) dict_keys(['one_task_dag']) retrieved from /workspaces/hands-on-introduction-data-engineering-4395021/airflow/dags/one_task_dag.py
[2024-03-09T23:00:02.867+0000] {logging_mixin.py:150} INFO - [2024-03-09T23:00:02.867+0000] {dag.py:2742} INFO - Sync 1 DAGs
[2024-03-09T23:00:02.882+0000] {logging_mixin.py:150} INFO - [2024-03-09T23:00:02.882+0000] {dag.py:3504} INFO - Setting next_dagrun for one_task_dag to None, run_after=None
[2024-03-09T23:00:02.922+0000] {processor.py:179} INFO - Processing /workspaces/hands-on-introduction-data-engineering-4395021/airflow/dags/one_task_dag.py took 0.082 seconds
[2024-03-09T23:00:33.158+0000] {processor.py:157} INFO - Started process (PID=10959) to work on /workspaces/hands-on-introduction-data-engineering-4395021/airflow/dags/one_task_dag.py
[2024-03-09T23:00:33.159+0000] {processor.py:826} INFO - Processing file /workspaces/hands-on-introduction-data-engineering-4395021/airflow/dags/one_task_dag.py for tasks to queue
[2024-03-09T23:00:33.159+0000] {logging_mixin.py:150} INFO - [2024-03-09T23:00:33.159+0000] {dagbag.py:541} INFO - Filling up the DagBag from /workspaces/hands-on-introduction-data-engineering-4395021/airflow/dags/one_task_dag.py
[2024-03-09T23:00:33.167+0000] {processor.py:836} INFO - DAG(s) dict_keys(['one_task_dag']) retrieved from /workspaces/hands-on-introduction-data-engineering-4395021/airflow/dags/one_task_dag.py
[2024-03-09T23:00:33.182+0000] {logging_mixin.py:150} INFO - [2024-03-09T23:00:33.182+0000] {dag.py:2742} INFO - Sync 1 DAGs
[2024-03-09T23:00:33.202+0000] {logging_mixin.py:150} INFO - [2024-03-09T23:00:33.201+0000] {dag.py:3504} INFO - Setting next_dagrun for one_task_dag to None, run_after=None
[2024-03-09T23:00:33.245+0000] {processor.py:179} INFO - Processing /workspaces/hands-on-introduction-data-engineering-4395021/airflow/dags/one_task_dag.py took 0.089 seconds
[2024-03-09T23:01:03.429+0000] {processor.py:157} INFO - Started process (PID=11137) to work on /workspaces/hands-on-introduction-data-engineering-4395021/airflow/dags/one_task_dag.py
[2024-03-09T23:01:03.430+0000] {processor.py:826} INFO - Processing file /workspaces/hands-on-introduction-data-engineering-4395021/airflow/dags/one_task_dag.py for tasks to queue
[2024-03-09T23:01:03.431+0000] {logging_mixin.py:150} INFO - [2024-03-09T23:01:03.430+0000] {dagbag.py:541} INFO - Filling up the DagBag from /workspaces/hands-on-introduction-data-engineering-4395021/airflow/dags/one_task_dag.py
[2024-03-09T23:01:03.440+0000] {processor.py:836} INFO - DAG(s) dict_keys(['one_task_dag']) retrieved from /workspaces/hands-on-introduction-data-engineering-4395021/airflow/dags/one_task_dag.py
[2024-03-09T23:01:03.460+0000] {logging_mixin.py:150} INFO - [2024-03-09T23:01:03.459+0000] {dag.py:2742} INFO - Sync 1 DAGs
[2024-03-09T23:01:03.482+0000] {logging_mixin.py:150} INFO - [2024-03-09T23:01:03.482+0000] {dag.py:3504} INFO - Setting next_dagrun for one_task_dag to None, run_after=None
[2024-03-09T23:01:03.526+0000] {processor.py:179} INFO - Processing /workspaces/hands-on-introduction-data-engineering-4395021/airflow/dags/one_task_dag.py took 0.100 seconds
[2024-03-09T23:01:33.804+0000] {processor.py:157} INFO - Started process (PID=11321) to work on /workspaces/hands-on-introduction-data-engineering-4395021/airflow/dags/one_task_dag.py
[2024-03-09T23:01:33.806+0000] {processor.py:826} INFO - Processing file /workspaces/hands-on-introduction-data-engineering-4395021/airflow/dags/one_task_dag.py for tasks to queue
[2024-03-09T23:01:33.807+0000] {logging_mixin.py:150} INFO - [2024-03-09T23:01:33.806+0000] {dagbag.py:541} INFO - Filling up the DagBag from /workspaces/hands-on-introduction-data-engineering-4395021/airflow/dags/one_task_dag.py
[2024-03-09T23:01:33.818+0000] {processor.py:836} INFO - DAG(s) dict_keys(['one_task_dag']) retrieved from /workspaces/hands-on-introduction-data-engineering-4395021/airflow/dags/one_task_dag.py
[2024-03-09T23:01:33.834+0000] {logging_mixin.py:150} INFO - [2024-03-09T23:01:33.834+0000] {dag.py:2742} INFO - Sync 1 DAGs
[2024-03-09T23:01:33.849+0000] {logging_mixin.py:150} INFO - [2024-03-09T23:01:33.849+0000] {dag.py:3504} INFO - Setting next_dagrun for one_task_dag to None, run_after=None
[2024-03-09T23:01:33.900+0000] {processor.py:179} INFO - Processing /workspaces/hands-on-introduction-data-engineering-4395021/airflow/dags/one_task_dag.py took 0.099 seconds
[2024-03-09T23:02:04.111+0000] {processor.py:157} INFO - Started process (PID=11508) to work on /workspaces/hands-on-introduction-data-engineering-4395021/airflow/dags/one_task_dag.py
[2024-03-09T23:02:04.112+0000] {processor.py:826} INFO - Processing file /workspaces/hands-on-introduction-data-engineering-4395021/airflow/dags/one_task_dag.py for tasks to queue
[2024-03-09T23:02:04.113+0000] {logging_mixin.py:150} INFO - [2024-03-09T23:02:04.112+0000] {dagbag.py:541} INFO - Filling up the DagBag from /workspaces/hands-on-introduction-data-engineering-4395021/airflow/dags/one_task_dag.py
[2024-03-09T23:02:04.122+0000] {processor.py:836} INFO - DAG(s) dict_keys(['one_task_dag']) retrieved from /workspaces/hands-on-introduction-data-engineering-4395021/airflow/dags/one_task_dag.py
[2024-03-09T23:02:04.138+0000] {logging_mixin.py:150} INFO - [2024-03-09T23:02:04.137+0000] {dag.py:2742} INFO - Sync 1 DAGs
[2024-03-09T23:02:04.152+0000] {logging_mixin.py:150} INFO - [2024-03-09T23:02:04.152+0000] {dag.py:3504} INFO - Setting next_dagrun for one_task_dag to None, run_after=None
[2024-03-09T23:02:04.191+0000] {processor.py:179} INFO - Processing /workspaces/hands-on-introduction-data-engineering-4395021/airflow/dags/one_task_dag.py took 0.083 seconds
[2024-03-09T23:02:34.379+0000] {processor.py:157} INFO - Started process (PID=11668) to work on /workspaces/hands-on-introduction-data-engineering-4395021/airflow/dags/one_task_dag.py
[2024-03-09T23:02:34.390+0000] {processor.py:826} INFO - Processing file /workspaces/hands-on-introduction-data-engineering-4395021/airflow/dags/one_task_dag.py for tasks to queue
[2024-03-09T23:02:34.391+0000] {logging_mixin.py:150} INFO - [2024-03-09T23:02:34.391+0000] {dagbag.py:541} INFO - Filling up the DagBag from /workspaces/hands-on-introduction-data-engineering-4395021/airflow/dags/one_task_dag.py
[2024-03-09T23:02:34.403+0000] {processor.py:836} INFO - DAG(s) dict_keys(['one_task_dag']) retrieved from /workspaces/hands-on-introduction-data-engineering-4395021/airflow/dags/one_task_dag.py
[2024-03-09T23:02:34.443+0000] {logging_mixin.py:150} INFO - [2024-03-09T23:02:34.442+0000] {dag.py:2742} INFO - Sync 1 DAGs
[2024-03-09T23:02:34.471+0000] {logging_mixin.py:150} INFO - [2024-03-09T23:02:34.470+0000] {dag.py:3504} INFO - Setting next_dagrun for one_task_dag to None, run_after=None
[2024-03-09T23:02:34.523+0000] {processor.py:179} INFO - Processing /workspaces/hands-on-introduction-data-engineering-4395021/airflow/dags/one_task_dag.py took 0.147 seconds
[2024-03-09T23:03:04.783+0000] {processor.py:157} INFO - Started process (PID=11854) to work on /workspaces/hands-on-introduction-data-engineering-4395021/airflow/dags/one_task_dag.py
[2024-03-09T23:03:04.784+0000] {processor.py:826} INFO - Processing file /workspaces/hands-on-introduction-data-engineering-4395021/airflow/dags/one_task_dag.py for tasks to queue
[2024-03-09T23:03:04.785+0000] {logging_mixin.py:150} INFO - [2024-03-09T23:03:04.784+0000] {dagbag.py:541} INFO - Filling up the DagBag from /workspaces/hands-on-introduction-data-engineering-4395021/airflow/dags/one_task_dag.py
[2024-03-09T23:03:04.796+0000] {processor.py:836} INFO - DAG(s) dict_keys(['one_task_dag']) retrieved from /workspaces/hands-on-introduction-data-engineering-4395021/airflow/dags/one_task_dag.py
[2024-03-09T23:03:04.819+0000] {logging_mixin.py:150} INFO - [2024-03-09T23:03:04.818+0000] {dag.py:2742} INFO - Sync 1 DAGs
[2024-03-09T23:03:04.842+0000] {logging_mixin.py:150} INFO - [2024-03-09T23:03:04.842+0000] {dag.py:3504} INFO - Setting next_dagrun for one_task_dag to None, run_after=None
[2024-03-09T23:03:04.890+0000] {processor.py:179} INFO - Processing /workspaces/hands-on-introduction-data-engineering-4395021/airflow/dags/one_task_dag.py took 0.110 seconds
[2024-03-09T23:03:35.256+0000] {processor.py:157} INFO - Started process (PID=12035) to work on /workspaces/hands-on-introduction-data-engineering-4395021/airflow/dags/one_task_dag.py
[2024-03-09T23:03:35.256+0000] {processor.py:826} INFO - Processing file /workspaces/hands-on-introduction-data-engineering-4395021/airflow/dags/one_task_dag.py for tasks to queue
[2024-03-09T23:03:35.257+0000] {logging_mixin.py:150} INFO - [2024-03-09T23:03:35.257+0000] {dagbag.py:541} INFO - Filling up the DagBag from /workspaces/hands-on-introduction-data-engineering-4395021/airflow/dags/one_task_dag.py
[2024-03-09T23:03:35.265+0000] {processor.py:836} INFO - DAG(s) dict_keys(['one_task_dag']) retrieved from /workspaces/hands-on-introduction-data-engineering-4395021/airflow/dags/one_task_dag.py
[2024-03-09T23:03:35.282+0000] {logging_mixin.py:150} INFO - [2024-03-09T23:03:35.281+0000] {dag.py:2742} INFO - Sync 1 DAGs
[2024-03-09T23:03:35.296+0000] {logging_mixin.py:150} INFO - [2024-03-09T23:03:35.296+0000] {dag.py:3504} INFO - Setting next_dagrun for one_task_dag to None, run_after=None
[2024-03-09T23:03:35.340+0000] {processor.py:179} INFO - Processing /workspaces/hands-on-introduction-data-engineering-4395021/airflow/dags/one_task_dag.py took 0.087 seconds
[2024-03-09T23:04:05.534+0000] {processor.py:157} INFO - Started process (PID=12217) to work on /workspaces/hands-on-introduction-data-engineering-4395021/airflow/dags/one_task_dag.py
[2024-03-09T23:04:05.534+0000] {processor.py:826} INFO - Processing file /workspaces/hands-on-introduction-data-engineering-4395021/airflow/dags/one_task_dag.py for tasks to queue
[2024-03-09T23:04:05.535+0000] {logging_mixin.py:150} INFO - [2024-03-09T23:04:05.535+0000] {dagbag.py:541} INFO - Filling up the DagBag from /workspaces/hands-on-introduction-data-engineering-4395021/airflow/dags/one_task_dag.py
[2024-03-09T23:04:05.543+0000] {processor.py:836} INFO - DAG(s) dict_keys(['one_task_dag']) retrieved from /workspaces/hands-on-introduction-data-engineering-4395021/airflow/dags/one_task_dag.py
[2024-03-09T23:04:05.561+0000] {logging_mixin.py:150} INFO - [2024-03-09T23:04:05.561+0000] {dag.py:2742} INFO - Sync 1 DAGs
[2024-03-09T23:04:05.576+0000] {logging_mixin.py:150} INFO - [2024-03-09T23:04:05.576+0000] {dag.py:3504} INFO - Setting next_dagrun for one_task_dag to None, run_after=None
[2024-03-09T23:04:05.622+0000] {processor.py:179} INFO - Processing /workspaces/hands-on-introduction-data-engineering-4395021/airflow/dags/one_task_dag.py took 0.090 seconds
[2024-03-09T23:04:35.696+0000] {processor.py:157} INFO - Started process (PID=12394) to work on /workspaces/hands-on-introduction-data-engineering-4395021/airflow/dags/one_task_dag.py
[2024-03-09T23:04:35.697+0000] {processor.py:826} INFO - Processing file /workspaces/hands-on-introduction-data-engineering-4395021/airflow/dags/one_task_dag.py for tasks to queue
[2024-03-09T23:04:35.697+0000] {logging_mixin.py:150} INFO - [2024-03-09T23:04:35.697+0000] {dagbag.py:541} INFO - Filling up the DagBag from /workspaces/hands-on-introduction-data-engineering-4395021/airflow/dags/one_task_dag.py
[2024-03-09T23:04:35.705+0000] {processor.py:836} INFO - DAG(s) dict_keys(['one_task_dag']) retrieved from /workspaces/hands-on-introduction-data-engineering-4395021/airflow/dags/one_task_dag.py
[2024-03-09T23:04:35.721+0000] {logging_mixin.py:150} INFO - [2024-03-09T23:04:35.721+0000] {dag.py:2742} INFO - Sync 1 DAGs
[2024-03-09T23:04:35.736+0000] {logging_mixin.py:150} INFO - [2024-03-09T23:04:35.736+0000] {dag.py:3504} INFO - Setting next_dagrun for one_task_dag to None, run_after=None
[2024-03-09T23:04:35.775+0000] {processor.py:179} INFO - Processing /workspaces/hands-on-introduction-data-engineering-4395021/airflow/dags/one_task_dag.py took 0.082 seconds
[2024-03-09T23:05:05.982+0000] {processor.py:157} INFO - Started process (PID=12583) to work on /workspaces/hands-on-introduction-data-engineering-4395021/airflow/dags/one_task_dag.py
[2024-03-09T23:05:05.983+0000] {processor.py:826} INFO - Processing file /workspaces/hands-on-introduction-data-engineering-4395021/airflow/dags/one_task_dag.py for tasks to queue
[2024-03-09T23:05:05.983+0000] {logging_mixin.py:150} INFO - [2024-03-09T23:05:05.983+0000] {dagbag.py:541} INFO - Filling up the DagBag from /workspaces/hands-on-introduction-data-engineering-4395021/airflow/dags/one_task_dag.py
[2024-03-09T23:05:05.991+0000] {processor.py:836} INFO - DAG(s) dict_keys(['one_task_dag']) retrieved from /workspaces/hands-on-introduction-data-engineering-4395021/airflow/dags/one_task_dag.py
[2024-03-09T23:05:06.007+0000] {logging_mixin.py:150} INFO - [2024-03-09T23:05:06.007+0000] {dag.py:2742} INFO - Sync 1 DAGs
[2024-03-09T23:05:06.022+0000] {logging_mixin.py:150} INFO - [2024-03-09T23:05:06.022+0000] {dag.py:3504} INFO - Setting next_dagrun for one_task_dag to None, run_after=None
[2024-03-09T23:05:06.064+0000] {processor.py:179} INFO - Processing /workspaces/hands-on-introduction-data-engineering-4395021/airflow/dags/one_task_dag.py took 0.084 seconds
[2024-03-09T23:05:36.154+0000] {processor.py:157} INFO - Started process (PID=12781) to work on /workspaces/hands-on-introduction-data-engineering-4395021/airflow/dags/one_task_dag.py
[2024-03-09T23:05:36.155+0000] {processor.py:826} INFO - Processing file /workspaces/hands-on-introduction-data-engineering-4395021/airflow/dags/one_task_dag.py for tasks to queue
[2024-03-09T23:05:36.155+0000] {logging_mixin.py:150} INFO - [2024-03-09T23:05:36.155+0000] {dagbag.py:541} INFO - Filling up the DagBag from /workspaces/hands-on-introduction-data-engineering-4395021/airflow/dags/one_task_dag.py
[2024-03-09T23:05:36.176+0000] {processor.py:836} INFO - DAG(s) dict_keys(['one_task_dag']) retrieved from /workspaces/hands-on-introduction-data-engineering-4395021/airflow/dags/one_task_dag.py
[2024-03-09T23:05:36.195+0000] {logging_mixin.py:150} INFO - [2024-03-09T23:05:36.194+0000] {dag.py:2742} INFO - Sync 1 DAGs
[2024-03-09T23:05:36.211+0000] {logging_mixin.py:150} INFO - [2024-03-09T23:05:36.211+0000] {dag.py:3504} INFO - Setting next_dagrun for one_task_dag to None, run_after=None
[2024-03-09T23:05:36.252+0000] {processor.py:179} INFO - Processing /workspaces/hands-on-introduction-data-engineering-4395021/airflow/dags/one_task_dag.py took 0.100 seconds
[2024-03-09T23:06:06.425+0000] {processor.py:157} INFO - Started process (PID=12959) to work on /workspaces/hands-on-introduction-data-engineering-4395021/airflow/dags/one_task_dag.py
[2024-03-09T23:06:06.426+0000] {processor.py:826} INFO - Processing file /workspaces/hands-on-introduction-data-engineering-4395021/airflow/dags/one_task_dag.py for tasks to queue
[2024-03-09T23:06:06.427+0000] {logging_mixin.py:150} INFO - [2024-03-09T23:06:06.426+0000] {dagbag.py:541} INFO - Filling up the DagBag from /workspaces/hands-on-introduction-data-engineering-4395021/airflow/dags/one_task_dag.py
[2024-03-09T23:06:06.434+0000] {processor.py:836} INFO - DAG(s) dict_keys(['one_task_dag']) retrieved from /workspaces/hands-on-introduction-data-engineering-4395021/airflow/dags/one_task_dag.py
[2024-03-09T23:06:06.449+0000] {logging_mixin.py:150} INFO - [2024-03-09T23:06:06.449+0000] {dag.py:2742} INFO - Sync 1 DAGs
[2024-03-09T23:06:06.464+0000] {logging_mixin.py:150} INFO - [2024-03-09T23:06:06.464+0000] {dag.py:3504} INFO - Setting next_dagrun for one_task_dag to None, run_after=None
[2024-03-09T23:06:06.504+0000] {processor.py:179} INFO - Processing /workspaces/hands-on-introduction-data-engineering-4395021/airflow/dags/one_task_dag.py took 0.081 seconds
[2024-03-09T23:06:36.587+0000] {processor.py:157} INFO - Started process (PID=13146) to work on /workspaces/hands-on-introduction-data-engineering-4395021/airflow/dags/one_task_dag.py
[2024-03-09T23:06:36.588+0000] {processor.py:826} INFO - Processing file /workspaces/hands-on-introduction-data-engineering-4395021/airflow/dags/one_task_dag.py for tasks to queue
[2024-03-09T23:06:36.589+0000] {logging_mixin.py:150} INFO - [2024-03-09T23:06:36.588+0000] {dagbag.py:541} INFO - Filling up the DagBag from /workspaces/hands-on-introduction-data-engineering-4395021/airflow/dags/one_task_dag.py
[2024-03-09T23:06:36.597+0000] {processor.py:836} INFO - DAG(s) dict_keys(['one_task_dag']) retrieved from /workspaces/hands-on-introduction-data-engineering-4395021/airflow/dags/one_task_dag.py
[2024-03-09T23:06:36.613+0000] {logging_mixin.py:150} INFO - [2024-03-09T23:06:36.613+0000] {dag.py:2742} INFO - Sync 1 DAGs
[2024-03-09T23:06:36.630+0000] {logging_mixin.py:150} INFO - [2024-03-09T23:06:36.629+0000] {dag.py:3504} INFO - Setting next_dagrun for one_task_dag to None, run_after=None
[2024-03-09T23:06:36.675+0000] {processor.py:179} INFO - Processing /workspaces/hands-on-introduction-data-engineering-4395021/airflow/dags/one_task_dag.py took 0.090 seconds
[2024-03-09T23:07:06.746+0000] {processor.py:157} INFO - Started process (PID=13342) to work on /workspaces/hands-on-introduction-data-engineering-4395021/airflow/dags/one_task_dag.py
[2024-03-09T23:07:06.746+0000] {processor.py:826} INFO - Processing file /workspaces/hands-on-introduction-data-engineering-4395021/airflow/dags/one_task_dag.py for tasks to queue
[2024-03-09T23:07:06.747+0000] {logging_mixin.py:150} INFO - [2024-03-09T23:07:06.747+0000] {dagbag.py:541} INFO - Filling up the DagBag from /workspaces/hands-on-introduction-data-engineering-4395021/airflow/dags/one_task_dag.py
[2024-03-09T23:07:06.755+0000] {processor.py:836} INFO - DAG(s) dict_keys(['one_task_dag']) retrieved from /workspaces/hands-on-introduction-data-engineering-4395021/airflow/dags/one_task_dag.py
[2024-03-09T23:07:06.770+0000] {logging_mixin.py:150} INFO - [2024-03-09T23:07:06.770+0000] {dag.py:2742} INFO - Sync 1 DAGs
[2024-03-09T23:07:06.785+0000] {logging_mixin.py:150} INFO - [2024-03-09T23:07:06.785+0000] {dag.py:3504} INFO - Setting next_dagrun for one_task_dag to None, run_after=None
[2024-03-09T23:07:06.826+0000] {processor.py:179} INFO - Processing /workspaces/hands-on-introduction-data-engineering-4395021/airflow/dags/one_task_dag.py took 0.082 seconds
[2024-03-09T23:07:36.935+0000] {processor.py:157} INFO - Started process (PID=13528) to work on /workspaces/hands-on-introduction-data-engineering-4395021/airflow/dags/one_task_dag.py
[2024-03-09T23:07:36.936+0000] {processor.py:826} INFO - Processing file /workspaces/hands-on-introduction-data-engineering-4395021/airflow/dags/one_task_dag.py for tasks to queue
[2024-03-09T23:07:36.936+0000] {logging_mixin.py:150} INFO - [2024-03-09T23:07:36.936+0000] {dagbag.py:541} INFO - Filling up the DagBag from /workspaces/hands-on-introduction-data-engineering-4395021/airflow/dags/one_task_dag.py
[2024-03-09T23:07:36.944+0000] {processor.py:836} INFO - DAG(s) dict_keys(['one_task_dag']) retrieved from /workspaces/hands-on-introduction-data-engineering-4395021/airflow/dags/one_task_dag.py
[2024-03-09T23:07:36.960+0000] {logging_mixin.py:150} INFO - [2024-03-09T23:07:36.960+0000] {dag.py:2742} INFO - Sync 1 DAGs
[2024-03-09T23:07:36.975+0000] {logging_mixin.py:150} INFO - [2024-03-09T23:07:36.975+0000] {dag.py:3504} INFO - Setting next_dagrun for one_task_dag to None, run_after=None
[2024-03-09T23:07:37.017+0000] {processor.py:179} INFO - Processing /workspaces/hands-on-introduction-data-engineering-4395021/airflow/dags/one_task_dag.py took 0.084 seconds
[2024-03-09T23:08:07.641+0000] {processor.py:157} INFO - Started process (PID=13711) to work on /workspaces/hands-on-introduction-data-engineering-4395021/airflow/dags/one_task_dag.py
[2024-03-09T23:08:07.642+0000] {processor.py:826} INFO - Processing file /workspaces/hands-on-introduction-data-engineering-4395021/airflow/dags/one_task_dag.py for tasks to queue
[2024-03-09T23:08:07.643+0000] {logging_mixin.py:150} INFO - [2024-03-09T23:08:07.643+0000] {dagbag.py:541} INFO - Filling up the DagBag from /workspaces/hands-on-introduction-data-engineering-4395021/airflow/dags/one_task_dag.py
[2024-03-09T23:08:07.651+0000] {processor.py:836} INFO - DAG(s) dict_keys(['one_task_dag']) retrieved from /workspaces/hands-on-introduction-data-engineering-4395021/airflow/dags/one_task_dag.py
[2024-03-09T23:08:07.668+0000] {logging_mixin.py:150} INFO - [2024-03-09T23:08:07.668+0000] {dag.py:2742} INFO - Sync 1 DAGs
[2024-03-09T23:08:07.683+0000] {logging_mixin.py:150} INFO - [2024-03-09T23:08:07.682+0000] {dag.py:3504} INFO - Setting next_dagrun for one_task_dag to None, run_after=None
[2024-03-09T23:08:07.817+0000] {processor.py:179} INFO - Processing /workspaces/hands-on-introduction-data-engineering-4395021/airflow/dags/one_task_dag.py took 0.178 seconds
[2024-03-09T23:08:37.899+0000] {processor.py:157} INFO - Started process (PID=13919) to work on /workspaces/hands-on-introduction-data-engineering-4395021/airflow/dags/one_task_dag.py
[2024-03-09T23:08:37.899+0000] {processor.py:826} INFO - Processing file /workspaces/hands-on-introduction-data-engineering-4395021/airflow/dags/one_task_dag.py for tasks to queue
[2024-03-09T23:08:37.900+0000] {logging_mixin.py:150} INFO - [2024-03-09T23:08:37.900+0000] {dagbag.py:541} INFO - Filling up the DagBag from /workspaces/hands-on-introduction-data-engineering-4395021/airflow/dags/one_task_dag.py
[2024-03-09T23:08:37.907+0000] {processor.py:836} INFO - DAG(s) dict_keys(['one_task_dag']) retrieved from /workspaces/hands-on-introduction-data-engineering-4395021/airflow/dags/one_task_dag.py
[2024-03-09T23:08:37.923+0000] {logging_mixin.py:150} INFO - [2024-03-09T23:08:37.922+0000] {dag.py:2742} INFO - Sync 1 DAGs
[2024-03-09T23:08:37.937+0000] {logging_mixin.py:150} INFO - [2024-03-09T23:08:37.937+0000] {dag.py:3504} INFO - Setting next_dagrun for one_task_dag to None, run_after=None
[2024-03-09T23:08:37.979+0000] {processor.py:179} INFO - Processing /workspaces/hands-on-introduction-data-engineering-4395021/airflow/dags/one_task_dag.py took 0.083 seconds
[2024-03-09T23:09:08.429+0000] {processor.py:157} INFO - Started process (PID=14121) to work on /workspaces/hands-on-introduction-data-engineering-4395021/airflow/dags/one_task_dag.py
[2024-03-09T23:09:08.430+0000] {processor.py:826} INFO - Processing file /workspaces/hands-on-introduction-data-engineering-4395021/airflow/dags/one_task_dag.py for tasks to queue
[2024-03-09T23:09:08.430+0000] {logging_mixin.py:150} INFO - [2024-03-09T23:09:08.430+0000] {dagbag.py:541} INFO - Filling up the DagBag from /workspaces/hands-on-introduction-data-engineering-4395021/airflow/dags/one_task_dag.py
[2024-03-09T23:09:08.438+0000] {processor.py:836} INFO - DAG(s) dict_keys(['one_task_dag']) retrieved from /workspaces/hands-on-introduction-data-engineering-4395021/airflow/dags/one_task_dag.py
[2024-03-09T23:09:08.454+0000] {logging_mixin.py:150} INFO - [2024-03-09T23:09:08.454+0000] {dag.py:2742} INFO - Sync 1 DAGs
[2024-03-09T23:09:08.469+0000] {logging_mixin.py:150} INFO - [2024-03-09T23:09:08.469+0000] {dag.py:3504} INFO - Setting next_dagrun for one_task_dag to None, run_after=None
[2024-03-09T23:09:08.600+0000] {processor.py:179} INFO - Processing /workspaces/hands-on-introduction-data-engineering-4395021/airflow/dags/one_task_dag.py took 0.173 seconds
[2024-03-09T23:09:39.115+0000] {processor.py:157} INFO - Started process (PID=14322) to work on /workspaces/hands-on-introduction-data-engineering-4395021/airflow/dags/one_task_dag.py
[2024-03-09T23:09:39.115+0000] {processor.py:826} INFO - Processing file /workspaces/hands-on-introduction-data-engineering-4395021/airflow/dags/one_task_dag.py for tasks to queue
[2024-03-09T23:09:39.116+0000] {logging_mixin.py:150} INFO - [2024-03-09T23:09:39.116+0000] {dagbag.py:541} INFO - Filling up the DagBag from /workspaces/hands-on-introduction-data-engineering-4395021/airflow/dags/one_task_dag.py
[2024-03-09T23:09:39.124+0000] {processor.py:836} INFO - DAG(s) dict_keys(['one_task_dag']) retrieved from /workspaces/hands-on-introduction-data-engineering-4395021/airflow/dags/one_task_dag.py
[2024-03-09T23:09:39.140+0000] {logging_mixin.py:150} INFO - [2024-03-09T23:09:39.139+0000] {dag.py:2742} INFO - Sync 1 DAGs
[2024-03-09T23:09:39.155+0000] {logging_mixin.py:150} INFO - [2024-03-09T23:09:39.155+0000] {dag.py:3504} INFO - Setting next_dagrun for one_task_dag to None, run_after=None
[2024-03-09T23:09:39.198+0000] {processor.py:179} INFO - Processing /workspaces/hands-on-introduction-data-engineering-4395021/airflow/dags/one_task_dag.py took 0.086 seconds
[2024-03-09T23:10:10.176+0000] {processor.py:157} INFO - Started process (PID=14510) to work on /workspaces/hands-on-introduction-data-engineering-4395021/airflow/dags/one_task_dag.py
[2024-03-09T23:10:10.177+0000] {processor.py:826} INFO - Processing file /workspaces/hands-on-introduction-data-engineering-4395021/airflow/dags/one_task_dag.py for tasks to queue
[2024-03-09T23:10:10.178+0000] {logging_mixin.py:150} INFO - [2024-03-09T23:10:10.178+0000] {dagbag.py:541} INFO - Filling up the DagBag from /workspaces/hands-on-introduction-data-engineering-4395021/airflow/dags/one_task_dag.py
[2024-03-09T23:10:10.186+0000] {processor.py:836} INFO - DAG(s) dict_keys(['one_task_dag']) retrieved from /workspaces/hands-on-introduction-data-engineering-4395021/airflow/dags/one_task_dag.py
[2024-03-09T23:10:10.201+0000] {logging_mixin.py:150} INFO - [2024-03-09T23:10:10.201+0000] {dag.py:2742} INFO - Sync 1 DAGs
[2024-03-09T23:10:10.216+0000] {logging_mixin.py:150} INFO - [2024-03-09T23:10:10.216+0000] {dag.py:3504} INFO - Setting next_dagrun for one_task_dag to None, run_after=None
[2024-03-09T23:10:10.256+0000] {processor.py:179} INFO - Processing /workspaces/hands-on-introduction-data-engineering-4395021/airflow/dags/one_task_dag.py took 0.082 seconds
[2024-03-09T23:10:40.608+0000] {processor.py:157} INFO - Started process (PID=14719) to work on /workspaces/hands-on-introduction-data-engineering-4395021/airflow/dags/one_task_dag.py
[2024-03-09T23:10:40.609+0000] {processor.py:826} INFO - Processing file /workspaces/hands-on-introduction-data-engineering-4395021/airflow/dags/one_task_dag.py for tasks to queue
[2024-03-09T23:10:40.609+0000] {logging_mixin.py:150} INFO - [2024-03-09T23:10:40.609+0000] {dagbag.py:541} INFO - Filling up the DagBag from /workspaces/hands-on-introduction-data-engineering-4395021/airflow/dags/one_task_dag.py
[2024-03-09T23:10:40.617+0000] {processor.py:836} INFO - DAG(s) dict_keys(['one_task_dag']) retrieved from /workspaces/hands-on-introduction-data-engineering-4395021/airflow/dags/one_task_dag.py
[2024-03-09T23:10:40.634+0000] {logging_mixin.py:150} INFO - [2024-03-09T23:10:40.634+0000] {dag.py:2742} INFO - Sync 1 DAGs
[2024-03-09T23:10:40.650+0000] {logging_mixin.py:150} INFO - [2024-03-09T23:10:40.650+0000] {dag.py:3504} INFO - Setting next_dagrun for one_task_dag to None, run_after=None
[2024-03-09T23:10:40.692+0000] {processor.py:179} INFO - Processing /workspaces/hands-on-introduction-data-engineering-4395021/airflow/dags/one_task_dag.py took 0.087 seconds
[2024-03-09T23:11:11.408+0000] {processor.py:157} INFO - Started process (PID=14906) to work on /workspaces/hands-on-introduction-data-engineering-4395021/airflow/dags/one_task_dag.py
[2024-03-09T23:11:11.408+0000] {processor.py:826} INFO - Processing file /workspaces/hands-on-introduction-data-engineering-4395021/airflow/dags/one_task_dag.py for tasks to queue
[2024-03-09T23:11:11.409+0000] {logging_mixin.py:150} INFO - [2024-03-09T23:11:11.409+0000] {dagbag.py:541} INFO - Filling up the DagBag from /workspaces/hands-on-introduction-data-engineering-4395021/airflow/dags/one_task_dag.py
[2024-03-09T23:11:11.416+0000] {processor.py:836} INFO - DAG(s) dict_keys(['one_task_dag']) retrieved from /workspaces/hands-on-introduction-data-engineering-4395021/airflow/dags/one_task_dag.py
[2024-03-09T23:11:11.432+0000] {logging_mixin.py:150} INFO - [2024-03-09T23:11:11.432+0000] {dag.py:2742} INFO - Sync 1 DAGs
[2024-03-09T23:11:11.447+0000] {logging_mixin.py:150} INFO - [2024-03-09T23:11:11.447+0000] {dag.py:3504} INFO - Setting next_dagrun for one_task_dag to None, run_after=None
[2024-03-09T23:11:11.487+0000] {processor.py:179} INFO - Processing /workspaces/hands-on-introduction-data-engineering-4395021/airflow/dags/one_task_dag.py took 0.081 seconds
[2024-03-09T23:11:42.088+0000] {processor.py:157} INFO - Started process (PID=15102) to work on /workspaces/hands-on-introduction-data-engineering-4395021/airflow/dags/one_task_dag.py
[2024-03-09T23:11:42.089+0000] {processor.py:826} INFO - Processing file /workspaces/hands-on-introduction-data-engineering-4395021/airflow/dags/one_task_dag.py for tasks to queue
[2024-03-09T23:11:42.090+0000] {logging_mixin.py:150} INFO - [2024-03-09T23:11:42.089+0000] {dagbag.py:541} INFO - Filling up the DagBag from /workspaces/hands-on-introduction-data-engineering-4395021/airflow/dags/one_task_dag.py
[2024-03-09T23:11:42.099+0000] {processor.py:836} INFO - DAG(s) dict_keys(['one_task_dag']) retrieved from /workspaces/hands-on-introduction-data-engineering-4395021/airflow/dags/one_task_dag.py
[2024-03-09T23:11:42.115+0000] {logging_mixin.py:150} INFO - [2024-03-09T23:11:42.115+0000] {dag.py:2742} INFO - Sync 1 DAGs
[2024-03-09T23:11:42.132+0000] {logging_mixin.py:150} INFO - [2024-03-09T23:11:42.132+0000] {dag.py:3504} INFO - Setting next_dagrun for one_task_dag to None, run_after=None
[2024-03-09T23:11:42.173+0000] {processor.py:179} INFO - Processing /workspaces/hands-on-introduction-data-engineering-4395021/airflow/dags/one_task_dag.py took 0.089 seconds
[2024-03-09T23:12:12.762+0000] {processor.py:157} INFO - Started process (PID=15306) to work on /workspaces/hands-on-introduction-data-engineering-4395021/airflow/dags/one_task_dag.py
[2024-03-09T23:12:12.763+0000] {processor.py:826} INFO - Processing file /workspaces/hands-on-introduction-data-engineering-4395021/airflow/dags/one_task_dag.py for tasks to queue
[2024-03-09T23:12:12.764+0000] {logging_mixin.py:150} INFO - [2024-03-09T23:12:12.764+0000] {dagbag.py:541} INFO - Filling up the DagBag from /workspaces/hands-on-introduction-data-engineering-4395021/airflow/dags/one_task_dag.py
[2024-03-09T23:12:12.772+0000] {processor.py:836} INFO - DAG(s) dict_keys(['one_task_dag']) retrieved from /workspaces/hands-on-introduction-data-engineering-4395021/airflow/dags/one_task_dag.py
[2024-03-09T23:12:12.789+0000] {logging_mixin.py:150} INFO - [2024-03-09T23:12:12.789+0000] {dag.py:2742} INFO - Sync 1 DAGs
[2024-03-09T23:12:12.804+0000] {logging_mixin.py:150} INFO - [2024-03-09T23:12:12.804+0000] {dag.py:3504} INFO - Setting next_dagrun for one_task_dag to None, run_after=None
[2024-03-09T23:12:12.844+0000] {processor.py:179} INFO - Processing /workspaces/hands-on-introduction-data-engineering-4395021/airflow/dags/one_task_dag.py took 0.084 seconds
[2024-03-09T23:12:42.983+0000] {processor.py:157} INFO - Started process (PID=15490) to work on /workspaces/hands-on-introduction-data-engineering-4395021/airflow/dags/one_task_dag.py
[2024-03-09T23:12:42.984+0000] {processor.py:826} INFO - Processing file /workspaces/hands-on-introduction-data-engineering-4395021/airflow/dags/one_task_dag.py for tasks to queue
[2024-03-09T23:12:42.985+0000] {logging_mixin.py:150} INFO - [2024-03-09T23:12:42.985+0000] {dagbag.py:541} INFO - Filling up the DagBag from /workspaces/hands-on-introduction-data-engineering-4395021/airflow/dags/one_task_dag.py
[2024-03-09T23:12:42.993+0000] {processor.py:836} INFO - DAG(s) dict_keys(['one_task_dag']) retrieved from /workspaces/hands-on-introduction-data-engineering-4395021/airflow/dags/one_task_dag.py
[2024-03-09T23:12:43.009+0000] {logging_mixin.py:150} INFO - [2024-03-09T23:12:43.009+0000] {dag.py:2742} INFO - Sync 1 DAGs
[2024-03-09T23:12:43.024+0000] {logging_mixin.py:150} INFO - [2024-03-09T23:12:43.024+0000] {dag.py:3504} INFO - Setting next_dagrun for one_task_dag to None, run_after=None
[2024-03-09T23:12:43.064+0000] {processor.py:179} INFO - Processing /workspaces/hands-on-introduction-data-engineering-4395021/airflow/dags/one_task_dag.py took 0.083 seconds
[2024-03-09T23:13:13.404+0000] {processor.py:157} INFO - Started process (PID=15678) to work on /workspaces/hands-on-introduction-data-engineering-4395021/airflow/dags/one_task_dag.py
[2024-03-09T23:13:13.404+0000] {processor.py:826} INFO - Processing file /workspaces/hands-on-introduction-data-engineering-4395021/airflow/dags/one_task_dag.py for tasks to queue
[2024-03-09T23:13:13.405+0000] {logging_mixin.py:150} INFO - [2024-03-09T23:13:13.405+0000] {dagbag.py:541} INFO - Filling up the DagBag from /workspaces/hands-on-introduction-data-engineering-4395021/airflow/dags/one_task_dag.py
[2024-03-09T23:13:13.413+0000] {processor.py:836} INFO - DAG(s) dict_keys(['one_task_dag']) retrieved from /workspaces/hands-on-introduction-data-engineering-4395021/airflow/dags/one_task_dag.py
[2024-03-09T23:13:13.429+0000] {logging_mixin.py:150} INFO - [2024-03-09T23:13:13.428+0000] {dag.py:2742} INFO - Sync 1 DAGs
[2024-03-09T23:13:13.444+0000] {logging_mixin.py:150} INFO - [2024-03-09T23:13:13.443+0000] {dag.py:3504} INFO - Setting next_dagrun for one_task_dag to None, run_after=None
[2024-03-09T23:13:13.483+0000] {processor.py:179} INFO - Processing /workspaces/hands-on-introduction-data-engineering-4395021/airflow/dags/one_task_dag.py took 0.082 seconds
[2024-03-09T23:13:44.518+0000] {processor.py:157} INFO - Started process (PID=15866) to work on /workspaces/hands-on-introduction-data-engineering-4395021/airflow/dags/one_task_dag.py
[2024-03-09T23:13:44.519+0000] {processor.py:826} INFO - Processing file /workspaces/hands-on-introduction-data-engineering-4395021/airflow/dags/one_task_dag.py for tasks to queue
[2024-03-09T23:13:44.519+0000] {logging_mixin.py:150} INFO - [2024-03-09T23:13:44.519+0000] {dagbag.py:541} INFO - Filling up the DagBag from /workspaces/hands-on-introduction-data-engineering-4395021/airflow/dags/one_task_dag.py
[2024-03-09T23:13:44.527+0000] {processor.py:836} INFO - DAG(s) dict_keys(['one_task_dag']) retrieved from /workspaces/hands-on-introduction-data-engineering-4395021/airflow/dags/one_task_dag.py
[2024-03-09T23:13:44.542+0000] {logging_mixin.py:150} INFO - [2024-03-09T23:13:44.542+0000] {dag.py:2742} INFO - Sync 1 DAGs
[2024-03-09T23:13:44.557+0000] {logging_mixin.py:150} INFO - [2024-03-09T23:13:44.557+0000] {dag.py:3504} INFO - Setting next_dagrun for one_task_dag to None, run_after=None
[2024-03-09T23:13:44.596+0000] {processor.py:179} INFO - Processing /workspaces/hands-on-introduction-data-engineering-4395021/airflow/dags/one_task_dag.py took 0.080 seconds
[2024-03-09T23:14:15.197+0000] {processor.py:157} INFO - Started process (PID=16060) to work on /workspaces/hands-on-introduction-data-engineering-4395021/airflow/dags/one_task_dag.py
[2024-03-09T23:14:15.198+0000] {processor.py:826} INFO - Processing file /workspaces/hands-on-introduction-data-engineering-4395021/airflow/dags/one_task_dag.py for tasks to queue
[2024-03-09T23:14:15.198+0000] {logging_mixin.py:150} INFO - [2024-03-09T23:14:15.198+0000] {dagbag.py:541} INFO - Filling up the DagBag from /workspaces/hands-on-introduction-data-engineering-4395021/airflow/dags/one_task_dag.py
[2024-03-09T23:14:15.206+0000] {processor.py:836} INFO - DAG(s) dict_keys(['one_task_dag']) retrieved from /workspaces/hands-on-introduction-data-engineering-4395021/airflow/dags/one_task_dag.py
[2024-03-09T23:14:15.222+0000] {logging_mixin.py:150} INFO - [2024-03-09T23:14:15.222+0000] {dag.py:2742} INFO - Sync 1 DAGs
[2024-03-09T23:14:15.237+0000] {logging_mixin.py:150} INFO - [2024-03-09T23:14:15.237+0000] {dag.py:3504} INFO - Setting next_dagrun for one_task_dag to None, run_after=None
[2024-03-09T23:14:15.288+0000] {processor.py:179} INFO - Processing /workspaces/hands-on-introduction-data-engineering-4395021/airflow/dags/one_task_dag.py took 0.093 seconds
[2024-03-09T23:14:47.095+0000] {processor.py:157} INFO - Started process (PID=16982) to work on /workspaces/hands-on-introduction-data-engineering-4395021/airflow/dags/one_task_dag.py
[2024-03-09T23:14:47.096+0000] {processor.py:826} INFO - Processing file /workspaces/hands-on-introduction-data-engineering-4395021/airflow/dags/one_task_dag.py for tasks to queue
[2024-03-09T23:14:47.097+0000] {logging_mixin.py:150} INFO - [2024-03-09T23:14:47.097+0000] {dagbag.py:541} INFO - Filling up the DagBag from /workspaces/hands-on-introduction-data-engineering-4395021/airflow/dags/one_task_dag.py
[2024-03-09T23:14:47.112+0000] {processor.py:836} INFO - DAG(s) dict_keys(['one_task_dag']) retrieved from /workspaces/hands-on-introduction-data-engineering-4395021/airflow/dags/one_task_dag.py
[2024-03-09T23:14:47.136+0000] {logging_mixin.py:150} INFO - [2024-03-09T23:14:47.136+0000] {dag.py:2742} INFO - Sync 1 DAGs
[2024-03-09T23:14:47.161+0000] {logging_mixin.py:150} INFO - [2024-03-09T23:14:47.161+0000] {dag.py:3504} INFO - Setting next_dagrun for one_task_dag to None, run_after=None
[2024-03-09T23:14:47.222+0000] {processor.py:179} INFO - Processing /workspaces/hands-on-introduction-data-engineering-4395021/airflow/dags/one_task_dag.py took 0.129 seconds
