[2024-03-09T23:06:47.628+0000] {processor.py:157} INFO - Started process (PID=13225) to work on /workspaces/hands-on-introduction-data-engineering-4395021/airflow/dags/transform_dag.py
[2024-03-09T23:06:47.628+0000] {processor.py:826} INFO - Processing file /workspaces/hands-on-introduction-data-engineering-4395021/airflow/dags/transform_dag.py for tasks to queue
[2024-03-09T23:06:47.629+0000] {logging_mixin.py:150} INFO - [2024-03-09T23:06:47.629+0000] {dagbag.py:541} INFO - Filling up the DagBag from /workspaces/hands-on-introduction-data-engineering-4395021/airflow/dags/transform_dag.py
[2024-03-09T23:06:50.620+0000] {processor.py:836} INFO - DAG(s) dict_keys(['transform_dag']) retrieved from /workspaces/hands-on-introduction-data-engineering-4395021/airflow/dags/transform_dag.py
[2024-03-09T23:06:50.766+0000] {logging_mixin.py:150} INFO - [2024-03-09T23:06:50.765+0000] {manager.py:504} INFO - Created Permission View: can delete on DAG:transform_dag
[2024-03-09T23:06:50.859+0000] {logging_mixin.py:150} INFO - [2024-03-09T23:06:50.859+0000] {manager.py:504} INFO - Created Permission View: can edit on DAG:transform_dag
[2024-03-09T23:06:50.935+0000] {logging_mixin.py:150} INFO - [2024-03-09T23:06:50.935+0000] {manager.py:504} INFO - Created Permission View: can read on DAG:transform_dag
[2024-03-09T23:06:50.945+0000] {logging_mixin.py:150} INFO - [2024-03-09T23:06:50.944+0000] {dag.py:2742} INFO - Sync 1 DAGs
[2024-03-09T23:06:50.951+0000] {logging_mixin.py:150} INFO - [2024-03-09T23:06:50.951+0000] {dag.py:2763} INFO - Creating ORM DAG for transform_dag
[2024-03-09T23:06:50.958+0000] {logging_mixin.py:150} INFO - [2024-03-09T23:06:50.958+0000] {dag.py:3504} INFO - Setting next_dagrun for transform_dag to None, run_after=None
[2024-03-09T23:06:50.997+0000] {processor.py:179} INFO - Processing /workspaces/hands-on-introduction-data-engineering-4395021/airflow/dags/transform_dag.py took 3.372 seconds
[2024-03-09T23:07:21.148+0000] {processor.py:157} INFO - Started process (PID=13445) to work on /workspaces/hands-on-introduction-data-engineering-4395021/airflow/dags/transform_dag.py
[2024-03-09T23:07:21.158+0000] {processor.py:826} INFO - Processing file /workspaces/hands-on-introduction-data-engineering-4395021/airflow/dags/transform_dag.py for tasks to queue
[2024-03-09T23:07:21.159+0000] {logging_mixin.py:150} INFO - [2024-03-09T23:07:21.159+0000] {dagbag.py:541} INFO - Filling up the DagBag from /workspaces/hands-on-introduction-data-engineering-4395021/airflow/dags/transform_dag.py
[2024-03-09T23:07:21.666+0000] {processor.py:836} INFO - DAG(s) dict_keys(['transform_dag']) retrieved from /workspaces/hands-on-introduction-data-engineering-4395021/airflow/dags/transform_dag.py
[2024-03-09T23:07:21.679+0000] {logging_mixin.py:150} INFO - [2024-03-09T23:07:21.678+0000] {dag.py:2742} INFO - Sync 1 DAGs
[2024-03-09T23:07:21.692+0000] {logging_mixin.py:150} INFO - [2024-03-09T23:07:21.692+0000] {dag.py:3504} INFO - Setting next_dagrun for transform_dag to None, run_after=None
[2024-03-09T23:07:21.732+0000] {processor.py:179} INFO - Processing /workspaces/hands-on-introduction-data-engineering-4395021/airflow/dags/transform_dag.py took 0.587 seconds
[2024-03-09T23:07:52.081+0000] {processor.py:157} INFO - Started process (PID=13633) to work on /workspaces/hands-on-introduction-data-engineering-4395021/airflow/dags/transform_dag.py
[2024-03-09T23:07:52.082+0000] {processor.py:826} INFO - Processing file /workspaces/hands-on-introduction-data-engineering-4395021/airflow/dags/transform_dag.py for tasks to queue
[2024-03-09T23:07:52.083+0000] {logging_mixin.py:150} INFO - [2024-03-09T23:07:52.083+0000] {dagbag.py:541} INFO - Filling up the DagBag from /workspaces/hands-on-introduction-data-engineering-4395021/airflow/dags/transform_dag.py
[2024-03-09T23:07:52.460+0000] {processor.py:836} INFO - DAG(s) dict_keys(['transform_dag']) retrieved from /workspaces/hands-on-introduction-data-engineering-4395021/airflow/dags/transform_dag.py
[2024-03-09T23:07:52.475+0000] {logging_mixin.py:150} INFO - [2024-03-09T23:07:52.475+0000] {dag.py:2742} INFO - Sync 1 DAGs
[2024-03-09T23:07:52.489+0000] {logging_mixin.py:150} INFO - [2024-03-09T23:07:52.489+0000] {dag.py:3504} INFO - Setting next_dagrun for transform_dag to None, run_after=None
[2024-03-09T23:07:52.541+0000] {processor.py:179} INFO - Processing /workspaces/hands-on-introduction-data-engineering-4395021/airflow/dags/transform_dag.py took 0.463 seconds
[2024-03-09T23:08:22.840+0000] {processor.py:157} INFO - Started process (PID=13826) to work on /workspaces/hands-on-introduction-data-engineering-4395021/airflow/dags/transform_dag.py
[2024-03-09T23:08:22.841+0000] {processor.py:826} INFO - Processing file /workspaces/hands-on-introduction-data-engineering-4395021/airflow/dags/transform_dag.py for tasks to queue
[2024-03-09T23:08:22.841+0000] {logging_mixin.py:150} INFO - [2024-03-09T23:08:22.841+0000] {dagbag.py:541} INFO - Filling up the DagBag from /workspaces/hands-on-introduction-data-engineering-4395021/airflow/dags/transform_dag.py
[2024-03-09T23:08:23.225+0000] {processor.py:836} INFO - DAG(s) dict_keys(['transform_dag']) retrieved from /workspaces/hands-on-introduction-data-engineering-4395021/airflow/dags/transform_dag.py
[2024-03-09T23:08:23.242+0000] {logging_mixin.py:150} INFO - [2024-03-09T23:08:23.241+0000] {dag.py:2742} INFO - Sync 1 DAGs
[2024-03-09T23:08:23.255+0000] {logging_mixin.py:150} INFO - [2024-03-09T23:08:23.255+0000] {dag.py:3504} INFO - Setting next_dagrun for transform_dag to None, run_after=None
[2024-03-09T23:08:23.292+0000] {processor.py:179} INFO - Processing /workspaces/hands-on-introduction-data-engineering-4395021/airflow/dags/transform_dag.py took 0.455 seconds
[2024-03-09T23:08:53.437+0000] {processor.py:157} INFO - Started process (PID=14021) to work on /workspaces/hands-on-introduction-data-engineering-4395021/airflow/dags/transform_dag.py
[2024-03-09T23:08:53.437+0000] {processor.py:826} INFO - Processing file /workspaces/hands-on-introduction-data-engineering-4395021/airflow/dags/transform_dag.py for tasks to queue
[2024-03-09T23:08:53.438+0000] {logging_mixin.py:150} INFO - [2024-03-09T23:08:53.438+0000] {dagbag.py:541} INFO - Filling up the DagBag from /workspaces/hands-on-introduction-data-engineering-4395021/airflow/dags/transform_dag.py
[2024-03-09T23:08:53.806+0000] {processor.py:836} INFO - DAG(s) dict_keys(['transform_dag']) retrieved from /workspaces/hands-on-introduction-data-engineering-4395021/airflow/dags/transform_dag.py
[2024-03-09T23:08:53.818+0000] {logging_mixin.py:150} INFO - [2024-03-09T23:08:53.818+0000] {dag.py:2742} INFO - Sync 1 DAGs
[2024-03-09T23:08:53.832+0000] {logging_mixin.py:150} INFO - [2024-03-09T23:08:53.831+0000] {dag.py:3504} INFO - Setting next_dagrun for transform_dag to None, run_after=None
[2024-03-09T23:08:53.876+0000] {processor.py:179} INFO - Processing /workspaces/hands-on-introduction-data-engineering-4395021/airflow/dags/transform_dag.py took 0.441 seconds
[2024-03-09T23:09:24.049+0000] {processor.py:157} INFO - Started process (PID=14233) to work on /workspaces/hands-on-introduction-data-engineering-4395021/airflow/dags/transform_dag.py
[2024-03-09T23:09:24.049+0000] {processor.py:826} INFO - Processing file /workspaces/hands-on-introduction-data-engineering-4395021/airflow/dags/transform_dag.py for tasks to queue
[2024-03-09T23:09:24.050+0000] {logging_mixin.py:150} INFO - [2024-03-09T23:09:24.050+0000] {dagbag.py:541} INFO - Filling up the DagBag from /workspaces/hands-on-introduction-data-engineering-4395021/airflow/dags/transform_dag.py
[2024-03-09T23:09:24.484+0000] {processor.py:836} INFO - DAG(s) dict_keys(['transform_dag']) retrieved from /workspaces/hands-on-introduction-data-engineering-4395021/airflow/dags/transform_dag.py
[2024-03-09T23:09:24.502+0000] {logging_mixin.py:150} INFO - [2024-03-09T23:09:24.501+0000] {dag.py:2742} INFO - Sync 1 DAGs
[2024-03-09T23:09:24.516+0000] {logging_mixin.py:150} INFO - [2024-03-09T23:09:24.516+0000] {dag.py:3504} INFO - Setting next_dagrun for transform_dag to None, run_after=None
[2024-03-09T23:09:24.570+0000] {processor.py:179} INFO - Processing /workspaces/hands-on-introduction-data-engineering-4395021/airflow/dags/transform_dag.py took 0.524 seconds
[2024-03-09T23:09:54.747+0000] {processor.py:157} INFO - Started process (PID=14427) to work on /workspaces/hands-on-introduction-data-engineering-4395021/airflow/dags/transform_dag.py
[2024-03-09T23:09:54.748+0000] {processor.py:826} INFO - Processing file /workspaces/hands-on-introduction-data-engineering-4395021/airflow/dags/transform_dag.py for tasks to queue
[2024-03-09T23:09:54.749+0000] {logging_mixin.py:150} INFO - [2024-03-09T23:09:54.749+0000] {dagbag.py:541} INFO - Filling up the DagBag from /workspaces/hands-on-introduction-data-engineering-4395021/airflow/dags/transform_dag.py
[2024-03-09T23:09:55.105+0000] {processor.py:836} INFO - DAG(s) dict_keys(['transform_dag']) retrieved from /workspaces/hands-on-introduction-data-engineering-4395021/airflow/dags/transform_dag.py
[2024-03-09T23:09:55.119+0000] {logging_mixin.py:150} INFO - [2024-03-09T23:09:55.119+0000] {dag.py:2742} INFO - Sync 1 DAGs
[2024-03-09T23:09:55.133+0000] {logging_mixin.py:150} INFO - [2024-03-09T23:09:55.132+0000] {dag.py:3504} INFO - Setting next_dagrun for transform_dag to None, run_after=None
[2024-03-09T23:09:55.173+0000] {processor.py:179} INFO - Processing /workspaces/hands-on-introduction-data-engineering-4395021/airflow/dags/transform_dag.py took 0.428 seconds
[2024-03-09T23:10:25.340+0000] {processor.py:157} INFO - Started process (PID=14614) to work on /workspaces/hands-on-introduction-data-engineering-4395021/airflow/dags/transform_dag.py
[2024-03-09T23:10:25.340+0000] {processor.py:826} INFO - Processing file /workspaces/hands-on-introduction-data-engineering-4395021/airflow/dags/transform_dag.py for tasks to queue
[2024-03-09T23:10:25.341+0000] {logging_mixin.py:150} INFO - [2024-03-09T23:10:25.341+0000] {dagbag.py:541} INFO - Filling up the DagBag from /workspaces/hands-on-introduction-data-engineering-4395021/airflow/dags/transform_dag.py
[2024-03-09T23:10:25.730+0000] {processor.py:836} INFO - DAG(s) dict_keys(['transform_dag']) retrieved from /workspaces/hands-on-introduction-data-engineering-4395021/airflow/dags/transform_dag.py
[2024-03-09T23:10:25.744+0000] {logging_mixin.py:150} INFO - [2024-03-09T23:10:25.744+0000] {dag.py:2742} INFO - Sync 1 DAGs
[2024-03-09T23:10:25.759+0000] {logging_mixin.py:150} INFO - [2024-03-09T23:10:25.759+0000] {dag.py:3504} INFO - Setting next_dagrun for transform_dag to None, run_after=None
[2024-03-09T23:10:25.798+0000] {processor.py:179} INFO - Processing /workspaces/hands-on-introduction-data-engineering-4395021/airflow/dags/transform_dag.py took 0.461 seconds
[2024-03-09T23:10:55.901+0000] {processor.py:157} INFO - Started process (PID=14815) to work on /workspaces/hands-on-introduction-data-engineering-4395021/airflow/dags/transform_dag.py
[2024-03-09T23:10:55.902+0000] {processor.py:826} INFO - Processing file /workspaces/hands-on-introduction-data-engineering-4395021/airflow/dags/transform_dag.py for tasks to queue
[2024-03-09T23:10:55.902+0000] {logging_mixin.py:150} INFO - [2024-03-09T23:10:55.902+0000] {dagbag.py:541} INFO - Filling up the DagBag from /workspaces/hands-on-introduction-data-engineering-4395021/airflow/dags/transform_dag.py
[2024-03-09T23:10:56.252+0000] {processor.py:836} INFO - DAG(s) dict_keys(['transform_dag']) retrieved from /workspaces/hands-on-introduction-data-engineering-4395021/airflow/dags/transform_dag.py
[2024-03-09T23:10:56.265+0000] {logging_mixin.py:150} INFO - [2024-03-09T23:10:56.264+0000] {dag.py:2742} INFO - Sync 1 DAGs
[2024-03-09T23:10:56.278+0000] {logging_mixin.py:150} INFO - [2024-03-09T23:10:56.277+0000] {dag.py:3504} INFO - Setting next_dagrun for transform_dag to None, run_after=None
[2024-03-09T23:10:56.316+0000] {processor.py:179} INFO - Processing /workspaces/hands-on-introduction-data-engineering-4395021/airflow/dags/transform_dag.py took 0.418 seconds
[2024-03-09T23:11:26.539+0000] {processor.py:157} INFO - Started process (PID=15011) to work on /workspaces/hands-on-introduction-data-engineering-4395021/airflow/dags/transform_dag.py
[2024-03-09T23:11:26.540+0000] {processor.py:826} INFO - Processing file /workspaces/hands-on-introduction-data-engineering-4395021/airflow/dags/transform_dag.py for tasks to queue
[2024-03-09T23:11:26.540+0000] {logging_mixin.py:150} INFO - [2024-03-09T23:11:26.540+0000] {dagbag.py:541} INFO - Filling up the DagBag from /workspaces/hands-on-introduction-data-engineering-4395021/airflow/dags/transform_dag.py
[2024-03-09T23:11:26.909+0000] {processor.py:836} INFO - DAG(s) dict_keys(['transform_dag']) retrieved from /workspaces/hands-on-introduction-data-engineering-4395021/airflow/dags/transform_dag.py
[2024-03-09T23:11:26.924+0000] {logging_mixin.py:150} INFO - [2024-03-09T23:11:26.923+0000] {dag.py:2742} INFO - Sync 1 DAGs
[2024-03-09T23:11:26.938+0000] {logging_mixin.py:150} INFO - [2024-03-09T23:11:26.938+0000] {dag.py:3504} INFO - Setting next_dagrun for transform_dag to None, run_after=None
[2024-03-09T23:11:26.987+0000] {processor.py:179} INFO - Processing /workspaces/hands-on-introduction-data-engineering-4395021/airflow/dags/transform_dag.py took 0.450 seconds
[2024-03-09T23:11:57.230+0000] {processor.py:157} INFO - Started process (PID=15219) to work on /workspaces/hands-on-introduction-data-engineering-4395021/airflow/dags/transform_dag.py
[2024-03-09T23:11:57.231+0000] {processor.py:826} INFO - Processing file /workspaces/hands-on-introduction-data-engineering-4395021/airflow/dags/transform_dag.py for tasks to queue
[2024-03-09T23:11:57.231+0000] {logging_mixin.py:150} INFO - [2024-03-09T23:11:57.231+0000] {dagbag.py:541} INFO - Filling up the DagBag from /workspaces/hands-on-introduction-data-engineering-4395021/airflow/dags/transform_dag.py
[2024-03-09T23:11:57.623+0000] {processor.py:836} INFO - DAG(s) dict_keys(['transform_dag']) retrieved from /workspaces/hands-on-introduction-data-engineering-4395021/airflow/dags/transform_dag.py
[2024-03-09T23:11:57.639+0000] {logging_mixin.py:150} INFO - [2024-03-09T23:11:57.638+0000] {dag.py:2742} INFO - Sync 1 DAGs
[2024-03-09T23:11:57.653+0000] {logging_mixin.py:150} INFO - [2024-03-09T23:11:57.652+0000] {dag.py:3504} INFO - Setting next_dagrun for transform_dag to None, run_after=None
[2024-03-09T23:11:57.691+0000] {processor.py:179} INFO - Processing /workspaces/hands-on-introduction-data-engineering-4395021/airflow/dags/transform_dag.py took 0.464 seconds
[2024-03-09T23:12:27.903+0000] {processor.py:157} INFO - Started process (PID=15398) to work on /workspaces/hands-on-introduction-data-engineering-4395021/airflow/dags/transform_dag.py
[2024-03-09T23:12:27.904+0000] {processor.py:826} INFO - Processing file /workspaces/hands-on-introduction-data-engineering-4395021/airflow/dags/transform_dag.py for tasks to queue
[2024-03-09T23:12:27.906+0000] {logging_mixin.py:150} INFO - [2024-03-09T23:12:27.905+0000] {dagbag.py:541} INFO - Filling up the DagBag from /workspaces/hands-on-introduction-data-engineering-4395021/airflow/dags/transform_dag.py
[2024-03-09T23:12:28.321+0000] {processor.py:836} INFO - DAG(s) dict_keys(['transform_dag']) retrieved from /workspaces/hands-on-introduction-data-engineering-4395021/airflow/dags/transform_dag.py
[2024-03-09T23:12:28.333+0000] {logging_mixin.py:150} INFO - [2024-03-09T23:12:28.333+0000] {dag.py:2742} INFO - Sync 1 DAGs
[2024-03-09T23:12:28.347+0000] {logging_mixin.py:150} INFO - [2024-03-09T23:12:28.347+0000] {dag.py:3504} INFO - Setting next_dagrun for transform_dag to None, run_after=None
[2024-03-09T23:12:28.386+0000] {processor.py:179} INFO - Processing /workspaces/hands-on-introduction-data-engineering-4395021/airflow/dags/transform_dag.py took 0.486 seconds
[2024-03-09T23:12:58.465+0000] {processor.py:157} INFO - Started process (PID=15589) to work on /workspaces/hands-on-introduction-data-engineering-4395021/airflow/dags/transform_dag.py
[2024-03-09T23:12:58.466+0000] {processor.py:826} INFO - Processing file /workspaces/hands-on-introduction-data-engineering-4395021/airflow/dags/transform_dag.py for tasks to queue
[2024-03-09T23:12:58.467+0000] {logging_mixin.py:150} INFO - [2024-03-09T23:12:58.467+0000] {dagbag.py:541} INFO - Filling up the DagBag from /workspaces/hands-on-introduction-data-engineering-4395021/airflow/dags/transform_dag.py
[2024-03-09T23:12:58.826+0000] {processor.py:836} INFO - DAG(s) dict_keys(['transform_dag']) retrieved from /workspaces/hands-on-introduction-data-engineering-4395021/airflow/dags/transform_dag.py
[2024-03-09T23:12:58.838+0000] {logging_mixin.py:150} INFO - [2024-03-09T23:12:58.838+0000] {dag.py:2742} INFO - Sync 1 DAGs
[2024-03-09T23:12:58.852+0000] {logging_mixin.py:150} INFO - [2024-03-09T23:12:58.852+0000] {dag.py:3504} INFO - Setting next_dagrun for transform_dag to None, run_after=None
[2024-03-09T23:12:58.896+0000] {processor.py:179} INFO - Processing /workspaces/hands-on-introduction-data-engineering-4395021/airflow/dags/transform_dag.py took 0.433 seconds
[2024-03-09T23:13:28.982+0000] {processor.py:157} INFO - Started process (PID=15783) to work on /workspaces/hands-on-introduction-data-engineering-4395021/airflow/dags/transform_dag.py
[2024-03-09T23:13:28.983+0000] {processor.py:826} INFO - Processing file /workspaces/hands-on-introduction-data-engineering-4395021/airflow/dags/transform_dag.py for tasks to queue
[2024-03-09T23:13:28.984+0000] {logging_mixin.py:150} INFO - [2024-03-09T23:13:28.983+0000] {dagbag.py:541} INFO - Filling up the DagBag from /workspaces/hands-on-introduction-data-engineering-4395021/airflow/dags/transform_dag.py
[2024-03-09T23:13:29.333+0000] {processor.py:836} INFO - DAG(s) dict_keys(['transform_dag']) retrieved from /workspaces/hands-on-introduction-data-engineering-4395021/airflow/dags/transform_dag.py
[2024-03-09T23:13:29.345+0000] {logging_mixin.py:150} INFO - [2024-03-09T23:13:29.344+0000] {dag.py:2742} INFO - Sync 1 DAGs
[2024-03-09T23:13:29.359+0000] {logging_mixin.py:150} INFO - [2024-03-09T23:13:29.359+0000] {dag.py:3504} INFO - Setting next_dagrun for transform_dag to None, run_after=None
[2024-03-09T23:13:29.397+0000] {processor.py:179} INFO - Processing /workspaces/hands-on-introduction-data-engineering-4395021/airflow/dags/transform_dag.py took 0.417 seconds
[2024-03-09T23:13:59.650+0000] {processor.py:157} INFO - Started process (PID=15972) to work on /workspaces/hands-on-introduction-data-engineering-4395021/airflow/dags/transform_dag.py
[2024-03-09T23:13:59.651+0000] {processor.py:826} INFO - Processing file /workspaces/hands-on-introduction-data-engineering-4395021/airflow/dags/transform_dag.py for tasks to queue
[2024-03-09T23:13:59.651+0000] {logging_mixin.py:150} INFO - [2024-03-09T23:13:59.651+0000] {dagbag.py:541} INFO - Filling up the DagBag from /workspaces/hands-on-introduction-data-engineering-4395021/airflow/dags/transform_dag.py
[2024-03-09T23:14:00.031+0000] {processor.py:836} INFO - DAG(s) dict_keys(['transform_dag']) retrieved from /workspaces/hands-on-introduction-data-engineering-4395021/airflow/dags/transform_dag.py
[2024-03-09T23:14:00.045+0000] {logging_mixin.py:150} INFO - [2024-03-09T23:14:00.044+0000] {dag.py:2742} INFO - Sync 1 DAGs
[2024-03-09T23:14:00.058+0000] {logging_mixin.py:150} INFO - [2024-03-09T23:14:00.058+0000] {dag.py:3504} INFO - Setting next_dagrun for transform_dag to None, run_after=None
[2024-03-09T23:14:00.096+0000] {processor.py:179} INFO - Processing /workspaces/hands-on-introduction-data-engineering-4395021/airflow/dags/transform_dag.py took 0.448 seconds
[2024-03-09T23:14:30.330+0000] {processor.py:157} INFO - Started process (PID=16165) to work on /workspaces/hands-on-introduction-data-engineering-4395021/airflow/dags/transform_dag.py
[2024-03-09T23:14:30.330+0000] {processor.py:826} INFO - Processing file /workspaces/hands-on-introduction-data-engineering-4395021/airflow/dags/transform_dag.py for tasks to queue
[2024-03-09T23:14:30.331+0000] {logging_mixin.py:150} INFO - [2024-03-09T23:14:30.331+0000] {dagbag.py:541} INFO - Filling up the DagBag from /workspaces/hands-on-introduction-data-engineering-4395021/airflow/dags/transform_dag.py
[2024-03-09T23:14:30.697+0000] {processor.py:836} INFO - DAG(s) dict_keys(['transform_dag']) retrieved from /workspaces/hands-on-introduction-data-engineering-4395021/airflow/dags/transform_dag.py
[2024-03-09T23:14:30.710+0000] {logging_mixin.py:150} INFO - [2024-03-09T23:14:30.710+0000] {dag.py:2742} INFO - Sync 1 DAGs
[2024-03-09T23:14:30.724+0000] {logging_mixin.py:150} INFO - [2024-03-09T23:14:30.724+0000] {dag.py:3504} INFO - Setting next_dagrun for transform_dag to None, run_after=None
[2024-03-09T23:14:30.763+0000] {processor.py:179} INFO - Processing /workspaces/hands-on-introduction-data-engineering-4395021/airflow/dags/transform_dag.py took 0.436 seconds
